Log file open, 04/25/22 23:00:15
LogInit:Display: Running engine for game: BarrelHopper
LogPlatformFile: Not using cached read wrapper
LogInit:Display: RandInit(-769820511) SRandInit(-769820507).
LogTaskGraph: Started task graph with 4 named threads and 9 total threads.
LogStats: Stats thread started at 0.527887
LogInit: Version: 4.11.2-2946394+++UE4+Release-4.11
LogInit: API Version: 2927265
LogInit: Compiled (64-bit): Apr 18 2016 02:18:46
LogInit: Compiled with Visual C++: 19.00.23026.00
LogInit: Build Configuration: Development
LogInit: Branch Name: ++UE4+Release-4.11
LogInit: Command line:  
LogInit: Base directory: C:/Users/sethg/Desktop/Coding Apps/Epic Games/UE_4.11/Engine/Binaries/Win64/
LogInit: Installed Engine Build: 1
LogInit: Using libcurl 7.41.0
LogInit:  - built for x86_64-pc-win32
LogInit:  - supports SSL with WinSSL
LogInit:  - other features:
LogInit:      CURL_VERSION_SSL
LogInit:      CURL_VERSION_IPV6
LogInit:      CURL_VERSION_ASYNCHDNS
LogInit:      CURL_VERSION_LARGEFILE
LogInit:      CURL_VERSION_IDN
LogInit:  CurlRequestOptions (configurable via config and command line):
LogInit:  - bVerifyPeer = true  - Libcurl will verify peer certificate
LogInit:  - bUseHttpProxy = false  - Libcurl will NOT use HTTP proxy
LogInit:  - bDontReuseConnections = false  - Libcurl will reuse connections
LogInit:  - CertBundlePath = nullptr  - Libcurl will use whatever was configured at build time.
LogInit: Presizing for max 16777216 objects, including 0 objects not considered by GC, pre-allocating 0 bytes for permanent pool.
LogInit: Object subsystem initialized
[2022.04.26-03.00.15:929][  0]LogInit: Selected Device Profile: [Windows]
[2022.04.26-03.00.15:929][  0]LogInit: Applying CVar settings loaded from the selected device profile: [Windows]
[2022.04.26-03.00.15:958][  0]LogInit: Computer: SOMEONES-PC
[2022.04.26-03.00.15:958][  0]LogInit: User: sethg
[2022.04.26-03.00.15:958][  0]LogInit: CPU Page size=65536, Cores=6
[2022.04.26-03.00.15:958][  0]LogInit: High frequency timer resolution =10.000000 MHz
[2022.04.26-03.00.15:959][  0]LogMemory: Memory total: Physical=15.9GB (16GB approx)
[2022.04.26-03.00.15:959][  0]LogMemory: Platform Memory Stats for Windows
[2022.04.26-03.00.15:959][  0]LogMemory: Process Physical Memory: 317.88 MB used, 317.88 MB peak
[2022.04.26-03.00.15:959][  0]LogMemory: Process Virtual Memory: 318.11 MB used, 318.11 MB peak
[2022.04.26-03.00.15:959][  0]LogMemory: Physical Memory: 8744.80 MB used, 16234.78 MB total
[2022.04.26-03.00.15:959][  0]LogMemory: Virtual Memory: 4783.25 MB used, 134217728.00 MB total
[2022.04.26-03.00.16:268][  0]LogTextLocalizationManager: No specific translations for ('en-CA') exist, so ('en') translations will be used.
[2022.04.26-03.00.16:815][  0]LogD3D11RHI: D3D11 adapters:
[2022.04.26-03.00.16:915][  0]LogD3D11RHI:    0. 'NVIDIA GeForce GTX 1060' (Feature Level 11_0)
[2022.04.26-03.00.16:915][  0]LogD3D11RHI:       6052MB of dedicated video memory, 0MB of dedicated system memory, and 8117MB of shared system memory, 1 output[s]
[2022.04.26-03.00.16:931][  0]LogD3D11RHI:    1. 'Intel(R) UHD Graphics 630' (Feature Level 11_0)
[2022.04.26-03.00.16:931][  0]LogD3D11RHI:       128MB of dedicated video memory, 0MB of dedicated system memory, and 8117MB of shared system memory, 0 output[s]
[2022.04.26-03.00.16:934][  0]LogD3D11RHI:    2. 'Microsoft Basic Render Driver' (Feature Level 11_0)
[2022.04.26-03.00.16:934][  0]LogD3D11RHI:       0MB of dedicated video memory, 0MB of dedicated system memory, and 8117MB of shared system memory, 0 output[s]
[2022.04.26-03.00.16:934][  0]LogD3D11RHI: Chosen D3D11 Adapter: 0
[2022.04.26-03.00.16:944][  0]LogD3D11RHI: Creating new Direct3DDevice
[2022.04.26-03.00.16:945][  0]LogD3D11RHI:     Adapter Name: NVIDIA GeForce GTX 1060
[2022.04.26-03.00.16:945][  0]LogD3D11RHI:   Driver Version: Unknown (internal Unknown)
[2022.04.26-03.00.16:945][  0]LogD3D11RHI:      Driver Date: Unknown
[2022.04.26-03.00.16:946][  0]LogRHI: Texture pool is 1361 MB (70% of 1945 MB)
[2022.04.26-03.00.16:999][  0]LogD3D11RHI: Async texture creation enabled
[2022.04.26-03.00.17:050][  0]LogShaderCompilers: Guid format shader working directory is -38 characters bigger than the processId version (../../../../../../Game Projects/Unreal/Unreal 4.x By Example Projects/Barrel Hopper/Intermediate/Shaders/WorkingDirectory/22636/).
[2022.04.26-03.00.17:050][  0]LogShaderCompilers: Cleaned the shader compiler working directory 'C:/Users/sethg/AppData/Local/Temp/UnrealShaderWorkingDir/A5BCAF4048BBD0FEB8885DB9A0CE6477/'.
[2022.04.26-03.00.17:051][  0]LogShaderCompilers:Display: Using Local Shader Compiler.
[2022.04.26-03.00.19:335][  0]LogTemp:Display: Loaded TP AllDesktopTargetPlatform
[2022.04.26-03.00.19:340][  0]LogTemp:Display: Loaded TP WindowsClientTargetPlatform
[2022.04.26-03.00.19:346][  0]LogTemp:Display: Loaded TP WindowsNoEditorTargetPlatform
[2022.04.26-03.00.19:354][  0]LogTemp:Display: Loaded TP WindowsServerTargetPlatform
[2022.04.26-03.00.19:359][  0]LogTemp:Display: Loaded TP WindowsTargetPlatform
[2022.04.26-03.00.19:369][  0]LogTemp:Display: Loaded TP AndroidTargetPlatform
[2022.04.26-03.00.19:374][  0]LogTemp:Display: Loaded TP Android_ASTCTargetPlatform
[2022.04.26-03.00.19:379][  0]LogTemp:Display: Loaded TP Android_ATCTargetPlatform
[2022.04.26-03.00.19:384][  0]LogTemp:Display: Loaded TP Android_DXTTargetPlatform
[2022.04.26-03.00.19:388][  0]LogTemp:Display: Loaded TP Android_ETC1TargetPlatform
[2022.04.26-03.00.19:392][  0]LogTemp:Display: Loaded TP Android_ETC2TargetPlatform
[2022.04.26-03.00.19:401][  0]LogTemp:Display: Loaded TP Android_MultiTargetPlatform
[2022.04.26-03.00.19:401][  0]LogTemp:Display: Loaded TP Android_PVRTCTargetPlatform
[2022.04.26-03.00.19:403][  0]LogTemp:Display: Loaded TP HTML5TargetPlatform
[2022.04.26-03.00.19:434][  0]LogTemp:Display: Loaded TP IOSTargetPlatform
[2022.04.26-03.00.19:438][  0]LogTemp:Display: Loaded TP TVOSTargetPlatform
[2022.04.26-03.00.19:441][  0]LogTemp:Display: Loaded TP LinuxNoEditorTargetPlatform
[2022.04.26-03.00.19:445][  0]LogTemp:Display: Loaded TP LinuxServerTargetPlatform
[2022.04.26-03.00.19:453][  0]LogTemp:Display: Loaded TP LinuxTargetPlatform
[2022.04.26-03.00.19:453][  0]LogTargetPlatformManager:Display: Building Assets For Windows
[2022.04.26-03.00.19:631][  0]LogDerivedDataCache:Display: Max Cache Size: 512 MB
[2022.04.26-03.00.19:785][  0]LogDerivedDataCache: Loaded boot cache 0.15s 46MB C:/Users/sethg/AppData/Local/UnrealEngine/4.11/DerivedDataCache/Boot.ddc.
[2022.04.26-03.00.19:785][  0]LogDerivedDataCache:Display: Loaded Boot cache: C:/Users/sethg/AppData/Local/UnrealEngine/4.11/DerivedDataCache/Boot.ddc
[2022.04.26-03.00.19:785][  0]LogDerivedDataCache: FDerivedDataBackendGraph:  Pak pak cache file ../../../../../../Game Projects/Unreal/Unreal 4.x By Example Projects/Barrel Hopper/DerivedDataCache/DDC.ddp not found, will not use a pak cache.
[2022.04.26-03.00.19:785][  0]LogDerivedDataCache: Unable to find inner node Pak for hierarchical cache Hierarchy.
[2022.04.26-03.00.19:785][  0]LogDerivedDataCache: FDerivedDataBackendGraph:  CompressedPak pak cache file ../../../../../../Game Projects/Unreal/Unreal 4.x By Example Projects/Barrel Hopper/DerivedDataCache/Compressed.ddp not found, will not use a pak cache.
[2022.04.26-03.00.19:785][  0]LogDerivedDataCache: Unable to find inner node CompressedPak for hierarchical cache Hierarchy.
[2022.04.26-03.00.19:808][  0]LogDerivedDataCache:Display: Pak cache opened for reading ../../../Engine/DerivedDataCache/Compressed.ddp.
[2022.04.26-03.00.19:821][  0]LogDerivedDataCache: Using Local data cache path C:/Users/sethg/AppData/Local/UnrealEngine/Common/DerivedDataCache: Writable
[2022.04.26-03.00.20:422][  0]LogInit: Selected Device Profile: [Windows]
[2022.04.26-03.00.20:428][  0]LogContentStreaming: Texture pool size is 0.00 MB
[2022.04.26-03.00.20:609][  0]LogMaterial: Uniform references updated for custom material expression Custom.
[2022.04.26-03.00.20:826][  0]LogMeshUtilities: No automatic mesh reduction module available
[2022.04.26-03.00.20:826][  0]LogMeshUtilities: No automatic mesh merging module available
[2022.04.26-03.00.20:826][  0]LogMeshUtilities: No distributed automatic mesh merging module available
[2022.04.26-03.00.21:640][  0]LogUObjectArray: 27679 objects as part of root set at end of initial load.
[2022.04.26-03.00.21:641][  0]LogUObjectAllocator: 5591592 out of 0 bytes used by permanent object pool.
[2022.04.26-03.00.21:641][  0]LogUObjectArray: CloseDisregardForGC: 0/0 objects in disregard for GC pool
[2022.04.26-03.00.21:648][  0]LogInit: WinSock: version 1.1 (2.2), MaxSocks=32767, MaxUdp=65467
[2022.04.26-03.00.21:961][  0]LogSlate: SlateFontCache - WITH_FREETYPE: 1, WITH_HARFBUZZ: 1
[2022.04.26-03.00.21:961][  0]LogSlate: SlateFontCache - WITH_FREETYPE: 1, WITH_HARFBUZZ: 1
[2022.04.26-03.00.22:181][  0]LogStreaming:Warning: Failed to read file '../../../Engine/Content/Editor/Slate/Common/Selection_16x.png' error.
[2022.04.26-03.00.22:181][  0]LogSlate: Could not find file for Slate resource: ../../../Engine/Content/Editor/Slate/Common/Selection_16x.png
[2022.04.26-03.00.22:181][  0]LogStreaming:Warning: Failed to read file '../../../Engine/Content/Editor/Slate/Common/Selection_16x.png' error.
[2022.04.26-03.00.22:181][  0]LogSlate: Could not find file for Slate resource: ../../../Engine/Content/Editor/Slate/Common/Selection_16x.png
[2022.04.26-03.00.22:181][  0]LogStreaming:Warning: Failed to read file '../../../Engine/Content/Editor/Slate/Common/Selection_16x.png' error.
[2022.04.26-03.00.22:181][  0]LogSlate: Could not find file for Slate resource: ../../../Engine/Content/Editor/Slate/Common/Selection_16x.png
[2022.04.26-03.00.23:303][  0]LogUdpMessaging: Initializing bridge on interface 0.0.0.0:0 to multicast group 230.0.0.1:6666.
[2022.04.26-03.00.23:457][  0]LogAssetRegistry: FAssetRegistry took 0.0228 seconds to start up
[2022.04.26-03.00.23:811][  0]SourceControl: Info Source control is disabled
[2022.04.26-03.00.23:891][  0]SourceControl: Info Source control is disabled
[2022.04.26-03.00.23:908][  0]SourceControl: Info Source control is disabled
[2022.04.26-03.00.23:922][  0]SourceControl: Info Source control is disabled
[2022.04.26-03.00.24:132][  0]LogHMD: Failed to initialize OpenVR with code 110
[2022.04.26-03.00.24:263][  0]LogEngine: Initializing Engine...
[2022.04.26-03.00.24:589][  0]LogAIModule: Creating AISystem for world NewWorld
[2022.04.26-03.00.24:655][  0]LogInit: XAudio2 using 'Roku TV (NVIDIA High Definition Audio)' : 2 channels at 48 kHz using 16 bits per sample (channel mask 0x3)
[2022.04.26-03.00.24:692][  0]LogInit: FAudioDevice initialized.
[2022.04.26-03.00.24:726][  0]LogDerivedDataCache: Saved boot cache 0.03s 46MB C:/Users/sethg/AppData/Local/UnrealEngine/4.11/DerivedDataCache/Boot.ddc.
[2022.04.26-03.00.24:734][  0]LogInit: Texture streaming: Enabled
[2022.04.26-03.00.24:791][  0]LogInit: Transaction tracking system initialized
[2022.04.26-03.00.24:832][  0]BlueprintLog: New page: Editor Load
[2022.04.26-03.00.25:013][  0]LocalizationService: Info Localization service is disabled
[2022.04.26-03.00.25:211][  0]LogConsoleResponse:Display: 
[2022.04.26-03.00.25:631][  0]LogCook:Display: Max memory allowance for cook 8192mb
[2022.04.26-03.00.25:632][  0]LogCook:Display: Mobile HDR setting 1
[2022.04.26-03.00.25:632][  0]LogCook:Display: Done creating registry. It took  0.00s.
[2022.04.26-03.00.25:754][  0]LogFileCache: Scanning file cache for directory 'C:/Users/sethg/Desktop/Game Projects/Unreal/Unreal 4.x By Example Projects/Barrel Hopper/Content/' took 0.02s
[2022.04.26-03.00.25:754][  0]SourceControl: Info Source control is disabled
[2022.04.26-03.00.25:756][  0]Cmd: MAP LOAD FILE="../../../../../../Game Projects/Unreal/Unreal 4.x By Example Projects/Barrel Hopper/Content/Barrel_Hopper/Levels/Barrel_Hopper_Map.umap" TEMPLATE=0 SHOWPROGRESS=1 FEATURELEVEL=3
[2022.04.26-03.00.25:762][  0]LightingResults: New page: Lighting Build
[2022.04.26-03.00.25:776][  0]MapCheck: New page: Map Check
[2022.04.26-03.00.25:776][  0]LightingResults: New page: Lighting Build
[2022.04.26-03.00.26:655][  0]LogAIModule: Creating AISystem for world Barrel_Hopper_Map
[2022.04.26-03.00.26:726][  0]LogEditorServer: Finished looking for orphan Actors (0.000 secs)
[2022.04.26-03.00.26:735][  0]Cmd: MAP CHECKDEP NOCLEARLOG
[2022.04.26-03.00.26:784][  0]MapCheck: Info Map check complete: 0 Error(s), 0 Warning(s), took 48.36ms to complete.
[2022.04.26-03.00.26:784][  0]LogFileHelpers: Loading map 'Barrel_Hopper_Map' took 1.029
[2022.04.26-03.00.27:039][  0]LogCollectionManager: Loaded 0 collections in 0.002153 seconds
[2022.04.26-03.00.27:106][  0]LogFileCache: Scanning file cache for directory 'C:/Users/sethg/Desktop/Game Projects/Unreal/Unreal 4.x By Example Projects/Barrel Hopper/Saved/Collections/' took 0.01s
[2022.04.26-03.00.27:106][  0]LogFileCache: Scanning file cache for directory 'C:/Users/sethg/Desktop/Game Projects/Unreal/Unreal 4.x By Example Projects/Barrel Hopper/Content/Developers/sethg/Collections/' took 0.01s
[2022.04.26-03.00.27:106][  0]LogFileCache: Scanning file cache for directory 'C:/Users/sethg/Desktop/Game Projects/Unreal/Unreal 4.x By Example Projects/Barrel Hopper/Content/Collections/' took 0.01s
[2022.04.26-03.00.27:106][  0]LogCollectionManager: Rebuilt the GUID cache for 0 collections in 0.000004 seconds
[2022.04.26-03.00.27:114][  0]LogContentBrowser: Native class hierarchy populated in 0.0077 seconds. Added 1979 classes and 343 folders.
[2022.04.26-03.00.27:125][  0]LogStats: UGameplayTagsManager::ConstructGameplayTagTree: Construct from data asset -  0.000 s
[2022.04.26-03.00.27:125][  0]LogStats: UGameplayTagsManager::ConstructGameplayTagTree: GameplayTagTreeChangedEvent.Broadcast -  0.000 s
[2022.04.26-03.00.27:126][  0]LogContentBrowser: Native class hierarchy updated for 'GameplayTags' in 0.0004 seconds. Added 12 classes and 0 folders.
[2022.04.26-03.00.27:130][  0]LogContentBrowser: Native class hierarchy updated for 'WidgetCarousel' in 0.0003 seconds. Added 0 classes and 0 folders.
[2022.04.26-03.00.27:153][  0]LogContentBrowser: Native class hierarchy updated for 'SuperSearch' in 0.0004 seconds. Added 1 classes and 2 folders.
[2022.04.26-03.00.27:375][  0]LogContentBrowser: Native class hierarchy updated for 'AddContentDialog' in 0.0003 seconds. Added 0 classes and 0 folders.
[2022.04.26-03.00.27:388][  0]LogContentBrowser: Native class hierarchy updated for 'SceneOutliner' in 0.0005 seconds. Added 1 classes and 2 folders.
[2022.04.26-03.00.27:460][  0]LogCrashTracker: Crashtracker disabled due to settings.
[2022.04.26-03.00.27:482][  0]LogUObjectGlobals:Warning: Failed to find object 'Class None.'
[2022.04.26-03.00.27:525][  0]LogContentBrowser: Native class hierarchy updated for 'HierarchicalLODOutliner' in 0.0005 seconds. Added 1 classes and 2 folders.
[2022.04.26-03.00.27:526][  0]LogLoad: Full Startup: 13.73 seconds (BP compile: 0.14 seconds)
[2022.04.26-03.00.27:526][  0]LogExternalProfiler:Warning: No registered external profiler was matched with a command-line switch (or the DLL could not be loaded).  External profiling features will not be available.
[2022.04.26-03.00.27:548][  0]LogOcInput: OculusInput pre-init called
[2022.04.26-03.00.27:708][  0]LogContentStreaming: Texture pool size now 1000 MB
[2022.04.26-03.00.27:899][  0]LogRenderer: Reallocating scene render targets to support 1208x568 (Frame:2).
[2022.04.26-03.00.28:051][  1]LogAssetRegistry: Asset discovery search completed in 4.6177 seconds
[2022.04.26-03.00.28:051][  1]LogCollectionManager: Rebuilt the object cache for 0 collections in 0.000001 seconds (found 0 objects)
[2022.04.26-03.00.28:052][  1]LogCollectionManager: Fixed up redirectors for 0 collections in 0.000723 seconds (updated 0 objects)
[2022.04.26-03.00.30:014][116]LogPlayLevel: PlayLevel: No blueprints needed recompiling
[2022.04.26-03.00.30:036][116]PIE: New page: PIE session: Barrel_Hopper_Map (Apr 25, 2022, 6:00:30 PM)
[2022.04.26-03.00.30:036][116]LogPlayLevel: Creating play world package: /Game/Barrel_Hopper/Levels/UEDPIE_0_Barrel_Hopper_Map
[2022.04.26-03.00.30:048][116]LogPlayLevel: PIE: StaticDuplicateObject took: (0.011965s)
[2022.04.26-03.00.30:049][116]LogAIModule: Creating AISystem for world Barrel_Hopper_Map
[2022.04.26-03.00.30:049][116]LogPlayLevel: PIE: World Init took: (0.000671s)
[2022.04.26-03.00.30:049][116]LogPlayLevel: PIE: Created PIE world by copying editor world from /Game/Barrel_Hopper/Levels/Barrel_Hopper_Map.Barrel_Hopper_Map to /Game/Barrel_Hopper/Levels/UEDPIE_0_Barrel_Hopper_Map.Barrel_Hopper_Map (0.013326s)
[2022.04.26-03.00.30:083][116]LogInit: XAudio2 using 'Roku TV (NVIDIA High Definition Audio)' : 2 channels at 48 kHz using 16 bits per sample (channel mask 0x3)
[2022.04.26-03.00.30:092][116]LogInit: FAudioDevice initialized.
[2022.04.26-03.00.30:348][116]LogBlueprint:Warning: [BH_Character] CreatePinForVariable: 'CameraAtDeath' variable not found. Base class was probably changed.
[2022.04.26-03.00.30:348][116]LogBlueprint:Warning: [BH_Character] CreatePinForVariable: 'CameraAtDeath' variable not found. Base class was probably changed.
[2022.04.26-03.00.30:355][116]LogBlueprint:Warning: [compiler BH_Character] Warning Could not find a variable named "CameraAtDeath" in 'BH_GameMode_C'.
Make sure 'BH_GameMode_C' has been compiled for  Set CameraAtDeath 
[2022.04.26-03.00.30:355][116]LogBlueprint:Error: [compiler BH_Character] Error The property associated with  Camera at Death  could not be found
[2022.04.26-03.00.30:361][116]LogBlueprint:Warning: [compiler BH_Character] Warning [0016.56] Compile of BH_Character failed. 1 Fatal Issue(s) 1 Warning(s) [in 11 ms]
[2022.04.26-03.00.30:361][116]LogBlueprint:Warning: [compiler BH_Character] Warning [0016.56] Compile of BH_Character failed. 1 Fatal Issue(s) 2 Warning(s) [in 0 ms]
[2022.04.26-03.00.30:361][116]LogBlueprint:Warning: [compiler BH_Character] Warning [0016.56] Compile of BH_Character failed. 1 Fatal Issue(s) 3 Warning(s) [in 0 ms]
[2022.04.26-03.00.30:451][116]LogWorld: Game class is 'BH_GameMode_C'
[2022.04.26-03.00.30:465][116]LogWorld: Bringing World /Game/Barrel_Hopper/Levels/UEDPIE_0_Barrel_Hopper_Map.Barrel_Hopper_Map up for play (max tick rate 60) at 2022.04.25-23.00.30
[2022.04.26-03.00.30:472][116]LogWorld: Bringing up level for play took: 0.009768
[2022.04.26-03.00.30:493][116]LogContentBrowser: Native class hierarchy updated for 'MovieSceneCapture' in 0.0004 seconds. Added 9 classes and 0 folders.
[2022.04.26-03.00.30:530][116]PIE: Info Play in editor start time for /Game/Barrel_Hopper/Levels/UEDPIE_0_Barrel_Hopper_Map 0.447
[2022.04.26-03.00.41:164][742]LogPlayLevel: PlayLevel: No blueprints needed recompiling
[2022.04.26-03.00.48:893][876]LogContentBrowser: Native class hierarchy updated for 'BlueprintGraph' in 0.0007 seconds. Added 108 classes and 0 folders.
[2022.04.26-03.01.08:374][900]BlueprintLog: New page: Compile BH_Character
[2022.04.26-03.01.08:430][900]LogActorComponent: UnregisterComponent: (/Engine/Transient.CharMoveComp) Not registered. Aborting.
[2022.04.26-03.01.08:732][900]LogSavePackage: Save=68.72ms
[2022.04.26-03.01.08:732][900]LogSavePackage: Moving '../../../../../../Game Projects/Unreal/Unreal 4.x By Example Projects/Barrel Hopper/Saved/BH_CharacterB77593204C6FC38A93DE57879F17B1BB.tmp' to '../../../../../../Game Projects/Unreal/Unreal 4.x By Example Projects/Barrel Hopper/Content/Barrel_Hopper/Character/BH_Character.uasset'
[2022.04.26-03.01.08:739][900]LogSavePackage: Total save time: 93.79ms
[2022.04.26-03.01.08:739][900]LogSavePackage:Display: Finished SavePackage ../../../../../../Game Projects/Unreal/Unreal 4.x By Example Projects/Barrel Hopper/Content/Barrel_Hopper/Character/BH_Character.uasset
[2022.04.26-03.01.08:745][900]BlueprintEditorCompileResults: Info [0054.95] Compile of BH_Character successful! [in 369 ms]
[2022.04.26-03.02.24:913][334]LogPlayLevel: PlayLevel: No blueprints needed recompiling
[2022.04.26-03.02.24:913][334]PIE: New page: PIE session: Barrel_Hopper_Map (Apr 25, 2022, 6:02:24 PM)
[2022.04.26-03.02.24:914][334]LogPlayLevel: Creating play world package: /Game/Barrel_Hopper/Levels/UEDPIE_0_Barrel_Hopper_Map
[2022.04.26-03.02.24:928][334]LogPlayLevel: PIE: StaticDuplicateObject took: (0.014188s)
[2022.04.26-03.02.24:929][334]LogAIModule: Creating AISystem for world Barrel_Hopper_Map
[2022.04.26-03.02.24:929][334]LogPlayLevel: PIE: World Init took: (0.000968s)
[2022.04.26-03.02.24:929][334]LogPlayLevel: PIE: Created PIE world by copying editor world from /Game/Barrel_Hopper/Levels/Barrel_Hopper_Map.Barrel_Hopper_Map to /Game/Barrel_Hopper/Levels/UEDPIE_0_Barrel_Hopper_Map.Barrel_Hopper_Map (0.015508s)
[2022.04.26-03.02.24:929][334]LogActorComponent: UnregisterComponent: (/Engine/Transient.CharMoveComp) Not registered. Aborting.
[2022.04.26-03.02.24:977][334]LogInit: XAudio2 using 'Roku TV (NVIDIA High Definition Audio)' : 2 channels at 48 kHz using 16 bits per sample (channel mask 0x3)
[2022.04.26-03.02.24:988][334]LogInit: FAudioDevice initialized.
[2022.04.26-03.02.25:022][334]LogWorld: Game class is 'BH_GameMode_C'
[2022.04.26-03.02.25:027][334]LogWorld: Bringing World /Game/Barrel_Hopper/Levels/UEDPIE_0_Barrel_Hopper_Map.Barrel_Hopper_Map up for play (max tick rate 60) at 2022.04.25-23.02.25
[2022.04.26-03.02.25:027][334]LogWorld: Bringing up level for play took: 0.004223
[2022.04.26-03.02.25:030][334]PIE: Info Play in editor start time for /Game/Barrel_Hopper/Levels/UEDPIE_0_Barrel_Hopper_Map 0.948
[2022.04.26-03.03.04:618][707]LogScript:Warning: Accessed None trying to read property GamemodeCamera
	BH_GameMode_C /Game/Barrel_Hopper/Levels/UEDPIE_0_Barrel_Hopper_Map.Barrel_Hopper_Map:PersistentLevel.BH_GameMode_C_0
	Function /Game/Barrel_Hopper/Game_Mode/BH_GameMode.BH_GameMode_C:ExecuteUbergraph_BH_GameMode:0095
[2022.04.26-03.03.04:618][707]PIE:Error: Error Blueprint Runtime Error: Accessed None trying to read property GamemodeCamera from function: 'ExecuteUbergraph_BH_GameMode' from node: Set Constraint Aspect Ratio in graph: EventGraph in object: BH_GameMode
[2022.04.26-03.03.04:618][707]LogScript:Warning: Accessed None
	BH_GameMode_C /Game/Barrel_Hopper/Levels/UEDPIE_0_Barrel_Hopper_Map.Barrel_Hopper_Map:PersistentLevel.BH_GameMode_C_0
	Function /Game/Barrel_Hopper/Game_Mode/BH_GameMode.BH_GameMode_C:ExecuteUbergraph_BH_GameMode:00AA
[2022.04.26-03.03.04:618][707]PIE:Error: Error Blueprint Runtime Error: Accessed None from function: 'ExecuteUbergraph_BH_GameMode' from node: Set Constraint Aspect Ratio in graph: EventGraph in object: BH_GameMode
[2022.04.26-03.03.10:953][ 86]LogScript:Warning: Accessed None trying to read property GamemodeCamera
	BH_GameMode_C /Game/Barrel_Hopper/Levels/UEDPIE_0_Barrel_Hopper_Map.Barrel_Hopper_Map:PersistentLevel.BH_GameMode_C_0
	Function /Game/Barrel_Hopper/Game_Mode/BH_GameMode.BH_GameMode_C:ExecuteUbergraph_BH_GameMode:0095
[2022.04.26-03.03.10:953][ 86]PIE:Error: Error Blueprint Runtime Error: Accessed None trying to read property GamemodeCamera from function: 'ExecuteUbergraph_BH_GameMode' from node: Set Constraint Aspect Ratio in graph: EventGraph in object: BH_GameMode
[2022.04.26-03.03.10:953][ 86]LogScript:Warning: Accessed None
	BH_GameMode_C /Game/Barrel_Hopper/Levels/UEDPIE_0_Barrel_Hopper_Map.Barrel_Hopper_Map:PersistentLevel.BH_GameMode_C_0
	Function /Game/Barrel_Hopper/Game_Mode/BH_GameMode.BH_GameMode_C:ExecuteUbergraph_BH_GameMode:00AA
[2022.04.26-03.03.10:953][ 86]PIE:Error: Error Blueprint Runtime Error: Accessed None from function: 'ExecuteUbergraph_BH_GameMode' from node: Set Constraint Aspect Ratio in graph: EventGraph in object: BH_GameMode
[2022.04.26-03.35.12:695][437]LogActorComponent: UnregisterComponent: (/Engine/Transient.EditorFloorComp) Not registered. Aborting.
[2022.04.26-03.35.12:773][437]LogActorComponent: UnregisterComponent: (/Engine/Transient.EditorFloorComp) Not registered. Aborting.
[2022.04.26-03.35.12:834][437]LogActorComponent: UnregisterComponent: (/Engine/Transient.EditorFloorComp) Not registered. Aborting.
[2022.04.26-03.35.13:537][476]LogActorComponent: UnregisterComponent: (/Engine/Transient.CharMoveComp) Not registered. Aborting.
[2022.04.26-03.35.13:874][477]Cmd: QUIT_EDITOR
[2022.04.26-03.35.14:646][477]LogWindowsTextInputMethodSystem:Display: IME system now deactivated.
[2022.04.26-03.35.14:714][477]LogExit: Preparing to exit.
[2022.04.26-03.35.15:271][477]LogExit: Editor shut down
[2022.04.26-03.35.15:274][477]LogExit: Transaction tracking system shut down
[2022.04.26-03.35.15:603][477]LogObj: Freed 0b from 0 cluster array pools.
[2022.04.26-03.35.15:604][477]LogExit: Object subsystem successfully closed.
[2022.04.26-03.35.15:642][477]LogD3D11RHI: Shutdown
[2022.04.26-03.35.15:642][477]LogD3D11RHI: CleanupD3DDevice
[2022.04.26-03.35.15:790][477]LogD3D11RHI: ~FD3D11DynamicRHI
[2022.04.26-03.35.15:844][477]LogDerivedDataCache: Shutdown
[2022.04.26-03.35.15:869][477]LogModuleManager: Shutting down and abandoning module BlueprintGraph (206)
[2022.04.26-03.35.15:870][477]LogModuleManager: Shutting down and abandoning module MovieSceneCapture (205)
[2022.04.26-03.35.15:870][477]LogModuleManager: Shutting down and abandoning module HierarchicalLODOutliner (204)
[2022.04.26-03.35.15:870][477]LogModuleManager: Shutting down and abandoning module CrashTracker (203)
[2022.04.26-03.35.15:870][477]LogModuleManager: Shutting down and abandoning module SceneOutliner (202)
[2022.04.26-03.35.15:871][477]LogModuleManager: Shutting down and abandoning module SuperSearch (201)
[2022.04.26-03.35.15:871][477]LogModuleManager: Shutting down and abandoning module WidgetCarousel (200)
[2022.04.26-03.35.15:871][477]LogModuleManager: Shutting down and abandoning module AddContentDialog (199)
[2022.04.26-03.35.15:875][477]LogModuleManager: Shutting down and abandoning module GameplayTags (198)
[2022.04.26-03.35.15:875][477]LogModuleManager: Shutting down and abandoning module EditorWidgets (197)
[2022.04.26-03.35.15:875][477]LogModuleManager: Shutting down and abandoning module CollectionManager (196)
[2022.04.26-03.35.15:876][477]LogModuleManager: Shutting down and abandoning module StatsViewer (195)
[2022.04.26-03.35.15:877][477]LogModuleManager: Shutting down and abandoning module FoliageEdit (194)
[2022.04.26-03.35.15:877][477]LogModuleManager: Shutting down and abandoning module LandscapeEditor (193)
[2022.04.26-03.35.15:878][477]LogModuleManager: Shutting down and abandoning module ActorPickerMode (192)
[2022.04.26-03.35.15:878][477]LogModuleManager: Shutting down and abandoning module GeometryMode (191)
[2022.04.26-03.35.15:878][477]LogModuleManager: Shutting down and abandoning module TextureAlignMode (190)
[2022.04.26-03.35.15:878][477]LogModuleManager: Shutting down and abandoning module BspMode (189)
[2022.04.26-03.35.15:878][477]LogModuleManager: Shutting down and abandoning module PlacementMode (188)
[2022.04.26-03.35.15:878][477]LogModuleManager: Shutting down and abandoning module AutomationWorker (187)
[2022.04.26-03.35.15:878][477]LogModuleManager: Shutting down and abandoning module CharacterAI (186)
[2022.04.26-03.35.15:878][477]LogModuleManager: Shutting down and abandoning module SmartSnapping (185)
[2022.04.26-03.35.15:878][477]LogModuleManager: Shutting down and abandoning module ViewportSnapping (184)
[2022.04.26-03.35.15:878][477]LogModuleManager: Shutting down and abandoning module LogVisualizer (183)
[2022.04.26-03.35.15:878][477]LogModuleManager: Shutting down and abandoning module GameProjectGeneration (182)
[2022.04.26-03.35.15:880][477]LogModuleManager: Shutting down and abandoning module IntroTutorials (181)
[2022.04.26-03.35.15:881][477]LogModuleManager: Shutting down and abandoning module EditorLiveStreaming (180)
[2022.04.26-03.35.15:882][477]LogModuleManager: Shutting down and abandoning module IOSPlatformEditor (179)
[2022.04.26-03.35.15:883][477]LogModuleManager: Shutting down and abandoning module HTML5PlatformEditor (178)
[2022.04.26-03.35.15:883][477]LogModuleManager: Shutting down and abandoning module AndroidDeviceDetection (177)
[2022.04.26-03.35.16:260][477]LogModuleManager: Shutting down and abandoning module AndroidPlatformEditor (176)
[2022.04.26-03.35.16:261][477]LogModuleManager: Shutting down and abandoning module IOSRuntimeSettings (175)
[2022.04.26-03.35.16:261][477]LogModuleManager: Shutting down and abandoning module AndroidRuntimeSettings (174)
[2022.04.26-03.35.16:261][477]LogModuleManager: Shutting down and abandoning module MergeActors (173)
[2022.04.26-03.35.16:263][477]LogModuleManager: Shutting down and abandoning module SizeMap (172)
[2022.04.26-03.35.16:263][477]LogModuleManager: Shutting down and abandoning module TreeMap (171)
[2022.04.26-03.35.16:263][477]LogModuleManager: Shutting down and abandoning module ReferenceViewer (170)
[2022.04.26-03.35.16:263][477]LogModuleManager: Shutting down and abandoning module LocalizationService (169)
[2022.04.26-03.35.16:264][477]LogModuleManager: Shutting down and abandoning module LocalizationDashboard (168)
[2022.04.26-03.35.16:265][477]LogModuleManager: Shutting down and abandoning module HardwareTargeting (167)
[2022.04.26-03.35.16:265][477]LogModuleManager: Shutting down and abandoning module DeviceProfileEditor (166)
[2022.04.26-03.35.16:265][477]LogModuleManager: Shutting down and abandoning module UndoHistory (165)
[2022.04.26-03.35.16:266][477]LogModuleManager: Shutting down and abandoning module UserFeedback (164)
[2022.04.26-03.35.16:266][477]LogModuleManager: Shutting down and abandoning module XmlParser (163)
[2022.04.26-03.35.16:266][477]LogModuleManager: Shutting down and abandoning module Blutility (162)
[2022.04.26-03.35.16:266][477]LogModuleManager: Shutting down and abandoning module ProjectTargetPlatformEditor (161)
[2022.04.26-03.35.16:267][477]LogModuleManager: Shutting down and abandoning module ProjectSettingsViewer (160)
[2022.04.26-03.35.16:267][477]LogModuleManager: Shutting down and abandoning module InputBindingEditor (159)
[2022.04.26-03.35.16:267][477]LogModuleManager: Shutting down and abandoning module EditorSettingsViewer (158)
[2022.04.26-03.35.16:267][477]LogModuleManager: Shutting down and abandoning module SettingsEditor (157)
[2022.04.26-03.35.16:268][477]LogModuleManager: Shutting down and abandoning module ProjectLauncher (156)
[2022.04.26-03.35.16:269][477]LogModuleManager: Shutting down and abandoning module SessionFrontend (155)
[2022.04.26-03.35.16:269][477]LogModuleManager: Shutting down and abandoning module ProfilerClient (154)
[2022.04.26-03.35.16:270][477]LogModuleManager: Shutting down and abandoning module TargetDeviceServices (153)
[2022.04.26-03.35.16:270][477]LogModuleManager: Shutting down and abandoning module DeviceManager (152)
[2022.04.26-03.35.16:304][477]LogModuleManager: Shutting down and abandoning module AutomationController (151)
[2022.04.26-03.35.16:307][477]LogModuleManager: Shutting down and abandoning module AutomationWindow (150)
[2022.04.26-03.35.16:309][477]LogModuleManager: Shutting down and abandoning module Layers (149)
[2022.04.26-03.35.16:311][477]LogModuleManager: Shutting down and abandoning module ComponentVisualizers (148)
[2022.04.26-03.35.16:311][477]LogModuleManager: Shutting down and abandoning module DetailCustomizations (147)
[2022.04.26-03.35.16:313][477]LogModuleManager: Shutting down and abandoning module PackagesDialog (146)
[2022.04.26-03.35.16:314][477]LogModuleManager: Shutting down and abandoning module Persona (145)
[2022.04.26-03.35.16:315][477]LogModuleManager: Shutting down and abandoning module Kismet (144)
[2022.04.26-03.35.16:315][477]LogModuleManager: Shutting down and abandoning module GraphEditor (143)
[2022.04.26-03.35.16:315][477]LogModuleManager: Shutting down and abandoning module ClassViewer (142)
[2022.04.26-03.35.16:315][477]LogModuleManager: Shutting down and abandoning module Toolbox (141)
[2022.04.26-03.35.16:315][477]LogModuleManager: Shutting down and abandoning module ModuleUI (140)
[2022.04.26-03.35.16:316][477]LogModuleManager: Shutting down and abandoning module MovieSceneTools (139)
[2022.04.26-03.35.16:316][477]LogModuleManager: Shutting down and abandoning module OutputLog (138)
[2022.04.26-03.35.16:316][477]LogModuleManager: Shutting down and abandoning module GammaUI (137)
[2022.04.26-03.35.16:316][477]LogModuleManager: Shutting down and abandoning module Documentation (136)
[2022.04.26-03.35.16:316][477]LogModuleManager: Shutting down and abandoning module StreamingPauseRendering (135)
[2022.04.26-03.35.16:317][477]LogModuleManager: Shutting down and abandoning module AnalyticsET (134)
[2022.04.26-03.35.16:317][477]LogModuleManager: Shutting down and abandoning module Analytics (133)
[2022.04.26-03.35.16:317][477]LogModuleManager: Shutting down and abandoning module PortalServices (132)
[2022.04.26-03.35.16:317][477]LogModuleManager: Shutting down and abandoning module PortalRpc (131)
[2022.04.26-03.35.16:317][477]LogModuleManager: Shutting down and abandoning module MessagingRpc (130)
[2022.04.26-03.35.16:317][477]LogModuleManager: Shutting down and abandoning module AITestSuite (129)
[2022.04.26-03.35.16:317][477]LogModuleManager: Shutting down and abandoning module GameplayDebugger (128)
[2022.04.26-03.35.16:317][477]LogModuleManager: Shutting down and abandoning module AIModule (127)
[2022.04.26-03.35.16:317][477]LogModuleManager: Shutting down and abandoning module ProfilerService (126)
[2022.04.26-03.35.16:494][477]LogModuleManager: Shutting down and abandoning module TaskGraph (125)
[2022.04.26-03.35.16:495][477]LogModuleManager: Shutting down and abandoning module SlateRemote (124)
[2022.04.26-03.35.16:495][477]LogModuleManager: Shutting down and abandoning module SteamVRController (123)
[2022.04.26-03.35.16:495][477]LogModuleManager: Shutting down and abandoning module SteamVR (122)
[2022.04.26-03.35.16:495][477]LogModuleManager: Shutting down and abandoning module ProceduralMeshComponent (121)
[2022.04.26-03.35.16:495][477]LogModuleManager: Shutting down and abandoning module OculusLibrary (120)
[2022.04.26-03.35.16:495][477]LogModuleManager: Shutting down and abandoning module OculusInput (119)
[2022.04.26-03.35.16:495][477]LogModuleManager: Shutting down and abandoning module CustomMeshComponent (118)
[2022.04.26-03.35.16:495][477]LogModuleManager: Shutting down and abandoning module CableComponent (117)
[2022.04.26-03.35.16:495][477]LogModuleManager: Shutting down and abandoning module ArchVisCharacter (116)
[2022.04.26-03.35.16:495][477]LogModuleManager: Shutting down and abandoning module MediaPlayerEditor (115)
[2022.04.26-03.35.16:499][477]LogModuleManager: Shutting down and abandoning module HTML5Networking (114)
[2022.04.26-03.35.16:499][477]LogModuleManager: Shutting down and abandoning module SpeedTreeImporter (113)
[2022.04.26-03.35.16:499][477]LogModuleManager: Shutting down and abandoning module PluginBrowser (112)
[2022.04.26-03.35.16:500][477]LogModuleManager: Shutting down and abandoning module EpicSurvey (111)
[2022.04.26-03.35.16:500][477]LogModuleManager: Shutting down and abandoning module DesktopPlatform (110)
[2022.04.26-03.35.16:502][477]LogModuleManager: Shutting down and abandoning module VisualStudioSourceCodeAccess (109)
[2022.04.26-03.35.16:502][477]LogModuleManager: Shutting down and abandoning module UObjectPlugin (108)
[2022.04.26-03.35.16:502][477]LogModuleManager: Shutting down and abandoning module SubversionSourceControl (107)
[2022.04.26-03.35.16:504][477]LogModuleManager: Shutting down and abandoning module PerforceSourceControl (106)
[2022.04.26-03.35.16:505][477]LogModuleManager: Shutting down and abandoning module SourceControl (105)
[2022.04.26-03.35.16:505][477]LogModuleManager: Shutting down and abandoning module GitSourceControl (104)
[2022.04.26-03.35.16:507][477]LogModuleManager: Shutting down and abandoning module LightPropagationVolumeEditor (103)
[2022.04.26-03.35.16:507][477]LogModuleManager: Shutting down and abandoning module PaperTiledImporter (102)
[2022.04.26-03.35.16:507][477]LogModuleManager: Shutting down and abandoning module PaperSpriteSheetImporter (101)
[2022.04.26-03.35.16:507][477]LogModuleManager: Shutting down and abandoning module MeshPaint (100)
[2022.04.26-03.35.16:508][477]LogModuleManager: Shutting down and abandoning module HotReload (99)
[2022.04.26-03.35.16:509][477]LogModuleManager: Shutting down and abandoning module MainFrame (98)
[2022.04.26-03.35.16:509][477]LogModuleManager: Shutting down and abandoning module LevelEditor (97)
[2022.04.26-03.35.16:512][477]LogModuleManager: Shutting down and abandoning module DirectoryWatcher (96)
[2022.04.26-03.35.16:515][477]LogModuleManager: Shutting down and abandoning module AssetRegistry (95)
[2022.04.26-03.35.16:708][477]LogModuleManager: Shutting down and abandoning module ContentBrowser (94)
[2022.04.26-03.35.16:713][477]LogModuleManager: Shutting down and abandoning module Paper2DEditor (93)
[2022.04.26-03.35.16:715][477]LogModuleManager: Shutting down and abandoning module UdpMessaging (92)
[2022.04.26-03.35.16:816][477]LogModuleManager: Shutting down and abandoning module LightPropagationVolumeRuntime (91)
[2022.04.26-03.35.16:816][477]LogModuleManager: Shutting down and abandoning module Paper2D (90)
[2022.04.26-03.35.16:818][477]LogModuleManager: Shutting down and abandoning module WindowsMoviePlayer (89)
[2022.04.26-03.35.16:818][477]LogModuleManager: Shutting down and abandoning module Media (88)
[2022.04.26-03.35.16:818][477]LogModuleManager: Shutting down and abandoning module WmfMedia (87)
[2022.04.26-03.35.16:822][477]LogModuleManager: Shutting down and abandoning module MediaAssets (86)
[2022.04.26-03.35.16:822][477]LogModuleManager: Shutting down and abandoning module GameLiveStreaming (85)
[2022.04.26-03.35.16:822][477]LogModuleManager: Shutting down and abandoning module GameplayTagsEditor (84)
[2022.04.26-03.35.16:822][477]LogModuleManager: Shutting down and abandoning module OnlineBlueprintSupport (83)
[2022.04.26-03.35.16:822][477]LogModuleManager: Shutting down and abandoning module GameplayTasksEditor (82)
[2022.04.26-03.35.16:822][477]LogModuleManager: Shutting down and abandoning module PropertyEditor (81)
[2022.04.26-03.35.16:822][477]LogModuleManager: Shutting down and abandoning module BehaviorTreeEditor (80)
[2022.04.26-03.35.16:824][477]LogModuleManager: Shutting down and abandoning module FunctionalTesting (79)
[2022.04.26-03.35.16:824][477]LogModuleManager: Shutting down and abandoning module CollisionAnalyzer (78)
[2022.04.26-03.35.16:826][477]LogModuleManager: Shutting down and abandoning module WorkspaceMenuStructure (77)
[2022.04.26-03.35.16:826][477]LogModuleManager: Shutting down and abandoning module MessageLog (76)
[2022.04.26-03.35.16:826][477]LogModuleManager: Shutting down and abandoning module Sequencer (75)
[2022.04.26-03.35.16:827][477]LogModuleManager: Shutting down and abandoning module AssetTools (74)
[2022.04.26-03.35.16:830][477]LogModuleManager: Shutting down and abandoning module UMGEditor (73)
[2022.04.26-03.35.16:832][477]LogModuleManager: Shutting down and abandoning module UMG (72)
[2022.04.26-03.35.16:834][477]LogModuleManager: Shutting down and abandoning module SlateReflector (71)
[2022.04.26-03.35.16:837][477]LogModuleManager: Shutting down and abandoning module Slate (70)
[2022.04.26-03.35.16:837][477]LogModuleManager: Shutting down and abandoning module EditorStyle (69)
[2022.04.26-03.35.16:842][477]LogModuleManager: Shutting down and abandoning module SessionServices (68)
[2022.04.26-03.35.16:842][477]LogModuleManager: Shutting down and abandoning module SourceCodeAccess (67)
[2022.04.26-03.35.16:842][477]LogModuleManager: Shutting down and abandoning module HeadMountedDisplay (66)
[2022.04.26-03.35.16:842][477]LogModuleManager: Shutting down and abandoning module XAudio2 (65)
[2022.04.26-03.35.16:842][477]LogModuleManager: Shutting down and abandoning module Networking (63)
[2022.04.26-03.35.16:842][477]LogModuleManager: Shutting down and abandoning module Core (62)
[2022.04.26-03.35.16:842][477]LogModuleManager: Shutting down and abandoning module KismetCompiler (61)
[2022.04.26-03.35.16:842][477]LogModuleManager: Shutting down and abandoning module PhysXFormats (60)
[2022.04.26-03.35.16:843][477]LogModuleManager: Shutting down and abandoning module MeshUtilities (59)
[2022.04.26-03.35.16:844][477]LogModuleManager: Shutting down and abandoning module CookingStats (58)
[2022.04.26-03.35.16:844][477]LogModuleManager: Shutting down and abandoning module DerivedDataCache (57)
[2022.04.26-03.35.16:844][477]LogDerivedDataCache: Shutdown
[2022.04.26-03.35.16:844][477]LogModuleManager: Shutting down and abandoning module ShaderFormatOpenGL (56)
[2022.04.26-03.35.16:845][477]LogModuleManager: Shutting down and abandoning module ShaderFormatD3D (55)
[2022.04.26-03.35.16:846][477]LogModuleManager: Shutting down and abandoning module MetalShaderFormat (54)
[2022.04.26-03.35.16:846][477]LogModuleManager: Shutting down and abandoning module TextureFormatUncompressed (53)
[2022.04.26-03.35.16:846][477]LogModuleManager: Shutting down and abandoning module TextureFormatPVR (52)
[2022.04.26-03.35.16:847][477]LogModuleManager: Shutting down and abandoning module TextureFormatIntelISPCTexComp (51)
[2022.04.26-03.35.16:847][477]LogModuleManager: Shutting down and abandoning module TextureFormatDXT (50)
[2022.04.26-03.35.16:848][477]LogModuleManager: Shutting down and abandoning module ImageWrapper (49)
[2022.04.26-03.35.16:848][477]LogModuleManager: Shutting down and abandoning module TextureFormatASTC (48)
[2022.04.26-03.35.16:848][477]LogModuleManager: Shutting down and abandoning module TextureFormatAndroid (47)
[2022.04.26-03.35.16:848][477]LogModuleManager: Shutting down and abandoning module AudioFormatOpus (46)
[2022.04.26-03.35.16:848][477]LogModuleManager: Shutting down and abandoning module AudioFormatOgg (45)
[2022.04.26-03.35.16:848][477]LogModuleManager: Shutting down and abandoning module AudioFormatADPCM (44)
[2022.04.26-03.35.16:848][477]LogModuleManager: Shutting down and abandoning module LinuxTargetPlatform (43)
[2022.04.26-03.35.16:848][477]LogModuleManager: Shutting down and abandoning module LinuxServerTargetPlatform (42)
[2022.04.26-03.35.16:848][477]LogModuleManager: Shutting down and abandoning module LinuxNoEditorTargetPlatform (41)
[2022.04.26-03.35.16:848][477]LogModuleManager: Shutting down and abandoning module TVOSTargetPlatform (40)
[2022.04.26-03.35.16:848][477]LogModuleManager: Shutting down and abandoning module Messaging (39)
[2022.04.26-03.35.16:849][477]LogModuleManager: Shutting down and abandoning module IOSTargetPlatform (38)
[2022.04.26-03.35.16:849][477]LogModuleManager: Shutting down and abandoning module HTML5TargetPlatform (37)
[2022.04.26-03.35.16:849][477]LogModuleManager: Shutting down and abandoning module Android_PVRTCTargetPlatform (36)
[2022.04.26-03.35.16:849][477]LogModuleManager: Shutting down and abandoning module Android_MultiTargetPlatform (35)
[2022.04.26-03.35.16:849][477]LogModuleManager: Shutting down and abandoning module Android_ETC2TargetPlatform (34)
[2022.04.26-03.35.16:849][477]LogModuleManager: Shutting down and abandoning module Android_ETC1TargetPlatform (33)
[2022.04.26-03.35.16:849][477]LogModuleManager: Shutting down and abandoning module Android_DXTTargetPlatform (32)
[2022.04.26-03.35.16:849][477]LogModuleManager: Shutting down and abandoning module Android_ATCTargetPlatform (31)
[2022.04.26-03.35.16:849][477]LogModuleManager: Shutting down and abandoning module Android_ASTCTargetPlatform (30)
[2022.04.26-03.35.16:849][477]LogModuleManager: Shutting down and abandoning module AndroidTargetPlatform (29)
[2022.04.26-03.35.16:849][477]LogModuleManager: Shutting down and abandoning module WindowsTargetPlatform (28)
[2022.04.26-03.35.16:849][477]LogModuleManager: Shutting down and abandoning module WindowsServerTargetPlatform (27)
[2022.04.26-03.35.16:849][477]LogModuleManager: Shutting down and abandoning module WindowsNoEditorTargetPlatform (26)
[2022.04.26-03.35.16:849][477]LogModuleManager: Shutting down and abandoning module WindowsClientTargetPlatform (25)
[2022.04.26-03.35.16:849][477]LogModuleManager: Shutting down and abandoning module AllDesktopTargetPlatform (24)
[2022.04.26-03.35.16:849][477]LogModuleManager: Shutting down and abandoning module TargetPlatform (23)
[2022.04.26-03.35.16:850][477]LogModuleManager: Shutting down and abandoning module InputCore (22)
[2022.04.26-03.35.16:850][477]LogModuleManager: Shutting down and abandoning module Settings (21)
[2022.04.26-03.35.16:850][477]LogModuleManager: Shutting down and abandoning module OnlineSubsystem (19)
[2022.04.26-03.35.16:850][477]LogModuleManager: Shutting down and abandoning module HTTP (18)
[2022.04.26-03.35.18:857][477]LogModuleManager: Shutting down and abandoning module XMPP (17)
[2022.04.26-03.35.18:860][477]LogModuleManager: Shutting down and abandoning module OculusRift (16)
[2022.04.26-03.35.18:862][477]LogModuleManager: Shutting down and abandoning module ExampleDeviceProfileSelector (15)
[2022.04.26-03.35.18:862][477]LogModuleManager: Shutting down and abandoning module TextureCompressor (14)
[2022.04.26-03.35.18:864][477]LogModuleManager: Shutting down and abandoning module ShaderCore (13)
[2022.04.26-03.35.18:864][477]LogModuleManager: Shutting down and abandoning module Landscape (12)
[2022.04.26-03.35.18:864][477]LogModuleManager: Shutting down and abandoning module SlateRHIRenderer (11)
[2022.04.26-03.35.18:869][477]LogModuleManager: Shutting down and abandoning module OpenGLDrv (10)
[2022.04.26-03.35.18:870][477]LogModuleManager: Shutting down and abandoning module D3D11RHI (9)
[2022.04.26-03.35.18:870][477]LogModuleManager: Shutting down and abandoning module AnimGraphRuntime (8)
[2022.04.26-03.35.18:870][477]LogModuleManager: Shutting down and abandoning module Renderer (7)
[2022.04.26-03.35.18:870][477]LogModuleManager: Shutting down and abandoning module Engine (6)
[2022.04.26-03.35.18:870][477]LogModuleManager: Shutting down and abandoning module CoreUObject (5)
[2022.04.26-03.35.18:870][477]LogModuleManager: Shutting down and abandoning module NetworkFile (4)
[2022.04.26-03.35.18:871][477]LogModuleManager: Shutting down and abandoning module StreamingFile (3)
[2022.04.26-03.35.18:871][477]LogModuleManager: Shutting down and abandoning module SandboxFile (2)
[2022.04.26-03.35.18:871][477]LogModuleManager: Shutting down and abandoning module PakFile (1)
[2022.04.26-03.35.18:876][477]LogExit: Exiting.
[2022.04.26-03.35.18:879][477]Log file closed, 04/25/22 23:35:18
