Log file open, 04/19/22 18:44:01
LogInit:Display: Running engine for game: BarrelHopper
LogPlatformFile: Not using cached read wrapper
LogInit:Display: RandInit(1409298241) SRandInit(1409298250).
LogTaskGraph: Started task graph with 4 named threads and 9 total threads.
LogStats: Stats thread started at 0.211309
LogInit: Version: 4.11.2-2946394+++UE4+Release-4.11
LogInit: API Version: 2927265
LogInit: Compiled (64-bit): Apr 18 2016 02:18:46
LogInit: Compiled with Visual C++: 19.00.23026.00
LogInit: Build Configuration: Development
LogInit: Branch Name: ++UE4+Release-4.11
LogInit: Command line:  
LogInit: Base directory: C:/Users/sethg/Desktop/Coding Apps/Epic Games/UE_4.11/Engine/Binaries/Win64/
LogInit: Installed Engine Build: 1
LogInit: Using libcurl 7.41.0
LogInit:  - built for x86_64-pc-win32
LogInit:  - supports SSL with WinSSL
LogInit:  - other features:
LogInit:      CURL_VERSION_SSL
LogInit:      CURL_VERSION_IPV6
LogInit:      CURL_VERSION_ASYNCHDNS
LogInit:      CURL_VERSION_LARGEFILE
LogInit:      CURL_VERSION_IDN
LogInit:  CurlRequestOptions (configurable via config and command line):
LogInit:  - bVerifyPeer = true  - Libcurl will verify peer certificate
LogInit:  - bUseHttpProxy = false  - Libcurl will NOT use HTTP proxy
LogInit:  - bDontReuseConnections = false  - Libcurl will reuse connections
LogInit:  - CertBundlePath = nullptr  - Libcurl will use whatever was configured at build time.
LogInit: Presizing for max 16777216 objects, including 0 objects not considered by GC, pre-allocating 0 bytes for permanent pool.
LogInit: Object subsystem initialized
[2022.04.19-22.44.01:503][  0]LogInit: Selected Device Profile: [Windows]
[2022.04.19-22.44.01:503][  0]LogInit: Applying CVar settings loaded from the selected device profile: [Windows]
[2022.04.19-22.44.01:577][  0]LogInit: Computer: SOMEONES-PC
[2022.04.19-22.44.01:577][  0]LogInit: User: sethg
[2022.04.19-22.44.01:577][  0]LogInit: CPU Page size=65536, Cores=6
[2022.04.19-22.44.01:577][  0]LogInit: High frequency timer resolution =10.000000 MHz
[2022.04.19-22.44.01:577][  0]LogMemory: Memory total: Physical=15.9GB (16GB approx)
[2022.04.19-22.44.01:577][  0]LogMemory: Platform Memory Stats for Windows
[2022.04.19-22.44.01:577][  0]LogMemory: Process Physical Memory: 315.49 MB used, 315.49 MB peak
[2022.04.19-22.44.01:577][  0]LogMemory: Process Virtual Memory: 318.31 MB used, 318.31 MB peak
[2022.04.19-22.44.01:577][  0]LogMemory: Physical Memory: 7210.20 MB used, 16234.78 MB total
[2022.04.19-22.44.01:577][  0]LogMemory: Virtual Memory: 4782.68 MB used, 134217728.00 MB total
[2022.04.19-22.44.02:319][  0]LogTextLocalizationManager: No specific translations for ('en-CA') exist, so ('en') translations will be used.
[2022.04.19-22.44.03:772][  0]LogD3D11RHI: D3D11 adapters:
[2022.04.19-22.44.05:319][  0]LogD3D11RHI:    0. 'NVIDIA GeForce GTX 1060' (Feature Level 11_0)
[2022.04.19-22.44.05:319][  0]LogD3D11RHI:       6052MB of dedicated video memory, 0MB of dedicated system memory, and 8117MB of shared system memory, 1 output[s]
[2022.04.19-22.44.05:413][  0]LogD3D11RHI:    1. 'Intel(R) UHD Graphics 630' (Feature Level 11_0)
[2022.04.19-22.44.05:413][  0]LogD3D11RHI:       128MB of dedicated video memory, 0MB of dedicated system memory, and 8117MB of shared system memory, 0 output[s]
[2022.04.19-22.44.05:421][  0]LogD3D11RHI:    2. 'Microsoft Basic Render Driver' (Feature Level 11_0)
[2022.04.19-22.44.05:421][  0]LogD3D11RHI:       0MB of dedicated video memory, 0MB of dedicated system memory, and 8117MB of shared system memory, 0 output[s]
[2022.04.19-22.44.05:421][  0]LogD3D11RHI: Chosen D3D11 Adapter: 0
[2022.04.19-22.44.05:446][  0]LogD3D11RHI: Creating new Direct3DDevice
[2022.04.19-22.44.05:447][  0]LogD3D11RHI:     Adapter Name: NVIDIA GeForce GTX 1060
[2022.04.19-22.44.05:447][  0]LogD3D11RHI:   Driver Version: Unknown (internal Unknown)
[2022.04.19-22.44.05:447][  0]LogD3D11RHI:      Driver Date: Unknown
[2022.04.19-22.44.05:447][  0]LogRHI: Texture pool is 1361 MB (70% of 1945 MB)
[2022.04.19-22.44.05:596][  0]LogD3D11RHI: Async texture creation enabled
[2022.04.19-22.44.05:676][  0]LogShaderCompilers: Guid format shader working directory is -38 characters bigger than the processId version (../../../../../../Game Projects/Unreal/Unreal 4.x By Example Projects/Barrel Hopper/Intermediate/Shaders/WorkingDirectory/34056/).
[2022.04.19-22.44.05:676][  0]LogShaderCompilers: Cleaned the shader compiler working directory 'C:/Users/sethg/AppData/Local/Temp/UnrealShaderWorkingDir/6942BD1B4F5053049F345CBA156CBA13/'.
[2022.04.19-22.44.05:676][  0]LogShaderCompilers:Display: Using Local Shader Compiler.
[2022.04.19-22.44.11:158][  0]LogTemp:Display: Loaded TP AllDesktopTargetPlatform
[2022.04.19-22.44.11:174][  0]LogTemp:Display: Loaded TP WindowsClientTargetPlatform
[2022.04.19-22.44.11:188][  0]LogTemp:Display: Loaded TP WindowsNoEditorTargetPlatform
[2022.04.19-22.44.11:203][  0]LogTemp:Display: Loaded TP WindowsServerTargetPlatform
[2022.04.19-22.44.11:218][  0]LogTemp:Display: Loaded TP WindowsTargetPlatform
[2022.04.19-22.44.11:240][  0]LogTemp:Display: Loaded TP AndroidTargetPlatform
[2022.04.19-22.44.11:252][  0]LogTemp:Display: Loaded TP Android_ASTCTargetPlatform
[2022.04.19-22.44.11:264][  0]LogTemp:Display: Loaded TP Android_ATCTargetPlatform
[2022.04.19-22.44.11:276][  0]LogTemp:Display: Loaded TP Android_DXTTargetPlatform
[2022.04.19-22.44.11:288][  0]LogTemp:Display: Loaded TP Android_ETC1TargetPlatform
[2022.04.19-22.44.11:300][  0]LogTemp:Display: Loaded TP Android_ETC2TargetPlatform
[2022.04.19-22.44.11:325][  0]LogTemp:Display: Loaded TP Android_MultiTargetPlatform
[2022.04.19-22.44.11:325][  0]LogTemp:Display: Loaded TP Android_PVRTCTargetPlatform
[2022.04.19-22.44.11:329][  0]LogTemp:Display: Loaded TP HTML5TargetPlatform
[2022.04.19-22.44.11:376][  0]LogTemp:Display: Loaded TP IOSTargetPlatform
[2022.04.19-22.44.11:388][  0]LogTemp:Display: Loaded TP TVOSTargetPlatform
[2022.04.19-22.44.11:400][  0]LogTemp:Display: Loaded TP LinuxNoEditorTargetPlatform
[2022.04.19-22.44.11:412][  0]LogTemp:Display: Loaded TP LinuxServerTargetPlatform
[2022.04.19-22.44.11:433][  0]LogTemp:Display: Loaded TP LinuxTargetPlatform
[2022.04.19-22.44.11:435][  0]LogTargetPlatformManager:Display: Building Assets For Windows
[2022.04.19-22.44.11:946][  0]LogDerivedDataCache:Display: Max Cache Size: 512 MB
[2022.04.19-22.44.12:070][  0]LogDerivedDataCache: Loaded boot cache 0.12s 46MB C:/Users/sethg/AppData/Local/UnrealEngine/4.11/DerivedDataCache/Boot.ddc.
[2022.04.19-22.44.12:070][  0]LogDerivedDataCache:Display: Loaded Boot cache: C:/Users/sethg/AppData/Local/UnrealEngine/4.11/DerivedDataCache/Boot.ddc
[2022.04.19-22.44.12:070][  0]LogDerivedDataCache: FDerivedDataBackendGraph:  Pak pak cache file ../../../../../../Game Projects/Unreal/Unreal 4.x By Example Projects/Barrel Hopper/DerivedDataCache/DDC.ddp not found, will not use a pak cache.
[2022.04.19-22.44.12:070][  0]LogDerivedDataCache: Unable to find inner node Pak for hierarchical cache Hierarchy.
[2022.04.19-22.44.12:071][  0]LogDerivedDataCache: FDerivedDataBackendGraph:  CompressedPak pak cache file ../../../../../../Game Projects/Unreal/Unreal 4.x By Example Projects/Barrel Hopper/DerivedDataCache/Compressed.ddp not found, will not use a pak cache.
[2022.04.19-22.44.12:071][  0]LogDerivedDataCache: Unable to find inner node CompressedPak for hierarchical cache Hierarchy.
[2022.04.19-22.44.12:139][  0]LogDerivedDataCache:Display: Pak cache opened for reading ../../../Engine/DerivedDataCache/Compressed.ddp.
[2022.04.19-22.44.12:155][  0]LogDerivedDataCache: Using Local data cache path C:/Users/sethg/AppData/Local/UnrealEngine/Common/DerivedDataCache: Writable
[2022.04.19-22.44.12:749][  0]LogInit: Selected Device Profile: [Windows]
[2022.04.19-22.44.12:752][  0]LogContentStreaming: Texture pool size is 0.00 MB
[2022.04.19-22.44.13:130][  0]LogMaterial: Uniform references updated for custom material expression Custom.
[2022.04.19-22.44.13:596][  0]LogMeshUtilities: No automatic mesh reduction module available
[2022.04.19-22.44.13:596][  0]LogMeshUtilities: No automatic mesh merging module available
[2022.04.19-22.44.13:596][  0]LogMeshUtilities: No distributed automatic mesh merging module available
[2022.04.19-22.44.15:323][  0]LogUObjectArray: 27679 objects as part of root set at end of initial load.
[2022.04.19-22.44.15:323][  0]LogUObjectAllocator: 5591592 out of 0 bytes used by permanent object pool.
[2022.04.19-22.44.15:323][  0]LogUObjectArray: CloseDisregardForGC: 0/0 objects in disregard for GC pool
[2022.04.19-22.44.15:344][  0]LogInit: WinSock: version 1.1 (2.2), MaxSocks=32767, MaxUdp=65467
[2022.04.19-22.44.15:770][  0]LogSlate: SlateFontCache - WITH_FREETYPE: 1, WITH_HARFBUZZ: 1
[2022.04.19-22.44.15:770][  0]LogSlate: SlateFontCache - WITH_FREETYPE: 1, WITH_HARFBUZZ: 1
[2022.04.19-22.44.16:284][  0]LogStreaming:Warning: Failed to read file '../../../Engine/Content/Editor/Slate/Common/Selection_16x.png' error.
[2022.04.19-22.44.16:284][  0]LogSlate: Could not find file for Slate resource: ../../../Engine/Content/Editor/Slate/Common/Selection_16x.png
[2022.04.19-22.44.16:284][  0]LogStreaming:Warning: Failed to read file '../../../Engine/Content/Editor/Slate/Common/Selection_16x.png' error.
[2022.04.19-22.44.16:284][  0]LogSlate: Could not find file for Slate resource: ../../../Engine/Content/Editor/Slate/Common/Selection_16x.png
[2022.04.19-22.44.16:285][  0]LogStreaming:Warning: Failed to read file '../../../Engine/Content/Editor/Slate/Common/Selection_16x.png' error.
[2022.04.19-22.44.16:285][  0]LogSlate: Could not find file for Slate resource: ../../../Engine/Content/Editor/Slate/Common/Selection_16x.png
[2022.04.19-22.44.18:828][  0]LogUdpMessaging: Initializing bridge on interface 0.0.0.0:0 to multicast group 230.0.0.1:6666.
[2022.04.19-22.44.19:027][  0]LogAssetRegistry: FAssetRegistry took 0.0226 seconds to start up
[2022.04.19-22.44.19:903][  0]SourceControl: Info Source control is disabled
[2022.04.19-22.44.20:073][  0]SourceControl: Info Source control is disabled
[2022.04.19-22.44.20:107][  0]SourceControl: Info Source control is disabled
[2022.04.19-22.44.20:142][  0]SourceControl: Info Source control is disabled
[2022.04.19-22.44.20:784][  0]LogHMD: Failed to initialize OpenVR with code 110
[2022.04.19-22.44.21:048][  0]LogEngine: Initializing Engine...
[2022.04.19-22.44.21:845][  0]LogAIModule: Creating AISystem for world NewWorld
[2022.04.19-22.44.21:915][  0]LogInit: XAudio2 using 'Speakers (G432 Gaming Headset)' : 2 channels at 48 kHz using 16 bits per sample (channel mask 0x3)
[2022.04.19-22.44.22:090][  0]LogInit: FAudioDevice initialized.
[2022.04.19-22.44.22:150][  0]LogDerivedDataCache: Saved boot cache 0.06s 46MB C:/Users/sethg/AppData/Local/UnrealEngine/4.11/DerivedDataCache/Boot.ddc.
[2022.04.19-22.44.22:159][  0]LogInit: Texture streaming: Enabled
[2022.04.19-22.44.22:249][  0]LogInit: Transaction tracking system initialized
[2022.04.19-22.44.22:329][  0]BlueprintLog: New page: Editor Load
[2022.04.19-22.44.22:618][  0]LocalizationService: Info Localization service is disabled
[2022.04.19-22.44.23:036][  0]LogConsoleResponse:Display: 
[2022.04.19-22.44.24:223][  0]LogCook:Display: Max memory allowance for cook 8192mb
[2022.04.19-22.44.24:223][  0]LogCook:Display: Mobile HDR setting 1
[2022.04.19-22.44.24:223][  0]LogCook:Display: Done creating registry. It took  0.00s.
[2022.04.19-22.44.24:415][  0]LogFileCache: Scanning file cache for directory 'C:/Users/sethg/Desktop/Game Projects/Unreal/Unreal 4.x By Example Projects/Barrel Hopper/Content/' took 0.04s
[2022.04.19-22.44.24:415][  0]SourceControl: Info Source control is disabled
[2022.04.19-22.44.24:415][  0]Cmd: MAP LOAD FILE="../../../../../../Game Projects/Unreal/Unreal 4.x By Example Projects/Barrel Hopper/Content/Barrel_Hopper/Levels/Barrel_Hopper_Map.umap" TEMPLATE=0 SHOWPROGRESS=1 FEATURELEVEL=3
[2022.04.19-22.44.24:430][  0]LightingResults: New page: Lighting Build
[2022.04.19-22.44.24:439][  0]MapCheck: New page: Map Check
[2022.04.19-22.44.24:439][  0]LightingResults: New page: Lighting Build
[2022.04.19-22.44.27:125][  0]LogAIModule: Creating AISystem for world Barrel_Hopper_Map
[2022.04.19-22.44.27:219][  0]LogEditorServer: Finished looking for orphan Actors (0.000 secs)
[2022.04.19-22.44.27:221][  0]Cmd: MAP CHECKDEP NOCLEARLOG
[2022.04.19-22.44.27:408][  0]MapCheck: Info Map check complete: 0 Error(s), 0 Warning(s), took 186.743ms to complete.
[2022.04.19-22.44.27:408][  0]LogFileHelpers: Loading map 'Barrel_Hopper_Map' took 2.993
[2022.04.19-22.44.27:781][  0]LogCollectionManager: Loaded 0 collections in 0.006183 seconds
[2022.04.19-22.44.27:848][  0]LogFileCache: Scanning file cache for directory 'C:/Users/sethg/Desktop/Game Projects/Unreal/Unreal 4.x By Example Projects/Barrel Hopper/Saved/Collections/' took 0.01s
[2022.04.19-22.44.27:848][  0]LogFileCache: Scanning file cache for directory 'C:/Users/sethg/Desktop/Game Projects/Unreal/Unreal 4.x By Example Projects/Barrel Hopper/Content/Developers/sethg/Collections/' took 0.01s
[2022.04.19-22.44.27:848][  0]LogFileCache: Scanning file cache for directory 'C:/Users/sethg/Desktop/Game Projects/Unreal/Unreal 4.x By Example Projects/Barrel Hopper/Content/Collections/' took 0.01s
[2022.04.19-22.44.27:848][  0]LogCollectionManager: Rebuilt the GUID cache for 0 collections in 0.000015 seconds
[2022.04.19-22.44.27:870][  0]LogContentBrowser: Native class hierarchy populated in 0.0215 seconds. Added 1979 classes and 343 folders.
[2022.04.19-22.44.27:882][  0]LogStats: UGameplayTagsManager::ConstructGameplayTagTree: Construct from data asset -  0.000 s
[2022.04.19-22.44.27:882][  0]LogStats: UGameplayTagsManager::ConstructGameplayTagTree: GameplayTagTreeChangedEvent.Broadcast -  0.000 s
[2022.04.19-22.44.27:883][  0]LogContentBrowser: Native class hierarchy updated for 'GameplayTags' in 0.0014 seconds. Added 12 classes and 0 folders.
[2022.04.19-22.44.27:899][  0]LogContentBrowser: Native class hierarchy updated for 'WidgetCarousel' in 0.0012 seconds. Added 0 classes and 0 folders.
[2022.04.19-22.44.27:944][  0]LogContentBrowser: Native class hierarchy updated for 'SuperSearch' in 0.0015 seconds. Added 1 classes and 2 folders.
[2022.04.19-22.44.28:706][  0]LogContentBrowser: Native class hierarchy updated for 'AddContentDialog' in 0.0012 seconds. Added 0 classes and 0 folders.
[2022.04.19-22.44.28:719][  0]LogContentBrowser: Native class hierarchy updated for 'SceneOutliner' in 0.0013 seconds. Added 1 classes and 2 folders.
[2022.04.19-22.44.28:833][  0]LogCrashTracker: Crashtracker disabled due to settings.
[2022.04.19-22.44.28:866][  0]LogUObjectGlobals:Warning: Failed to find object 'Class None.'
[2022.04.19-22.44.28:905][  0]LogContentBrowser: Native class hierarchy updated for 'HierarchicalLODOutliner' in 0.0013 seconds. Added 1 classes and 2 folders.
[2022.04.19-22.44.28:905][  0]LogLoad: Full Startup: 31.37 seconds (BP compile: 0.23 seconds)
[2022.04.19-22.44.28:905][  0]LogExternalProfiler:Warning: No registered external profiler was matched with a command-line switch (or the DLL could not be loaded).  External profiling features will not be available.
[2022.04.19-22.44.28:925][  0]LogOcInput: OculusInput pre-init called
[2022.04.19-22.44.29:263][  0]LogContentStreaming: Texture pool size now 1000 MB
[2022.04.19-22.44.29:760][  0]LogRenderer: Reallocating scene render targets to support 1208x568 (Frame:2).
[2022.04.19-22.44.30:246][  2]LogAssetRegistry: Asset discovery search completed in 11.2419 seconds
[2022.04.19-22.44.30:246][  2]LogCollectionManager: Rebuilt the object cache for 0 collections in 0.000001 seconds (found 0 objects)
[2022.04.19-22.44.30:246][  2]LogCollectionManager: Fixed up redirectors for 0 collections in 0.000053 seconds (updated 0 objects)
[2022.04.19-22.44.41:044][196]LogPlayLevel: PlayLevel: No blueprints needed recompiling
[2022.04.19-22.44.41:061][196]PIE: New page: PIE session: Barrel_Hopper_Map (Apr 19, 2022, 1:44:41 PM)
[2022.04.19-22.44.41:062][196]LogPlayLevel: Creating play world package: /Game/Barrel_Hopper/Levels/UEDPIE_0_Barrel_Hopper_Map
[2022.04.19-22.44.41:094][196]LogPlayLevel: PIE: StaticDuplicateObject took: (0.032562s)
[2022.04.19-22.44.41:096][196]LogAIModule: Creating AISystem for world Barrel_Hopper_Map
[2022.04.19-22.44.41:096][196]LogPlayLevel: PIE: World Init took: (0.001250s)
[2022.04.19-22.44.41:096][196]LogPlayLevel: PIE: Created PIE world by copying editor world from /Game/Barrel_Hopper/Levels/Barrel_Hopper_Map.Barrel_Hopper_Map to /Game/Barrel_Hopper/Levels/UEDPIE_0_Barrel_Hopper_Map.Barrel_Hopper_Map (0.034343s)
[2022.04.19-22.44.41:181][196]LogInit: XAudio2 using 'Speakers (G432 Gaming Headset)' : 2 channels at 48 kHz using 16 bits per sample (channel mask 0x3)
[2022.04.19-22.44.41:221][196]LogInit: FAudioDevice initialized.
[2022.04.19-22.44.41:905][196]LogWorld: Game class is 'BH_GameMode_C'
[2022.04.19-22.44.41:925][196]LogWorld: Bringing World /Game/Barrel_Hopper/Levels/UEDPIE_0_Barrel_Hopper_Map.Barrel_Hopper_Map up for play (max tick rate 60) at 2022.04.19-18.44.41
[2022.04.19-22.44.41:927][196]LogWorld: Bringing up level for play took: 0.015419
[2022.04.19-22.44.41:939][196]LogContentBrowser: Native class hierarchy updated for 'MovieSceneCapture' in 0.0014 seconds. Added 9 classes and 0 folders.
[2022.04.19-22.44.41:945][196]PIE: Info Play in editor start time for /Game/Barrel_Hopper/Levels/UEDPIE_0_Barrel_Hopper_Map 1.888
[2022.04.19-23.00.05:048][483]Cmd: QUIT_EDITOR
[2022.04.19-23.00.05:476][483]LogWindowsTextInputMethodSystem:Display: IME system now deactivated.
[2022.04.19-23.00.05:631][483]LogExit: Preparing to exit.
[2022.04.19-23.00.06:539][483]LogExit: Editor shut down
[2022.04.19-23.00.06:540][483]LogExit: Transaction tracking system shut down
[2022.04.19-23.00.06:816][483]LogObj: Freed 0b from 0 cluster array pools.
[2022.04.19-23.00.06:816][483]LogExit: Object subsystem successfully closed.
[2022.04.19-23.00.06:855][483]LogD3D11RHI: Shutdown
[2022.04.19-23.00.06:856][483]LogD3D11RHI: CleanupD3DDevice
[2022.04.19-23.00.07:111][483]LogD3D11RHI: ~FD3D11DynamicRHI
[2022.04.19-23.00.07:251][483]LogDerivedDataCache: Shutdown
[2022.04.19-23.00.07:252][483]LogModuleManager: Shutting down and abandoning module MovieSceneCapture (205)
[2022.04.19-23.00.07:252][483]LogModuleManager: Shutting down and abandoning module HierarchicalLODOutliner (204)
[2022.04.19-23.00.07:252][483]LogModuleManager: Shutting down and abandoning module CrashTracker (203)
[2022.04.19-23.00.07:252][483]LogModuleManager: Shutting down and abandoning module SceneOutliner (202)
[2022.04.19-23.00.07:252][483]LogModuleManager: Shutting down and abandoning module SuperSearch (201)
[2022.04.19-23.00.07:252][483]LogModuleManager: Shutting down and abandoning module WidgetCarousel (200)
[2022.04.19-23.00.07:252][483]LogModuleManager: Shutting down and abandoning module AddContentDialog (199)
[2022.04.19-23.00.07:259][483]LogModuleManager: Shutting down and abandoning module GameplayTags (198)
[2022.04.19-23.00.07:259][483]LogModuleManager: Shutting down and abandoning module EditorWidgets (197)
[2022.04.19-23.00.07:259][483]LogModuleManager: Shutting down and abandoning module CollectionManager (196)
[2022.04.19-23.00.07:260][483]LogModuleManager: Shutting down and abandoning module StatsViewer (195)
[2022.04.19-23.00.07:260][483]LogModuleManager: Shutting down and abandoning module FoliageEdit (194)
[2022.04.19-23.00.07:260][483]LogModuleManager: Shutting down and abandoning module LandscapeEditor (193)
[2022.04.19-23.00.07:261][483]LogModuleManager: Shutting down and abandoning module ActorPickerMode (192)
[2022.04.19-23.00.07:261][483]LogModuleManager: Shutting down and abandoning module GeometryMode (191)
[2022.04.19-23.00.07:261][483]LogModuleManager: Shutting down and abandoning module TextureAlignMode (190)
[2022.04.19-23.00.07:261][483]LogModuleManager: Shutting down and abandoning module BspMode (189)
[2022.04.19-23.00.07:261][483]LogModuleManager: Shutting down and abandoning module PlacementMode (188)
[2022.04.19-23.00.07:261][483]LogModuleManager: Shutting down and abandoning module AutomationWorker (187)
[2022.04.19-23.00.07:261][483]LogModuleManager: Shutting down and abandoning module CharacterAI (186)
[2022.04.19-23.00.07:261][483]LogModuleManager: Shutting down and abandoning module SmartSnapping (185)
[2022.04.19-23.00.07:261][483]LogModuleManager: Shutting down and abandoning module ViewportSnapping (184)
[2022.04.19-23.00.07:261][483]LogModuleManager: Shutting down and abandoning module LogVisualizer (183)
[2022.04.19-23.00.07:261][483]LogModuleManager: Shutting down and abandoning module GameProjectGeneration (182)
[2022.04.19-23.00.07:261][483]LogModuleManager: Shutting down and abandoning module IntroTutorials (181)
[2022.04.19-23.00.07:261][483]LogModuleManager: Shutting down and abandoning module EditorLiveStreaming (180)
[2022.04.19-23.00.07:261][483]LogModuleManager: Shutting down and abandoning module IOSPlatformEditor (179)
[2022.04.19-23.00.07:262][483]LogModuleManager: Shutting down and abandoning module HTML5PlatformEditor (178)
[2022.04.19-23.00.07:262][483]LogModuleManager: Shutting down and abandoning module AndroidDeviceDetection (177)
[2022.04.19-23.00.07:300][483]LogModuleManager: Shutting down and abandoning module AndroidPlatformEditor (176)
[2022.04.19-23.00.07:300][483]LogModuleManager: Shutting down and abandoning module IOSRuntimeSettings (175)
[2022.04.19-23.00.07:300][483]LogModuleManager: Shutting down and abandoning module AndroidRuntimeSettings (174)
[2022.04.19-23.00.07:300][483]LogModuleManager: Shutting down and abandoning module MergeActors (173)
[2022.04.19-23.00.07:300][483]LogModuleManager: Shutting down and abandoning module SizeMap (172)
[2022.04.19-23.00.07:300][483]LogModuleManager: Shutting down and abandoning module TreeMap (171)
[2022.04.19-23.00.07:300][483]LogModuleManager: Shutting down and abandoning module ReferenceViewer (170)
[2022.04.19-23.00.07:300][483]LogModuleManager: Shutting down and abandoning module LocalizationService (169)
[2022.04.19-23.00.07:300][483]LogModuleManager: Shutting down and abandoning module LocalizationDashboard (168)
[2022.04.19-23.00.07:300][483]LogModuleManager: Shutting down and abandoning module HardwareTargeting (167)
[2022.04.19-23.00.07:300][483]LogModuleManager: Shutting down and abandoning module DeviceProfileEditor (166)
[2022.04.19-23.00.07:300][483]LogModuleManager: Shutting down and abandoning module UndoHistory (165)
[2022.04.19-23.00.07:300][483]LogModuleManager: Shutting down and abandoning module UserFeedback (164)
[2022.04.19-23.00.07:300][483]LogModuleManager: Shutting down and abandoning module XmlParser (163)
[2022.04.19-23.00.07:300][483]LogModuleManager: Shutting down and abandoning module Blutility (162)
[2022.04.19-23.00.07:300][483]LogModuleManager: Shutting down and abandoning module ProjectTargetPlatformEditor (161)
[2022.04.19-23.00.07:301][483]LogModuleManager: Shutting down and abandoning module ProjectSettingsViewer (160)
[2022.04.19-23.00.07:301][483]LogModuleManager: Shutting down and abandoning module InputBindingEditor (159)
[2022.04.19-23.00.07:301][483]LogModuleManager: Shutting down and abandoning module EditorSettingsViewer (158)
[2022.04.19-23.00.07:301][483]LogModuleManager: Shutting down and abandoning module SettingsEditor (157)
[2022.04.19-23.00.07:301][483]LogModuleManager: Shutting down and abandoning module ProjectLauncher (156)
[2022.04.19-23.00.07:301][483]LogModuleManager: Shutting down and abandoning module SessionFrontend (155)
[2022.04.19-23.00.07:301][483]LogModuleManager: Shutting down and abandoning module ProfilerClient (154)
[2022.04.19-23.00.07:301][483]LogModuleManager: Shutting down and abandoning module TargetDeviceServices (153)
[2022.04.19-23.00.07:301][483]LogModuleManager: Shutting down and abandoning module DeviceManager (152)
[2022.04.19-23.00.07:334][483]LogModuleManager: Shutting down and abandoning module AutomationController (151)
[2022.04.19-23.00.07:334][483]LogModuleManager: Shutting down and abandoning module AutomationWindow (150)
[2022.04.19-23.00.07:334][483]LogModuleManager: Shutting down and abandoning module Layers (149)
[2022.04.19-23.00.07:334][483]LogModuleManager: Shutting down and abandoning module ComponentVisualizers (148)
[2022.04.19-23.00.07:334][483]LogModuleManager: Shutting down and abandoning module DetailCustomizations (147)
[2022.04.19-23.00.07:334][483]LogModuleManager: Shutting down and abandoning module PackagesDialog (146)
[2022.04.19-23.00.07:334][483]LogModuleManager: Shutting down and abandoning module Persona (145)
[2022.04.19-23.00.07:334][483]LogModuleManager: Shutting down and abandoning module Kismet (144)
[2022.04.19-23.00.07:335][483]LogModuleManager: Shutting down and abandoning module GraphEditor (143)
[2022.04.19-23.00.07:335][483]LogModuleManager: Shutting down and abandoning module ClassViewer (142)
[2022.04.19-23.00.07:335][483]LogModuleManager: Shutting down and abandoning module Toolbox (141)
[2022.04.19-23.00.07:335][483]LogModuleManager: Shutting down and abandoning module ModuleUI (140)
[2022.04.19-23.00.07:335][483]LogModuleManager: Shutting down and abandoning module MovieSceneTools (139)
[2022.04.19-23.00.07:335][483]LogModuleManager: Shutting down and abandoning module OutputLog (138)
[2022.04.19-23.00.07:335][483]LogModuleManager: Shutting down and abandoning module GammaUI (137)
[2022.04.19-23.00.07:335][483]LogModuleManager: Shutting down and abandoning module Documentation (136)
[2022.04.19-23.00.07:335][483]LogModuleManager: Shutting down and abandoning module StreamingPauseRendering (135)
[2022.04.19-23.00.07:335][483]LogModuleManager: Shutting down and abandoning module AnalyticsET (134)
[2022.04.19-23.00.07:335][483]LogModuleManager: Shutting down and abandoning module Analytics (133)
[2022.04.19-23.00.07:335][483]LogModuleManager: Shutting down and abandoning module PortalServices (132)
[2022.04.19-23.00.07:335][483]LogModuleManager: Shutting down and abandoning module PortalRpc (131)
[2022.04.19-23.00.07:335][483]LogModuleManager: Shutting down and abandoning module MessagingRpc (130)
[2022.04.19-23.00.07:335][483]LogModuleManager: Shutting down and abandoning module AITestSuite (129)
[2022.04.19-23.00.07:335][483]LogModuleManager: Shutting down and abandoning module GameplayDebugger (128)
[2022.04.19-23.00.07:335][483]LogModuleManager: Shutting down and abandoning module AIModule (127)
[2022.04.19-23.00.07:335][483]LogModuleManager: Shutting down and abandoning module ProfilerService (126)
[2022.04.19-23.00.07:442][483]LogModuleManager: Shutting down and abandoning module TaskGraph (125)
[2022.04.19-23.00.07:442][483]LogModuleManager: Shutting down and abandoning module SlateRemote (124)
[2022.04.19-23.00.07:442][483]LogModuleManager: Shutting down and abandoning module SteamVRController (123)
[2022.04.19-23.00.07:442][483]LogModuleManager: Shutting down and abandoning module SteamVR (122)
[2022.04.19-23.00.07:442][483]LogModuleManager: Shutting down and abandoning module ProceduralMeshComponent (121)
[2022.04.19-23.00.07:442][483]LogModuleManager: Shutting down and abandoning module OculusLibrary (120)
[2022.04.19-23.00.07:442][483]LogModuleManager: Shutting down and abandoning module OculusInput (119)
[2022.04.19-23.00.07:442][483]LogModuleManager: Shutting down and abandoning module CustomMeshComponent (118)
[2022.04.19-23.00.07:442][483]LogModuleManager: Shutting down and abandoning module CableComponent (117)
[2022.04.19-23.00.07:442][483]LogModuleManager: Shutting down and abandoning module ArchVisCharacter (116)
[2022.04.19-23.00.07:442][483]LogModuleManager: Shutting down and abandoning module MediaPlayerEditor (115)
[2022.04.19-23.00.07:442][483]LogModuleManager: Shutting down and abandoning module HTML5Networking (114)
[2022.04.19-23.00.07:442][483]LogModuleManager: Shutting down and abandoning module SpeedTreeImporter (113)
[2022.04.19-23.00.07:442][483]LogModuleManager: Shutting down and abandoning module PluginBrowser (112)
[2022.04.19-23.00.07:442][483]LogModuleManager: Shutting down and abandoning module EpicSurvey (111)
[2022.04.19-23.00.07:442][483]LogModuleManager: Shutting down and abandoning module DesktopPlatform (110)
[2022.04.19-23.00.07:442][483]LogModuleManager: Shutting down and abandoning module VisualStudioSourceCodeAccess (109)
[2022.04.19-23.00.07:443][483]LogModuleManager: Shutting down and abandoning module UObjectPlugin (108)
[2022.04.19-23.00.07:443][483]LogModuleManager: Shutting down and abandoning module SubversionSourceControl (107)
[2022.04.19-23.00.07:443][483]LogModuleManager: Shutting down and abandoning module PerforceSourceControl (106)
[2022.04.19-23.00.07:443][483]LogModuleManager: Shutting down and abandoning module SourceControl (105)
[2022.04.19-23.00.07:443][483]LogModuleManager: Shutting down and abandoning module GitSourceControl (104)
[2022.04.19-23.00.07:443][483]LogModuleManager: Shutting down and abandoning module LightPropagationVolumeEditor (103)
[2022.04.19-23.00.07:443][483]LogModuleManager: Shutting down and abandoning module PaperTiledImporter (102)
[2022.04.19-23.00.07:443][483]LogModuleManager: Shutting down and abandoning module PaperSpriteSheetImporter (101)
[2022.04.19-23.00.07:443][483]LogModuleManager: Shutting down and abandoning module MeshPaint (100)
[2022.04.19-23.00.07:443][483]LogModuleManager: Shutting down and abandoning module HotReload (99)
[2022.04.19-23.00.07:444][483]LogModuleManager: Shutting down and abandoning module MainFrame (98)
[2022.04.19-23.00.07:444][483]LogModuleManager: Shutting down and abandoning module LevelEditor (97)
[2022.04.19-23.00.07:446][483]LogModuleManager: Shutting down and abandoning module DirectoryWatcher (96)
[2022.04.19-23.00.07:452][483]LogModuleManager: Shutting down and abandoning module AssetRegistry (95)
[2022.04.19-23.00.07:610][483]LogModuleManager: Shutting down and abandoning module ContentBrowser (94)
[2022.04.19-23.00.07:612][483]LogModuleManager: Shutting down and abandoning module Paper2DEditor (93)
[2022.04.19-23.00.07:612][483]LogModuleManager: Shutting down and abandoning module UdpMessaging (92)
[2022.04.19-23.00.07:713][483]LogModuleManager: Shutting down and abandoning module LightPropagationVolumeRuntime (91)
[2022.04.19-23.00.07:713][483]LogModuleManager: Shutting down and abandoning module Paper2D (90)
[2022.04.19-23.00.07:713][483]LogModuleManager: Shutting down and abandoning module WindowsMoviePlayer (89)
[2022.04.19-23.00.07:713][483]LogModuleManager: Shutting down and abandoning module Media (88)
[2022.04.19-23.00.07:713][483]LogModuleManager: Shutting down and abandoning module WmfMedia (87)
[2022.04.19-23.00.07:718][483]LogModuleManager: Shutting down and abandoning module MediaAssets (86)
[2022.04.19-23.00.07:718][483]LogModuleManager: Shutting down and abandoning module GameLiveStreaming (85)
[2022.04.19-23.00.07:718][483]LogModuleManager: Shutting down and abandoning module GameplayTagsEditor (84)
[2022.04.19-23.00.07:718][483]LogModuleManager: Shutting down and abandoning module OnlineBlueprintSupport (83)
[2022.04.19-23.00.07:718][483]LogModuleManager: Shutting down and abandoning module GameplayTasksEditor (82)
[2022.04.19-23.00.07:718][483]LogModuleManager: Shutting down and abandoning module PropertyEditor (81)
[2022.04.19-23.00.07:718][483]LogModuleManager: Shutting down and abandoning module BehaviorTreeEditor (80)
[2022.04.19-23.00.07:718][483]LogModuleManager: Shutting down and abandoning module FunctionalTesting (79)
[2022.04.19-23.00.07:718][483]LogModuleManager: Shutting down and abandoning module CollisionAnalyzer (78)
[2022.04.19-23.00.07:718][483]LogModuleManager: Shutting down and abandoning module WorkspaceMenuStructure (77)
[2022.04.19-23.00.07:718][483]LogModuleManager: Shutting down and abandoning module MessageLog (76)
[2022.04.19-23.00.07:719][483]LogModuleManager: Shutting down and abandoning module Sequencer (75)
[2022.04.19-23.00.07:719][483]LogModuleManager: Shutting down and abandoning module AssetTools (74)
[2022.04.19-23.00.07:719][483]LogModuleManager: Shutting down and abandoning module UMGEditor (73)
[2022.04.19-23.00.07:719][483]LogModuleManager: Shutting down and abandoning module UMG (72)
[2022.04.19-23.00.07:719][483]LogModuleManager: Shutting down and abandoning module SlateReflector (71)
[2022.04.19-23.00.07:719][483]LogModuleManager: Shutting down and abandoning module Slate (70)
[2022.04.19-23.00.07:720][483]LogModuleManager: Shutting down and abandoning module EditorStyle (69)
[2022.04.19-23.00.07:730][483]LogModuleManager: Shutting down and abandoning module SessionServices (68)
[2022.04.19-23.00.07:730][483]LogModuleManager: Shutting down and abandoning module SourceCodeAccess (67)
[2022.04.19-23.00.07:730][483]LogModuleManager: Shutting down and abandoning module HeadMountedDisplay (66)
[2022.04.19-23.00.07:730][483]LogModuleManager: Shutting down and abandoning module XAudio2 (65)
[2022.04.19-23.00.07:730][483]LogModuleManager: Shutting down and abandoning module Networking (63)
[2022.04.19-23.00.07:730][483]LogModuleManager: Shutting down and abandoning module Core (62)
[2022.04.19-23.00.07:730][483]LogModuleManager: Shutting down and abandoning module KismetCompiler (61)
[2022.04.19-23.00.07:730][483]LogModuleManager: Shutting down and abandoning module PhysXFormats (60)
[2022.04.19-23.00.07:730][483]LogModuleManager: Shutting down and abandoning module MeshUtilities (59)
[2022.04.19-23.00.07:730][483]LogModuleManager: Shutting down and abandoning module CookingStats (58)
[2022.04.19-23.00.07:730][483]LogModuleManager: Shutting down and abandoning module DerivedDataCache (57)
[2022.04.19-23.00.07:730][483]LogDerivedDataCache: Shutdown
[2022.04.19-23.00.07:730][483]LogModuleManager: Shutting down and abandoning module ShaderFormatOpenGL (56)
[2022.04.19-23.00.07:731][483]LogModuleManager: Shutting down and abandoning module ShaderFormatD3D (55)
[2022.04.19-23.00.07:731][483]LogModuleManager: Shutting down and abandoning module MetalShaderFormat (54)
[2022.04.19-23.00.07:731][483]LogModuleManager: Shutting down and abandoning module TextureFormatUncompressed (53)
[2022.04.19-23.00.07:731][483]LogModuleManager: Shutting down and abandoning module TextureFormatPVR (52)
[2022.04.19-23.00.07:731][483]LogModuleManager: Shutting down and abandoning module TextureFormatIntelISPCTexComp (51)
[2022.04.19-23.00.07:731][483]LogModuleManager: Shutting down and abandoning module TextureFormatDXT (50)
[2022.04.19-23.00.07:731][483]LogModuleManager: Shutting down and abandoning module ImageWrapper (49)
[2022.04.19-23.00.07:731][483]LogModuleManager: Shutting down and abandoning module TextureFormatASTC (48)
[2022.04.19-23.00.07:731][483]LogModuleManager: Shutting down and abandoning module TextureFormatAndroid (47)
[2022.04.19-23.00.07:731][483]LogModuleManager: Shutting down and abandoning module AudioFormatOpus (46)
[2022.04.19-23.00.07:731][483]LogModuleManager: Shutting down and abandoning module AudioFormatOgg (45)
[2022.04.19-23.00.07:731][483]LogModuleManager: Shutting down and abandoning module AudioFormatADPCM (44)
[2022.04.19-23.00.07:731][483]LogModuleManager: Shutting down and abandoning module LinuxTargetPlatform (43)
[2022.04.19-23.00.07:731][483]LogModuleManager: Shutting down and abandoning module LinuxServerTargetPlatform (42)
[2022.04.19-23.00.07:731][483]LogModuleManager: Shutting down and abandoning module LinuxNoEditorTargetPlatform (41)
[2022.04.19-23.00.07:731][483]LogModuleManager: Shutting down and abandoning module TVOSTargetPlatform (40)
[2022.04.19-23.00.07:731][483]LogModuleManager: Shutting down and abandoning module Messaging (39)
[2022.04.19-23.00.07:731][483]LogModuleManager: Shutting down and abandoning module IOSTargetPlatform (38)
[2022.04.19-23.00.07:731][483]LogModuleManager: Shutting down and abandoning module HTML5TargetPlatform (37)
[2022.04.19-23.00.07:731][483]LogModuleManager: Shutting down and abandoning module Android_PVRTCTargetPlatform (36)
[2022.04.19-23.00.07:731][483]LogModuleManager: Shutting down and abandoning module Android_MultiTargetPlatform (35)
[2022.04.19-23.00.07:731][483]LogModuleManager: Shutting down and abandoning module Android_ETC2TargetPlatform (34)
[2022.04.19-23.00.07:731][483]LogModuleManager: Shutting down and abandoning module Android_ETC1TargetPlatform (33)
[2022.04.19-23.00.07:731][483]LogModuleManager: Shutting down and abandoning module Android_DXTTargetPlatform (32)
[2022.04.19-23.00.07:731][483]LogModuleManager: Shutting down and abandoning module Android_ATCTargetPlatform (31)
[2022.04.19-23.00.07:731][483]LogModuleManager: Shutting down and abandoning module Android_ASTCTargetPlatform (30)
[2022.04.19-23.00.07:731][483]LogModuleManager: Shutting down and abandoning module AndroidTargetPlatform (29)
[2022.04.19-23.00.07:731][483]LogModuleManager: Shutting down and abandoning module WindowsTargetPlatform (28)
[2022.04.19-23.00.07:731][483]LogModuleManager: Shutting down and abandoning module WindowsServerTargetPlatform (27)
[2022.04.19-23.00.07:731][483]LogModuleManager: Shutting down and abandoning module WindowsNoEditorTargetPlatform (26)
[2022.04.19-23.00.07:731][483]LogModuleManager: Shutting down and abandoning module WindowsClientTargetPlatform (25)
[2022.04.19-23.00.07:731][483]LogModuleManager: Shutting down and abandoning module AllDesktopTargetPlatform (24)
[2022.04.19-23.00.07:731][483]LogModuleManager: Shutting down and abandoning module TargetPlatform (23)
[2022.04.19-23.00.07:732][483]LogModuleManager: Shutting down and abandoning module InputCore (22)
[2022.04.19-23.00.07:732][483]LogModuleManager: Shutting down and abandoning module Settings (21)
[2022.04.19-23.00.07:732][483]LogModuleManager: Shutting down and abandoning module OnlineSubsystem (19)
[2022.04.19-23.00.07:732][483]LogModuleManager: Shutting down and abandoning module HTTP (18)
[2022.04.19-23.00.09:736][483]LogModuleManager: Shutting down and abandoning module XMPP (17)
[2022.04.19-23.00.09:736][483]LogModuleManager: Shutting down and abandoning module OculusRift (16)
[2022.04.19-23.00.09:736][483]LogModuleManager: Shutting down and abandoning module ExampleDeviceProfileSelector (15)
[2022.04.19-23.00.09:736][483]LogModuleManager: Shutting down and abandoning module TextureCompressor (14)
[2022.04.19-23.00.09:737][483]LogModuleManager: Shutting down and abandoning module ShaderCore (13)
[2022.04.19-23.00.09:737][483]LogModuleManager: Shutting down and abandoning module Landscape (12)
[2022.04.19-23.00.09:737][483]LogModuleManager: Shutting down and abandoning module SlateRHIRenderer (11)
[2022.04.19-23.00.09:741][483]LogModuleManager: Shutting down and abandoning module OpenGLDrv (10)
[2022.04.19-23.00.09:741][483]LogModuleManager: Shutting down and abandoning module D3D11RHI (9)
[2022.04.19-23.00.09:741][483]LogModuleManager: Shutting down and abandoning module AnimGraphRuntime (8)
[2022.04.19-23.00.09:741][483]LogModuleManager: Shutting down and abandoning module Renderer (7)
[2022.04.19-23.00.09:741][483]LogModuleManager: Shutting down and abandoning module Engine (6)
[2022.04.19-23.00.09:741][483]LogModuleManager: Shutting down and abandoning module CoreUObject (5)
[2022.04.19-23.00.09:741][483]LogModuleManager: Shutting down and abandoning module NetworkFile (4)
[2022.04.19-23.00.09:741][483]LogModuleManager: Shutting down and abandoning module StreamingFile (3)
[2022.04.19-23.00.09:741][483]LogModuleManager: Shutting down and abandoning module SandboxFile (2)
[2022.04.19-23.00.09:741][483]LogModuleManager: Shutting down and abandoning module PakFile (1)
[2022.04.19-23.00.09:746][483]LogExit: Exiting.
[2022.04.19-23.00.09:749][483]Log file closed, 04/19/22 19:00:09
