Log file open, 07/05/22 12:51:40
LogInit:Display: Running engine for game: BarrelHopper
LogPlatformFile: Not using cached read wrapper
LogInit:Display: RandInit(-1025275958) SRandInit(-1025275954).
LogTaskGraph: Started task graph with 4 named threads and 9 total threads.
LogStats: Stats thread started at 0.120248
LogInit: Version: 4.11.2-2946394+++UE4+Release-4.11
LogInit: API Version: 2927265
LogInit: Compiled (64-bit): Apr 18 2016 02:18:46
LogInit: Compiled with Visual C++: 19.00.23026.00
LogInit: Build Configuration: Development
LogInit: Branch Name: ++UE4+Release-4.11
LogInit: Command line:  
LogInit: Base directory: C:/Users/sethg/Desktop/Coding Apps/Epic Games/UE_4.11/Engine/Binaries/Win64/
LogInit: Installed Engine Build: 1
LogInit: Using libcurl 7.41.0
LogInit:  - built for x86_64-pc-win32
LogInit:  - supports SSL with WinSSL
LogInit:  - other features:
LogInit:      CURL_VERSION_SSL
LogInit:      CURL_VERSION_IPV6
LogInit:      CURL_VERSION_ASYNCHDNS
LogInit:      CURL_VERSION_LARGEFILE
LogInit:      CURL_VERSION_IDN
LogInit:  CurlRequestOptions (configurable via config and command line):
LogInit:  - bVerifyPeer = true  - Libcurl will verify peer certificate
LogInit:  - bUseHttpProxy = false  - Libcurl will NOT use HTTP proxy
LogInit:  - bDontReuseConnections = false  - Libcurl will reuse connections
LogInit:  - CertBundlePath = nullptr  - Libcurl will use whatever was configured at build time.
LogInit: Presizing for max 16777216 objects, including 0 objects not considered by GC, pre-allocating 0 bytes for permanent pool.
LogInit: Object subsystem initialized
[2022.07.05-16.51.40:317][  0]LogInit: Selected Device Profile: [Windows]
[2022.07.05-16.51.40:317][  0]LogInit: Applying CVar settings loaded from the selected device profile: [Windows]
[2022.07.05-16.51.40:388][  0]LogInit: Computer: SOMEONES-PC
[2022.07.05-16.51.40:388][  0]LogInit: User: sethg
[2022.07.05-16.51.40:388][  0]LogInit: CPU Page size=65536, Cores=6
[2022.07.05-16.51.40:388][  0]LogInit: High frequency timer resolution =10.000000 MHz
[2022.07.05-16.51.40:388][  0]LogMemory: Memory total: Physical=15.9GB (16GB approx)
[2022.07.05-16.51.40:388][  0]LogMemory: Platform Memory Stats for Windows
[2022.07.05-16.51.40:388][  0]LogMemory: Process Physical Memory: 316.00 MB used, 316.00 MB peak
[2022.07.05-16.51.40:388][  0]LogMemory: Process Virtual Memory: 318.41 MB used, 318.41 MB peak
[2022.07.05-16.51.40:388][  0]LogMemory: Physical Memory: 9398.46 MB used, 16234.78 MB total
[2022.07.05-16.51.40:388][  0]LogMemory: Virtual Memory: 4782.75 MB used, 134217728.00 MB total
[2022.07.05-16.51.40:649][  0]LogTextLocalizationManager: No specific translations for ('en-CA') exist, so ('en') translations will be used.
[2022.07.05-16.51.41:168][  0]LogD3D11RHI: D3D11 adapters:
[2022.07.05-16.51.42:210][  0]LogD3D11RHI:    0. 'NVIDIA GeForce GTX 1060' (Feature Level 11_0)
[2022.07.05-16.51.42:210][  0]LogD3D11RHI:       6052MB of dedicated video memory, 0MB of dedicated system memory, and 8117MB of shared system memory, 1 output[s]
[2022.07.05-16.51.42:237][  0]LogD3D11RHI:    1. 'Intel(R) UHD Graphics 630' (Feature Level 11_0)
[2022.07.05-16.51.42:237][  0]LogD3D11RHI:       128MB of dedicated video memory, 0MB of dedicated system memory, and 8117MB of shared system memory, 0 output[s]
[2022.07.05-16.51.42:240][  0]LogD3D11RHI:    2. 'Microsoft Basic Render Driver' (Feature Level 11_0)
[2022.07.05-16.51.42:240][  0]LogD3D11RHI:       0MB of dedicated video memory, 0MB of dedicated system memory, and 8117MB of shared system memory, 0 output[s]
[2022.07.05-16.51.42:240][  0]LogD3D11RHI: Chosen D3D11 Adapter: 0
[2022.07.05-16.51.42:250][  0]LogD3D11RHI: Creating new Direct3DDevice
[2022.07.05-16.51.42:250][  0]LogD3D11RHI:     Adapter Name: NVIDIA GeForce GTX 1060
[2022.07.05-16.51.42:250][  0]LogD3D11RHI:   Driver Version: Unknown (internal Unknown)
[2022.07.05-16.51.42:250][  0]LogD3D11RHI:      Driver Date: Unknown
[2022.07.05-16.51.42:250][  0]LogRHI: Texture pool is 1361 MB (70% of 1945 MB)
[2022.07.05-16.51.42:300][  0]LogD3D11RHI: Async texture creation enabled
[2022.07.05-16.51.42:337][  0]LogShaderCompilers: Guid format shader working directory is 14 characters bigger than the processId version (D:/Unreal/Barrel Hopper/Project/Intermediate/Shaders/WorkingDirectory/23796/).
[2022.07.05-16.51.42:337][  0]LogShaderCompilers: Cleaned the shader compiler working directory 'C:/Users/sethg/AppData/Local/Temp/UnrealShaderWorkingDir/DEECFD034F02B8B0A1656AA7C070120D/'.
[2022.07.05-16.51.42:337][  0]LogShaderCompilers:Display: Using Local Shader Compiler.
[2022.07.05-16.51.44:053][  0]LogTemp:Display: Loaded TP AllDesktopTargetPlatform
[2022.07.05-16.51.44:058][  0]LogTemp:Display: Loaded TP WindowsClientTargetPlatform
[2022.07.05-16.51.44:062][  0]LogTemp:Display: Loaded TP WindowsNoEditorTargetPlatform
[2022.07.05-16.51.44:066][  0]LogTemp:Display: Loaded TP WindowsServerTargetPlatform
[2022.07.05-16.51.44:071][  0]LogTemp:Display: Loaded TP WindowsTargetPlatform
[2022.07.05-16.51.44:078][  0]LogTemp:Display: Loaded TP AndroidTargetPlatform
[2022.07.05-16.51.44:082][  0]LogTemp:Display: Loaded TP Android_ASTCTargetPlatform
[2022.07.05-16.51.44:085][  0]LogTemp:Display: Loaded TP Android_ATCTargetPlatform
[2022.07.05-16.51.44:089][  0]LogTemp:Display: Loaded TP Android_DXTTargetPlatform
[2022.07.05-16.51.44:092][  0]LogTemp:Display: Loaded TP Android_ETC1TargetPlatform
[2022.07.05-16.51.44:096][  0]LogTemp:Display: Loaded TP Android_ETC2TargetPlatform
[2022.07.05-16.51.44:103][  0]LogTemp:Display: Loaded TP Android_MultiTargetPlatform
[2022.07.05-16.51.44:103][  0]LogTemp:Display: Loaded TP Android_PVRTCTargetPlatform
[2022.07.05-16.51.44:104][  0]LogTemp:Display: Loaded TP HTML5TargetPlatform
[2022.07.05-16.51.44:126][  0]LogTemp:Display: Loaded TP IOSTargetPlatform
[2022.07.05-16.51.44:129][  0]LogTemp:Display: Loaded TP TVOSTargetPlatform
[2022.07.05-16.51.44:133][  0]LogTemp:Display: Loaded TP LinuxNoEditorTargetPlatform
[2022.07.05-16.51.44:136][  0]LogTemp:Display: Loaded TP LinuxServerTargetPlatform
[2022.07.05-16.51.44:142][  0]LogTemp:Display: Loaded TP LinuxTargetPlatform
[2022.07.05-16.51.44:142][  0]LogTargetPlatformManager:Display: Building Assets For Windows
[2022.07.05-16.51.44:494][  0]LogDerivedDataCache:Display: Max Cache Size: 512 MB
[2022.07.05-16.51.44:533][  0]LogDerivedDataCache: Loaded boot cache 0.04s 46MB C:/Users/sethg/AppData/Local/UnrealEngine/4.11/DerivedDataCache/Boot.ddc.
[2022.07.05-16.51.44:533][  0]LogDerivedDataCache:Display: Loaded Boot cache: C:/Users/sethg/AppData/Local/UnrealEngine/4.11/DerivedDataCache/Boot.ddc
[2022.07.05-16.51.44:533][  0]LogDerivedDataCache: FDerivedDataBackendGraph:  Pak pak cache file D:/Unreal/Barrel Hopper/Project/DerivedDataCache/DDC.ddp not found, will not use a pak cache.
[2022.07.05-16.51.44:534][  0]LogDerivedDataCache: Unable to find inner node Pak for hierarchical cache Hierarchy.
[2022.07.05-16.51.44:534][  0]LogDerivedDataCache: FDerivedDataBackendGraph:  CompressedPak pak cache file D:/Unreal/Barrel Hopper/Project/DerivedDataCache/Compressed.ddp not found, will not use a pak cache.
[2022.07.05-16.51.44:534][  0]LogDerivedDataCache: Unable to find inner node CompressedPak for hierarchical cache Hierarchy.
[2022.07.05-16.51.44:553][  0]LogDerivedDataCache:Display: Pak cache opened for reading ../../../Engine/DerivedDataCache/Compressed.ddp.
[2022.07.05-16.51.44:566][  0]LogDerivedDataCache: Using Local data cache path C:/Users/sethg/AppData/Local/UnrealEngine/Common/DerivedDataCache: Writable
[2022.07.05-16.51.44:727][  0]LogInit: Selected Device Profile: [Windows]
[2022.07.05-16.51.44:728][  0]LogContentStreaming: Texture pool size is 0.00 MB
[2022.07.05-16.51.44:908][  0]LogMaterial: Uniform references updated for custom material expression Custom.
[2022.07.05-16.51.45:043][  0]LogMeshUtilities: No automatic mesh reduction module available
[2022.07.05-16.51.45:043][  0]LogMeshUtilities: No automatic mesh merging module available
[2022.07.05-16.51.45:043][  0]LogMeshUtilities: No distributed automatic mesh merging module available
[2022.07.05-16.51.45:603][  0]LogUObjectArray: 27679 objects as part of root set at end of initial load.
[2022.07.05-16.51.45:603][  0]LogUObjectAllocator: 5591592 out of 0 bytes used by permanent object pool.
[2022.07.05-16.51.45:603][  0]LogUObjectArray: CloseDisregardForGC: 0/0 objects in disregard for GC pool
[2022.07.05-16.51.45:609][  0]LogInit: WinSock: version 1.1 (2.2), MaxSocks=32767, MaxUdp=65467
[2022.07.05-16.51.45:743][  0]LogSlate: SlateFontCache - WITH_FREETYPE: 1, WITH_HARFBUZZ: 1
[2022.07.05-16.51.45:743][  0]LogSlate: SlateFontCache - WITH_FREETYPE: 1, WITH_HARFBUZZ: 1
[2022.07.05-16.51.45:877][  0]LogStreaming:Warning: Failed to read file '../../../Engine/Content/Editor/Slate/Common/Selection_16x.png' error.
[2022.07.05-16.51.45:877][  0]LogSlate: Could not find file for Slate resource: ../../../Engine/Content/Editor/Slate/Common/Selection_16x.png
[2022.07.05-16.51.45:877][  0]LogStreaming:Warning: Failed to read file '../../../Engine/Content/Editor/Slate/Common/Selection_16x.png' error.
[2022.07.05-16.51.45:877][  0]LogSlate: Could not find file for Slate resource: ../../../Engine/Content/Editor/Slate/Common/Selection_16x.png
[2022.07.05-16.51.45:877][  0]LogStreaming:Warning: Failed to read file '../../../Engine/Content/Editor/Slate/Common/Selection_16x.png' error.
[2022.07.05-16.51.45:877][  0]LogSlate: Could not find file for Slate resource: ../../../Engine/Content/Editor/Slate/Common/Selection_16x.png
[2022.07.05-16.51.46:515][  0]LogUdpMessaging: Initializing bridge on interface 0.0.0.0:0 to multicast group 230.0.0.1:6666.
[2022.07.05-16.51.46:516][  0]FUdpSocketBuilder: Failed to subscribe UdpMessageMulticastSocket to multicast group 230.0.0.1
[2022.07.05-16.51.46:517][  0]FUdpSocketBuilder: Failed to create and initialize socket UdpMessageMulticastSocket (last error: 0)
[2022.07.05-16.51.46:517][  0]LogUdpMessaging:Warning: StartTransport failed to create multicast socket on 0.0.0.0:0, joined to 230.0.0.1:6666 with TTL 1
[2022.07.05-16.51.46:617][  0]LogAssetRegistry: FAssetRegistry took 0.0222 seconds to start up
[2022.07.05-16.51.50:832][  0]SourceControl: Info Source control is disabled
[2022.07.05-16.51.50:885][  0]SourceControl: Info Source control is disabled
[2022.07.05-16.51.50:896][  0]SourceControl: Info Source control is disabled
[2022.07.05-16.51.50:906][  0]SourceControl: Info Source control is disabled
[2022.07.05-16.51.51:074][  0]LogHMD: Failed to initialize OpenVR with code 110
[2022.07.05-16.51.51:164][  0]LogEngine: Initializing Engine...
[2022.07.05-16.51.51:403][  0]LogAIModule: Creating AISystem for world NewWorld
[2022.07.05-16.51.51:418][  0]LogInit: XAudio2 using 'Speakers (Realtek(R) Audio)' : 2 channels at 48 kHz using 32 bits per sample (channel mask 0x3)
[2022.07.05-16.51.51:465][  0]LogInit: FAudioDevice initialized.
[2022.07.05-16.51.51:487][  0]LogDerivedDataCache: Saved boot cache 0.02s 46MB C:/Users/sethg/AppData/Local/UnrealEngine/4.11/DerivedDataCache/Boot.ddc.
[2022.07.05-16.51.51:491][  0]LogInit: Texture streaming: Enabled
[2022.07.05-16.51.51:519][  0]LogInit: Transaction tracking system initialized
[2022.07.05-16.51.51:539][  0]BlueprintLog: New page: Editor Load
[2022.07.05-16.51.51:651][  0]LocalizationService: Info Localization service is disabled
[2022.07.05-16.51.51:782][  0]LogConsoleResponse:Display: 
[2022.07.05-16.51.52:134][  0]LogCook:Display: Max memory allowance for cook 8192mb
[2022.07.05-16.51.52:134][  0]LogCook:Display: Mobile HDR setting 1
[2022.07.05-16.51.52:134][  0]LogCook:Display: Done creating registry. It took  0.00s.
[2022.07.05-16.51.52:191][  0]LogFileCache: Scanning file cache for directory 'D:/Unreal/Barrel Hopper/Project/Content/' took 0.02s
[2022.07.05-16.51.52:191][  0]SourceControl: Info Source control is disabled
[2022.07.05-16.51.52:191][  0]Cmd: MAP LOAD FILE="D:/Unreal/Barrel Hopper/Project/Content/Barrel_Hopper/Levels/Barrel_Hopper_Map.umap" TEMPLATE=0 SHOWPROGRESS=1 FEATURELEVEL=3
[2022.07.05-16.51.52:196][  0]LightingResults: New page: Lighting Build
[2022.07.05-16.51.52:200][  0]MapCheck: New page: Map Check
[2022.07.05-16.51.52:200][  0]LightingResults: New page: Lighting Build
[2022.07.05-16.51.52:937][  0]LogAIModule: Creating AISystem for world Barrel_Hopper_Map
[2022.07.05-16.51.52:960][  0]LogEditorServer: Finished looking for orphan Actors (0.000 secs)
[2022.07.05-16.51.52:961][  0]Cmd: MAP CHECKDEP NOCLEARLOG
[2022.07.05-16.51.53:019][  0]MapCheck:Warning: Warning ModelComponent_800 ModelComponent /Game/Barrel_Hopper/Levels/Barrel_Hopper_Map.Barrel_Hopper_Map:PersistentLevel.ModelComponent_800 : Externally referenced 
[2022.07.05-16.51.53:019][  0]MapCheck:Warning: Warning ModelComponent_801 ModelComponent /Game/Barrel_Hopper/Levels/Barrel_Hopper_Map.Barrel_Hopper_Map:PersistentLevel.ModelComponent_801 : Externally referenced 
[2022.07.05-16.51.53:019][  0]MapCheck:Warning: Warning ModelComponent_802 ModelComponent /Game/Barrel_Hopper/Levels/Barrel_Hopper_Map.Barrel_Hopper_Map:PersistentLevel.ModelComponent_802 : Externally referenced 
[2022.07.05-16.51.53:019][  0]MapCheck:Warning: Warning ModelComponent_803 ModelComponent /Game/Barrel_Hopper/Levels/Barrel_Hopper_Map.Barrel_Hopper_Map:PersistentLevel.ModelComponent_803 : Externally referenced 
[2022.07.05-16.51.53:019][  0]MapCheck:Warning: Warning ModelComponent_804 ModelComponent /Game/Barrel_Hopper/Levels/Barrel_Hopper_Map.Barrel_Hopper_Map:PersistentLevel.ModelComponent_804 : Externally referenced 
[2022.07.05-16.51.53:019][  0]MapCheck:Warning: Warning ModelComponent_805 ModelComponent /Game/Barrel_Hopper/Levels/Barrel_Hopper_Map.Barrel_Hopper_Map:PersistentLevel.ModelComponent_805 : Externally referenced 
[2022.07.05-16.51.53:019][  0]MapCheck:Warning: Warning ModelComponent_806 ModelComponent /Game/Barrel_Hopper/Levels/Barrel_Hopper_Map.Barrel_Hopper_Map:PersistentLevel.ModelComponent_806 : Externally referenced 
[2022.07.05-16.51.53:019][  0]MapCheck:Warning: Warning ModelComponent_807 ModelComponent /Game/Barrel_Hopper/Levels/Barrel_Hopper_Map.Barrel_Hopper_Map:PersistentLevel.ModelComponent_807 : Externally referenced 
[2022.07.05-16.51.53:020][  0]MapCheck:Warning: Warning ModelComponent_808 ModelComponent /Game/Barrel_Hopper/Levels/Barrel_Hopper_Map.Barrel_Hopper_Map:PersistentLevel.ModelComponent_808 : Externally referenced 
[2022.07.05-16.51.53:020][  0]MapCheck:Warning: Warning ModelComponent_809 ModelComponent /Game/Barrel_Hopper/Levels/Barrel_Hopper_Map.Barrel_Hopper_Map:PersistentLevel.ModelComponent_809 : Externally referenced 
[2022.07.05-16.51.53:020][  0]MapCheck:Warning: Warning ModelComponent_810 ModelComponent /Game/Barrel_Hopper/Levels/Barrel_Hopper_Map.Barrel_Hopper_Map:PersistentLevel.ModelComponent_810 : Externally referenced 
[2022.07.05-16.51.53:020][  0]MapCheck:Warning: Warning ModelComponent_811 ModelComponent /Game/Barrel_Hopper/Levels/Barrel_Hopper_Map.Barrel_Hopper_Map:PersistentLevel.ModelComponent_811 : Externally referenced 
[2022.07.05-16.51.53:020][  0]MapCheck:Warning: Warning ModelComponent_812 ModelComponent /Game/Barrel_Hopper/Levels/Barrel_Hopper_Map.Barrel_Hopper_Map:PersistentLevel.ModelComponent_812 : Externally referenced 
[2022.07.05-16.51.53:020][  0]MapCheck:Warning: Warning ModelComponent_813 ModelComponent /Game/Barrel_Hopper/Levels/Barrel_Hopper_Map.Barrel_Hopper_Map:PersistentLevel.ModelComponent_813 : Externally referenced 
[2022.07.05-16.51.53:020][  0]MapCheck:Warning: Warning ModelComponent_814 ModelComponent /Game/Barrel_Hopper/Levels/Barrel_Hopper_Map.Barrel_Hopper_Map:PersistentLevel.ModelComponent_814 : Externally referenced 
[2022.07.05-16.51.53:020][  0]MapCheck:Warning: Warning ModelComponent_815 ModelComponent /Game/Barrel_Hopper/Levels/Barrel_Hopper_Map.Barrel_Hopper_Map:PersistentLevel.ModelComponent_815 : Externally referenced 
[2022.07.05-16.51.53:020][  0]MapCheck:Warning: Warning ModelComponent_816 ModelComponent /Game/Barrel_Hopper/Levels/Barrel_Hopper_Map.Barrel_Hopper_Map:PersistentLevel.ModelComponent_816 : Externally referenced 
[2022.07.05-16.51.53:020][  0]MapCheck:Warning: Warning ModelComponent_817 ModelComponent /Game/Barrel_Hopper/Levels/Barrel_Hopper_Map.Barrel_Hopper_Map:PersistentLevel.ModelComponent_817 : Externally referenced 
[2022.07.05-16.51.53:022][  0]MapCheck:Warning: Warning ModelComponent_818 ModelComponent /Game/Barrel_Hopper/Levels/Barrel_Hopper_Map.Barrel_Hopper_Map:PersistentLevel.ModelComponent_818 : Externally referenced 
[2022.07.05-16.51.53:022][  0]MapCheck:Warning: Warning ModelComponent_819 ModelComponent /Game/Barrel_Hopper/Levels/Barrel_Hopper_Map.Barrel_Hopper_Map:PersistentLevel.ModelComponent_819 : Externally referenced 
[2022.07.05-16.51.53:022][  0]MapCheck:Warning: Warning ModelComponent_820 ModelComponent /Game/Barrel_Hopper/Levels/Barrel_Hopper_Map.Barrel_Hopper_Map:PersistentLevel.ModelComponent_820 : Externally referenced 
[2022.07.05-16.51.53:022][  0]MapCheck:Warning: Warning ModelComponent_821 ModelComponent /Game/Barrel_Hopper/Levels/Barrel_Hopper_Map.Barrel_Hopper_Map:PersistentLevel.ModelComponent_821 : Externally referenced 
[2022.07.05-16.51.53:022][  0]MapCheck:Warning: Warning ModelComponent_822 ModelComponent /Game/Barrel_Hopper/Levels/Barrel_Hopper_Map.Barrel_Hopper_Map:PersistentLevel.ModelComponent_822 : Externally referenced 
[2022.07.05-16.51.53:022][  0]MapCheck:Warning: Warning ModelComponent_823 ModelComponent /Game/Barrel_Hopper/Levels/Barrel_Hopper_Map.Barrel_Hopper_Map:PersistentLevel.ModelComponent_823 : Externally referenced 
[2022.07.05-16.51.53:022][  0]MapCheck:Warning: Warning ModelComponent_824 ModelComponent /Game/Barrel_Hopper/Levels/Barrel_Hopper_Map.Barrel_Hopper_Map:PersistentLevel.ModelComponent_824 : Externally referenced 
[2022.07.05-16.51.53:022][  0]MapCheck:Warning: Warning ModelComponent_825 ModelComponent /Game/Barrel_Hopper/Levels/Barrel_Hopper_Map.Barrel_Hopper_Map:PersistentLevel.ModelComponent_825 : Externally referenced 
[2022.07.05-16.51.53:022][  0]MapCheck:Warning: Warning ModelComponent_826 ModelComponent /Game/Barrel_Hopper/Levels/Barrel_Hopper_Map.Barrel_Hopper_Map:PersistentLevel.ModelComponent_826 : Externally referenced 
[2022.07.05-16.51.53:022][  0]MapCheck:Warning: Warning ModelComponent_827 ModelComponent /Game/Barrel_Hopper/Levels/Barrel_Hopper_Map.Barrel_Hopper_Map:PersistentLevel.ModelComponent_827 : Externally referenced 
[2022.07.05-16.51.53:022][  0]MapCheck:Warning: Warning ModelComponent_828 ModelComponent /Game/Barrel_Hopper/Levels/Barrel_Hopper_Map.Barrel_Hopper_Map:PersistentLevel.ModelComponent_828 : Externally referenced 
[2022.07.05-16.51.53:022][  0]MapCheck:Warning: Warning Model_3 Model /Game/Barrel_Hopper/Levels/Barrel_Hopper_Map.Barrel_Hopper_Map:PersistentLevel.Model_3 : Externally referenced 
[2022.07.05-16.51.53:022][  0]MapCheck:Warning: Warning Polys_12 Polys /Game/Barrel_Hopper/Levels/Barrel_Hopper_Map.Barrel_Hopper_Map:PersistentLevel.FloorBrush.Model_6.Polys_12 : Externally referenced 
[2022.07.05-16.51.53:022][  0]MapCheck:Warning: Warning Polys_370 Polys /Game/Barrel_Hopper/Levels/Barrel_Hopper_Map.Barrel_Hopper_Map:PersistentLevel.FloorBrush2.Model_6.Polys_370 : Externally referenced 
[2022.07.05-16.51.53:022][  0]MapCheck:Warning: Warning Polys_109 Polys /Game/Barrel_Hopper/Levels/Barrel_Hopper_Map.Barrel_Hopper_Map:PersistentLevel.RampBrush.Model_8.Polys_109 : Externally referenced 
[2022.07.05-16.51.53:022][  0]MapCheck:Warning: Warning Polys_186 Polys /Game/Barrel_Hopper/Levels/Barrel_Hopper_Map.Barrel_Hopper_Map:PersistentLevel.RampBrush2.Model_8.Polys_186 : Externally referenced 
[2022.07.05-16.51.53:022][  0]MapCheck:Warning: Warning Polys_222 Polys /Game/Barrel_Hopper/Levels/Barrel_Hopper_Map.Barrel_Hopper_Map:PersistentLevel.RampBrush3.Model_8.Polys_222 : Externally referenced 
[2022.07.05-16.51.53:022][  0]MapCheck:Warning: Warning Polys_225 Polys /Game/Barrel_Hopper/Levels/Barrel_Hopper_Map.Barrel_Hopper_Map:PersistentLevel.RampBrush4.Model_8.Polys_225 : Externally referenced 
[2022.07.05-16.51.53:022][  0]MapCheck:Warning: Warning Polys_288 Polys /Game/Barrel_Hopper/Levels/Barrel_Hopper_Map.Barrel_Hopper_Map:PersistentLevel.RampBrush5.Model_8.Polys_288 : Externally referenced 
[2022.07.05-16.51.53:022][  0]MapCheck:Warning: Warning Polys_291 Polys /Game/Barrel_Hopper/Levels/Barrel_Hopper_Map.Barrel_Hopper_Map:PersistentLevel.RampBrush6.Model_8.Polys_291 : Externally referenced 
[2022.07.05-16.51.53:022][  0]MapCheck:Warning: Warning Polys_20 Polys /Game/Barrel_Hopper/Levels/Barrel_Hopper_Map.Barrel_Hopper_Map:PersistentLevel.Wall1Brush.Model_6.Polys_20 : Externally referenced 
[2022.07.05-16.51.53:022][  0]MapCheck:Warning: Warning Polys_415 Polys /Game/Barrel_Hopper/Levels/Barrel_Hopper_Map.Barrel_Hopper_Map:PersistentLevel.Wall1Brush2.Model_6.Polys_415 : Externally referenced 
[2022.07.05-16.51.53:022][  0]MapCheck:Warning: Warning Polys_72 Polys /Game/Barrel_Hopper/Levels/Barrel_Hopper_Map.Barrel_Hopper_Map:PersistentLevel.Wall2Brush.Model_6.Polys_72 : Externally referenced 
[2022.07.05-16.51.53:022][  0]MapCheck:Warning: Warning StaticMeshComponent0 StaticMeshComponent /Game/Barrel_Hopper/Levels/Barrel_Hopper_Map.Barrel_Hopper_Map:PersistentLevel.Box_Brush_StaticMesh.StaticMeshComponent0 : Externally referenced 
[2022.07.05-16.51.53:022][  0]MapCheck: Info Map check complete: 0 Error(s), 42 Warning(s), took 62.445ms to complete.
[2022.07.05-16.51.53:030][  0]LogFileHelpers: Loading map 'Barrel_Hopper_Map' took 0.839
[2022.07.05-16.51.53:175][  0]LogCollectionManager: Loaded 0 collections in 0.001603 seconds
[2022.07.05-16.51.53:215][  0]LogFileCache: Scanning file cache for directory 'D:/Unreal/Barrel Hopper/Project/Saved/Collections/' took 0.01s
[2022.07.05-16.51.53:215][  0]LogFileCache: Scanning file cache for directory 'D:/Unreal/Barrel Hopper/Project/Content/Developers/sethg/Collections/' took 0.01s
[2022.07.05-16.51.53:215][  0]LogFileCache: Scanning file cache for directory 'D:/Unreal/Barrel Hopper/Project/Content/Collections/' took 0.01s
[2022.07.05-16.51.53:215][  0]LogCollectionManager: Rebuilt the GUID cache for 0 collections in 0.000004 seconds
[2022.07.05-16.51.53:221][  0]LogContentBrowser: Native class hierarchy populated in 0.0055 seconds. Added 1979 classes and 343 folders.
[2022.07.05-16.51.53:224][  0]LogStats: UGameplayTagsManager::ConstructGameplayTagTree: Construct from data asset -  0.000 s
[2022.07.05-16.51.53:224][  0]LogStats: UGameplayTagsManager::ConstructGameplayTagTree: GameplayTagTreeChangedEvent.Broadcast -  0.000 s
[2022.07.05-16.51.53:224][  0]LogContentBrowser: Native class hierarchy updated for 'GameplayTags' in 0.0003 seconds. Added 12 classes and 0 folders.
[2022.07.05-16.51.53:228][  0]LogContentBrowser: Native class hierarchy updated for 'WidgetCarousel' in 0.0003 seconds. Added 0 classes and 0 folders.
[2022.07.05-16.51.53:241][  0]LogContentBrowser: Native class hierarchy updated for 'SuperSearch' in 0.0003 seconds. Added 1 classes and 2 folders.
[2022.07.05-16.51.53:461][  0]LogContentBrowser: Native class hierarchy updated for 'AddContentDialog' in 0.0003 seconds. Added 0 classes and 0 folders.
[2022.07.05-16.51.53:465][  0]LogContentBrowser: Native class hierarchy updated for 'SceneOutliner' in 0.0003 seconds. Added 1 classes and 2 folders.
[2022.07.05-16.51.53:498][  0]LogCrashTracker: Crashtracker disabled due to settings.
[2022.07.05-16.51.53:507][  0]LogUObjectGlobals:Warning: Failed to find object 'Class None.'
[2022.07.05-16.51.53:534][  0]LogContentBrowser: Native class hierarchy updated for 'HierarchicalLODOutliner' in 0.0009 seconds. Added 1 classes and 2 folders.
[2022.07.05-16.51.53:535][  0]LogLoad: Full Startup: 15.09 seconds (BP compile: 0.06 seconds)
[2022.07.05-16.51.53:535][  0]LogExternalProfiler:Warning: No registered external profiler was matched with a command-line switch (or the DLL could not be loaded).  External profiling features will not be available.
[2022.07.05-16.51.53:558][  0]LogOcInput: OculusInput pre-init called
[2022.07.05-16.51.53:714][  0]LogContentStreaming: Texture pool size now 1000 MB
[2022.07.05-16.51.53:872][  0]LogRenderer: Reallocating scene render targets to support 1208x568 (Frame:2).
[2022.07.05-16.51.54:002][  1]LogAssetRegistry: Asset discovery search completed in 7.4075 seconds
[2022.07.05-16.51.54:003][  1]LogCollectionManager: Rebuilt the object cache for 0 collections in 0.000000 seconds (found 0 objects)
[2022.07.05-16.51.54:003][  1]LogCollectionManager: Fixed up redirectors for 0 collections in 0.000019 seconds (updated 0 objects)
[2022.07.05-16.54.55:323][870]LogPlayLevel: PlayLevel: No blueprints needed recompiling
[2022.07.05-16.54.55:328][870]PIE: New page: PIE session: Barrel_Hopper_Map (Jul 5, 2022, 7:54:55 AM)
[2022.07.05-16.54.55:328][870]LogPlayLevel: Creating play world package: /Game/Barrel_Hopper/Levels/UEDPIE_0_Barrel_Hopper_Map
[2022.07.05-16.54.55:338][870]LogPlayLevel: PIE: StaticDuplicateObject took: (0.009993s)
[2022.07.05-16.54.55:338][870]LogAIModule: Creating AISystem for world Barrel_Hopper_Map
[2022.07.05-16.54.55:338][870]LogPlayLevel: PIE: World Init took: (0.000431s)
[2022.07.05-16.54.55:338][870]LogPlayLevel: PIE: Created PIE world by copying editor world from /Game/Barrel_Hopper/Levels/Barrel_Hopper_Map.Barrel_Hopper_Map to /Game/Barrel_Hopper/Levels/UEDPIE_0_Barrel_Hopper_Map.Barrel_Hopper_Map (0.010568s)
[2022.07.05-16.54.55:365][870]LogInit: XAudio2 using 'Speakers (Realtek(R) Audio)' : 2 channels at 48 kHz using 32 bits per sample (channel mask 0x3)
[2022.07.05-16.54.55:399][870]LogInit: FAudioDevice initialized.
[2022.07.05-16.54.55:737][870]LogWorld: Game class is 'BH_GameMode_C'
[2022.07.05-16.54.55:743][870]LogWorld: Bringing World /Game/Barrel_Hopper/Levels/UEDPIE_0_Barrel_Hopper_Map.Barrel_Hopper_Map up for play (max tick rate 60) at 2022.07.05-12.54.55
[2022.07.05-16.54.55:743][870]LogWorld: Bringing up level for play took: 0.004124
[2022.07.05-16.54.55:747][870]LogContentBrowser: Native class hierarchy updated for 'MovieSceneCapture' in 0.0003 seconds. Added 9 classes and 0 folders.
[2022.07.05-16.54.55:749][870]PIE: Info Play in editor start time for /Game/Barrel_Hopper/Levels/UEDPIE_0_Barrel_Hopper_Map -0.092
[2022.07.05-16.54.59:767][108]LogActorComponent: UnregisterComponent: (/Engine/Transient.CharMoveComp) Not registered. Aborting.
[2022.07.05-16.56.50:077][295]LogSkeletalMesh: InitArticulated: Bodies already created (/Engine/Transient.DebugSkelMeshComponent_0) - call TermArticulated first.
[2022.07.05-16.56.50:206][295]LogContentBrowser:Verbose: The majority of assets in the view are of type: AnimSequence
[2022.07.05-16.56.54:196][527]Cmd: OBJ SAVEPACKAGE PACKAGE="/Game/Barrel_Hopper/Character/Animation/BH_Idle_Run_BS1D" FILE="D:/Unreal/Barrel Hopper/Project/Content/Barrel_Hopper/Character/Animation/BH_Idle_Run_BS1D.uasset" SILENT=true
[2022.07.05-16.56.54:256][527]LogSavePackage: Save=34.83ms
[2022.07.05-16.56.54:256][527]LogSavePackage: Moving 'D:/Unreal/Barrel Hopper/Project/Saved/BH_Idle_Run_BS1DFE4A02B84BBBA7DDE59E2B9DD8084C82.tmp' to 'D:/Unreal/Barrel Hopper/Project/Content/Barrel_Hopper/Character/Animation/BH_Idle_Run_BS1D.uasset'
[2022.07.05-16.56.54:305][527]LogSavePackage: Total save time: 83.93ms
[2022.07.05-16.56.54:305][527]LogSavePackage:Display: Finished SavePackage D:/Unreal/Barrel Hopper/Project/Content/Barrel_Hopper/Character/Animation/BH_Idle_Run_BS1D.uasset
[2022.07.05-16.56.54:335][527]LogActorComponent: UnregisterComponent: (/Engine/Transient.CharMoveComp) Not registered. Aborting.
[2022.07.05-17.01.29:370][801]LogEditorTransaction: Undo Move Sample
[2022.07.05-17.01.30:793][886]LogEditorTransaction: Undo Move Sample
[2022.07.05-17.01.31:343][919]LogEditorTransaction: Undo Add New Sample
[2022.07.05-17.01.56:078][401]LogEditorTransaction: Undo Add New Sample
[2022.07.05-17.02.59:588][209]LogEditorTransaction: Undo Add New Sample
[2022.07.05-17.04.12:850][594]Cmd: OBJ SAVEPACKAGE PACKAGE="/Game/Barrel_Hopper/Character/Animation/BH_Idle_Run_BS1D" FILE="D:/Unreal/Barrel Hopper/Project/Content/Barrel_Hopper/Character/Animation/BH_Idle_Run_BS1D.uasset" SILENT=true
[2022.07.05-17.04.12:978][594]LogSavePackage: Save=40.39ms
[2022.07.05-17.04.12:978][594]LogSavePackage: Moving 'D:/Unreal/Barrel Hopper/Project/Saved/BH_Idle_Run_BS1D5514F27340AE8660C0703FA25B92E069.tmp' to 'D:/Unreal/Barrel Hopper/Project/Content/Barrel_Hopper/Character/Animation/BH_Idle_Run_BS1D.uasset'
[2022.07.05-17.04.13:030][594]LogSavePackage: Total save time: 132.67ms
[2022.07.05-17.04.13:030][594]LogSavePackage:Display: Finished SavePackage D:/Unreal/Barrel Hopper/Project/Content/Barrel_Hopper/Character/Animation/BH_Idle_Run_BS1D.uasset
[2022.07.05-17.04.19:678][953]LogContentBrowser: Native class hierarchy updated for 'BlueprintGraph' in 0.0006 seconds. Added 108 classes and 0 folders.
[2022.07.05-17.04.19:958][953]LogSkeletalMesh: InitArticulated: Bodies already created (/Engine/Transient.DebugSkelMeshComponent_2) - call TermArticulated first.
[2022.07.05-17.04.20:069][953]LogContentBrowser:Verbose: The majority of assets in the view are of type: AnimSequence
[2022.07.05-17.04.48:195][625]BlueprintLog: New page: Compile BH_Character_AnimBP
[2022.07.05-17.04.48:227][625]LogActorComponent: UnregisterComponent: (/Engine/Transient.CharMoveComp) Not registered. Aborting.
[2022.07.05-17.04.49:037][625]LogSavePackage: Save=531.47ms
[2022.07.05-17.04.49:037][625]LogSavePackage: Moving 'D:/Unreal/Barrel Hopper/Project/Saved/BH_Character_AnimBP0780A28144220C58B3E926924731E17D.tmp' to 'D:/Unreal/Barrel Hopper/Project/Content/Barrel_Hopper/Character/Animation/BH_Character_AnimBP.uasset'
[2022.07.05-17.04.49:091][625]LogSavePackage: Total save time: 637.22ms
[2022.07.05-17.04.49:091][625]LogSavePackage:Display: Finished SavePackage D:/Unreal/Barrel Hopper/Project/Content/Barrel_Hopper/Character/Animation/BH_Character_AnimBP.uasset
[2022.07.05-17.04.49:104][625]BlueprintEditorCompileResults: Info [0790.66] Compile of BH_Character_AnimBP successful! [in 909 ms]
[2022.07.05-17.04.51:709][778]LogPlayLevel: PlayLevel: No blueprints needed recompiling
[2022.07.05-17.04.51:710][778]PIE: New page: PIE session: Barrel_Hopper_Map (Jul 5, 2022, 8:04:51 AM)
[2022.07.05-17.04.51:710][778]LogPlayLevel: Creating play world package: /Game/Barrel_Hopper/Levels/UEDPIE_0_Barrel_Hopper_Map
[2022.07.05-17.04.51:720][778]LogPlayLevel: PIE: StaticDuplicateObject took: (0.010188s)
[2022.07.05-17.04.51:720][778]LogAIModule: Creating AISystem for world Barrel_Hopper_Map
[2022.07.05-17.04.51:720][778]LogPlayLevel: PIE: World Init took: (0.000464s)
[2022.07.05-17.04.51:720][778]LogPlayLevel: PIE: Created PIE world by copying editor world from /Game/Barrel_Hopper/Levels/Barrel_Hopper_Map.Barrel_Hopper_Map to /Game/Barrel_Hopper/Levels/UEDPIE_0_Barrel_Hopper_Map.Barrel_Hopper_Map (0.010818s)
[2022.07.05-17.04.51:743][778]LogInit: XAudio2 using 'Speakers (Realtek(R) Audio)' : 2 channels at 48 kHz using 32 bits per sample (channel mask 0x3)
[2022.07.05-17.04.51:780][778]LogInit: FAudioDevice initialized.
[2022.07.05-17.04.51:814][778]LogWorld: Game class is 'BH_GameMode_C'
[2022.07.05-17.04.51:818][778]LogWorld: Bringing World /Game/Barrel_Hopper/Levels/UEDPIE_0_Barrel_Hopper_Map.Barrel_Hopper_Map up for play (max tick rate 60) at 2022.07.05-13.04.51
[2022.07.05-17.04.51:819][778]LogWorld: Bringing up level for play took: 0.003736
[2022.07.05-17.04.51:821][778]PIE: Info Play in editor start time for /Game/Barrel_Hopper/Levels/UEDPIE_0_Barrel_Hopper_Map -0.02
[2022.07.05-17.06.08:004][317]LogEditorTransaction: Undo Move Node
[2022.07.05-17.06.13:840][666]LogEditorTransaction: Undo Move Node
[2022.07.05-17.07.21:242][685]BlueprintLog: New page: Compile BH_Character_AnimBP
[2022.07.05-17.07.22:030][685]LogSavePackage: Save=588.22ms
[2022.07.05-17.07.22:032][685]LogSavePackage: Moving 'D:/Unreal/Barrel Hopper/Project/Saved/BH_Character_AnimBPB58438DB441D86E1798DE299624234C4.tmp' to 'D:/Unreal/Barrel Hopper/Project/Content/Barrel_Hopper/Character/Animation/BH_Character_AnimBP.uasset'
[2022.07.05-17.07.22:076][685]LogSavePackage: Total save time: 645.58ms
[2022.07.05-17.07.22:076][685]LogSavePackage:Display: Finished SavePackage D:/Unreal/Barrel Hopper/Project/Content/Barrel_Hopper/Character/Animation/BH_Character_AnimBP.uasset
[2022.07.05-17.07.22:087][685]BlueprintEditorCompileResults: Info [0943.64] Compile of BH_Character_AnimBP successful! [in 845 ms]
[2022.07.05-17.07.23:250][752]LogPlayLevel: PlayLevel: No blueprints needed recompiling
[2022.07.05-17.07.23:250][752]PIE: New page: PIE session: Barrel_Hopper_Map (Jul 5, 2022, 8:07:23 AM)
[2022.07.05-17.07.23:250][752]LogPlayLevel: Creating play world package: /Game/Barrel_Hopper/Levels/UEDPIE_0_Barrel_Hopper_Map
[2022.07.05-17.07.23:261][752]LogPlayLevel: PIE: StaticDuplicateObject took: (0.010981s)
[2022.07.05-17.07.23:261][752]LogAIModule: Creating AISystem for world Barrel_Hopper_Map
[2022.07.05-17.07.23:261][752]LogPlayLevel: PIE: World Init took: (0.000523s)
[2022.07.05-17.07.23:262][752]LogPlayLevel: PIE: Created PIE world by copying editor world from /Game/Barrel_Hopper/Levels/Barrel_Hopper_Map.Barrel_Hopper_Map to /Game/Barrel_Hopper/Levels/UEDPIE_0_Barrel_Hopper_Map.Barrel_Hopper_Map (0.011662s)
[2022.07.05-17.07.23:284][752]LogInit: XAudio2 using 'Speakers (Realtek(R) Audio)' : 2 channels at 48 kHz using 32 bits per sample (channel mask 0x3)
[2022.07.05-17.07.23:320][752]LogInit: FAudioDevice initialized.
[2022.07.05-17.07.23:354][752]LogWorld: Game class is 'BH_GameMode_C'
[2022.07.05-17.07.23:359][752]LogWorld: Bringing World /Game/Barrel_Hopper/Levels/UEDPIE_0_Barrel_Hopper_Map.Barrel_Hopper_Map up for play (max tick rate 60) at 2022.07.05-13.07.23
[2022.07.05-17.07.23:359][752]LogWorld: Bringing up level for play took: 0.003981
[2022.07.05-17.07.23:362][752]PIE: Info Play in editor start time for /Game/Barrel_Hopper/Levels/UEDPIE_0_Barrel_Hopper_Map -0.479
[2022.07.05-17.08.59:302][104]LogFileHelpers: Editor autosave (incl. sublevels) for '/Game/Barrel_Hopper/Levels/Barrel_Hopper_Map' took 0.033
[2022.07.05-17.08.59:435][104]LogSavePackage: Save=49.21ms
[2022.07.05-17.08.59:435][104]LogSavePackage: Moving 'D:/Unreal/Barrel Hopper/Project/Saved/BH_Idle_Run_BS1D_Auto1ABC0943E4A5FB2AB056C6B8FD32253BA.tmp' to 'D:/Unreal/Barrel Hopper/Project/Saved/Autosaves/Game/Barrel_Hopper/Character/BH_Idle_Run_BS1D_Auto1.uasset'
[2022.07.05-17.08.59:457][104]LogSavePackage: Total save time: 72.91ms
[2022.07.05-17.08.59:458][104]LogSavePackage:Display: Finished SavePackage D:/Unreal/Barrel Hopper/Project/Saved/Autosaves/Game/Barrel_Hopper/Character/BH_Idle_Run_BS1D_Auto1.uasset
[2022.07.05-17.08.59:458][104]LogFileHelpers: Auto-saving content packages took 0.153
[2022.07.05-17.09.49:501][360]LogPlayLevel: PlayLevel: No blueprints needed recompiling
[2022.07.05-17.09.49:501][360]PIE: New page: PIE session: Barrel_Hopper_Map (Jul 5, 2022, 8:09:49 AM)
[2022.07.05-17.09.49:501][360]LogPlayLevel: Creating play world package: /Game/Barrel_Hopper/Levels/UEDPIE_0_Barrel_Hopper_Map
[2022.07.05-17.09.49:514][360]LogPlayLevel: PIE: StaticDuplicateObject took: (0.013732s)
[2022.07.05-17.09.49:514][360]LogAIModule: Creating AISystem for world Barrel_Hopper_Map
[2022.07.05-17.09.49:514][360]LogPlayLevel: PIE: World Init took: (0.000508s)
[2022.07.05-17.09.49:514][360]LogPlayLevel: PIE: Created PIE world by copying editor world from /Game/Barrel_Hopper/Levels/Barrel_Hopper_Map.Barrel_Hopper_Map to /Game/Barrel_Hopper/Levels/UEDPIE_0_Barrel_Hopper_Map.Barrel_Hopper_Map (0.014438s)
[2022.07.05-17.09.49:544][360]LogInit: XAudio2 using 'Speakers (Realtek(R) Audio)' : 2 channels at 48 kHz using 32 bits per sample (channel mask 0x3)
[2022.07.05-17.09.49:591][360]LogInit: FAudioDevice initialized.
[2022.07.05-17.09.49:621][360]LogWorld: Game class is 'BH_GameMode_C'
[2022.07.05-17.09.49:628][360]LogWorld: Bringing World /Game/Barrel_Hopper/Levels/UEDPIE_0_Barrel_Hopper_Map.Barrel_Hopper_Map up for play (max tick rate 60) at 2022.07.05-13.09.49
[2022.07.05-17.09.49:628][360]LogWorld: Bringing up level for play took: 0.004709
[2022.07.05-17.09.49:632][360]PIE: Info Play in editor start time for /Game/Barrel_Hopper/Levels/UEDPIE_0_Barrel_Hopper_Map -0.209
[2022.07.05-17.29.58:269][914]LogFactory: FactoryCreateBinary: SoundWave with ReimportSoundFactory (0 0 C:\Users\sethg\Desktop\UnrealEngine4.XByExample_Code\Code\Assets\DeathSound.wav)
[2022.07.05-17.29.58:270][914]Error: Unable to read wave file 'DeathSound' - "Unsupported wave file format.  Only PCM, ADPCM, and DVI ADPCM can be imported."
[2022.07.05-17.30.02:977][914]LogAssetTools:Warning: Failed to import 'C:\Users\sethg\Desktop\UnrealEngine4.XByExample_Code\Code\Assets\DeathSound.wav'. Failed to create asset '/Game/Barrel_Hopper/Audio/DeathSound'
[2022.07.05-17.30.02:979][914]LogFactory: FactoryCreateBinary: SoundWave with ReimportSoundFactory (0 0 C:\Users\sethg\Desktop\UnrealEngine4.XByExample_Code\Code\Assets\Footstep.wav)
[2022.07.05-17.30.03:024][914]LogAudioDerivedData:Display: Building compressed audio format OGG wave Footstep...
[2022.07.05-17.30.03:057][914]LogAudioDerivedData:Warning: Updated SoundWave->RawPCMDataSize during cooking SoundWave /Game/Barrel_Hopper/Audio/Footstep.Footstep.
[2022.07.05-17.30.09:274][ 18]LogFactory: FactoryCreateBinary: SoundWave with ReimportSoundFactory (0 0 C:\Users\sethg\Desktop\UnrealEngine4.XByExample_Code\Code\Assets\DeathSound.wav)
[2022.07.05-17.30.09:274][ 18]Error: Unable to read wave file 'DeathSound' - "Unsupported wave file format.  Only PCM, ADPCM, and DVI ADPCM can be imported."
[2022.07.05-17.30.19:539][ 18]LogAssetTools:Warning: Failed to import 'C:\Users\sethg\Desktop\UnrealEngine4.XByExample_Code\Code\Assets\DeathSound.wav'. Failed to create asset '/Game/Barrel_Hopper/Audio/DeathSound'
[2022.07.05-17.30.22:642][199]LogFileHelpers: Editor autosave (incl. sublevels) for '/Game/Barrel_Hopper/Levels/Barrel_Hopper_Map' took 0.017
[2022.07.05-17.30.22:676][199]OBJ SavePackage: Generating thumbnails for [1] asset(s) in package [/Game/Barrel_Hopper/Audio/Footstep] ([1] browsable assets)...
[2022.07.05-17.30.22:681][199]OBJ SavePackage:     Rendered thumbnail for [SoundWave /Game/Barrel_Hopper/Audio/Footstep.Footstep]
[2022.07.05-17.30.22:681][199]OBJ SavePackage: Finished generating thumbnails for package [/Game/Barrel_Hopper/Audio/Footstep]
[2022.07.05-17.30.22:681][199]Cmd: OBJ SAVEPACKAGE PACKAGE="/Game/Barrel_Hopper/Audio/Footstep" FILE="D:/Unreal/Barrel Hopper/Project/Saved/Autosaves/Game/Barrel_Hopper/Audio/Footstep_Auto2.uasset" SILENT=false AUTOSAVING=true
[2022.07.05-17.30.22:721][199]LogSavePackage: Save=25.57ms
[2022.07.05-17.30.22:721][199]LogSavePackage: Moving 'D:/Unreal/Barrel Hopper/Project/Saved/Footstep_Auto2A60F3AAA406DCE09591817947537FFF8.tmp' to 'D:/Unreal/Barrel Hopper/Project/Saved/Autosaves/Game/Barrel_Hopper/Audio/Footstep_Auto2.uasset'
[2022.07.05-17.30.22:733][199]LogSavePackage: Total save time: 36.71ms
[2022.07.05-17.30.22:733][199]LogSavePackage:Display: Finished SavePackage D:/Unreal/Barrel Hopper/Project/Saved/Autosaves/Game/Barrel_Hopper/Audio/Footstep_Auto2.uasset
[2022.07.05-17.30.22:733][199]LogFileHelpers: Auto-saving content packages took 0.089
[2022.07.05-17.30.25:047][316]LogFactory: FactoryCreateBinary: SoundWave with ReimportSoundFactory (0 0 C:\Users\sethg\Desktop\UnrealEngine4.XByExample_Code\Code\Assets\DeathSound.wav)
[2022.07.05-17.30.25:047][316]Error: Unable to read wave file 'DeathSound' - "Unsupported wave file format.  Only PCM, ADPCM, and DVI ADPCM can be imported."
[2022.07.05-17.31.01:455][316]LogAssetTools:Warning: Failed to import 'C:\Users\sethg\Desktop\UnrealEngine4.XByExample_Code\Code\Assets\DeathSound.wav'. Failed to create asset '/Game/Barrel_Hopper/Audio/DeathSound'
[2022.07.05-17.34.39:246][115]LogFactory: FactoryCreateBinary: SoundWave with ReimportSoundFactory (0 0 C:\Users\sethg\Downloads\DeathSound.wav)
[2022.07.05-17.34.39:264][115]LogAudioDerivedData:Display: Building compressed audio format OGG wave DeathSound...
[2022.07.05-17.34.39:290][115]LogAudioDerivedData:Warning: Updated SoundWave->RawPCMDataSize during cooking SoundWave /Game/Barrel_Hopper/Audio/DeathSound.DeathSound.
[2022.07.05-17.34.49:986][436]Cmd: OBJ SAVEPACKAGE PACKAGE="/Game/Barrel_Hopper/Character/BH_Idle_Run_BS1D" FILE="D:/Unreal/Barrel Hopper/Project/Content/Barrel_Hopper/Character/BH_Idle_Run_BS1D.uasset" SILENT=true
[2022.07.05-17.34.50:038][436]LogSavePackage: Save=20.61ms
[2022.07.05-17.34.50:038][436]LogSavePackage: Moving 'D:/Unreal/Barrel Hopper/Project/Saved/BH_Idle_Run_BS1D3D4B466A4B3E2E3187333998DFF410F8.tmp' to 'D:/Unreal/Barrel Hopper/Project/Content/Barrel_Hopper/Character/BH_Idle_Run_BS1D.uasset'
[2022.07.05-17.34.50:092][436]LogSavePackage: Total save time: 74.76ms
[2022.07.05-17.34.50:092][436]LogSavePackage:Display: Finished SavePackage D:/Unreal/Barrel Hopper/Project/Content/Barrel_Hopper/Character/BH_Idle_Run_BS1D.uasset
[2022.07.05-17.34.50:110][436]Cmd: OBJ SAVEPACKAGE PACKAGE="/Game/Barrel_Hopper/Audio/DeathSound" FILE="D:/Unreal/Barrel Hopper/Project/Content/Barrel_Hopper/Audio/DeathSound.uasset" SILENT=true
[2022.07.05-17.34.50:189][436]LogSavePackage: Save=58.96ms
[2022.07.05-17.34.50:189][436]LogSavePackage: Moving 'D:/Unreal/Barrel Hopper/Project/Saved/DeathSoundB4F08E8E4F46C054C6C73F9CEC473008.tmp' to 'D:/Unreal/Barrel Hopper/Project/Content/Barrel_Hopper/Audio/DeathSound.uasset'
[2022.07.05-17.34.50:232][436]LogSavePackage: Total save time: 101.83ms
[2022.07.05-17.34.50:232][436]LogSavePackage:Display: Finished SavePackage D:/Unreal/Barrel Hopper/Project/Content/Barrel_Hopper/Audio/DeathSound.uasset
[2022.07.05-17.34.50:245][436]Cmd: OBJ SAVEPACKAGE PACKAGE="/Game/Barrel_Hopper/Audio/Footstep" FILE="D:/Unreal/Barrel Hopper/Project/Content/Barrel_Hopper/Audio/Footstep.uasset" SILENT=true
[2022.07.05-17.34.50:291][436]LogSavePackage: Save=25.22ms
[2022.07.05-17.34.50:291][436]LogSavePackage: Moving 'D:/Unreal/Barrel Hopper/Project/Saved/FootstepF5337F4B49D35E83D597678AF9F81127.tmp' to 'D:/Unreal/Barrel Hopper/Project/Content/Barrel_Hopper/Audio/Footstep.uasset'
[2022.07.05-17.34.50:335][436]LogSavePackage: Total save time: 68.58ms
[2022.07.05-17.34.50:335][436]LogSavePackage:Display: Finished SavePackage D:/Unreal/Barrel Hopper/Project/Content/Barrel_Hopper/Audio/Footstep.uasset
[2022.07.05-17.51.54:310][237]Cmd: OBJ SAVEPACKAGE PACKAGE="/Game/Barrel_Hopper/Audio/Clips/DeathSound" FILE="D:/Unreal/Barrel Hopper/Project/Content/Barrel_Hopper/Audio/Clips/DeathSound.uasset" SILENT=true
[2022.07.05-17.51.56:377][237]LogSavePackage: Save=2050.87ms
[2022.07.05-17.51.56:377][237]LogSavePackage: Moving 'D:/Unreal/Barrel Hopper/Project/Saved/DeathSound90EB489742F50F427B00D2B11B43D170.tmp' to 'D:/Unreal/Barrel Hopper/Project/Content/Barrel_Hopper/Audio/Clips/DeathSound.uasset'
[2022.07.05-17.51.56:421][237]LogSavePackage: Total save time: 2095.34ms
[2022.07.05-17.51.56:421][237]LogSavePackage:Display: Finished SavePackage D:/Unreal/Barrel Hopper/Project/Content/Barrel_Hopper/Audio/Clips/DeathSound.uasset
[2022.07.05-17.51.56:432][237]Cmd: OBJ SAVEPACKAGE PACKAGE="/Game/Barrel_Hopper/Audio/Clips/Footstep" FILE="D:/Unreal/Barrel Hopper/Project/Content/Barrel_Hopper/Audio/Clips/Footstep.uasset" SILENT=true
[2022.07.05-17.51.56:488][237]LogSavePackage: Save=33.97ms
[2022.07.05-17.51.56:488][237]LogSavePackage: Moving 'D:/Unreal/Barrel Hopper/Project/Saved/Footstep7A31AD4442527E2F736A34BE2E784C0F.tmp' to 'D:/Unreal/Barrel Hopper/Project/Content/Barrel_Hopper/Audio/Clips/Footstep.uasset'
[2022.07.05-17.51.56:532][237]LogSavePackage: Total save time: 78.04ms
[2022.07.05-17.51.56:532][237]LogSavePackage:Display: Finished SavePackage D:/Unreal/Barrel Hopper/Project/Content/Barrel_Hopper/Audio/Clips/Footstep.uasset
[2022.07.05-17.52.32:627][358]LogMetaData: Removing '/Game/Barrel_Hopper/Audio/Ques/BH_Footsteps.BH_Footsteps:SoundCueGraph_1.SoundCueGraphNode_Root_1' ref from Metadata '/Game/Barrel_Hopper/Audio/Ques/NewSoundCue.PackageMetaData'
[2022.07.05-17.52.32:654][358]Cmd: OBJ SAVEPACKAGE PACKAGE="/Game/Barrel_Hopper/Audio/Ques/BH_Footsteps" FILE="D:/Unreal/Barrel Hopper/Project/Content/Barrel_Hopper/Audio/Ques/BH_Footsteps.uasset" SILENT=true
[2022.07.05-17.52.32:693][358]LogSavePackage: Save=22.63ms
[2022.07.05-17.52.32:693][358]LogSavePackage: Moving 'D:/Unreal/Barrel Hopper/Project/Saved/BH_Footsteps03E7FEBE4D2D62E6281C53BC5ABF9E75.tmp' to 'D:/Unreal/Barrel Hopper/Project/Content/Barrel_Hopper/Audio/Ques/BH_Footsteps.uasset'
[2022.07.05-17.52.32:736][358]LogSavePackage: Total save time: 66.24ms
[2022.07.05-17.52.32:736][358]LogSavePackage:Display: Finished SavePackage D:/Unreal/Barrel Hopper/Project/Content/Barrel_Hopper/Audio/Ques/BH_Footsteps.uasset
[2022.07.05-17.52.37:137][612]LogMetaData: Removing '/Game/Barrel_Hopper/Audio/Ques/BH_Footstep.BH_Footstep:SoundCueGraph_1.SoundCueGraphNode_Root_1' ref from Metadata '/Game/Barrel_Hopper/Audio/Ques/BH_Footsteps.PackageMetaData'
[2022.07.05-17.52.37:161][612]Cmd: OBJ SAVEPACKAGE PACKAGE="/Game/Barrel_Hopper/Audio/Ques/BH_Footstep" FILE="D:/Unreal/Barrel Hopper/Project/Content/Barrel_Hopper/Audio/Ques/BH_Footstep.uasset" SILENT=true
[2022.07.05-17.52.37:199][612]LogSavePackage: Save=21.90ms
[2022.07.05-17.52.37:199][612]LogSavePackage: Moving 'D:/Unreal/Barrel Hopper/Project/Saved/BH_Footstep292DC1FC43871C00945771A1188D4279.tmp' to 'D:/Unreal/Barrel Hopper/Project/Content/Barrel_Hopper/Audio/Ques/BH_Footstep.uasset'
[2022.07.05-17.52.37:242][612]LogSavePackage: Total save time: 65.69ms
[2022.07.05-17.52.37:242][612]LogSavePackage:Display: Finished SavePackage D:/Unreal/Barrel Hopper/Project/Content/Barrel_Hopper/Audio/Ques/BH_Footstep.uasset
[2022.07.05-17.52.46:946][173]LogMetaData: Removing '/Game/Barrel_Hopper/Audio/Cues/BH_Death.BH_Death:SoundCueGraph_2.SoundCueGraphNode_Root_2' ref from Metadata '/Game/Barrel_Hopper/Audio/Ques/BH_Death.PackageMetaData'
[2022.07.05-17.52.46:965][173]LogMetaData: Removing '/Game/Barrel_Hopper/Audio/Cues/BH_Footstep.BH_Footstep:SoundCueGraph_1.SoundCueGraphNode_Root_1' ref from Metadata '/Game/Barrel_Hopper/Audio/Ques/BH_Footstep.PackageMetaData'
[2022.07.05-17.52.46:988][173]Cmd: OBJ SAVEPACKAGE PACKAGE="/Game/Barrel_Hopper/Audio/Cues/BH_Death" FILE="D:/Unreal/Barrel Hopper/Project/Content/Barrel_Hopper/Audio/Cues/BH_Death.uasset" SILENT=true
[2022.07.05-17.52.47:026][173]LogSavePackage: Save=21.69ms
[2022.07.05-17.52.47:026][173]LogSavePackage: Moving 'D:/Unreal/Barrel Hopper/Project/Saved/BH_DeathCA1ED3484CB9BF05CE986CB41CA997B7.tmp' to 'D:/Unreal/Barrel Hopper/Project/Content/Barrel_Hopper/Audio/Cues/BH_Death.uasset'
[2022.07.05-17.52.47:069][173]LogSavePackage: Total save time: 65.41ms
[2022.07.05-17.52.47:069][173]LogSavePackage:Display: Finished SavePackage D:/Unreal/Barrel Hopper/Project/Content/Barrel_Hopper/Audio/Cues/BH_Death.uasset
[2022.07.05-17.52.47:077][173]Cmd: OBJ SAVEPACKAGE PACKAGE="/Game/Barrel_Hopper/Audio/Cues/BH_Footstep" FILE="D:/Unreal/Barrel Hopper/Project/Content/Barrel_Hopper/Audio/Cues/BH_Footstep.uasset" SILENT=true
[2022.07.05-17.52.47:120][173]LogSavePackage: Save=22.24ms
[2022.07.05-17.52.47:120][173]LogSavePackage: Moving 'D:/Unreal/Barrel Hopper/Project/Saved/BH_FootstepDA085BD247E2A0FED75CB8B12034E5C2.tmp' to 'D:/Unreal/Barrel Hopper/Project/Content/Barrel_Hopper/Audio/Cues/BH_Footstep.uasset'
[2022.07.05-17.52.47:164][173]LogSavePackage: Total save time: 66.64ms
[2022.07.05-17.52.47:164][173]LogSavePackage:Display: Finished SavePackage D:/Unreal/Barrel Hopper/Project/Content/Barrel_Hopper/Audio/Cues/BH_Footstep.uasset
[2022.07.05-17.53.21:234][848]LogFileHelpers: Editor autosave (incl. sublevels) for '/Game/Barrel_Hopper/Levels/Barrel_Hopper_Map' took 0.013
[2022.07.05-17.53.21:296][848]LogSavePackage: Save=22.89ms
[2022.07.05-17.53.21:296][848]LogSavePackage: Moving 'D:/Unreal/Barrel Hopper/Project/Saved/NewSoundCue_Auto35B74ADBD4A0A17E9070F17940FA418A1.tmp' to 'D:/Unreal/Barrel Hopper/Project/Saved/Autosaves/Game/Barrel_Hopper/Audio/Ques/NewSoundCue_Auto3.uasset'
[2022.07.05-17.53.21:307][848]LogSavePackage: Total save time: 34.83ms
[2022.07.05-17.53.21:307][848]LogSavePackage:Display: Finished SavePackage D:/Unreal/Barrel Hopper/Project/Saved/Autosaves/Game/Barrel_Hopper/Audio/Ques/NewSoundCue_Auto3.uasset
[2022.07.05-17.53.21:352][848]LogSavePackage: Save=20.89ms
[2022.07.05-17.53.21:352][848]LogSavePackage: Moving 'D:/Unreal/Barrel Hopper/Project/Saved/BH_Death_Auto3C8E141324DBB56A5B87FBF806DA24A63.tmp' to 'D:/Unreal/Barrel Hopper/Project/Saved/Autosaves/Game/Barrel_Hopper/Audio/Ques/BH_Death_Auto3.uasset'
[2022.07.05-17.53.21:363][848]LogSavePackage: Total save time: 32.01ms
[2022.07.05-17.53.21:369][848]LogSavePackage:Display: Finished SavePackage D:/Unreal/Barrel Hopper/Project/Saved/Autosaves/Game/Barrel_Hopper/Audio/Ques/BH_Death_Auto3.uasset
[2022.07.05-17.53.21:369][848]LogFileHelpers: Auto-saving content packages took 0.134
[2022.07.05-18.05.50:189][472]LogPlayLevel: PlayLevel: No blueprints needed recompiling
[2022.07.05-18.05.50:189][472]PIE: New page: PIE session: Barrel_Hopper_Map (Jul 5, 2022, 9:05:50 AM)
[2022.07.05-18.05.50:189][472]LogPlayLevel: Creating play world package: /Game/Barrel_Hopper/Levels/UEDPIE_0_Barrel_Hopper_Map
[2022.07.05-18.05.50:206][472]LogPlayLevel: PIE: StaticDuplicateObject took: (0.016931s)
[2022.07.05-18.05.50:207][472]LogAIModule: Creating AISystem for world Barrel_Hopper_Map
[2022.07.05-18.05.50:208][472]LogPlayLevel: PIE: World Init took: (0.001088s)
[2022.07.05-18.05.50:208][472]LogPlayLevel: PIE: Created PIE world by copying editor world from /Game/Barrel_Hopper/Levels/Barrel_Hopper_Map.Barrel_Hopper_Map to /Game/Barrel_Hopper/Levels/UEDPIE_0_Barrel_Hopper_Map.Barrel_Hopper_Map (0.018477s)
[2022.07.05-18.05.50:240][472]LogInit: XAudio2 using 'Speakers (G432 Gaming Headset)' : 2 channels at 48 kHz using 16 bits per sample (channel mask 0x3)
[2022.07.05-18.05.50:254][472]LogInit: FAudioDevice initialized.
[2022.07.05-18.05.50:288][472]LogWorld: Game class is 'BH_GameMode_C'
[2022.07.05-18.05.50:293][472]LogWorld: Bringing World /Game/Barrel_Hopper/Levels/UEDPIE_0_Barrel_Hopper_Map.Barrel_Hopper_Map up for play (max tick rate 60) at 2022.07.05-14.05.50
[2022.07.05-18.05.50:294][472]LogWorld: Bringing up level for play took: 0.004677
[2022.07.05-18.05.50:297][472]PIE: Info Play in editor start time for /Game/Barrel_Hopper/Levels/UEDPIE_0_Barrel_Hopper_Map 0.456
[2022.07.05-18.08.21:485][489]BlueprintLog: New page: Pre-Play auto-recompile
[2022.07.05-18.08.21:487][489]LogPlayLevel: [PlayLevel] Compiling BH_Character_AnimBP before play...
[2022.07.05-18.08.21:512][489]LogActorComponent: UnregisterComponent: (/Engine/Transient.CharMoveComp) Not registered. Aborting.
[2022.07.05-18.08.22:251][489]LogSavePackage: Save=577.53ms
[2022.07.05-18.08.22:251][489]LogSavePackage: Moving 'D:/Unreal/Barrel Hopper/Project/Saved/BH_Character_AnimBP56C19B19495DA54BB553AFB386AE5796.tmp' to 'D:/Unreal/Barrel Hopper/Project/Content/Barrel_Hopper/Character/Animation/BH_Character_AnimBP.uasset'
[2022.07.05-18.08.22:302][489]LogSavePackage: Total save time: 677.93ms
[2022.07.05-18.08.22:302][489]LogSavePackage:Display: Finished SavePackage D:/Unreal/Barrel Hopper/Project/Content/Barrel_Hopper/Character/Animation/BH_Character_AnimBP.uasset
[2022.07.05-18.08.22:310][489]LogPlayLevel: PlayLevel: Blueprint regeneration took 825 ms (1 blueprints)
[2022.07.05-18.08.22:331][489]PIE: New page: PIE session: Barrel_Hopper_Map (Jul 5, 2022, 9:08:22 AM)
[2022.07.05-18.08.22:332][489]LogPlayLevel: Creating play world package: /Game/Barrel_Hopper/Levels/UEDPIE_0_Barrel_Hopper_Map
[2022.07.05-18.08.22:342][489]LogPlayLevel: PIE: StaticDuplicateObject took: (0.010464s)
[2022.07.05-18.08.22:343][489]LogAIModule: Creating AISystem for world Barrel_Hopper_Map
[2022.07.05-18.08.22:343][489]LogPlayLevel: PIE: World Init took: (0.000605s)
[2022.07.05-18.08.22:343][489]LogPlayLevel: PIE: Created PIE world by copying editor world from /Game/Barrel_Hopper/Levels/Barrel_Hopper_Map.Barrel_Hopper_Map to /Game/Barrel_Hopper/Levels/UEDPIE_0_Barrel_Hopper_Map.Barrel_Hopper_Map (0.011390s)
[2022.07.05-18.08.22:373][489]LogInit: XAudio2 using 'Speakers (G432 Gaming Headset)' : 2 channels at 48 kHz using 16 bits per sample (channel mask 0x3)
[2022.07.05-18.08.22:390][489]LogInit: FAudioDevice initialized.
[2022.07.05-18.08.22:426][489]LogWorld: Game class is 'BH_GameMode_C'
[2022.07.05-18.08.22:431][489]LogWorld: Bringing World /Game/Barrel_Hopper/Levels/UEDPIE_0_Barrel_Hopper_Map.Barrel_Hopper_Map up for play (max tick rate 60) at 2022.07.05-14.08.22
[2022.07.05-18.08.22:432][489]LogWorld: Bringing up level for play took: 0.004718
[2022.07.05-18.08.22:434][489]PIE: Info Play in editor start time for /Game/Barrel_Hopper/Levels/UEDPIE_0_Barrel_Hopper_Map 0.593
[2022.07.05-18.12.21:212][739]LogActorComponent: UnregisterComponent: (/Engine/Transient.CharMoveComp) Not registered. Aborting.
[2022.07.05-18.12.21:229][739]LogFileHelpers: Editor autosave (incl. sublevels) for '/Game/Barrel_Hopper/Levels/Barrel_Hopper_Map' took 0.017
[2022.07.05-18.12.21:233][739]OBJ SavePackage: Generating thumbnails for [0] asset(s) in package [/Game/Barrel_Hopper/Game_Mode/BH_GameMode] ([1] browsable assets)...
[2022.07.05-18.12.21:233][739]OBJ SavePackage: Finished generating thumbnails for package [/Game/Barrel_Hopper/Game_Mode/BH_GameMode]
[2022.07.05-18.12.21:804][739]LogSavePackage: Save=470.47ms
[2022.07.05-18.12.21:805][739]LogSavePackage: Moving 'D:/Unreal/Barrel Hopper/Project/Saved/BH_GameMode_Auto47FA88E764E82D1C73A268EB7BA85E301.tmp' to 'D:/Unreal/Barrel Hopper/Project/Saved/Autosaves/Game/Barrel_Hopper/Game_Mode/BH_GameMode_Auto4.uasset'
[2022.07.05-18.12.21:817][739]LogSavePackage: Total save time: 531.90ms
[2022.07.05-18.12.21:818][739]LogSavePackage:Display: Finished SavePackage D:/Unreal/Barrel Hopper/Project/Saved/Autosaves/Game/Barrel_Hopper/Game_Mode/BH_GameMode_Auto4.uasset
[2022.07.05-18.12.21:818][739]LogFileHelpers: Auto-saving content packages took 0.589
[2022.07.05-18.17.00:758][447]LogEditorViewport: Clicking on Actor (context menu): BP_Sky_Sphere_C (Sky Sphere)
[2022.07.05-18.17.00:808][447]LogEditorViewport: Clicking on Actor (context menu): BP_Sky_Sphere_C (Sky Sphere)
[2022.07.05-18.17.01:599][490]LogEditorViewport: Clicking on Actor (LMB): BP_Sky_Sphere_C (Sky Sphere)
[2022.07.05-18.17.34:725][474]LogEditorViewport: Clicking on Actor (LMB): BP_Sky_Sphere_C (Sky Sphere)
[2022.07.05-18.18.54:571][595]BlueprintLog: New page: Pre-Play auto-recompile
[2022.07.05-18.18.54:577][595]LogPlayLevel: [PlayLevel] Compiling BH_GameMode before play...
[2022.07.05-18.18.58:647][595]Cmd: OBJ SAVEPACKAGE PACKAGE="/Game/Barrel_Hopper/Game_Mode/BH_GameMode" FILE="D:/Unreal/Barrel Hopper/Project/Content/Barrel_Hopper/Game_Mode/BH_GameMode.uasset" SILENT=true
[2022.07.05-18.18.59:191][595]LogSavePackage: Save=459.15ms
[2022.07.05-18.18.59:191][595]LogSavePackage: Moving 'D:/Unreal/Barrel Hopper/Project/Saved/BH_GameMode47DAA4C84CA8ECEBF25138A9BFEE876A.tmp' to 'D:/Unreal/Barrel Hopper/Project/Content/Barrel_Hopper/Game_Mode/BH_GameMode.uasset'
[2022.07.05-18.18.59:255][595]LogSavePackage: Total save time: 572.49ms
[2022.07.05-18.18.59:255][595]LogSavePackage:Display: Finished SavePackage D:/Unreal/Barrel Hopper/Project/Content/Barrel_Hopper/Game_Mode/BH_GameMode.uasset
[2022.07.05-18.18.59:263][595]LogPlayLevel: PlayLevel: Blueprint regeneration took 4692 ms (2 blueprints)
[2022.07.05-18.18.59:270][595]LogPlayLevel: [PlayLevel] Compiling BH_Character before play...
[2022.07.05-18.18.59:413][595]LogPlayLevel: PlayLevel: Blueprint regeneration took 4842 ms (2 blueprints)
[2022.07.05-18.18.59:434][595]PIE: New page: PIE session: Barrel_Hopper_Map (Jul 5, 2022, 9:18:59 AM)
[2022.07.05-18.18.59:434][595]LogPlayLevel: Creating play world package: /Game/Barrel_Hopper/Levels/UEDPIE_0_Barrel_Hopper_Map
[2022.07.05-18.18.59:445][595]LogPlayLevel: PIE: StaticDuplicateObject took: (0.011259s)
[2022.07.05-18.18.59:446][595]LogAIModule: Creating AISystem for world Barrel_Hopper_Map
[2022.07.05-18.18.59:446][595]LogPlayLevel: PIE: World Init took: (0.000566s)
[2022.07.05-18.18.59:446][595]LogPlayLevel: PIE: Created PIE world by copying editor world from /Game/Barrel_Hopper/Levels/Barrel_Hopper_Map.Barrel_Hopper_Map to /Game/Barrel_Hopper/Levels/UEDPIE_0_Barrel_Hopper_Map.Barrel_Hopper_Map (0.012152s)
[2022.07.05-18.18.59:480][595]LogInit: XAudio2 using 'Speakers (G432 Gaming Headset)' : 2 channels at 48 kHz using 16 bits per sample (channel mask 0x3)
[2022.07.05-18.18.59:492][595]LogInit: FAudioDevice initialized.
[2022.07.05-18.18.59:527][595]LogWorld: Game class is 'BH_GameMode_C'
[2022.07.05-18.18.59:532][595]LogWorld: Bringing World /Game/Barrel_Hopper/Levels/UEDPIE_0_Barrel_Hopper_Map.Barrel_Hopper_Map up for play (max tick rate 60) at 2022.07.05-14.18.59
[2022.07.05-18.18.59:534][595]LogWorld: Bringing up level for play took: 0.006262
[2022.07.05-18.18.59:536][595]PIE: Info Play in editor start time for /Game/Barrel_Hopper/Levels/UEDPIE_0_Barrel_Hopper_Map 5.696
[2022.07.05-18.20.43:059][772]LogUObjectHash:Warning: Ambiguous search, could be K2Node_CallFunction /Game/Barrel_Hopper/Character/BH_Character.BH_Character:EventGraph.K2Node_CallFunction_2541 or K2Node_CallFunction /Engine/Transient.PROTO_BP_Blueprint_0:UserConstructionScript.K2Node_CallFunction_2541
[2022.07.05-18.20.43:059][772]LogUObjectHash:Warning: Ambiguous search, could be K2Node_CallFunction /Game/Barrel_Hopper/Character/BH_Character.BH_Character:EventGraph.K2Node_CallFunction_2541 or K2Node_CallFunction /Game/Barrel_Hopper/Barrel/BH_Barrel.BH_Barrel:EventGraph.K2Node_CallFunction_2541
[2022.07.05-18.20.43:059][772]LogProperty:Warning: Illegal TEXT reference to a private object in external package (EdGraphPin /Game/Barrel_Hopper/Character/BH_Character.BH_Character:EventGraph.K2Node_CallFunction_2541.EdGraphPin_5876) from referencer (EdGraphPin /Game/Barrel_Hopper/Barrel/BH_Barrel.BH_Barrel:EventGraph.K2Node_Event_155.EdGraphPin_5848).  Import failed...
[2022.07.05-18.20.43:059][772]LogProperty:Warning: ObjectProperty /Script/Engine.EdGraphPin:LinkedTo.LinkedTo: unresolved reference to 'EdGraphPin'K2Node_CallFunction_2541.EdGraphPin_5876''
[2022.07.05-18.20.43:059][772]LogUObjectHash:Warning: Ambiguous search, could be K2Node_IfThenElse /Game/Barrel_Hopper/Character/BH_Character.BH_Character:EventGraph.K2Node_IfThenElse_17 or K2Node_IfThenElse /Game/Barrel_Hopper/Barrel/BH_Barrel.BH_Barrel:EventGraph.K2Node_IfThenElse_17
[2022.07.05-18.20.43:059][772]LogProperty:Warning: Illegal TEXT reference to a private object in external package (EdGraphPin /Game/Barrel_Hopper/Character/BH_Character.BH_Character:EventGraph.K2Node_IfThenElse_17.EdGraphPin_5159) from referencer (EdGraphPin /Game/Barrel_Hopper/Barrel/BH_Barrel.BH_Barrel:EventGraph.K2Node_Event_155.EdGraphPin_5846).  Import failed...
[2022.07.05-18.20.43:059][772]LogProperty:Warning: ObjectProperty /Script/Engine.EdGraphPin:LinkedTo.LinkedTo: unresolved reference to 'EdGraphPin'K2Node_IfThenElse_17.EdGraphPin_5159''
[2022.07.05-18.20.43:062][772]LogUObjectHash:Warning: Ambiguous search, could be K2Node_CallFunction /Game/Barrel_Hopper/Character/BH_Character.BH_Character:EventGraph.K2Node_CallFunction_2542 or K2Node_CallFunction /Engine/Transient.PROTO_BP_Blueprint_0:UserConstructionScript.K2Node_CallFunction_2542
[2022.07.05-18.20.43:062][772]LogUObjectHash:Warning: Ambiguous search, could be K2Node_CallFunction /Game/Barrel_Hopper/Character/BH_Character.BH_Character:EventGraph.K2Node_CallFunction_2542 or K2Node_CallFunction /Game/Barrel_Hopper/Barrel/BH_Barrel.BH_Barrel:EventGraph.K2Node_CallFunction_2542
[2022.07.05-18.20.43:062][772]LogProperty:Warning: Illegal TEXT reference to a private object in external package (EdGraphPin /Game/Barrel_Hopper/Character/BH_Character.BH_Character:EventGraph.K2Node_CallFunction_2542.EdGraphPin_5885) from referencer (EdGraphPin /Game/Barrel_Hopper/Barrel/BH_Barrel.BH_Barrel:EventGraph.K2Node_CallFunction_2541.EdGraphPin_5877).  Import failed...
[2022.07.05-18.20.43:062][772]LogProperty:Warning: ObjectProperty /Script/Engine.EdGraphPin:LinkedTo.LinkedTo: unresolved reference to 'EdGraphPin'K2Node_CallFunction_2542.EdGraphPin_5885''
[2022.07.05-18.20.43:062][772]LogUObjectHash:Warning: Ambiguous search, could be K2Node_IfThenElse /Game/Barrel_Hopper/Character/BH_Character.BH_Character:EventGraph.K2Node_IfThenElse_17 or K2Node_IfThenElse /Game/Barrel_Hopper/Barrel/BH_Barrel.BH_Barrel:EventGraph.K2Node_IfThenElse_17
[2022.07.05-18.20.43:062][772]LogProperty:Warning: Illegal TEXT reference to a private object in external package (EdGraphPin /Game/Barrel_Hopper/Character/BH_Character.BH_Character:EventGraph.K2Node_IfThenElse_17.EdGraphPin_5160) from referencer (EdGraphPin /Game/Barrel_Hopper/Barrel/BH_Barrel.BH_Barrel:EventGraph.K2Node_CallFunction_2542.EdGraphPin_5887).  Import failed...
[2022.07.05-18.20.43:065][772]LogProperty:Warning: ObjectProperty /Script/Engine.EdGraphPin:LinkedTo.LinkedTo: unresolved reference to 'EdGraphPin'K2Node_IfThenElse_17.EdGraphPin_5160''
[2022.07.05-18.20.43:065][772]LogUObjectHash:Warning: Ambiguous search, could be K2Node_CallFunction /Game/Barrel_Hopper/Character/BH_Character.BH_Character:EventGraph.K2Node_CallFunction_2551 or K2Node_CallFunction /Engine/ArtTools/RenderToTexture/Macros/RenderToTextureMacros.RenderToTextureMacros:Array to HLSL Int Array.K2Node_CallFunction_2551
[2022.07.05-18.20.43:065][772]LogUObjectHash:Warning: Ambiguous search, could be K2Node_CallFunction /Game/Barrel_Hopper/Character/BH_Character.BH_Character:EventGraph.K2Node_CallFunction_2551 or K2Node_CallFunction /Engine/Transient.PROTO_BP_Blueprint_0:UserConstructionScript.K2Node_CallFunction_2551
[2022.07.05-18.20.43:065][772]LogUObjectHash:Warning: Ambiguous search, could be K2Node_CallFunction /Game/Barrel_Hopper/Character/BH_Character.BH_Character:EventGraph.K2Node_CallFunction_2551 or K2Node_CallFunction /Game/Barrel_Hopper/Barrel/BH_Barrel.BH_Barrel:EventGraph.K2Node_CallFunction_2551
[2022.07.05-18.20.43:065][772]LogProperty:Warning: Illegal TEXT reference to a private object in external package (EdGraphPin /Game/Barrel_Hopper/Character/BH_Character.BH_Character:EventGraph.K2Node_CallFunction_2551.EdGraphPin_5896) from referencer (EdGraphPin /Game/Barrel_Hopper/Barrel/BH_Barrel.BH_Barrel:EventGraph.K2Node_IfThenElse_17.EdGraphPin_5161).  Import failed...
[2022.07.05-18.20.43:065][772]LogProperty:Warning: ObjectProperty /Script/Engine.EdGraphPin:LinkedTo.LinkedTo: unresolved reference to 'EdGraphPin'K2Node_CallFunction_2551.EdGraphPin_5896''
[2022.07.05-18.21.21:174][ 52]BlueprintLog: New page: Compile BH_Barrel
[2022.07.05-18.21.21:372][ 52]Cmd: OBJ SAVEPACKAGE PACKAGE="/Game/Barrel_Hopper/Barrel/BH_Barrel" FILE="D:/Unreal/Barrel Hopper/Project/Content/Barrel_Hopper/Barrel/BH_Barrel.uasset" SILENT=true
[2022.07.05-18.21.21:680][ 52]LogSavePackage: Save=232.13ms
[2022.07.05-18.21.21:681][ 52]LogSavePackage: Moving 'D:/Unreal/Barrel Hopper/Project/Saved/BH_Barrel5B314E884445A5578154C8BBCC037AD0.tmp' to 'D:/Unreal/Barrel Hopper/Project/Content/Barrel_Hopper/Barrel/BH_Barrel.uasset'
[2022.07.05-18.21.21:742][ 52]LogSavePackage: Total save time: 338.40ms
[2022.07.05-18.21.21:743][ 52]LogSavePackage:Display: Finished SavePackage D:/Unreal/Barrel Hopper/Project/Content/Barrel_Hopper/Barrel/BH_Barrel.uasset
[2022.07.05-18.21.21:750][ 52]BlueprintEditorCompileResults: Info [5383.30] Compile of BH_Barrel successful! [in 575 ms]
[2022.07.05-18.21.23:621][161]LogPlayLevel: PlayLevel: No blueprints needed recompiling
[2022.07.05-18.21.23:621][161]PIE: New page: PIE session: Barrel_Hopper_Map (Jul 5, 2022, 9:21:23 AM)
[2022.07.05-18.21.23:621][161]LogPlayLevel: Creating play world package: /Game/Barrel_Hopper/Levels/UEDPIE_0_Barrel_Hopper_Map
[2022.07.05-18.21.23:632][161]LogPlayLevel: PIE: StaticDuplicateObject took: (0.010421s)
[2022.07.05-18.21.23:632][161]LogAIModule: Creating AISystem for world Barrel_Hopper_Map
[2022.07.05-18.21.23:633][161]LogPlayLevel: PIE: World Init took: (0.000593s)
[2022.07.05-18.21.23:633][161]LogPlayLevel: PIE: Created PIE world by copying editor world from /Game/Barrel_Hopper/Levels/Barrel_Hopper_Map.Barrel_Hopper_Map to /Game/Barrel_Hopper/Levels/UEDPIE_0_Barrel_Hopper_Map.Barrel_Hopper_Map (0.011322s)
[2022.07.05-18.21.23:666][161]LogInit: XAudio2 using 'Speakers (G432 Gaming Headset)' : 2 channels at 48 kHz using 16 bits per sample (channel mask 0x3)
[2022.07.05-18.21.23:681][161]LogInit: FAudioDevice initialized.
[2022.07.05-18.21.23:713][161]LogWorld: Game class is 'BH_GameMode_C'
[2022.07.05-18.21.23:718][161]LogWorld: Bringing World /Game/Barrel_Hopper/Levels/UEDPIE_0_Barrel_Hopper_Map.Barrel_Hopper_Map up for play (max tick rate 60) at 2022.07.05-14.21.23
[2022.07.05-18.21.23:718][161]LogWorld: Bringing up level for play took: 0.004354
[2022.07.05-18.21.23:721][161]PIE: Info Play in editor start time for /Game/Barrel_Hopper/Levels/UEDPIE_0_Barrel_Hopper_Map -0.12
[2022.07.05-18.21.34:564][811]LogScript:Warning: Attempted to access BH_Character_C_19 via property K2Node_Event_Other, but BH_Character_C_19 is pending kill
	BH_Barrel_C /Game/Barrel_Hopper/Levels/UEDPIE_0_Barrel_Hopper_Map.Barrel_Hopper_Map:PersistentLevel.BH_Barrel_C_8
	Function /Game/Barrel_Hopper/Barrel/BH_Barrel.BH_Barrel_C:ExecuteUbergraph_BH_Barrel:007F
[2022.07.05-18.21.34:564][811]PIE:Error: Error Blueprint Runtime Error: Attempted to access BH_Character_C_19 via property K2Node_Event_Other, but BH_Character_C_19 is pending kill from function: 'ExecuteUbergraph_BH_Barrel' from node: DestroyActor in graph: EventGraph in object: BH_Barrel
[2022.07.05-18.21.42:775][291]BlueprintLog: New page: Compile BH_Barrel
[2022.07.05-18.21.42:911][291]Cmd: OBJ SAVEPACKAGE PACKAGE="/Game/Barrel_Hopper/Barrel/BH_Barrel" FILE="D:/Unreal/Barrel Hopper/Project/Content/Barrel_Hopper/Barrel/BH_Barrel.uasset" SILENT=true
[2022.07.05-18.21.43:093][291]LogSavePackage: Save=137.52ms
[2022.07.05-18.21.43:093][291]LogSavePackage: Moving 'D:/Unreal/Barrel Hopper/Project/Saved/BH_Barrel4AB52BA44D471ACCE74BEF82FE225D5B.tmp' to 'D:/Unreal/Barrel Hopper/Project/Content/Barrel_Hopper/Barrel/BH_Barrel.uasset'
[2022.07.05-18.21.43:153][291]LogSavePackage: Total save time: 209.38ms
[2022.07.05-18.21.43:153][291]LogSavePackage:Display: Finished SavePackage D:/Unreal/Barrel Hopper/Project/Content/Barrel_Hopper/Barrel/BH_Barrel.uasset
[2022.07.05-18.21.43:162][291]BlueprintEditorCompileResults: Info [5404.72] Compile of BH_Barrel successful! [in 385 ms]
[2022.07.05-18.22.57:346][665]LogActorComponent: UnregisterComponent: (/Engine/Transient.EditorFloorComp) Not registered. Aborting.
[2022.07.05-18.22.58:475][728]LogActorComponent: UnregisterComponent: (/Engine/Transient.EditorFloorComp) Not registered. Aborting.
[2022.07.05-18.36.37:056][ 62]Cmd: OBJ SAVEPACKAGE PACKAGE="/Game/Barrel_Hopper/Audio/Ques/BH_Death" FILE="D:/Unreal/Barrel Hopper/Project/Content/Barrel_Hopper/Audio/Ques/BH_Death.uasset" SILENT=true
[2022.07.05-18.36.37:106][ 62]LogSavePackage: Save=24.40ms
[2022.07.05-18.36.37:106][ 62]LogSavePackage: Moving 'D:/Unreal/Barrel Hopper/Project/Saved/BH_Death2B843D254C0A45566F0FD69CBD20FBB9.tmp' to 'D:/Unreal/Barrel Hopper/Project/Content/Barrel_Hopper/Audio/Ques/BH_Death.uasset'
[2022.07.05-18.36.37:157][ 62]LogSavePackage: Total save time: 78.00ms
[2022.07.05-18.36.37:157][ 62]LogSavePackage:Display: Finished SavePackage D:/Unreal/Barrel Hopper/Project/Content/Barrel_Hopper/Audio/Ques/BH_Death.uasset
[2022.07.05-18.36.37:171][ 62]Cmd: OBJ SAVEPACKAGE PACKAGE="/Game/Barrel_Hopper/Audio/Ques/NewSoundCue" FILE="D:/Unreal/Barrel Hopper/Project/Content/Barrel_Hopper/Audio/Ques/NewSoundCue.uasset" SILENT=true
[2022.07.05-18.36.37:216][ 62]LogSavePackage: Save=23.04ms
[2022.07.05-18.36.37:217][ 62]LogSavePackage: Moving 'D:/Unreal/Barrel Hopper/Project/Saved/NewSoundCue89380AE949F00A1AA38C559FD0809552.tmp' to 'D:/Unreal/Barrel Hopper/Project/Content/Barrel_Hopper/Audio/Ques/NewSoundCue.uasset'
[2022.07.05-18.36.37:260][ 62]LogSavePackage: Total save time: 66.54ms
[2022.07.05-18.36.37:260][ 62]LogSavePackage:Display: Finished SavePackage D:/Unreal/Barrel Hopper/Project/Content/Barrel_Hopper/Audio/Ques/NewSoundCue.uasset
[2022.07.05-18.36.37:888][ 63]Cmd: QUIT_EDITOR
[2022.07.05-18.36.38:386][ 63]LogWindowsTextInputMethodSystem:Display: IME system now deactivated.
[2022.07.05-18.36.38:472][ 63]LogExit: Preparing to exit.
[2022.07.05-18.36.38:852][ 63]LogExit: Editor shut down
[2022.07.05-18.36.38:853][ 63]LogExit: Transaction tracking system shut down
[2022.07.05-18.36.39:256][ 63]LogObj: Freed 0b from 0 cluster array pools.
[2022.07.05-18.36.39:256][ 63]LogExit: Object subsystem successfully closed.
[2022.07.05-18.36.39:285][ 63]LogD3D11RHI: Shutdown
[2022.07.05-18.36.39:285][ 63]LogD3D11RHI: CleanupD3DDevice
[2022.07.05-18.36.39:392][ 63]LogD3D11RHI: ~FD3D11DynamicRHI
[2022.07.05-18.36.39:482][ 63]LogDerivedDataCache: Shutdown
[2022.07.05-18.36.39:489][ 63]LogModuleManager: Shutting down and abandoning module SoundCueEditor (207)
[2022.07.05-18.36.39:489][ 63]LogModuleManager: Shutting down and abandoning module BlueprintGraph (206)
[2022.07.05-18.36.39:489][ 63]LogModuleManager: Shutting down and abandoning module MovieSceneCapture (205)
[2022.07.05-18.36.39:489][ 63]LogModuleManager: Shutting down and abandoning module HierarchicalLODOutliner (204)
[2022.07.05-18.36.39:489][ 63]LogModuleManager: Shutting down and abandoning module CrashTracker (203)
[2022.07.05-18.36.39:489][ 63]LogModuleManager: Shutting down and abandoning module SceneOutliner (202)
[2022.07.05-18.36.39:489][ 63]LogModuleManager: Shutting down and abandoning module SuperSearch (201)
[2022.07.05-18.36.39:490][ 63]LogModuleManager: Shutting down and abandoning module WidgetCarousel (200)
[2022.07.05-18.36.39:490][ 63]LogModuleManager: Shutting down and abandoning module AddContentDialog (199)
[2022.07.05-18.36.39:495][ 63]LogModuleManager: Shutting down and abandoning module GameplayTags (198)
[2022.07.05-18.36.39:495][ 63]LogModuleManager: Shutting down and abandoning module EditorWidgets (197)
[2022.07.05-18.36.39:495][ 63]LogModuleManager: Shutting down and abandoning module CollectionManager (196)
[2022.07.05-18.36.39:495][ 63]LogModuleManager: Shutting down and abandoning module StatsViewer (195)
[2022.07.05-18.36.39:495][ 63]LogModuleManager: Shutting down and abandoning module FoliageEdit (194)
[2022.07.05-18.36.39:495][ 63]LogModuleManager: Shutting down and abandoning module LandscapeEditor (193)
[2022.07.05-18.36.39:495][ 63]LogModuleManager: Shutting down and abandoning module ActorPickerMode (192)
[2022.07.05-18.36.39:495][ 63]LogModuleManager: Shutting down and abandoning module GeometryMode (191)
[2022.07.05-18.36.39:495][ 63]LogModuleManager: Shutting down and abandoning module TextureAlignMode (190)
[2022.07.05-18.36.39:495][ 63]LogModuleManager: Shutting down and abandoning module BspMode (189)
[2022.07.05-18.36.39:495][ 63]LogModuleManager: Shutting down and abandoning module PlacementMode (188)
[2022.07.05-18.36.39:495][ 63]LogModuleManager: Shutting down and abandoning module AutomationWorker (187)
[2022.07.05-18.36.39:495][ 63]LogModuleManager: Shutting down and abandoning module CharacterAI (186)
[2022.07.05-18.36.39:495][ 63]LogModuleManager: Shutting down and abandoning module SmartSnapping (185)
[2022.07.05-18.36.39:495][ 63]LogModuleManager: Shutting down and abandoning module ViewportSnapping (184)
[2022.07.05-18.36.39:495][ 63]LogModuleManager: Shutting down and abandoning module LogVisualizer (183)
[2022.07.05-18.36.39:496][ 63]LogModuleManager: Shutting down and abandoning module GameProjectGeneration (182)
[2022.07.05-18.36.39:496][ 63]LogModuleManager: Shutting down and abandoning module IntroTutorials (181)
[2022.07.05-18.36.39:496][ 63]LogModuleManager: Shutting down and abandoning module EditorLiveStreaming (180)
[2022.07.05-18.36.39:496][ 63]LogModuleManager: Shutting down and abandoning module IOSPlatformEditor (179)
[2022.07.05-18.36.39:496][ 63]LogModuleManager: Shutting down and abandoning module HTML5PlatformEditor (178)
[2022.07.05-18.36.39:496][ 63]LogModuleManager: Shutting down and abandoning module AndroidDeviceDetection (177)
[2022.07.05-18.36.40:213][ 63]LogModuleManager: Shutting down and abandoning module AndroidPlatformEditor (176)
[2022.07.05-18.36.40:214][ 63]LogModuleManager: Shutting down and abandoning module IOSRuntimeSettings (175)
[2022.07.05-18.36.40:214][ 63]LogModuleManager: Shutting down and abandoning module AndroidRuntimeSettings (174)
[2022.07.05-18.36.40:214][ 63]LogModuleManager: Shutting down and abandoning module MergeActors (173)
[2022.07.05-18.36.40:214][ 63]LogModuleManager: Shutting down and abandoning module SizeMap (172)
[2022.07.05-18.36.40:214][ 63]LogModuleManager: Shutting down and abandoning module TreeMap (171)
[2022.07.05-18.36.40:214][ 63]LogModuleManager: Shutting down and abandoning module ReferenceViewer (170)
[2022.07.05-18.36.40:214][ 63]LogModuleManager: Shutting down and abandoning module LocalizationService (169)
[2022.07.05-18.36.40:215][ 63]LogModuleManager: Shutting down and abandoning module LocalizationDashboard (168)
[2022.07.05-18.36.40:215][ 63]LogModuleManager: Shutting down and abandoning module HardwareTargeting (167)
[2022.07.05-18.36.40:215][ 63]LogModuleManager: Shutting down and abandoning module DeviceProfileEditor (166)
[2022.07.05-18.36.40:215][ 63]LogModuleManager: Shutting down and abandoning module UndoHistory (165)
[2022.07.05-18.36.40:215][ 63]LogModuleManager: Shutting down and abandoning module UserFeedback (164)
[2022.07.05-18.36.40:215][ 63]LogModuleManager: Shutting down and abandoning module XmlParser (163)
[2022.07.05-18.36.40:215][ 63]LogModuleManager: Shutting down and abandoning module Blutility (162)
[2022.07.05-18.36.40:215][ 63]LogModuleManager: Shutting down and abandoning module ProjectTargetPlatformEditor (161)
[2022.07.05-18.36.40:216][ 63]LogModuleManager: Shutting down and abandoning module ProjectSettingsViewer (160)
[2022.07.05-18.36.40:216][ 63]LogModuleManager: Shutting down and abandoning module InputBindingEditor (159)
[2022.07.05-18.36.40:217][ 63]LogModuleManager: Shutting down and abandoning module EditorSettingsViewer (158)
[2022.07.05-18.36.40:218][ 63]LogModuleManager: Shutting down and abandoning module SettingsEditor (157)
[2022.07.05-18.36.40:218][ 63]LogModuleManager: Shutting down and abandoning module ProjectLauncher (156)
[2022.07.05-18.36.40:218][ 63]LogModuleManager: Shutting down and abandoning module SessionFrontend (155)
[2022.07.05-18.36.40:218][ 63]LogModuleManager: Shutting down and abandoning module ProfilerClient (154)
[2022.07.05-18.36.40:218][ 63]LogModuleManager: Shutting down and abandoning module TargetDeviceServices (153)
[2022.07.05-18.36.40:218][ 63]LogModuleManager: Shutting down and abandoning module DeviceManager (152)
[2022.07.05-18.36.40:251][ 63]LogModuleManager: Shutting down and abandoning module AutomationController (151)
[2022.07.05-18.36.40:251][ 63]LogModuleManager: Shutting down and abandoning module AutomationWindow (150)
[2022.07.05-18.36.40:251][ 63]LogModuleManager: Shutting down and abandoning module Layers (149)
[2022.07.05-18.36.40:252][ 63]LogModuleManager: Shutting down and abandoning module ComponentVisualizers (148)
[2022.07.05-18.36.40:252][ 63]LogModuleManager: Shutting down and abandoning module DetailCustomizations (147)
[2022.07.05-18.36.40:252][ 63]LogModuleManager: Shutting down and abandoning module PackagesDialog (146)
[2022.07.05-18.36.40:253][ 63]LogModuleManager: Shutting down and abandoning module Persona (145)
[2022.07.05-18.36.40:253][ 63]LogModuleManager: Shutting down and abandoning module Kismet (144)
[2022.07.05-18.36.40:253][ 63]LogModuleManager: Shutting down and abandoning module GraphEditor (143)
[2022.07.05-18.36.40:253][ 63]LogModuleManager: Shutting down and abandoning module ClassViewer (142)
[2022.07.05-18.36.40:256][ 63]LogModuleManager: Shutting down and abandoning module Toolbox (141)
[2022.07.05-18.36.40:256][ 63]LogModuleManager: Shutting down and abandoning module ModuleUI (140)
[2022.07.05-18.36.40:256][ 63]LogModuleManager: Shutting down and abandoning module MovieSceneTools (139)
[2022.07.05-18.36.40:256][ 63]LogModuleManager: Shutting down and abandoning module OutputLog (138)
[2022.07.05-18.36.40:256][ 63]LogModuleManager: Shutting down and abandoning module GammaUI (137)
[2022.07.05-18.36.40:256][ 63]LogModuleManager: Shutting down and abandoning module Documentation (136)
[2022.07.05-18.36.40:257][ 63]LogModuleManager: Shutting down and abandoning module StreamingPauseRendering (135)
[2022.07.05-18.36.40:257][ 63]LogModuleManager: Shutting down and abandoning module AnalyticsET (134)
[2022.07.05-18.36.40:257][ 63]LogModuleManager: Shutting down and abandoning module Analytics (133)
[2022.07.05-18.36.40:257][ 63]LogModuleManager: Shutting down and abandoning module PortalServices (132)
[2022.07.05-18.36.40:257][ 63]LogModuleManager: Shutting down and abandoning module PortalRpc (131)
[2022.07.05-18.36.40:257][ 63]LogModuleManager: Shutting down and abandoning module MessagingRpc (130)
[2022.07.05-18.36.40:257][ 63]LogModuleManager: Shutting down and abandoning module AITestSuite (129)
[2022.07.05-18.36.40:258][ 63]LogModuleManager: Shutting down and abandoning module GameplayDebugger (128)
[2022.07.05-18.36.40:258][ 63]LogModuleManager: Shutting down and abandoning module AIModule (127)
[2022.07.05-18.36.40:258][ 63]LogModuleManager: Shutting down and abandoning module ProfilerService (126)
[2022.07.05-18.36.40:461][ 63]LogModuleManager: Shutting down and abandoning module TaskGraph (125)
[2022.07.05-18.36.40:461][ 63]LogModuleManager: Shutting down and abandoning module SlateRemote (124)
[2022.07.05-18.36.40:461][ 63]LogModuleManager: Shutting down and abandoning module SteamVRController (123)
[2022.07.05-18.36.40:461][ 63]LogModuleManager: Shutting down and abandoning module SteamVR (122)
[2022.07.05-18.36.40:461][ 63]LogModuleManager: Shutting down and abandoning module ProceduralMeshComponent (121)
[2022.07.05-18.36.40:461][ 63]LogModuleManager: Shutting down and abandoning module OculusLibrary (120)
[2022.07.05-18.36.40:461][ 63]LogModuleManager: Shutting down and abandoning module OculusInput (119)
[2022.07.05-18.36.40:461][ 63]LogModuleManager: Shutting down and abandoning module CustomMeshComponent (118)
[2022.07.05-18.36.40:461][ 63]LogModuleManager: Shutting down and abandoning module CableComponent (117)
[2022.07.05-18.36.40:461][ 63]LogModuleManager: Shutting down and abandoning module ArchVisCharacter (116)
[2022.07.05-18.36.40:461][ 63]LogModuleManager: Shutting down and abandoning module MediaPlayerEditor (115)
[2022.07.05-18.36.40:461][ 63]LogModuleManager: Shutting down and abandoning module HTML5Networking (114)
[2022.07.05-18.36.40:461][ 63]LogModuleManager: Shutting down and abandoning module SpeedTreeImporter (113)
[2022.07.05-18.36.40:461][ 63]LogModuleManager: Shutting down and abandoning module PluginBrowser (112)
[2022.07.05-18.36.40:461][ 63]LogModuleManager: Shutting down and abandoning module EpicSurvey (111)
[2022.07.05-18.36.40:461][ 63]LogModuleManager: Shutting down and abandoning module DesktopPlatform (110)
[2022.07.05-18.36.40:461][ 63]LogModuleManager: Shutting down and abandoning module VisualStudioSourceCodeAccess (109)
[2022.07.05-18.36.40:461][ 63]LogModuleManager: Shutting down and abandoning module UObjectPlugin (108)
[2022.07.05-18.36.40:461][ 63]LogModuleManager: Shutting down and abandoning module SubversionSourceControl (107)
[2022.07.05-18.36.40:461][ 63]LogModuleManager: Shutting down and abandoning module PerforceSourceControl (106)
[2022.07.05-18.36.40:461][ 63]LogModuleManager: Shutting down and abandoning module SourceControl (105)
[2022.07.05-18.36.40:461][ 63]LogModuleManager: Shutting down and abandoning module GitSourceControl (104)
[2022.07.05-18.36.40:461][ 63]LogModuleManager: Shutting down and abandoning module LightPropagationVolumeEditor (103)
[2022.07.05-18.36.40:461][ 63]LogModuleManager: Shutting down and abandoning module PaperTiledImporter (102)
[2022.07.05-18.36.40:461][ 63]LogModuleManager: Shutting down and abandoning module PaperSpriteSheetImporter (101)
[2022.07.05-18.36.40:461][ 63]LogModuleManager: Shutting down and abandoning module MeshPaint (100)
[2022.07.05-18.36.40:461][ 63]LogModuleManager: Shutting down and abandoning module HotReload (99)
[2022.07.05-18.36.40:465][ 63]LogModuleManager: Shutting down and abandoning module MainFrame (98)
[2022.07.05-18.36.40:465][ 63]LogModuleManager: Shutting down and abandoning module LevelEditor (97)
[2022.07.05-18.36.40:469][ 63]LogModuleManager: Shutting down and abandoning module DirectoryWatcher (96)
[2022.07.05-18.36.40:476][ 63]LogModuleManager: Shutting down and abandoning module AssetRegistry (95)
[2022.07.05-18.36.45:114][ 63]LogModuleManager: Shutting down and abandoning module ContentBrowser (94)
[2022.07.05-18.36.45:118][ 63]LogModuleManager: Shutting down and abandoning module Paper2DEditor (93)
[2022.07.05-18.36.45:118][ 63]LogModuleManager: Shutting down and abandoning module UdpMessaging (92)
[2022.07.05-18.36.46:694][ 63]LogModuleManager: Shutting down and abandoning module LightPropagationVolumeRuntime (91)
[2022.07.05-18.36.46:694][ 63]LogModuleManager: Shutting down and abandoning module Paper2D (90)
[2022.07.05-18.36.46:694][ 63]LogModuleManager: Shutting down and abandoning module WindowsMoviePlayer (89)
[2022.07.05-18.36.46:694][ 63]LogModuleManager: Shutting down and abandoning module Media (88)
[2022.07.05-18.36.46:694][ 63]LogModuleManager: Shutting down and abandoning module WmfMedia (87)
[2022.07.05-18.36.46:704][ 63]LogModuleManager: Shutting down and abandoning module MediaAssets (86)
[2022.07.05-18.36.46:704][ 63]LogModuleManager: Shutting down and abandoning module GameLiveStreaming (85)
[2022.07.05-18.36.46:704][ 63]LogModuleManager: Shutting down and abandoning module GameplayTagsEditor (84)
[2022.07.05-18.36.46:704][ 63]LogModuleManager: Shutting down and abandoning module OnlineBlueprintSupport (83)
[2022.07.05-18.36.46:704][ 63]LogModuleManager: Shutting down and abandoning module GameplayTasksEditor (82)
[2022.07.05-18.36.46:704][ 63]LogModuleManager: Shutting down and abandoning module PropertyEditor (81)
[2022.07.05-18.36.46:704][ 63]LogModuleManager: Shutting down and abandoning module BehaviorTreeEditor (80)
[2022.07.05-18.36.46:704][ 63]LogModuleManager: Shutting down and abandoning module FunctionalTesting (79)
[2022.07.05-18.36.46:704][ 63]LogModuleManager: Shutting down and abandoning module CollisionAnalyzer (78)
[2022.07.05-18.36.46:705][ 63]LogModuleManager: Shutting down and abandoning module WorkspaceMenuStructure (77)
[2022.07.05-18.36.46:705][ 63]LogModuleManager: Shutting down and abandoning module MessageLog (76)
[2022.07.05-18.36.46:705][ 63]LogModuleManager: Shutting down and abandoning module Sequencer (75)
[2022.07.05-18.36.46:705][ 63]LogModuleManager: Shutting down and abandoning module AssetTools (74)
[2022.07.05-18.36.46:705][ 63]LogModuleManager: Shutting down and abandoning module UMGEditor (73)
[2022.07.05-18.36.46:705][ 63]LogModuleManager: Shutting down and abandoning module UMG (72)
[2022.07.05-18.36.46:705][ 63]LogModuleManager: Shutting down and abandoning module SlateReflector (71)
[2022.07.05-18.36.46:705][ 63]LogModuleManager: Shutting down and abandoning module Slate (70)
[2022.07.05-18.36.46:705][ 63]LogModuleManager: Shutting down and abandoning module EditorStyle (69)
[2022.07.05-18.36.46:711][ 63]LogModuleManager: Shutting down and abandoning module SessionServices (68)
[2022.07.05-18.36.46:711][ 63]LogModuleManager: Shutting down and abandoning module SourceCodeAccess (67)
[2022.07.05-18.36.46:711][ 63]LogModuleManager: Shutting down and abandoning module HeadMountedDisplay (66)
[2022.07.05-18.36.46:711][ 63]LogModuleManager: Shutting down and abandoning module XAudio2 (65)
[2022.07.05-18.36.46:711][ 63]LogModuleManager: Shutting down and abandoning module Networking (63)
[2022.07.05-18.36.46:711][ 63]LogModuleManager: Shutting down and abandoning module Core (62)
[2022.07.05-18.36.46:711][ 63]LogModuleManager: Shutting down and abandoning module KismetCompiler (61)
[2022.07.05-18.36.46:711][ 63]LogModuleManager: Shutting down and abandoning module PhysXFormats (60)
[2022.07.05-18.36.46:711][ 63]LogModuleManager: Shutting down and abandoning module MeshUtilities (59)
[2022.07.05-18.36.46:711][ 63]LogModuleManager: Shutting down and abandoning module CookingStats (58)
[2022.07.05-18.36.46:712][ 63]LogModuleManager: Shutting down and abandoning module DerivedDataCache (57)
[2022.07.05-18.36.46:712][ 63]LogDerivedDataCache: Shutdown
[2022.07.05-18.36.46:712][ 63]LogModuleManager: Shutting down and abandoning module ShaderFormatOpenGL (56)
[2022.07.05-18.36.46:712][ 63]LogModuleManager: Shutting down and abandoning module ShaderFormatD3D (55)
[2022.07.05-18.36.46:712][ 63]LogModuleManager: Shutting down and abandoning module MetalShaderFormat (54)
[2022.07.05-18.36.46:712][ 63]LogModuleManager: Shutting down and abandoning module TextureFormatUncompressed (53)
[2022.07.05-18.36.46:713][ 63]LogModuleManager: Shutting down and abandoning module TextureFormatPVR (52)
[2022.07.05-18.36.46:713][ 63]LogModuleManager: Shutting down and abandoning module TextureFormatIntelISPCTexComp (51)
[2022.07.05-18.36.46:715][ 63]LogModuleManager: Shutting down and abandoning module TextureFormatDXT (50)
[2022.07.05-18.36.46:715][ 63]LogModuleManager: Shutting down and abandoning module ImageWrapper (49)
[2022.07.05-18.36.46:715][ 63]LogModuleManager: Shutting down and abandoning module TextureFormatASTC (48)
[2022.07.05-18.36.46:715][ 63]LogModuleManager: Shutting down and abandoning module TextureFormatAndroid (47)
[2022.07.05-18.36.46:715][ 63]LogModuleManager: Shutting down and abandoning module AudioFormatOpus (46)
[2022.07.05-18.36.46:715][ 63]LogModuleManager: Shutting down and abandoning module AudioFormatOgg (45)
[2022.07.05-18.36.46:715][ 63]LogModuleManager: Shutting down and abandoning module AudioFormatADPCM (44)
[2022.07.05-18.36.46:715][ 63]LogModuleManager: Shutting down and abandoning module LinuxTargetPlatform (43)
[2022.07.05-18.36.46:715][ 63]LogModuleManager: Shutting down and abandoning module LinuxServerTargetPlatform (42)
[2022.07.05-18.36.46:715][ 63]LogModuleManager: Shutting down and abandoning module LinuxNoEditorTargetPlatform (41)
[2022.07.05-18.36.46:715][ 63]LogModuleManager: Shutting down and abandoning module TVOSTargetPlatform (40)
[2022.07.05-18.36.46:715][ 63]LogModuleManager: Shutting down and abandoning module Messaging (39)
[2022.07.05-18.36.46:716][ 63]LogModuleManager: Shutting down and abandoning module IOSTargetPlatform (38)
[2022.07.05-18.36.46:716][ 63]LogModuleManager: Shutting down and abandoning module HTML5TargetPlatform (37)
[2022.07.05-18.36.46:716][ 63]LogModuleManager: Shutting down and abandoning module Android_PVRTCTargetPlatform (36)
[2022.07.05-18.36.46:716][ 63]LogModuleManager: Shutting down and abandoning module Android_MultiTargetPlatform (35)
[2022.07.05-18.36.46:716][ 63]LogModuleManager: Shutting down and abandoning module Android_ETC2TargetPlatform (34)
[2022.07.05-18.36.46:716][ 63]LogModuleManager: Shutting down and abandoning module Android_ETC1TargetPlatform (33)
[2022.07.05-18.36.46:716][ 63]LogModuleManager: Shutting down and abandoning module Android_DXTTargetPlatform (32)
[2022.07.05-18.36.46:716][ 63]LogModuleManager: Shutting down and abandoning module Android_ATCTargetPlatform (31)
[2022.07.05-18.36.46:716][ 63]LogModuleManager: Shutting down and abandoning module Android_ASTCTargetPlatform (30)
[2022.07.05-18.36.46:716][ 63]LogModuleManager: Shutting down and abandoning module AndroidTargetPlatform (29)
[2022.07.05-18.36.46:716][ 63]LogModuleManager: Shutting down and abandoning module WindowsTargetPlatform (28)
[2022.07.05-18.36.46:716][ 63]LogModuleManager: Shutting down and abandoning module WindowsServerTargetPlatform (27)
[2022.07.05-18.36.46:716][ 63]LogModuleManager: Shutting down and abandoning module WindowsNoEditorTargetPlatform (26)
[2022.07.05-18.36.46:716][ 63]LogModuleManager: Shutting down and abandoning module WindowsClientTargetPlatform (25)
[2022.07.05-18.36.46:716][ 63]LogModuleManager: Shutting down and abandoning module AllDesktopTargetPlatform (24)
[2022.07.05-18.36.46:716][ 63]LogModuleManager: Shutting down and abandoning module TargetPlatform (23)
[2022.07.05-18.36.46:716][ 63]LogModuleManager: Shutting down and abandoning module InputCore (22)
[2022.07.05-18.36.46:716][ 63]LogModuleManager: Shutting down and abandoning module Settings (21)
[2022.07.05-18.36.46:716][ 63]LogModuleManager: Shutting down and abandoning module OnlineSubsystem (19)
[2022.07.05-18.36.46:716][ 63]LogModuleManager: Shutting down and abandoning module HTTP (18)
[2022.07.05-18.36.48:777][ 63]LogModuleManager: Shutting down and abandoning module XMPP (17)
[2022.07.05-18.36.48:777][ 63]LogModuleManager: Shutting down and abandoning module OculusRift (16)
[2022.07.05-18.36.48:777][ 63]LogModuleManager: Shutting down and abandoning module ExampleDeviceProfileSelector (15)
[2022.07.05-18.36.48:778][ 63]LogModuleManager: Shutting down and abandoning module TextureCompressor (14)
[2022.07.05-18.36.48:779][ 63]LogModuleManager: Shutting down and abandoning module ShaderCore (13)
[2022.07.05-18.36.48:779][ 63]LogModuleManager: Shutting down and abandoning module Landscape (12)
[2022.07.05-18.36.48:779][ 63]LogModuleManager: Shutting down and abandoning module SlateRHIRenderer (11)
[2022.07.05-18.36.48:800][ 63]LogModuleManager: Shutting down and abandoning module OpenGLDrv (10)
[2022.07.05-18.36.48:800][ 63]LogModuleManager: Shutting down and abandoning module D3D11RHI (9)
[2022.07.05-18.36.48:800][ 63]LogModuleManager: Shutting down and abandoning module AnimGraphRuntime (8)
[2022.07.05-18.36.48:800][ 63]LogModuleManager: Shutting down and abandoning module Renderer (7)
[2022.07.05-18.36.48:800][ 63]LogModuleManager: Shutting down and abandoning module Engine (6)
[2022.07.05-18.36.48:801][ 63]LogModuleManager: Shutting down and abandoning module CoreUObject (5)
[2022.07.05-18.36.48:801][ 63]LogModuleManager: Shutting down and abandoning module NetworkFile (4)
[2022.07.05-18.36.48:801][ 63]LogModuleManager: Shutting down and abandoning module StreamingFile (3)
[2022.07.05-18.36.48:801][ 63]LogModuleManager: Shutting down and abandoning module SandboxFile (2)
[2022.07.05-18.36.48:801][ 63]LogModuleManager: Shutting down and abandoning module PakFile (1)
[2022.07.05-18.36.48:809][ 63]LogExit: Exiting.
[2022.07.05-18.36.48:892][ 63]Log file closed, 07/05/22 14:36:48
