Log file open, 04/21/22 14:15:57
LogInit:Display: Running engine for game: BarrelHopper
LogPlatformFile: Not using cached read wrapper
LogInit:Display: RandInit(966768955) SRandInit(966768958).
LogTaskGraph: Started task graph with 4 named threads and 9 total threads.
LogStats: Stats thread started at 0.571341
LogInit: Version: 4.11.2-2946394+++UE4+Release-4.11
LogInit: API Version: 2927265
LogInit: Compiled (64-bit): Apr 18 2016 02:18:46
LogInit: Compiled with Visual C++: 19.00.23026.00
LogInit: Build Configuration: Development
LogInit: Branch Name: ++UE4+Release-4.11
LogInit: Command line:  
LogInit: Base directory: C:/Users/sethg/Desktop/Coding Apps/Epic Games/UE_4.11/Engine/Binaries/Win64/
LogInit: Installed Engine Build: 1
LogInit: Using libcurl 7.41.0
LogInit:  - built for x86_64-pc-win32
LogInit:  - supports SSL with WinSSL
LogInit:  - other features:
LogInit:      CURL_VERSION_SSL
LogInit:      CURL_VERSION_IPV6
LogInit:      CURL_VERSION_ASYNCHDNS
LogInit:      CURL_VERSION_LARGEFILE
LogInit:      CURL_VERSION_IDN
LogInit:  CurlRequestOptions (configurable via config and command line):
LogInit:  - bVerifyPeer = true  - Libcurl will verify peer certificate
LogInit:  - bUseHttpProxy = false  - Libcurl will NOT use HTTP proxy
LogInit:  - bDontReuseConnections = false  - Libcurl will reuse connections
LogInit:  - CertBundlePath = nullptr  - Libcurl will use whatever was configured at build time.
LogInit: Presizing for max 16777216 objects, including 0 objects not considered by GC, pre-allocating 0 bytes for permanent pool.
LogInit: Object subsystem initialized
[2022.04.21-18.15.57:859][  0]LogInit: Selected Device Profile: [Windows]
[2022.04.21-18.15.57:859][  0]LogInit: Applying CVar settings loaded from the selected device profile: [Windows]
[2022.04.21-18.15.57:889][  0]LogInit: Computer: SOMEONES-PC
[2022.04.21-18.15.57:889][  0]LogInit: User: sethg
[2022.04.21-18.15.57:889][  0]LogInit: CPU Page size=65536, Cores=6
[2022.04.21-18.15.57:889][  0]LogInit: High frequency timer resolution =10.000000 MHz
[2022.04.21-18.15.57:889][  0]LogMemory: Memory total: Physical=15.9GB (16GB approx)
[2022.04.21-18.15.57:889][  0]LogMemory: Platform Memory Stats for Windows
[2022.04.21-18.15.57:889][  0]LogMemory: Process Physical Memory: 315.47 MB used, 315.47 MB peak
[2022.04.21-18.15.57:889][  0]LogMemory: Process Virtual Memory: 318.29 MB used, 318.29 MB peak
[2022.04.21-18.15.57:889][  0]LogMemory: Physical Memory: 8620.14 MB used, 16234.78 MB total
[2022.04.21-18.15.57:889][  0]LogMemory: Virtual Memory: 4782.68 MB used, 134217728.00 MB total
[2022.04.21-18.15.58:212][  0]LogTextLocalizationManager: No specific translations for ('en-CA') exist, so ('en') translations will be used.
[2022.04.21-18.15.58:784][  0]LogD3D11RHI: D3D11 adapters:
[2022.04.21-18.15.59:762][  0]LogD3D11RHI:    0. 'NVIDIA GeForce GTX 1060' (Feature Level 11_0)
[2022.04.21-18.15.59:762][  0]LogD3D11RHI:       6052MB of dedicated video memory, 0MB of dedicated system memory, and 8117MB of shared system memory, 1 output[s]
[2022.04.21-18.15.59:787][  0]LogD3D11RHI:    1. 'Intel(R) UHD Graphics 630' (Feature Level 11_0)
[2022.04.21-18.15.59:787][  0]LogD3D11RHI:       128MB of dedicated video memory, 0MB of dedicated system memory, and 8117MB of shared system memory, 0 output[s]
[2022.04.21-18.15.59:790][  0]LogD3D11RHI:    2. 'Microsoft Basic Render Driver' (Feature Level 11_0)
[2022.04.21-18.15.59:790][  0]LogD3D11RHI:       0MB of dedicated video memory, 0MB of dedicated system memory, and 8117MB of shared system memory, 0 output[s]
[2022.04.21-18.15.59:790][  0]LogD3D11RHI: Chosen D3D11 Adapter: 0
[2022.04.21-18.15.59:802][  0]LogD3D11RHI: Creating new Direct3DDevice
[2022.04.21-18.15.59:803][  0]LogD3D11RHI:     Adapter Name: NVIDIA GeForce GTX 1060
[2022.04.21-18.15.59:803][  0]LogD3D11RHI:   Driver Version: Unknown (internal Unknown)
[2022.04.21-18.15.59:803][  0]LogD3D11RHI:      Driver Date: Unknown
[2022.04.21-18.15.59:803][  0]LogRHI: Texture pool is 1361 MB (70% of 1945 MB)
[2022.04.21-18.15.59:850][  0]LogD3D11RHI: Async texture creation enabled
[2022.04.21-18.15.59:910][  0]LogShaderCompilers: Guid format shader working directory is -37 characters bigger than the processId version (../../../../../../Game Projects/Unreal/Unreal 4.x By Example Projects/Barrel Hopper/Intermediate/Shaders/WorkingDirectory/3472/).
[2022.04.21-18.15.59:910][  0]LogShaderCompilers: Cleaned the shader compiler working directory 'C:/Users/sethg/AppData/Local/Temp/UnrealShaderWorkingDir/8A3EF7304275CF29272199B0F32756E3/'.
[2022.04.21-18.15.59:910][  0]LogShaderCompilers:Display: Using Local Shader Compiler.
[2022.04.21-18.16.01:758][  0]LogTemp:Display: Loaded TP AllDesktopTargetPlatform
[2022.04.21-18.16.01:763][  0]LogTemp:Display: Loaded TP WindowsClientTargetPlatform
[2022.04.21-18.16.01:769][  0]LogTemp:Display: Loaded TP WindowsNoEditorTargetPlatform
[2022.04.21-18.16.01:777][  0]LogTemp:Display: Loaded TP WindowsServerTargetPlatform
[2022.04.21-18.16.01:783][  0]LogTemp:Display: Loaded TP WindowsTargetPlatform
[2022.04.21-18.16.01:794][  0]LogTemp:Display: Loaded TP AndroidTargetPlatform
[2022.04.21-18.16.01:800][  0]LogTemp:Display: Loaded TP Android_ASTCTargetPlatform
[2022.04.21-18.16.01:806][  0]LogTemp:Display: Loaded TP Android_ATCTargetPlatform
[2022.04.21-18.16.01:813][  0]LogTemp:Display: Loaded TP Android_DXTTargetPlatform
[2022.04.21-18.16.01:818][  0]LogTemp:Display: Loaded TP Android_ETC1TargetPlatform
[2022.04.21-18.16.01:824][  0]LogTemp:Display: Loaded TP Android_ETC2TargetPlatform
[2022.04.21-18.16.01:838][  0]LogTemp:Display: Loaded TP Android_MultiTargetPlatform
[2022.04.21-18.16.01:838][  0]LogTemp:Display: Loaded TP Android_PVRTCTargetPlatform
[2022.04.21-18.16.01:840][  0]LogTemp:Display: Loaded TP HTML5TargetPlatform
[2022.04.21-18.16.01:874][  0]LogTemp:Display: Loaded TP IOSTargetPlatform
[2022.04.21-18.16.01:878][  0]LogTemp:Display: Loaded TP TVOSTargetPlatform
[2022.04.21-18.16.01:882][  0]LogTemp:Display: Loaded TP LinuxNoEditorTargetPlatform
[2022.04.21-18.16.01:888][  0]LogTemp:Display: Loaded TP LinuxServerTargetPlatform
[2022.04.21-18.16.01:897][  0]LogTemp:Display: Loaded TP LinuxTargetPlatform
[2022.04.21-18.16.01:897][  0]LogTargetPlatformManager:Display: Building Assets For Windows
[2022.04.21-18.16.02:134][  0]LogDerivedDataCache:Display: Max Cache Size: 512 MB
[2022.04.21-18.16.02:414][  0]LogDerivedDataCache: Loaded boot cache 0.28s 46MB C:/Users/sethg/AppData/Local/UnrealEngine/4.11/DerivedDataCache/Boot.ddc.
[2022.04.21-18.16.02:414][  0]LogDerivedDataCache:Display: Loaded Boot cache: C:/Users/sethg/AppData/Local/UnrealEngine/4.11/DerivedDataCache/Boot.ddc
[2022.04.21-18.16.02:414][  0]LogDerivedDataCache: FDerivedDataBackendGraph:  Pak pak cache file ../../../../../../Game Projects/Unreal/Unreal 4.x By Example Projects/Barrel Hopper/DerivedDataCache/DDC.ddp not found, will not use a pak cache.
[2022.04.21-18.16.02:414][  0]LogDerivedDataCache: Unable to find inner node Pak for hierarchical cache Hierarchy.
[2022.04.21-18.16.02:414][  0]LogDerivedDataCache: FDerivedDataBackendGraph:  CompressedPak pak cache file ../../../../../../Game Projects/Unreal/Unreal 4.x By Example Projects/Barrel Hopper/DerivedDataCache/Compressed.ddp not found, will not use a pak cache.
[2022.04.21-18.16.02:414][  0]LogDerivedDataCache: Unable to find inner node CompressedPak for hierarchical cache Hierarchy.
[2022.04.21-18.16.02:439][  0]LogDerivedDataCache:Display: Pak cache opened for reading ../../../Engine/DerivedDataCache/Compressed.ddp.
[2022.04.21-18.16.02:453][  0]LogDerivedDataCache: Using Local data cache path C:/Users/sethg/AppData/Local/UnrealEngine/Common/DerivedDataCache: Writable
[2022.04.21-18.16.03:172][  0]LogInit: Selected Device Profile: [Windows]
[2022.04.21-18.16.03:179][  0]LogContentStreaming: Texture pool size is 0.00 MB
[2022.04.21-18.16.03:380][  0]LogMaterial: Uniform references updated for custom material expression Custom.
[2022.04.21-18.16.03:601][  0]LogMeshUtilities: No automatic mesh reduction module available
[2022.04.21-18.16.03:601][  0]LogMeshUtilities: No automatic mesh merging module available
[2022.04.21-18.16.03:601][  0]LogMeshUtilities: No distributed automatic mesh merging module available
[2022.04.21-18.16.04:414][  0]LogUObjectArray: 27679 objects as part of root set at end of initial load.
[2022.04.21-18.16.04:415][  0]LogUObjectAllocator: 5591592 out of 0 bytes used by permanent object pool.
[2022.04.21-18.16.04:415][  0]LogUObjectArray: CloseDisregardForGC: 0/0 objects in disregard for GC pool
[2022.04.21-18.16.04:421][  0]LogInit: WinSock: version 1.1 (2.2), MaxSocks=32767, MaxUdp=65467
[2022.04.21-18.16.04:806][  0]LogSlate: SlateFontCache - WITH_FREETYPE: 1, WITH_HARFBUZZ: 1
[2022.04.21-18.16.04:806][  0]LogSlate: SlateFontCache - WITH_FREETYPE: 1, WITH_HARFBUZZ: 1
[2022.04.21-18.16.05:101][  0]LogStreaming:Warning: Failed to read file '../../../Engine/Content/Editor/Slate/Common/Selection_16x.png' error.
[2022.04.21-18.16.05:101][  0]LogSlate: Could not find file for Slate resource: ../../../Engine/Content/Editor/Slate/Common/Selection_16x.png
[2022.04.21-18.16.05:101][  0]LogStreaming:Warning: Failed to read file '../../../Engine/Content/Editor/Slate/Common/Selection_16x.png' error.
[2022.04.21-18.16.05:101][  0]LogSlate: Could not find file for Slate resource: ../../../Engine/Content/Editor/Slate/Common/Selection_16x.png
[2022.04.21-18.16.05:101][  0]LogStreaming:Warning: Failed to read file '../../../Engine/Content/Editor/Slate/Common/Selection_16x.png' error.
[2022.04.21-18.16.05:101][  0]LogSlate: Could not find file for Slate resource: ../../../Engine/Content/Editor/Slate/Common/Selection_16x.png
[2022.04.21-18.16.06:491][  0]LogUdpMessaging: Initializing bridge on interface 0.0.0.0:0 to multicast group 230.0.0.1:6666.
[2022.04.21-18.16.06:665][  0]LogAssetRegistry: FAssetRegistry took 0.0258 seconds to start up
[2022.04.21-18.16.07:070][  0]SourceControl: Info Source control is disabled
[2022.04.21-18.16.07:138][  0]SourceControl: Info Source control is disabled
[2022.04.21-18.16.07:163][  0]SourceControl: Info Source control is disabled
[2022.04.21-18.16.07:183][  0]SourceControl: Info Source control is disabled
[2022.04.21-18.16.07:433][  0]LogHMD: Failed to initialize OpenVR with code 110
[2022.04.21-18.16.07:611][  0]LogEngine: Initializing Engine...
[2022.04.21-18.16.07:977][  0]LogAIModule: Creating AISystem for world NewWorld
[2022.04.21-18.16.08:026][  0]LogInit: XAudio2 using 'Speakers (Realtek(R) Audio)' : 2 channels at 48 kHz using 32 bits per sample (channel mask 0x3)
[2022.04.21-18.16.08:270][  0]LogInit: FAudioDevice initialized.
[2022.04.21-18.16.08:291][  0]LogDerivedDataCache: Saved boot cache 0.02s 46MB C:/Users/sethg/AppData/Local/UnrealEngine/4.11/DerivedDataCache/Boot.ddc.
[2022.04.21-18.16.08:296][  0]LogInit: Texture streaming: Enabled
[2022.04.21-18.16.08:563][  0]LogInit: Transaction tracking system initialized
[2022.04.21-18.16.08:642][  0]BlueprintLog: New page: Editor Load
[2022.04.21-18.16.08:941][  0]LocalizationService: Info Localization service is disabled
[2022.04.21-18.16.09:197][  0]LogConsoleResponse:Display: 
[2022.04.21-18.16.09:673][  0]LogCook:Display: Max memory allowance for cook 8192mb
[2022.04.21-18.16.09:673][  0]LogCook:Display: Mobile HDR setting 1
[2022.04.21-18.16.09:673][  0]LogCook:Display: Done creating registry. It took  0.00s.
[2022.04.21-18.16.09:808][  0]LogFileCache: Scanning file cache for directory 'C:/Users/sethg/Desktop/Game Projects/Unreal/Unreal 4.x By Example Projects/Barrel Hopper/Content/' took 0.02s
[2022.04.21-18.16.09:808][  0]SourceControl: Info Source control is disabled
[2022.04.21-18.16.09:813][  0]Cmd: MAP LOAD FILE="../../../../../../Game Projects/Unreal/Unreal 4.x By Example Projects/Barrel Hopper/Content/Barrel_Hopper/Levels/Barrel_Hopper_Map.umap" TEMPLATE=0 SHOWPROGRESS=1 FEATURELEVEL=3
[2022.04.21-18.16.09:822][  0]LightingResults: New page: Lighting Build
[2022.04.21-18.16.09:846][  0]MapCheck: New page: Map Check
[2022.04.21-18.16.09:846][  0]LightingResults: New page: Lighting Build
[2022.04.21-18.16.10:790][  0]LogAIModule: Creating AISystem for world Barrel_Hopper_Map
[2022.04.21-18.16.10:903][  0]LogEditorServer: Finished looking for orphan Actors (0.001 secs)
[2022.04.21-18.16.10:927][  0]Cmd: MAP CHECKDEP NOCLEARLOG
[2022.04.21-18.16.10:977][  0]MapCheck: Info Map check complete: 0 Error(s), 0 Warning(s), took 50.934ms to complete.
[2022.04.21-18.16.10:978][  0]LogFileHelpers: Loading map 'Barrel_Hopper_Map' took 1.167
[2022.04.21-18.16.11:301][  0]LogCollectionManager: Loaded 0 collections in 0.001762 seconds
[2022.04.21-18.16.11:376][  0]LogFileCache: Scanning file cache for directory 'C:/Users/sethg/Desktop/Game Projects/Unreal/Unreal 4.x By Example Projects/Barrel Hopper/Saved/Collections/' took 0.01s
[2022.04.21-18.16.11:377][  0]LogFileCache: Scanning file cache for directory 'C:/Users/sethg/Desktop/Game Projects/Unreal/Unreal 4.x By Example Projects/Barrel Hopper/Content/Developers/sethg/Collections/' took 0.01s
[2022.04.21-18.16.11:377][  0]LogFileCache: Scanning file cache for directory 'C:/Users/sethg/Desktop/Game Projects/Unreal/Unreal 4.x By Example Projects/Barrel Hopper/Content/Collections/' took 0.01s
[2022.04.21-18.16.11:377][  0]LogCollectionManager: Rebuilt the GUID cache for 0 collections in 0.000005 seconds
[2022.04.21-18.16.11:386][  0]LogContentBrowser: Native class hierarchy populated in 0.0083 seconds. Added 1979 classes and 343 folders.
[2022.04.21-18.16.11:400][  0]LogStats: UGameplayTagsManager::ConstructGameplayTagTree: Construct from data asset -  0.000 s
[2022.04.21-18.16.11:400][  0]LogStats: UGameplayTagsManager::ConstructGameplayTagTree: GameplayTagTreeChangedEvent.Broadcast -  0.000 s
[2022.04.21-18.16.11:401][  0]LogContentBrowser: Native class hierarchy updated for 'GameplayTags' in 0.0004 seconds. Added 12 classes and 0 folders.
[2022.04.21-18.16.11:407][  0]LogContentBrowser: Native class hierarchy updated for 'WidgetCarousel' in 0.0003 seconds. Added 0 classes and 0 folders.
[2022.04.21-18.16.11:444][  0]LogContentBrowser: Native class hierarchy updated for 'SuperSearch' in 0.0004 seconds. Added 1 classes and 2 folders.
[2022.04.21-18.16.11:782][  0]LogContentBrowser: Native class hierarchy updated for 'AddContentDialog' in 0.0004 seconds. Added 0 classes and 0 folders.
[2022.04.21-18.16.11:800][  0]LogContentBrowser: Native class hierarchy updated for 'SceneOutliner' in 0.0004 seconds. Added 1 classes and 2 folders.
[2022.04.21-18.16.11:919][  0]LogCrashTracker: Crashtracker disabled due to settings.
[2022.04.21-18.16.11:949][  0]LogUObjectGlobals:Warning: Failed to find object 'Class None.'
[2022.04.21-18.16.11:993][  0]LogContentBrowser: Native class hierarchy updated for 'HierarchicalLODOutliner' in 0.0017 seconds. Added 1 classes and 2 folders.
[2022.04.21-18.16.11:993][  0]LogLoad: Full Startup: 16.29 seconds (BP compile: 0.14 seconds)
[2022.04.21-18.16.11:993][  0]LogExternalProfiler:Warning: No registered external profiler was matched with a command-line switch (or the DLL could not be loaded).  External profiling features will not be available.
[2022.04.21-18.16.12:016][  0]LogOcInput: OculusInput pre-init called
[2022.04.21-18.16.12:237][  0]LogContentStreaming: Texture pool size now 1000 MB
[2022.04.21-18.16.12:459][  0]LogRenderer: Reallocating scene render targets to support 1208x568 (Frame:2).
[2022.04.21-18.16.12:628][  1]LogAssetRegistry: Asset discovery search completed in 5.9868 seconds
[2022.04.21-18.16.12:628][  1]LogCollectionManager: Rebuilt the object cache for 0 collections in 0.000001 seconds (found 0 objects)
[2022.04.21-18.16.12:628][  1]LogCollectionManager: Fixed up redirectors for 0 collections in 0.000415 seconds (updated 0 objects)
[2022.04.21-18.17.09:753][173]LogContentBrowser: Native class hierarchy updated for 'BlueprintGraph' in 0.0007 seconds. Added 108 classes and 0 folders.
[2022.04.21-18.26.34:537][378]LogFileHelpers: Editor autosave (incl. sublevels) for '/Game/Barrel_Hopper/Levels/Barrel_Hopper_Map' took 0.044
[2022.04.21-18.26.34:544][378]OBJ SavePackage: Generating thumbnails for [0] asset(s) in package [/Game/Barrel_Hopper/Game_Mode/BH_GameMode] ([1] browsable assets)...
[2022.04.21-18.26.34:545][378]OBJ SavePackage: Finished generating thumbnails for package [/Game/Barrel_Hopper/Game_Mode/BH_GameMode]
[2022.04.21-18.26.34:608][378]LogSavePackage: Save=34.35ms
[2022.04.21-18.26.34:608][378]LogSavePackage: Moving '../../../../../../Game Projects/Unreal/Unreal 4.x By Example Projects/Barrel Hopper/Saved/BH_GameMode_Auto195F6D8B140382CFADCC0D9975D3C71ED.tmp' to '../../../../../../Game Projects/Unreal/Unreal 4.x By Example Projects/Barrel Hopper/Saved/Autosaves/Game/Barrel_Hopper/Game_Mode/BH_GameMode_Auto1.uasset'
[2022.04.21-18.26.34:612][378]LogSavePackage: Total save time: 64.49ms
[2022.04.21-18.26.34:612][378]LogSavePackage:Display: Finished SavePackage ../../../../../../Game Projects/Unreal/Unreal 4.x By Example Projects/Barrel Hopper/Saved/Autosaves/Game/Barrel_Hopper/Game_Mode/BH_GameMode_Auto1.uasset
[2022.04.21-18.26.34:612][378]LogFileHelpers: Auto-saving content packages took 0.074
[2022.04.21-18.27.20:005][ 83]BlueprintLog: New page: Compile BH_GameMode
[2022.04.21-18.27.20:198][ 83]LogSavePackage: Save=25.96ms
[2022.04.21-18.27.20:198][ 83]LogSavePackage: Moving '../../../../../../Game Projects/Unreal/Unreal 4.x By Example Projects/Barrel Hopper/Saved/BH_GameMode38D97D4246C0C1B2F44CBE9B7EDFE40E.tmp' to '../../../../../../Game Projects/Unreal/Unreal 4.x By Example Projects/Barrel Hopper/Content/Barrel_Hopper/Game_Mode/BH_GameMode.uasset'
[2022.04.21-18.27.20:203][ 83]LogSavePackage: Total save time: 36.75ms
[2022.04.21-18.27.20:203][ 83]LogSavePackage:Display: Finished SavePackage ../../../../../../Game Projects/Unreal/Unreal 4.x By Example Projects/Barrel Hopper/Content/Barrel_Hopper/Game_Mode/BH_GameMode.uasset
[2022.04.21-18.27.20:209][ 83]BlueprintEditorCompileResults: Info [0684.50] Compile of BH_GameMode successful! [in 202 ms]
[2022.04.21-18.28.03:908][627]LogActorComponent: UnregisterComponent: (/Engine/Transient.CharMoveComp) Not registered. Aborting.
[2022.04.21-18.28.19:556][540]LogSlate:Warning: Prevented a slow task dialog from being summoned while a context menu was open
[2022.04.21-18.28.34:536][429]LogEditorTransaction: Undo Move Node
[2022.04.21-18.28.34:544][429]LogActorComponent: UnregisterComponent: (/Engine/Transient.CharacterMovementComponent_0) Not registered. Aborting.
[2022.04.21-18.31.25:773][526]BlueprintLog: New page: Compile BH_Character
[2022.04.21-18.31.25:802][526]LogActorComponent: UnregisterComponent: (/Engine/Transient.CharacterMovementComponent_1) Not registered. Aborting.
[2022.04.21-18.31.25:961][526]LogSavePackage: Save=47.43ms
[2022.04.21-18.31.25:961][526]LogSavePackage: Moving '../../../../../../Game Projects/Unreal/Unreal 4.x By Example Projects/Barrel Hopper/Saved/BH_CharacterDCD27A224639D3E672C22E90C7D73D57.tmp' to '../../../../../../Game Projects/Unreal/Unreal 4.x By Example Projects/Barrel Hopper/Content/Barrel_Hopper/Character/BH_Character.uasset'
[2022.04.21-18.31.25:965][526]LogSavePackage: Total save time: 59.79ms
[2022.04.21-18.31.25:965][526]LogSavePackage:Display: Finished SavePackage ../../../../../../Game Projects/Unreal/Unreal 4.x By Example Projects/Barrel Hopper/Content/Barrel_Hopper/Character/BH_Character.uasset
[2022.04.21-18.31.25:972][526]BlueprintEditorCompileResults: Info [0930.27] Compile of BH_Character successful! [in 197 ms]
[2022.04.21-18.31.27:962][631]LogPlayLevel: PlayLevel: No blueprints needed recompiling
[2022.04.21-18.31.27:982][631]PIE: New page: PIE session: Barrel_Hopper_Map (Apr 21, 2022, 9:31:27 AM)
[2022.04.21-18.31.27:983][631]LogPlayLevel: Creating play world package: /Game/Barrel_Hopper/Levels/UEDPIE_0_Barrel_Hopper_Map
[2022.04.21-18.31.27:998][631]LogPlayLevel: PIE: StaticDuplicateObject took: (0.015227s)
[2022.04.21-18.31.27:998][631]LogAIModule: Creating AISystem for world Barrel_Hopper_Map
[2022.04.21-18.31.27:999][631]LogPlayLevel: PIE: World Init took: (0.000541s)
[2022.04.21-18.31.27:999][631]LogPlayLevel: PIE: Created PIE world by copying editor world from /Game/Barrel_Hopper/Levels/Barrel_Hopper_Map.Barrel_Hopper_Map to /Game/Barrel_Hopper/Levels/UEDPIE_0_Barrel_Hopper_Map.Barrel_Hopper_Map (0.016447s)
[2022.04.21-18.31.27:999][631]LogActorComponent: UnregisterComponent: (/Engine/Transient.CharMoveComp) Not registered. Aborting.
[2022.04.21-18.31.28:031][631]LogInit: XAudio2 using 'Speakers (Realtek(R) Audio)' : 2 channels at 48 kHz using 32 bits per sample (channel mask 0x3)
[2022.04.21-18.31.28:104][631]LogInit: FAudioDevice initialized.
[2022.04.21-18.31.28:175][631]LogWorld: Game class is 'BH_GameMode_C'
[2022.04.21-18.31.28:188][631]LogWorld: Bringing World /Game/Barrel_Hopper/Levels/UEDPIE_0_Barrel_Hopper_Map.Barrel_Hopper_Map up for play (max tick rate 60) at 2022.04.21-14.31.28
[2022.04.21-18.31.28:191][631]LogWorld: Bringing up level for play took: 0.006767
[2022.04.21-18.31.28:214][631]LogContentBrowser: Native class hierarchy updated for 'MovieSceneCapture' in 0.0005 seconds. Added 9 classes and 0 folders.
[2022.04.21-18.31.28:233][631]PIE: Info Play in editor start time for /Game/Barrel_Hopper/Levels/UEDPIE_0_Barrel_Hopper_Map -0.31
[2022.04.21-18.32.43:654][154]LogCharacterMovement: BH_Character_C_15 is stuck and failed to move!
[2022.04.21-18.32.52:216][662]LogEditorViewport: Clicking on Actor (LMB): BH_Barrel_Spawner_C (BH_Barrel_Spawner2)
[2022.04.21-18.34.30:868][915]LogActorComponent: UnregisterComponent: (/Engine/Transient.CharMoveComp) Not registered. Aborting.
[2022.04.21-18.34.31:158][915]LogSavePackage: Save=151.33ms
[2022.04.21-18.34.31:158][915]LogSavePackage: Moving '../../../../../../Game Projects/Unreal/Unreal 4.x By Example Projects/Barrel Hopper/Saved/Barrel_Hopper_Map2282C37646709D9D94139EBAA7E854AB.tmp' to '../../../../../../Game Projects/Unreal/Unreal 4.x By Example Projects/Barrel Hopper/Content/Barrel_Hopper/Levels/Barrel_Hopper_Map.umap'
[2022.04.21-18.34.31:163][915]LogSavePackage: Total save time: 186.78ms
[2022.04.21-18.34.31:163][915]LogSavePackage:Display: Finished SavePackage ../../../../../../Game Projects/Unreal/Unreal 4.x By Example Projects/Barrel Hopper/Content/Barrel_Hopper/Levels/Barrel_Hopper_Map.umap
[2022.04.21-18.34.31:180][915]LogFileHelpers: Saving map 'Barrel_Hopper_Map' took 0.284
[2022.04.21-18.40.18:772][981]LogEditorTransaction: Undo Move Node
[2022.04.21-18.42.38:281][203]LogActorComponent: UnregisterComponent: (/Engine/Transient.CharMoveComp) Not registered. Aborting.
[2022.04.21-18.42.38:367][203]LogSavePackage: Save=30.02ms
[2022.04.21-18.42.38:367][203]LogSavePackage: Moving '../../../../../../Game Projects/Unreal/Unreal 4.x By Example Projects/Barrel Hopper/Saved/BH_GameModeA1C2D2004FAA14454F0A1AAC26995BD3.tmp' to '../../../../../../Game Projects/Unreal/Unreal 4.x By Example Projects/Barrel Hopper/Content/Barrel_Hopper/Game_Mode/BH_GameMode.uasset'
[2022.04.21-18.42.38:372][203]LogSavePackage: Total save time: 43.44ms
[2022.04.21-18.42.38:372][203]LogSavePackage:Display: Finished SavePackage ../../../../../../Game Projects/Unreal/Unreal 4.x By Example Projects/Barrel Hopper/Content/Barrel_Hopper/Game_Mode/BH_GameMode.uasset
[2022.04.21-18.42.55:370][140]LogActorComponent: UnregisterComponent: (/Engine/Transient.CharMoveComp) Not registered. Aborting.
[2022.04.21-18.44.25:759][379]LogActorComponent: UnregisterComponent: (/Engine/Transient.CharacterMovementComponent_2) Not registered. Aborting.
[2022.04.21-18.44.25:879][379]LogSavePackage: Save=51.92ms
[2022.04.21-18.44.25:879][379]LogSavePackage: Moving '../../../../../../Game Projects/Unreal/Unreal 4.x By Example Projects/Barrel Hopper/Saved/BH_CharacterCFAB527E4D13DB715E35DFA05EE4F967.tmp' to '../../../../../../Game Projects/Unreal/Unreal 4.x By Example Projects/Barrel Hopper/Content/Barrel_Hopper/Character/BH_Character.uasset'
[2022.04.21-18.44.25:884][379]LogSavePackage: Total save time: 65.55ms
[2022.04.21-18.44.25:884][379]LogSavePackage:Display: Finished SavePackage ../../../../../../Game Projects/Unreal/Unreal 4.x By Example Projects/Barrel Hopper/Content/Barrel_Hopper/Character/BH_Character.uasset
[2022.04.21-18.44.45:815][500]LogActorComponent: UnregisterComponent: (/Engine/Transient.CharMoveComp) Not registered. Aborting.
[2022.04.21-18.44.45:897][500]LogSavePackage: Save=28.76ms
[2022.04.21-18.44.45:897][500]LogSavePackage: Moving '../../../../../../Game Projects/Unreal/Unreal 4.x By Example Projects/Barrel Hopper/Saved/BH_GameMode819F41E748BAF89B0198188EC5D936C1.tmp' to '../../../../../../Game Projects/Unreal/Unreal 4.x By Example Projects/Barrel Hopper/Content/Barrel_Hopper/Game_Mode/BH_GameMode.uasset'
[2022.04.21-18.44.45:902][500]LogSavePackage: Total save time: 40.25ms
[2022.04.21-18.44.45:902][500]LogSavePackage:Display: Finished SavePackage ../../../../../../Game Projects/Unreal/Unreal 4.x By Example Projects/Barrel Hopper/Content/Barrel_Hopper/Game_Mode/BH_GameMode.uasset
[2022.04.21-18.45.18:250][317]LogSavePackage: Save=56.24ms
[2022.04.21-18.45.18:250][317]LogSavePackage: Moving '../../../../../../Game Projects/Unreal/Unreal 4.x By Example Projects/Barrel Hopper/Saved/BH_Character36A874C3403D73D0CEE18F84331F6470.tmp' to '../../../../../../Game Projects/Unreal/Unreal 4.x By Example Projects/Barrel Hopper/Content/Barrel_Hopper/Character/BH_Character.uasset'
[2022.04.21-18.45.18:254][317]LogSavePackage: Total save time: 67.87ms
[2022.04.21-18.45.18:254][317]LogSavePackage:Display: Finished SavePackage ../../../../../../Game Projects/Unreal/Unreal 4.x By Example Projects/Barrel Hopper/Content/Barrel_Hopper/Character/BH_Character.uasset
[2022.04.21-18.45.31:541][ 66]LogSlate:Warning: Prevented a slow task dialog from being summoned while a context menu was open
[2022.04.21-18.50.00:812][756]LogClass:Warning: Type mismatch in NewVar_4 of SKEL_BH_GameMode_C - Previous (StructProperty) Current(ObjectProperty) for package:  FObjectReader
[2022.04.21-18.55.20:896][965]LogActorComponent: UnregisterComponent: (/Engine/Transient.CharMoveComp) Not registered. Aborting.
[2022.04.21-18.55.20:921][965]LogFileHelpers: Editor autosave (incl. sublevels) for '/Game/Barrel_Hopper/Levels/Barrel_Hopper_Map' took 0.025
[2022.04.21-18.55.20:926][965]OBJ SavePackage: Generating thumbnails for [0] asset(s) in package [/Game/Barrel_Hopper/Game_Mode/BH_GameMode] ([1] browsable assets)...
[2022.04.21-18.55.20:926][965]OBJ SavePackage: Finished generating thumbnails for package [/Game/Barrel_Hopper/Game_Mode/BH_GameMode]
[2022.04.21-18.55.20:976][965]LogSavePackage: Save=38.98ms
[2022.04.21-18.55.20:976][965]LogSavePackage: Moving '../../../../../../Game Projects/Unreal/Unreal 4.x By Example Projects/Barrel Hopper/Saved/BH_GameMode_Auto23294F67840BBB532C15878B0246B7875.tmp' to '../../../../../../Game Projects/Unreal/Unreal 4.x By Example Projects/Barrel Hopper/Saved/Autosaves/Game/Barrel_Hopper/Game_Mode/BH_GameMode_Auto2.uasset'
[2022.04.21-18.55.20:978][965]LogSavePackage: Total save time: 50.11ms
[2022.04.21-18.55.20:978][965]LogSavePackage:Display: Finished SavePackage ../../../../../../Game Projects/Unreal/Unreal 4.x By Example Projects/Barrel Hopper/Saved/Autosaves/Game/Barrel_Hopper/Game_Mode/BH_GameMode_Auto2.uasset
[2022.04.21-18.55.20:978][965]LogFileHelpers: Auto-saving content packages took 0.056
[2022.04.21-18.57.59:427][927]Cmd: TRANSACTION UNDO
[2022.04.21-18.57.59:427][927]LogEditorTransaction: Undo Move Nodes
[2022.04.21-18.58.00:353][973]LogEditorTransaction: Undo Add Node
[2022.04.21-19.04.53:339][ 60]LogSavePackage: Save=52.86ms
[2022.04.21-19.04.53:339][ 60]LogSavePackage: Moving '../../../../../../Game Projects/Unreal/Unreal 4.x By Example Projects/Barrel Hopper/Saved/BH_GameMode4D83BAB144E1382F33B80CAEBF23DA97.tmp' to '../../../../../../Game Projects/Unreal/Unreal 4.x By Example Projects/Barrel Hopper/Content/Barrel_Hopper/Game_Mode/BH_GameMode.uasset'
[2022.04.21-19.04.53:343][ 60]LogSavePackage: Total save time: 65.22ms
[2022.04.21-19.04.53:343][ 60]LogSavePackage:Display: Finished SavePackage ../../../../../../Game Projects/Unreal/Unreal 4.x By Example Projects/Barrel Hopper/Content/Barrel_Hopper/Game_Mode/BH_GameMode.uasset
[2022.04.21-19.04.54:885][144]LogActorComponent: UnregisterComponent: (/Engine/Transient.EditorFloorComp) Not registered. Aborting.
[2022.04.21-19.04.56:968][244]Cmd: QUIT_EDITOR
[2022.04.21-19.04.57:366][244]LogWindowsTextInputMethodSystem:Display: IME system now deactivated.
[2022.04.21-19.04.57:407][244]LogExit: Preparing to exit.
[2022.04.21-19.04.58:631][244]LogExit: Editor shut down
[2022.04.21-19.04.58:632][244]LogExit: Transaction tracking system shut down
[2022.04.21-19.04.58:816][244]LogObj: Freed 0b from 0 cluster array pools.
[2022.04.21-19.04.58:816][244]LogExit: Object subsystem successfully closed.
[2022.04.21-19.04.58:845][244]LogD3D11RHI: Shutdown
[2022.04.21-19.04.58:845][244]LogD3D11RHI: CleanupD3DDevice
[2022.04.21-19.04.58:913][244]LogD3D11RHI: ~FD3D11DynamicRHI
[2022.04.21-19.04.58:994][244]LogDerivedDataCache: Shutdown
[2022.04.21-19.04.59:034][244]LogModuleManager: Shutting down and abandoning module MovieSceneCapture (206)
[2022.04.21-19.04.59:034][244]LogModuleManager: Shutting down and abandoning module BlueprintGraph (205)
[2022.04.21-19.04.59:034][244]LogModuleManager: Shutting down and abandoning module HierarchicalLODOutliner (204)
[2022.04.21-19.04.59:035][244]LogModuleManager: Shutting down and abandoning module CrashTracker (203)
[2022.04.21-19.04.59:035][244]LogModuleManager: Shutting down and abandoning module SceneOutliner (202)
[2022.04.21-19.04.59:035][244]LogModuleManager: Shutting down and abandoning module SuperSearch (201)
[2022.04.21-19.04.59:035][244]LogModuleManager: Shutting down and abandoning module WidgetCarousel (200)
[2022.04.21-19.04.59:035][244]LogModuleManager: Shutting down and abandoning module AddContentDialog (199)
[2022.04.21-19.04.59:038][244]LogModuleManager: Shutting down and abandoning module GameplayTags (198)
[2022.04.21-19.04.59:038][244]LogModuleManager: Shutting down and abandoning module EditorWidgets (197)
[2022.04.21-19.04.59:038][244]LogModuleManager: Shutting down and abandoning module CollectionManager (196)
[2022.04.21-19.04.59:039][244]LogModuleManager: Shutting down and abandoning module StatsViewer (195)
[2022.04.21-19.04.59:041][244]LogModuleManager: Shutting down and abandoning module FoliageEdit (194)
[2022.04.21-19.04.59:041][244]LogModuleManager: Shutting down and abandoning module LandscapeEditor (193)
[2022.04.21-19.04.59:042][244]LogModuleManager: Shutting down and abandoning module ActorPickerMode (192)
[2022.04.21-19.04.59:042][244]LogModuleManager: Shutting down and abandoning module GeometryMode (191)
[2022.04.21-19.04.59:042][244]LogModuleManager: Shutting down and abandoning module TextureAlignMode (190)
[2022.04.21-19.04.59:042][244]LogModuleManager: Shutting down and abandoning module BspMode (189)
[2022.04.21-19.04.59:042][244]LogModuleManager: Shutting down and abandoning module PlacementMode (188)
[2022.04.21-19.04.59:042][244]LogModuleManager: Shutting down and abandoning module AutomationWorker (187)
[2022.04.21-19.04.59:042][244]LogModuleManager: Shutting down and abandoning module CharacterAI (186)
[2022.04.21-19.04.59:042][244]LogModuleManager: Shutting down and abandoning module SmartSnapping (185)
[2022.04.21-19.04.59:042][244]LogModuleManager: Shutting down and abandoning module ViewportSnapping (184)
[2022.04.21-19.04.59:042][244]LogModuleManager: Shutting down and abandoning module LogVisualizer (183)
[2022.04.21-19.04.59:046][244]LogModuleManager: Shutting down and abandoning module GameProjectGeneration (182)
[2022.04.21-19.04.59:047][244]LogModuleManager: Shutting down and abandoning module IntroTutorials (181)
[2022.04.21-19.04.59:050][244]LogModuleManager: Shutting down and abandoning module EditorLiveStreaming (180)
[2022.04.21-19.04.59:050][244]LogModuleManager: Shutting down and abandoning module IOSPlatformEditor (179)
[2022.04.21-19.04.59:051][244]LogModuleManager: Shutting down and abandoning module HTML5PlatformEditor (178)
[2022.04.21-19.04.59:051][244]LogModuleManager: Shutting down and abandoning module AndroidDeviceDetection (177)
[2022.04.21-19.04.59:668][244]LogModuleManager: Shutting down and abandoning module AndroidPlatformEditor (176)
[2022.04.21-19.04.59:668][244]LogModuleManager: Shutting down and abandoning module IOSRuntimeSettings (175)
[2022.04.21-19.04.59:668][244]LogModuleManager: Shutting down and abandoning module AndroidRuntimeSettings (174)
[2022.04.21-19.04.59:668][244]LogModuleManager: Shutting down and abandoning module MergeActors (173)
[2022.04.21-19.04.59:670][244]LogModuleManager: Shutting down and abandoning module SizeMap (172)
[2022.04.21-19.04.59:671][244]LogModuleManager: Shutting down and abandoning module TreeMap (171)
[2022.04.21-19.04.59:671][244]LogModuleManager: Shutting down and abandoning module ReferenceViewer (170)
[2022.04.21-19.04.59:672][244]LogModuleManager: Shutting down and abandoning module LocalizationService (169)
[2022.04.21-19.04.59:672][244]LogModuleManager: Shutting down and abandoning module LocalizationDashboard (168)
[2022.04.21-19.04.59:673][244]LogModuleManager: Shutting down and abandoning module HardwareTargeting (167)
[2022.04.21-19.04.59:673][244]LogModuleManager: Shutting down and abandoning module DeviceProfileEditor (166)
[2022.04.21-19.04.59:674][244]LogModuleManager: Shutting down and abandoning module UndoHistory (165)
[2022.04.21-19.04.59:675][244]LogModuleManager: Shutting down and abandoning module UserFeedback (164)
[2022.04.21-19.04.59:675][244]LogModuleManager: Shutting down and abandoning module XmlParser (163)
[2022.04.21-19.04.59:675][244]LogModuleManager: Shutting down and abandoning module Blutility (162)
[2022.04.21-19.04.59:676][244]LogModuleManager: Shutting down and abandoning module ProjectTargetPlatformEditor (161)
[2022.04.21-19.04.59:676][244]LogModuleManager: Shutting down and abandoning module ProjectSettingsViewer (160)
[2022.04.21-19.04.59:676][244]LogModuleManager: Shutting down and abandoning module InputBindingEditor (159)
[2022.04.21-19.04.59:677][244]LogModuleManager: Shutting down and abandoning module EditorSettingsViewer (158)
[2022.04.21-19.04.59:677][244]LogModuleManager: Shutting down and abandoning module SettingsEditor (157)
[2022.04.21-19.04.59:680][244]LogModuleManager: Shutting down and abandoning module ProjectLauncher (156)
[2022.04.21-19.04.59:682][244]LogModuleManager: Shutting down and abandoning module SessionFrontend (155)
[2022.04.21-19.04.59:683][244]LogModuleManager: Shutting down and abandoning module ProfilerClient (154)
[2022.04.21-19.04.59:684][244]LogModuleManager: Shutting down and abandoning module TargetDeviceServices (153)
[2022.04.21-19.04.59:684][244]LogModuleManager: Shutting down and abandoning module DeviceManager (152)
[2022.04.21-19.04.59:716][244]LogModuleManager: Shutting down and abandoning module AutomationController (151)
[2022.04.21-19.04.59:720][244]LogModuleManager: Shutting down and abandoning module AutomationWindow (150)
[2022.04.21-19.04.59:722][244]LogModuleManager: Shutting down and abandoning module Layers (149)
[2022.04.21-19.04.59:724][244]LogModuleManager: Shutting down and abandoning module ComponentVisualizers (148)
[2022.04.21-19.04.59:724][244]LogModuleManager: Shutting down and abandoning module DetailCustomizations (147)
[2022.04.21-19.04.59:725][244]LogModuleManager: Shutting down and abandoning module PackagesDialog (146)
[2022.04.21-19.04.59:726][244]LogModuleManager: Shutting down and abandoning module Persona (145)
[2022.04.21-19.04.59:730][244]LogModuleManager: Shutting down and abandoning module Kismet (144)
[2022.04.21-19.04.59:731][244]LogModuleManager: Shutting down and abandoning module GraphEditor (143)
[2022.04.21-19.04.59:731][244]LogModuleManager: Shutting down and abandoning module ClassViewer (142)
[2022.04.21-19.04.59:731][244]LogModuleManager: Shutting down and abandoning module Toolbox (141)
[2022.04.21-19.04.59:732][244]LogModuleManager: Shutting down and abandoning module ModuleUI (140)
[2022.04.21-19.04.59:733][244]LogModuleManager: Shutting down and abandoning module MovieSceneTools (139)
[2022.04.21-19.04.59:734][244]LogModuleManager: Shutting down and abandoning module OutputLog (138)
[2022.04.21-19.04.59:734][244]LogModuleManager: Shutting down and abandoning module GammaUI (137)
[2022.04.21-19.04.59:735][244]LogModuleManager: Shutting down and abandoning module Documentation (136)
[2022.04.21-19.04.59:735][244]LogModuleManager: Shutting down and abandoning module StreamingPauseRendering (135)
[2022.04.21-19.04.59:735][244]LogModuleManager: Shutting down and abandoning module AnalyticsET (134)
[2022.04.21-19.04.59:735][244]LogModuleManager: Shutting down and abandoning module Analytics (133)
[2022.04.21-19.04.59:735][244]LogModuleManager: Shutting down and abandoning module PortalServices (132)
[2022.04.21-19.04.59:735][244]LogModuleManager: Shutting down and abandoning module PortalRpc (131)
[2022.04.21-19.04.59:735][244]LogModuleManager: Shutting down and abandoning module MessagingRpc (130)
[2022.04.21-19.04.59:735][244]LogModuleManager: Shutting down and abandoning module AITestSuite (129)
[2022.04.21-19.04.59:735][244]LogModuleManager: Shutting down and abandoning module GameplayDebugger (128)
[2022.04.21-19.04.59:736][244]LogModuleManager: Shutting down and abandoning module AIModule (127)
[2022.04.21-19.04.59:736][244]LogModuleManager: Shutting down and abandoning module ProfilerService (126)
[2022.04.21-19.04.59:780][244]LogModuleManager: Shutting down and abandoning module TaskGraph (125)
[2022.04.21-19.04.59:782][244]LogModuleManager: Shutting down and abandoning module SlateRemote (124)
[2022.04.21-19.04.59:782][244]LogModuleManager: Shutting down and abandoning module SteamVRController (123)
[2022.04.21-19.04.59:782][244]LogModuleManager: Shutting down and abandoning module SteamVR (122)
[2022.04.21-19.04.59:782][244]LogModuleManager: Shutting down and abandoning module ProceduralMeshComponent (121)
[2022.04.21-19.04.59:782][244]LogModuleManager: Shutting down and abandoning module OculusLibrary (120)
[2022.04.21-19.04.59:782][244]LogModuleManager: Shutting down and abandoning module OculusInput (119)
[2022.04.21-19.04.59:782][244]LogModuleManager: Shutting down and abandoning module CustomMeshComponent (118)
[2022.04.21-19.04.59:782][244]LogModuleManager: Shutting down and abandoning module CableComponent (117)
[2022.04.21-19.04.59:782][244]LogModuleManager: Shutting down and abandoning module ArchVisCharacter (116)
[2022.04.21-19.04.59:782][244]LogModuleManager: Shutting down and abandoning module MediaPlayerEditor (115)
[2022.04.21-19.04.59:785][244]LogModuleManager: Shutting down and abandoning module HTML5Networking (114)
[2022.04.21-19.04.59:785][244]LogModuleManager: Shutting down and abandoning module SpeedTreeImporter (113)
[2022.04.21-19.04.59:785][244]LogModuleManager: Shutting down and abandoning module PluginBrowser (112)
[2022.04.21-19.04.59:788][244]LogModuleManager: Shutting down and abandoning module EpicSurvey (111)
[2022.04.21-19.04.59:788][244]LogModuleManager: Shutting down and abandoning module DesktopPlatform (110)
[2022.04.21-19.04.59:789][244]LogModuleManager: Shutting down and abandoning module VisualStudioSourceCodeAccess (109)
[2022.04.21-19.04.59:790][244]LogModuleManager: Shutting down and abandoning module UObjectPlugin (108)
[2022.04.21-19.04.59:790][244]LogModuleManager: Shutting down and abandoning module SubversionSourceControl (107)
[2022.04.21-19.04.59:792][244]LogModuleManager: Shutting down and abandoning module PerforceSourceControl (106)
[2022.04.21-19.04.59:793][244]LogModuleManager: Shutting down and abandoning module SourceControl (105)
[2022.04.21-19.04.59:794][244]LogModuleManager: Shutting down and abandoning module GitSourceControl (104)
[2022.04.21-19.04.59:796][244]LogModuleManager: Shutting down and abandoning module LightPropagationVolumeEditor (103)
[2022.04.21-19.04.59:796][244]LogModuleManager: Shutting down and abandoning module PaperTiledImporter (102)
[2022.04.21-19.04.59:796][244]LogModuleManager: Shutting down and abandoning module PaperSpriteSheetImporter (101)
[2022.04.21-19.04.59:796][244]LogModuleManager: Shutting down and abandoning module MeshPaint (100)
[2022.04.21-19.04.59:797][244]LogModuleManager: Shutting down and abandoning module HotReload (99)
[2022.04.21-19.04.59:797][244]LogModuleManager: Shutting down and abandoning module MainFrame (98)
[2022.04.21-19.04.59:797][244]LogModuleManager: Shutting down and abandoning module LevelEditor (97)
[2022.04.21-19.04.59:798][244]LogModuleManager: Shutting down and abandoning module DirectoryWatcher (96)
[2022.04.21-19.04.59:799][244]LogModuleManager: Shutting down and abandoning module AssetRegistry (95)
[2022.04.21-19.04.59:967][244]LogModuleManager: Shutting down and abandoning module ContentBrowser (94)
[2022.04.21-19.04.59:967][244]LogModuleManager: Shutting down and abandoning module Paper2DEditor (93)
[2022.04.21-19.04.59:969][244]LogModuleManager: Shutting down and abandoning module UdpMessaging (92)
[2022.04.21-19.05.00:070][244]LogModuleManager: Shutting down and abandoning module LightPropagationVolumeRuntime (91)
[2022.04.21-19.05.00:070][244]LogModuleManager: Shutting down and abandoning module Paper2D (90)
[2022.04.21-19.05.00:071][244]LogModuleManager: Shutting down and abandoning module WindowsMoviePlayer (89)
[2022.04.21-19.05.00:071][244]LogModuleManager: Shutting down and abandoning module Media (88)
[2022.04.21-19.05.00:071][244]LogModuleManager: Shutting down and abandoning module WmfMedia (87)
[2022.04.21-19.05.00:073][244]LogModuleManager: Shutting down and abandoning module MediaAssets (86)
[2022.04.21-19.05.00:073][244]LogModuleManager: Shutting down and abandoning module GameLiveStreaming (85)
[2022.04.21-19.05.00:073][244]LogModuleManager: Shutting down and abandoning module GameplayTagsEditor (84)
[2022.04.21-19.05.00:073][244]LogModuleManager: Shutting down and abandoning module OnlineBlueprintSupport (83)
[2022.04.21-19.05.00:073][244]LogModuleManager: Shutting down and abandoning module GameplayTasksEditor (82)
[2022.04.21-19.05.00:073][244]LogModuleManager: Shutting down and abandoning module PropertyEditor (81)
[2022.04.21-19.05.00:073][244]LogModuleManager: Shutting down and abandoning module BehaviorTreeEditor (80)
[2022.04.21-19.05.00:074][244]LogModuleManager: Shutting down and abandoning module FunctionalTesting (79)
[2022.04.21-19.05.00:074][244]LogModuleManager: Shutting down and abandoning module CollisionAnalyzer (78)
[2022.04.21-19.05.00:076][244]LogModuleManager: Shutting down and abandoning module WorkspaceMenuStructure (77)
[2022.04.21-19.05.00:076][244]LogModuleManager: Shutting down and abandoning module MessageLog (76)
[2022.04.21-19.05.00:076][244]LogModuleManager: Shutting down and abandoning module Sequencer (75)
[2022.04.21-19.05.00:077][244]LogModuleManager: Shutting down and abandoning module AssetTools (74)
[2022.04.21-19.05.00:081][244]LogModuleManager: Shutting down and abandoning module UMGEditor (73)
[2022.04.21-19.05.00:083][244]LogModuleManager: Shutting down and abandoning module UMG (72)
[2022.04.21-19.05.00:084][244]LogModuleManager: Shutting down and abandoning module SlateReflector (71)
[2022.04.21-19.05.00:087][244]LogModuleManager: Shutting down and abandoning module Slate (70)
[2022.04.21-19.05.00:087][244]LogModuleManager: Shutting down and abandoning module EditorStyle (69)
[2022.04.21-19.05.00:090][244]LogModuleManager: Shutting down and abandoning module SessionServices (68)
[2022.04.21-19.05.00:090][244]LogModuleManager: Shutting down and abandoning module SourceCodeAccess (67)
[2022.04.21-19.05.00:090][244]LogModuleManager: Shutting down and abandoning module HeadMountedDisplay (66)
[2022.04.21-19.05.00:090][244]LogModuleManager: Shutting down and abandoning module XAudio2 (65)
[2022.04.21-19.05.00:090][244]LogModuleManager: Shutting down and abandoning module Networking (63)
[2022.04.21-19.05.00:090][244]LogModuleManager: Shutting down and abandoning module Core (62)
[2022.04.21-19.05.00:090][244]LogModuleManager: Shutting down and abandoning module KismetCompiler (61)
[2022.04.21-19.05.00:090][244]LogModuleManager: Shutting down and abandoning module PhysXFormats (60)
[2022.04.21-19.05.00:090][244]LogModuleManager: Shutting down and abandoning module MeshUtilities (59)
[2022.04.21-19.05.00:092][244]LogModuleManager: Shutting down and abandoning module CookingStats (58)
[2022.04.21-19.05.00:092][244]LogModuleManager: Shutting down and abandoning module DerivedDataCache (57)
[2022.04.21-19.05.00:092][244]LogDerivedDataCache: Shutdown
[2022.04.21-19.05.00:092][244]LogModuleManager: Shutting down and abandoning module ShaderFormatOpenGL (56)
[2022.04.21-19.05.00:093][244]LogModuleManager: Shutting down and abandoning module ShaderFormatD3D (55)
[2022.04.21-19.05.00:093][244]LogModuleManager: Shutting down and abandoning module MetalShaderFormat (54)
[2022.04.21-19.05.00:094][244]LogModuleManager: Shutting down and abandoning module TextureFormatUncompressed (53)
[2022.04.21-19.05.00:094][244]LogModuleManager: Shutting down and abandoning module TextureFormatPVR (52)
[2022.04.21-19.05.00:094][244]LogModuleManager: Shutting down and abandoning module TextureFormatIntelISPCTexComp (51)
[2022.04.21-19.05.00:095][244]LogModuleManager: Shutting down and abandoning module TextureFormatDXT (50)
[2022.04.21-19.05.00:095][244]LogModuleManager: Shutting down and abandoning module ImageWrapper (49)
[2022.04.21-19.05.00:095][244]LogModuleManager: Shutting down and abandoning module TextureFormatASTC (48)
[2022.04.21-19.05.00:095][244]LogModuleManager: Shutting down and abandoning module TextureFormatAndroid (47)
[2022.04.21-19.05.00:095][244]LogModuleManager: Shutting down and abandoning module AudioFormatOpus (46)
[2022.04.21-19.05.00:096][244]LogModuleManager: Shutting down and abandoning module AudioFormatOgg (45)
[2022.04.21-19.05.00:097][244]LogModuleManager: Shutting down and abandoning module AudioFormatADPCM (44)
[2022.04.21-19.05.00:097][244]LogModuleManager: Shutting down and abandoning module LinuxTargetPlatform (43)
[2022.04.21-19.05.00:097][244]LogModuleManager: Shutting down and abandoning module LinuxServerTargetPlatform (42)
[2022.04.21-19.05.00:097][244]LogModuleManager: Shutting down and abandoning module LinuxNoEditorTargetPlatform (41)
[2022.04.21-19.05.00:098][244]LogModuleManager: Shutting down and abandoning module TVOSTargetPlatform (40)
[2022.04.21-19.05.00:098][244]LogModuleManager: Shutting down and abandoning module Messaging (39)
[2022.04.21-19.05.00:098][244]LogModuleManager: Shutting down and abandoning module IOSTargetPlatform (38)
[2022.04.21-19.05.00:098][244]LogModuleManager: Shutting down and abandoning module HTML5TargetPlatform (37)
[2022.04.21-19.05.00:098][244]LogModuleManager: Shutting down and abandoning module Android_PVRTCTargetPlatform (36)
[2022.04.21-19.05.00:098][244]LogModuleManager: Shutting down and abandoning module Android_MultiTargetPlatform (35)
[2022.04.21-19.05.00:099][244]LogModuleManager: Shutting down and abandoning module Android_ETC2TargetPlatform (34)
[2022.04.21-19.05.00:099][244]LogModuleManager: Shutting down and abandoning module Android_ETC1TargetPlatform (33)
[2022.04.21-19.05.00:099][244]LogModuleManager: Shutting down and abandoning module Android_DXTTargetPlatform (32)
[2022.04.21-19.05.00:099][244]LogModuleManager: Shutting down and abandoning module Android_ATCTargetPlatform (31)
[2022.04.21-19.05.00:099][244]LogModuleManager: Shutting down and abandoning module Android_ASTCTargetPlatform (30)
[2022.04.21-19.05.00:099][244]LogModuleManager: Shutting down and abandoning module AndroidTargetPlatform (29)
[2022.04.21-19.05.00:099][244]LogModuleManager: Shutting down and abandoning module WindowsTargetPlatform (28)
[2022.04.21-19.05.00:099][244]LogModuleManager: Shutting down and abandoning module WindowsServerTargetPlatform (27)
[2022.04.21-19.05.00:099][244]LogModuleManager: Shutting down and abandoning module WindowsNoEditorTargetPlatform (26)
[2022.04.21-19.05.00:099][244]LogModuleManager: Shutting down and abandoning module WindowsClientTargetPlatform (25)
[2022.04.21-19.05.00:099][244]LogModuleManager: Shutting down and abandoning module AllDesktopTargetPlatform (24)
[2022.04.21-19.05.00:099][244]LogModuleManager: Shutting down and abandoning module TargetPlatform (23)
[2022.04.21-19.05.00:099][244]LogModuleManager: Shutting down and abandoning module InputCore (22)
[2022.04.21-19.05.00:099][244]LogModuleManager: Shutting down and abandoning module Settings (21)
[2022.04.21-19.05.00:100][244]LogModuleManager: Shutting down and abandoning module OnlineSubsystem (19)
[2022.04.21-19.05.00:100][244]LogModuleManager: Shutting down and abandoning module HTTP (18)
[2022.04.21-19.05.02:104][244]LogModuleManager: Shutting down and abandoning module XMPP (17)
[2022.04.21-19.05.02:106][244]LogModuleManager: Shutting down and abandoning module OculusRift (16)
[2022.04.21-19.05.02:108][244]LogModuleManager: Shutting down and abandoning module ExampleDeviceProfileSelector (15)
[2022.04.21-19.05.02:108][244]LogModuleManager: Shutting down and abandoning module TextureCompressor (14)
[2022.04.21-19.05.02:111][244]LogModuleManager: Shutting down and abandoning module ShaderCore (13)
[2022.04.21-19.05.02:111][244]LogModuleManager: Shutting down and abandoning module Landscape (12)
[2022.04.21-19.05.02:111][244]LogModuleManager: Shutting down and abandoning module SlateRHIRenderer (11)
[2022.04.21-19.05.02:119][244]LogModuleManager: Shutting down and abandoning module OpenGLDrv (10)
[2022.04.21-19.05.02:120][244]LogModuleManager: Shutting down and abandoning module D3D11RHI (9)
[2022.04.21-19.05.02:120][244]LogModuleManager: Shutting down and abandoning module AnimGraphRuntime (8)
[2022.04.21-19.05.02:120][244]LogModuleManager: Shutting down and abandoning module Renderer (7)
[2022.04.21-19.05.02:120][244]LogModuleManager: Shutting down and abandoning module Engine (6)
[2022.04.21-19.05.02:120][244]LogModuleManager: Shutting down and abandoning module CoreUObject (5)
[2022.04.21-19.05.02:120][244]LogModuleManager: Shutting down and abandoning module NetworkFile (4)
[2022.04.21-19.05.02:121][244]LogModuleManager: Shutting down and abandoning module StreamingFile (3)
[2022.04.21-19.05.02:121][244]LogModuleManager: Shutting down and abandoning module SandboxFile (2)
[2022.04.21-19.05.02:121][244]LogModuleManager: Shutting down and abandoning module PakFile (1)
[2022.04.21-19.05.02:126][244]LogExit: Exiting.
[2022.04.21-19.05.02:131][244]Log file closed, 04/21/22 15:05:02
