Log file open, 06/29/22 16:38:51
LogInit:Display: Running engine for game: BarrelHopper
LogPlatformFile: Not using cached read wrapper
LogInit:Display: RandInit(2050611144) SRandInit(2050611148).
LogTaskGraph: Started task graph with 4 named threads and 9 total threads.
LogStats: Stats thread started at 0.137539
LogInit: Version: 4.11.2-2946394+++UE4+Release-4.11
LogInit: API Version: 2927265
LogInit: Compiled (64-bit): Apr 18 2016 02:18:46
LogInit: Compiled with Visual C++: 19.00.23026.00
LogInit: Build Configuration: Development
LogInit: Branch Name: ++UE4+Release-4.11
LogInit: Command line:  
LogInit: Base directory: C:/Users/sethg/Desktop/Coding Apps/Epic Games/UE_4.11/Engine/Binaries/Win64/
LogInit: Installed Engine Build: 1
LogInit: Using libcurl 7.41.0
LogInit:  - built for x86_64-pc-win32
LogInit:  - supports SSL with WinSSL
LogInit:  - other features:
LogInit:      CURL_VERSION_SSL
LogInit:      CURL_VERSION_IPV6
LogInit:      CURL_VERSION_ASYNCHDNS
LogInit:      CURL_VERSION_LARGEFILE
LogInit:      CURL_VERSION_IDN
LogInit:  CurlRequestOptions (configurable via config and command line):
LogInit:  - bVerifyPeer = true  - Libcurl will verify peer certificate
LogInit:  - bUseHttpProxy = false  - Libcurl will NOT use HTTP proxy
LogInit:  - bDontReuseConnections = false  - Libcurl will reuse connections
LogInit:  - CertBundlePath = nullptr  - Libcurl will use whatever was configured at build time.
LogInit: Presizing for max 16777216 objects, including 0 objects not considered by GC, pre-allocating 0 bytes for permanent pool.
LogInit: Object subsystem initialized
[2022.06.29-20.38.51:691][  0]LogInit: Selected Device Profile: [Windows]
[2022.06.29-20.38.51:691][  0]LogInit: Applying CVar settings loaded from the selected device profile: [Windows]
[2022.06.29-20.38.51:740][  0]LogInit: Computer: SOMEONES-PC
[2022.06.29-20.38.51:740][  0]LogInit: User: sethg
[2022.06.29-20.38.51:740][  0]LogInit: CPU Page size=65536, Cores=6
[2022.06.29-20.38.51:740][  0]LogInit: High frequency timer resolution =10.000000 MHz
[2022.06.29-20.38.51:740][  0]LogMemory: Memory total: Physical=15.9GB (16GB approx)
[2022.06.29-20.38.51:740][  0]LogMemory: Platform Memory Stats for Windows
[2022.06.29-20.38.51:740][  0]LogMemory: Process Physical Memory: 315.96 MB used, 315.96 MB peak
[2022.06.29-20.38.51:740][  0]LogMemory: Process Virtual Memory: 318.31 MB used, 318.31 MB peak
[2022.06.29-20.38.51:740][  0]LogMemory: Physical Memory: 8481.11 MB used, 16234.78 MB total
[2022.06.29-20.38.51:740][  0]LogMemory: Virtual Memory: 4782.75 MB used, 134217728.00 MB total
[2022.06.29-20.38.51:785][  0]LogTextLocalizationManager: No specific translations for ('en-CA') exist, so ('en') translations will be used.
[2022.06.29-20.38.52:166][  0]LogD3D11RHI: D3D11 adapters:
[2022.06.29-20.38.53:088][  0]LogD3D11RHI:    0. 'NVIDIA GeForce GTX 1060' (Feature Level 11_0)
[2022.06.29-20.38.53:088][  0]LogD3D11RHI:       6052MB of dedicated video memory, 0MB of dedicated system memory, and 8117MB of shared system memory, 1 output[s]
[2022.06.29-20.38.53:111][  0]LogD3D11RHI:    1. 'Intel(R) UHD Graphics 630' (Feature Level 11_0)
[2022.06.29-20.38.53:111][  0]LogD3D11RHI:       128MB of dedicated video memory, 0MB of dedicated system memory, and 8117MB of shared system memory, 0 output[s]
[2022.06.29-20.38.53:114][  0]LogD3D11RHI:    2. 'Microsoft Basic Render Driver' (Feature Level 11_0)
[2022.06.29-20.38.53:114][  0]LogD3D11RHI:       0MB of dedicated video memory, 0MB of dedicated system memory, and 8117MB of shared system memory, 0 output[s]
[2022.06.29-20.38.53:114][  0]LogD3D11RHI: Chosen D3D11 Adapter: 0
[2022.06.29-20.38.53:125][  0]LogD3D11RHI: Creating new Direct3DDevice
[2022.06.29-20.38.53:125][  0]LogD3D11RHI:     Adapter Name: NVIDIA GeForce GTX 1060
[2022.06.29-20.38.53:125][  0]LogD3D11RHI:   Driver Version: Unknown (internal Unknown)
[2022.06.29-20.38.53:125][  0]LogD3D11RHI:      Driver Date: Unknown
[2022.06.29-20.38.53:125][  0]LogRHI: Texture pool is 1361 MB (70% of 1945 MB)
[2022.06.29-20.38.53:170][  0]LogD3D11RHI: Async texture creation enabled
[2022.06.29-20.38.53:190][  0]LogShaderCompilers: Guid format shader working directory is 14 characters bigger than the processId version (D:/Unreal/Barrel Hopper/Project/Intermediate/Shaders/WorkingDirectory/32196/).
[2022.06.29-20.38.53:190][  0]LogShaderCompilers: Cleaned the shader compiler working directory 'C:/Users/sethg/AppData/Local/Temp/UnrealShaderWorkingDir/60559B434DFE4E191AD1D8AE47892703/'.
[2022.06.29-20.38.53:190][  0]LogShaderCompilers:Display: Using Local Shader Compiler.
[2022.06.29-20.38.54:087][  0]LogTemp:Display: Loaded TP AllDesktopTargetPlatform
[2022.06.29-20.38.54:092][  0]LogTemp:Display: Loaded TP WindowsClientTargetPlatform
[2022.06.29-20.38.54:097][  0]LogTemp:Display: Loaded TP WindowsNoEditorTargetPlatform
[2022.06.29-20.38.54:101][  0]LogTemp:Display: Loaded TP WindowsServerTargetPlatform
[2022.06.29-20.38.54:106][  0]LogTemp:Display: Loaded TP WindowsTargetPlatform
[2022.06.29-20.38.54:109][  0]LogTemp:Display: Loaded TP AndroidTargetPlatform
[2022.06.29-20.38.54:112][  0]LogTemp:Display: Loaded TP Android_ASTCTargetPlatform
[2022.06.29-20.38.54:115][  0]LogTemp:Display: Loaded TP Android_ATCTargetPlatform
[2022.06.29-20.38.54:118][  0]LogTemp:Display: Loaded TP Android_DXTTargetPlatform
[2022.06.29-20.38.54:121][  0]LogTemp:Display: Loaded TP Android_ETC1TargetPlatform
[2022.06.29-20.38.54:125][  0]LogTemp:Display: Loaded TP Android_ETC2TargetPlatform
[2022.06.29-20.38.54:132][  0]LogTemp:Display: Loaded TP Android_MultiTargetPlatform
[2022.06.29-20.38.54:132][  0]LogTemp:Display: Loaded TP Android_PVRTCTargetPlatform
[2022.06.29-20.38.54:133][  0]LogTemp:Display: Loaded TP HTML5TargetPlatform
[2022.06.29-20.38.54:151][  0]LogTemp:Display: Loaded TP IOSTargetPlatform
[2022.06.29-20.38.54:154][  0]LogTemp:Display: Loaded TP TVOSTargetPlatform
[2022.06.29-20.38.54:157][  0]LogTemp:Display: Loaded TP LinuxNoEditorTargetPlatform
[2022.06.29-20.38.54:161][  0]LogTemp:Display: Loaded TP LinuxServerTargetPlatform
[2022.06.29-20.38.54:164][  0]LogTemp:Display: Loaded TP LinuxTargetPlatform
[2022.06.29-20.38.54:164][  0]LogTargetPlatformManager:Display: Building Assets For Windows
[2022.06.29-20.38.54:242][  0]LogDerivedDataCache:Display: Max Cache Size: 512 MB
[2022.06.29-20.38.54:285][  0]LogDerivedDataCache: Loaded boot cache 0.04s 58MB C:/Users/sethg/AppData/Local/UnrealEngine/4.11/DerivedDataCache/Boot.ddc.
[2022.06.29-20.38.54:285][  0]LogDerivedDataCache:Display: Loaded Boot cache: C:/Users/sethg/AppData/Local/UnrealEngine/4.11/DerivedDataCache/Boot.ddc
[2022.06.29-20.38.54:285][  0]LogDerivedDataCache: FDerivedDataBackendGraph:  Pak pak cache file D:/Unreal/Barrel Hopper/Project/DerivedDataCache/DDC.ddp not found, will not use a pak cache.
[2022.06.29-20.38.54:285][  0]LogDerivedDataCache: Unable to find inner node Pak for hierarchical cache Hierarchy.
[2022.06.29-20.38.54:285][  0]LogDerivedDataCache: FDerivedDataBackendGraph:  CompressedPak pak cache file D:/Unreal/Barrel Hopper/Project/DerivedDataCache/Compressed.ddp not found, will not use a pak cache.
[2022.06.29-20.38.54:285][  0]LogDerivedDataCache: Unable to find inner node CompressedPak for hierarchical cache Hierarchy.
[2022.06.29-20.38.54:294][  0]LogDerivedDataCache:Display: Pak cache opened for reading ../../../Engine/DerivedDataCache/Compressed.ddp.
[2022.06.29-20.38.54:307][  0]LogDerivedDataCache: Using Local data cache path C:/Users/sethg/AppData/Local/UnrealEngine/Common/DerivedDataCache: Writable
[2022.06.29-20.38.54:446][  0]LogInit: Selected Device Profile: [Windows]
[2022.06.29-20.38.54:446][  0]LogContentStreaming: Texture pool size is 0.00 MB
[2022.06.29-20.38.54:537][  0]LogMaterial: Uniform references updated for custom material expression Custom.
[2022.06.29-20.38.54:638][  0]LogMeshUtilities: No automatic mesh reduction module available
[2022.06.29-20.38.54:638][  0]LogMeshUtilities: No automatic mesh merging module available
[2022.06.29-20.38.54:638][  0]LogMeshUtilities: No distributed automatic mesh merging module available
[2022.06.29-20.38.54:833][  0]LogUObjectArray: 27679 objects as part of root set at end of initial load.
[2022.06.29-20.38.54:833][  0]LogUObjectAllocator: 5591592 out of 0 bytes used by permanent object pool.
[2022.06.29-20.38.54:833][  0]LogUObjectArray: CloseDisregardForGC: 0/0 objects in disregard for GC pool
[2022.06.29-20.38.54:839][  0]LogInit: WinSock: version 1.1 (2.2), MaxSocks=32767, MaxUdp=65467
[2022.06.29-20.38.54:929][  0]LogSlate: SlateFontCache - WITH_FREETYPE: 1, WITH_HARFBUZZ: 1
[2022.06.29-20.38.54:929][  0]LogSlate: SlateFontCache - WITH_FREETYPE: 1, WITH_HARFBUZZ: 1
[2022.06.29-20.38.55:020][  0]LogStreaming:Warning: Failed to read file '../../../Engine/Content/Editor/Slate/Common/Selection_16x.png' error.
[2022.06.29-20.38.55:020][  0]LogSlate: Could not find file for Slate resource: ../../../Engine/Content/Editor/Slate/Common/Selection_16x.png
[2022.06.29-20.38.55:020][  0]LogStreaming:Warning: Failed to read file '../../../Engine/Content/Editor/Slate/Common/Selection_16x.png' error.
[2022.06.29-20.38.55:020][  0]LogSlate: Could not find file for Slate resource: ../../../Engine/Content/Editor/Slate/Common/Selection_16x.png
[2022.06.29-20.38.55:021][  0]LogStreaming:Warning: Failed to read file '../../../Engine/Content/Editor/Slate/Common/Selection_16x.png' error.
[2022.06.29-20.38.55:021][  0]LogSlate: Could not find file for Slate resource: ../../../Engine/Content/Editor/Slate/Common/Selection_16x.png
[2022.06.29-20.38.55:544][  0]LogUdpMessaging: Initializing bridge on interface 0.0.0.0:0 to multicast group 230.0.0.1:6666.
[2022.06.29-20.38.55:650][  0]LogAssetRegistry: FAssetRegistry took 0.0225 seconds to start up
[2022.06.29-20.38.56:207][  0]SourceControl: Info Source control is disabled
[2022.06.29-20.38.56:256][  0]SourceControl: Info Source control is disabled
[2022.06.29-20.38.56:266][  0]SourceControl: Info Source control is disabled
[2022.06.29-20.38.56:276][  0]SourceControl: Info Source control is disabled
[2022.06.29-20.38.56:421][  0]LogHMD: Failed to initialize OpenVR with code 110
[2022.06.29-20.38.56:486][  0]LogEngine: Initializing Engine...
[2022.06.29-20.38.56:598][  0]LogAIModule: Creating AISystem for world NewWorld
[2022.06.29-20.38.56:613][  0]LogInit: XAudio2 using 'Speakers (Realtek(R) Audio)' : 2 channels at 48 kHz using 32 bits per sample (channel mask 0x3)
[2022.06.29-20.38.56:755][  0]LogInit: FAudioDevice initialized.
[2022.06.29-20.38.56:786][  0]LogDerivedDataCache: Saved boot cache 0.03s 58MB C:/Users/sethg/AppData/Local/UnrealEngine/4.11/DerivedDataCache/Boot.ddc.
[2022.06.29-20.38.56:791][  0]LogInit: Texture streaming: Enabled
[2022.06.29-20.38.56:822][  0]LogInit: Transaction tracking system initialized
[2022.06.29-20.38.56:843][  0]BlueprintLog: New page: Editor Load
[2022.06.29-20.38.56:947][  0]LocalizationService: Info Localization service is disabled
[2022.06.29-20.38.57:021][  0]LogConsoleResponse:Display: 
[2022.06.29-20.38.57:113][  0]LogCook:Display: Max memory allowance for cook 8192mb
[2022.06.29-20.38.57:113][  0]LogCook:Display: Mobile HDR setting 1
[2022.06.29-20.38.57:113][  0]LogCook:Display: Done creating registry. It took  0.00s.
[2022.06.29-20.38.57:163][  0]LogFileCache: Scanning file cache for directory 'D:/Unreal/Barrel Hopper/Project/Content/' took 0.01s
[2022.06.29-20.38.57:163][  0]SourceControl: Info Source control is disabled
[2022.06.29-20.38.57:163][  0]Cmd: MAP LOAD FILE="D:/Unreal/Barrel Hopper/Project/Content/Barrel_Hopper/Levels/Barrel_Hopper_Map.umap" TEMPLATE=0 SHOWPROGRESS=1 FEATURELEVEL=3
[2022.06.29-20.38.57:164][  0]LightingResults: New page: Lighting Build
[2022.06.29-20.38.57:166][  0]MapCheck: New page: Map Check
[2022.06.29-20.38.57:166][  0]LightingResults: New page: Lighting Build
[2022.06.29-20.38.57:427][  0]LogAIModule: Creating AISystem for world Barrel_Hopper_Map
[2022.06.29-20.38.57:433][  0]LogEditorServer: Finished looking for orphan Actors (0.000 secs)
[2022.06.29-20.38.57:433][  0]Cmd: MAP CHECKDEP NOCLEARLOG
[2022.06.29-20.38.57:495][  0]MapCheck:Warning: Warning ModelComponent_800 ModelComponent /Game/Barrel_Hopper/Levels/Barrel_Hopper_Map.Barrel_Hopper_Map:PersistentLevel.ModelComponent_800 : Externally referenced 
[2022.06.29-20.38.57:497][  0]MapCheck:Warning: Warning ModelComponent_801 ModelComponent /Game/Barrel_Hopper/Levels/Barrel_Hopper_Map.Barrel_Hopper_Map:PersistentLevel.ModelComponent_801 : Externally referenced 
[2022.06.29-20.38.57:497][  0]MapCheck:Warning: Warning ModelComponent_802 ModelComponent /Game/Barrel_Hopper/Levels/Barrel_Hopper_Map.Barrel_Hopper_Map:PersistentLevel.ModelComponent_802 : Externally referenced 
[2022.06.29-20.38.57:497][  0]MapCheck:Warning: Warning ModelComponent_803 ModelComponent /Game/Barrel_Hopper/Levels/Barrel_Hopper_Map.Barrel_Hopper_Map:PersistentLevel.ModelComponent_803 : Externally referenced 
[2022.06.29-20.38.57:497][  0]MapCheck:Warning: Warning ModelComponent_804 ModelComponent /Game/Barrel_Hopper/Levels/Barrel_Hopper_Map.Barrel_Hopper_Map:PersistentLevel.ModelComponent_804 : Externally referenced 
[2022.06.29-20.38.57:497][  0]MapCheck:Warning: Warning ModelComponent_805 ModelComponent /Game/Barrel_Hopper/Levels/Barrel_Hopper_Map.Barrel_Hopper_Map:PersistentLevel.ModelComponent_805 : Externally referenced 
[2022.06.29-20.38.57:497][  0]MapCheck:Warning: Warning ModelComponent_806 ModelComponent /Game/Barrel_Hopper/Levels/Barrel_Hopper_Map.Barrel_Hopper_Map:PersistentLevel.ModelComponent_806 : Externally referenced 
[2022.06.29-20.38.57:497][  0]MapCheck:Warning: Warning ModelComponent_807 ModelComponent /Game/Barrel_Hopper/Levels/Barrel_Hopper_Map.Barrel_Hopper_Map:PersistentLevel.ModelComponent_807 : Externally referenced 
[2022.06.29-20.38.57:497][  0]MapCheck:Warning: Warning ModelComponent_808 ModelComponent /Game/Barrel_Hopper/Levels/Barrel_Hopper_Map.Barrel_Hopper_Map:PersistentLevel.ModelComponent_808 : Externally referenced 
[2022.06.29-20.38.57:497][  0]MapCheck:Warning: Warning ModelComponent_809 ModelComponent /Game/Barrel_Hopper/Levels/Barrel_Hopper_Map.Barrel_Hopper_Map:PersistentLevel.ModelComponent_809 : Externally referenced 
[2022.06.29-20.38.57:497][  0]MapCheck:Warning: Warning ModelComponent_810 ModelComponent /Game/Barrel_Hopper/Levels/Barrel_Hopper_Map.Barrel_Hopper_Map:PersistentLevel.ModelComponent_810 : Externally referenced 
[2022.06.29-20.38.57:497][  0]MapCheck:Warning: Warning ModelComponent_811 ModelComponent /Game/Barrel_Hopper/Levels/Barrel_Hopper_Map.Barrel_Hopper_Map:PersistentLevel.ModelComponent_811 : Externally referenced 
[2022.06.29-20.38.57:497][  0]MapCheck:Warning: Warning ModelComponent_812 ModelComponent /Game/Barrel_Hopper/Levels/Barrel_Hopper_Map.Barrel_Hopper_Map:PersistentLevel.ModelComponent_812 : Externally referenced 
[2022.06.29-20.38.57:497][  0]MapCheck:Warning: Warning ModelComponent_813 ModelComponent /Game/Barrel_Hopper/Levels/Barrel_Hopper_Map.Barrel_Hopper_Map:PersistentLevel.ModelComponent_813 : Externally referenced 
[2022.06.29-20.38.57:497][  0]MapCheck:Warning: Warning ModelComponent_814 ModelComponent /Game/Barrel_Hopper/Levels/Barrel_Hopper_Map.Barrel_Hopper_Map:PersistentLevel.ModelComponent_814 : Externally referenced 
[2022.06.29-20.38.57:497][  0]MapCheck:Warning: Warning ModelComponent_815 ModelComponent /Game/Barrel_Hopper/Levels/Barrel_Hopper_Map.Barrel_Hopper_Map:PersistentLevel.ModelComponent_815 : Externally referenced 
[2022.06.29-20.38.57:497][  0]MapCheck:Warning: Warning ModelComponent_816 ModelComponent /Game/Barrel_Hopper/Levels/Barrel_Hopper_Map.Barrel_Hopper_Map:PersistentLevel.ModelComponent_816 : Externally referenced 
[2022.06.29-20.38.57:497][  0]MapCheck:Warning: Warning ModelComponent_817 ModelComponent /Game/Barrel_Hopper/Levels/Barrel_Hopper_Map.Barrel_Hopper_Map:PersistentLevel.ModelComponent_817 : Externally referenced 
[2022.06.29-20.38.57:497][  0]MapCheck:Warning: Warning ModelComponent_818 ModelComponent /Game/Barrel_Hopper/Levels/Barrel_Hopper_Map.Barrel_Hopper_Map:PersistentLevel.ModelComponent_818 : Externally referenced 
[2022.06.29-20.38.57:497][  0]MapCheck:Warning: Warning ModelComponent_819 ModelComponent /Game/Barrel_Hopper/Levels/Barrel_Hopper_Map.Barrel_Hopper_Map:PersistentLevel.ModelComponent_819 : Externally referenced 
[2022.06.29-20.38.57:498][  0]MapCheck:Warning: Warning ModelComponent_820 ModelComponent /Game/Barrel_Hopper/Levels/Barrel_Hopper_Map.Barrel_Hopper_Map:PersistentLevel.ModelComponent_820 : Externally referenced 
[2022.06.29-20.38.57:498][  0]MapCheck:Warning: Warning ModelComponent_821 ModelComponent /Game/Barrel_Hopper/Levels/Barrel_Hopper_Map.Barrel_Hopper_Map:PersistentLevel.ModelComponent_821 : Externally referenced 
[2022.06.29-20.38.57:498][  0]MapCheck:Warning: Warning ModelComponent_822 ModelComponent /Game/Barrel_Hopper/Levels/Barrel_Hopper_Map.Barrel_Hopper_Map:PersistentLevel.ModelComponent_822 : Externally referenced 
[2022.06.29-20.38.57:498][  0]MapCheck:Warning: Warning ModelComponent_823 ModelComponent /Game/Barrel_Hopper/Levels/Barrel_Hopper_Map.Barrel_Hopper_Map:PersistentLevel.ModelComponent_823 : Externally referenced 
[2022.06.29-20.38.57:498][  0]MapCheck:Warning: Warning ModelComponent_824 ModelComponent /Game/Barrel_Hopper/Levels/Barrel_Hopper_Map.Barrel_Hopper_Map:PersistentLevel.ModelComponent_824 : Externally referenced 
[2022.06.29-20.38.57:498][  0]MapCheck:Warning: Warning ModelComponent_825 ModelComponent /Game/Barrel_Hopper/Levels/Barrel_Hopper_Map.Barrel_Hopper_Map:PersistentLevel.ModelComponent_825 : Externally referenced 
[2022.06.29-20.38.57:498][  0]MapCheck:Warning: Warning ModelComponent_826 ModelComponent /Game/Barrel_Hopper/Levels/Barrel_Hopper_Map.Barrel_Hopper_Map:PersistentLevel.ModelComponent_826 : Externally referenced 
[2022.06.29-20.38.57:498][  0]MapCheck:Warning: Warning ModelComponent_827 ModelComponent /Game/Barrel_Hopper/Levels/Barrel_Hopper_Map.Barrel_Hopper_Map:PersistentLevel.ModelComponent_827 : Externally referenced 
[2022.06.29-20.38.57:498][  0]MapCheck:Warning: Warning ModelComponent_828 ModelComponent /Game/Barrel_Hopper/Levels/Barrel_Hopper_Map.Barrel_Hopper_Map:PersistentLevel.ModelComponent_828 : Externally referenced 
[2022.06.29-20.38.57:498][  0]MapCheck:Warning: Warning Model_3 Model /Game/Barrel_Hopper/Levels/Barrel_Hopper_Map.Barrel_Hopper_Map:PersistentLevel.Model_3 : Externally referenced 
[2022.06.29-20.38.57:498][  0]MapCheck:Warning: Warning Polys_12 Polys /Game/Barrel_Hopper/Levels/Barrel_Hopper_Map.Barrel_Hopper_Map:PersistentLevel.FloorBrush.Model_6.Polys_12 : Externally referenced 
[2022.06.29-20.38.57:498][  0]MapCheck:Warning: Warning Polys_370 Polys /Game/Barrel_Hopper/Levels/Barrel_Hopper_Map.Barrel_Hopper_Map:PersistentLevel.FloorBrush2.Model_6.Polys_370 : Externally referenced 
[2022.06.29-20.38.57:498][  0]MapCheck:Warning: Warning Polys_109 Polys /Game/Barrel_Hopper/Levels/Barrel_Hopper_Map.Barrel_Hopper_Map:PersistentLevel.RampBrush.Model_8.Polys_109 : Externally referenced 
[2022.06.29-20.38.57:498][  0]MapCheck:Warning: Warning Polys_186 Polys /Game/Barrel_Hopper/Levels/Barrel_Hopper_Map.Barrel_Hopper_Map:PersistentLevel.RampBrush2.Model_8.Polys_186 : Externally referenced 
[2022.06.29-20.38.57:498][  0]MapCheck:Warning: Warning Polys_222 Polys /Game/Barrel_Hopper/Levels/Barrel_Hopper_Map.Barrel_Hopper_Map:PersistentLevel.RampBrush3.Model_8.Polys_222 : Externally referenced 
[2022.06.29-20.38.57:498][  0]MapCheck:Warning: Warning Polys_225 Polys /Game/Barrel_Hopper/Levels/Barrel_Hopper_Map.Barrel_Hopper_Map:PersistentLevel.RampBrush4.Model_8.Polys_225 : Externally referenced 
[2022.06.29-20.38.57:498][  0]MapCheck:Warning: Warning Polys_288 Polys /Game/Barrel_Hopper/Levels/Barrel_Hopper_Map.Barrel_Hopper_Map:PersistentLevel.RampBrush5.Model_8.Polys_288 : Externally referenced 
[2022.06.29-20.38.57:498][  0]MapCheck:Warning: Warning Polys_291 Polys /Game/Barrel_Hopper/Levels/Barrel_Hopper_Map.Barrel_Hopper_Map:PersistentLevel.RampBrush6.Model_8.Polys_291 : Externally referenced 
[2022.06.29-20.38.57:498][  0]MapCheck:Warning: Warning Polys_20 Polys /Game/Barrel_Hopper/Levels/Barrel_Hopper_Map.Barrel_Hopper_Map:PersistentLevel.Wall1Brush.Model_6.Polys_20 : Externally referenced 
[2022.06.29-20.38.57:499][  0]MapCheck:Warning: Warning Polys_415 Polys /Game/Barrel_Hopper/Levels/Barrel_Hopper_Map.Barrel_Hopper_Map:PersistentLevel.Wall1Brush2.Model_6.Polys_415 : Externally referenced 
[2022.06.29-20.38.57:499][  0]MapCheck:Warning: Warning Polys_72 Polys /Game/Barrel_Hopper/Levels/Barrel_Hopper_Map.Barrel_Hopper_Map:PersistentLevel.Wall2Brush.Model_6.Polys_72 : Externally referenced 
[2022.06.29-20.38.57:499][  0]MapCheck:Warning: Warning StaticMeshComponent0 StaticMeshComponent /Game/Barrel_Hopper/Levels/Barrel_Hopper_Map.Barrel_Hopper_Map:PersistentLevel.Box_Brush_StaticMesh.StaticMeshComponent0 : Externally referenced 
[2022.06.29-20.38.57:499][  0]MapCheck: Info Map check complete: 0 Error(s), 42 Warning(s), took 65.451ms to complete.
[2022.06.29-20.38.57:506][  0]LogFileHelpers: Loading map 'Barrel_Hopper_Map' took 0.343
[2022.06.29-20.38.57:632][  0]LogCollectionManager: Loaded 0 collections in 0.001681 seconds
[2022.06.29-20.38.57:671][  0]LogFileCache: Scanning file cache for directory 'D:/Unreal/Barrel Hopper/Project/Saved/Collections/' took 0.01s
[2022.06.29-20.38.57:671][  0]LogFileCache: Scanning file cache for directory 'D:/Unreal/Barrel Hopper/Project/Content/Developers/sethg/Collections/' took 0.01s
[2022.06.29-20.38.57:671][  0]LogFileCache: Scanning file cache for directory 'D:/Unreal/Barrel Hopper/Project/Content/Collections/' took 0.01s
[2022.06.29-20.38.57:671][  0]LogCollectionManager: Rebuilt the GUID cache for 0 collections in 0.000004 seconds
[2022.06.29-20.38.57:677][  0]LogContentBrowser: Native class hierarchy populated in 0.0057 seconds. Added 1979 classes and 343 folders.
[2022.06.29-20.38.57:680][  0]LogStats: UGameplayTagsManager::ConstructGameplayTagTree: Construct from data asset -  0.000 s
[2022.06.29-20.38.57:680][  0]LogStats: UGameplayTagsManager::ConstructGameplayTagTree: GameplayTagTreeChangedEvent.Broadcast -  0.000 s
[2022.06.29-20.38.57:680][  0]LogContentBrowser: Native class hierarchy updated for 'GameplayTags' in 0.0003 seconds. Added 12 classes and 0 folders.
[2022.06.29-20.38.57:684][  0]LogContentBrowser: Native class hierarchy updated for 'WidgetCarousel' in 0.0003 seconds. Added 0 classes and 0 folders.
[2022.06.29-20.38.57:689][  0]LogContentBrowser: Native class hierarchy updated for 'SuperSearch' in 0.0003 seconds. Added 1 classes and 2 folders.
[2022.06.29-20.38.57:736][  0]LogContentBrowser: Native class hierarchy updated for 'AddContentDialog' in 0.0003 seconds. Added 0 classes and 0 folders.
[2022.06.29-20.38.57:740][  0]LogContentBrowser: Native class hierarchy updated for 'SceneOutliner' in 0.0003 seconds. Added 1 classes and 2 folders.
[2022.06.29-20.38.57:757][  0]LogCrashTracker: Crashtracker disabled due to settings.
[2022.06.29-20.38.57:766][  0]LogUObjectGlobals:Warning: Failed to find object 'Class None.'
[2022.06.29-20.38.57:793][  0]LogContentBrowser: Native class hierarchy updated for 'HierarchicalLODOutliner' in 0.0003 seconds. Added 1 classes and 2 folders.
[2022.06.29-20.38.57:793][  0]LogLoad: Full Startup: 7.40 seconds (BP compile: 0.04 seconds)
[2022.06.29-20.38.57:793][  0]LogExternalProfiler:Warning: No registered external profiler was matched with a command-line switch (or the DLL could not be loaded).  External profiling features will not be available.
[2022.06.29-20.38.57:816][  0]LogOcInput: OculusInput pre-init called
[2022.06.29-20.38.57:899][  0]LogContentStreaming: Texture pool size now 1000 MB
[2022.06.29-20.38.58:084][  0]LogRenderer: Reallocating scene render targets to support 1208x568 (Frame:2).
[2022.06.29-20.38.58:206][  1]LogAssetRegistry: Asset discovery search completed in 2.5785 seconds
[2022.06.29-20.38.58:206][  1]LogCollectionManager: Rebuilt the object cache for 0 collections in 0.000000 seconds (found 0 objects)
[2022.06.29-20.38.58:206][  1]LogCollectionManager: Fixed up redirectors for 0 collections in 0.000018 seconds (updated 0 objects)
[2022.06.29-20.39.06:564][496]LogPlayLevel: PlayLevel: No blueprints needed recompiling
[2022.06.29-20.39.06:576][496]PIE: New page: PIE session: Barrel_Hopper_Map (Jun 29, 2022, 11:39:06 AM)
[2022.06.29-20.39.06:578][496]LogPlayLevel: Creating play world package: /Game/Barrel_Hopper/Levels/UEDPIE_0_Barrel_Hopper_Map
[2022.06.29-20.39.06:589][496]LogPlayLevel: PIE: StaticDuplicateObject took: (0.010517s)
[2022.06.29-20.39.06:589][496]LogAIModule: Creating AISystem for world Barrel_Hopper_Map
[2022.06.29-20.39.06:589][496]LogPlayLevel: PIE: World Init took: (0.000512s)
[2022.06.29-20.39.06:590][496]LogPlayLevel: PIE: Created PIE world by copying editor world from /Game/Barrel_Hopper/Levels/Barrel_Hopper_Map.Barrel_Hopper_Map to /Game/Barrel_Hopper/Levels/UEDPIE_0_Barrel_Hopper_Map.Barrel_Hopper_Map (0.011202s)
[2022.06.29-20.39.06:610][496]LogInit: XAudio2 using 'Speakers (Realtek(R) Audio)' : 2 channels at 48 kHz using 32 bits per sample (channel mask 0x3)
[2022.06.29-20.39.06:650][496]LogInit: FAudioDevice initialized.
[2022.06.29-20.39.06:730][496]LogBlueprint:Warning: [BH_Character] CreatePinForVariable: 'CameraAtDeath' variable not found. Base class was probably changed.
[2022.06.29-20.39.06:730][496]LogBlueprint:Warning: [BH_Character] CreatePinForVariable: 'CameraAtDeath' variable not found. Base class was probably changed.
[2022.06.29-20.39.06:736][496]LogBlueprint:Warning: [compiler BH_Character] Warning Could not find a variable named "CameraAtDeath" in 'BH_GameMode_C'.
Make sure 'BH_GameMode_C' has been compiled for  Set CameraAtDeath 
[2022.06.29-20.39.06:738][496]LogBlueprint:Warning: [compiler BH_Character] Warning [0016.34] Compile of BH_Character successful, but with 1 Warning(s) [in 6 ms]
[2022.06.29-20.39.06:738][496]LogBlueprint:Warning: [compiler BH_Character] Warning [0016.34] Compile of BH_Character successful, but with 2 Warning(s) [in 0 ms]
[2022.06.29-20.39.06:738][496]LogBlueprint:Warning: [compiler BH_Character] Warning [0016.34] Compile of BH_Character successful, but with 3 Warning(s) [in 0 ms]
[2022.06.29-20.39.06:799][496]LogWorld: Game class is 'BH_GameMode_C'
[2022.06.29-20.39.06:807][496]LogWorld: Bringing World /Game/Barrel_Hopper/Levels/UEDPIE_0_Barrel_Hopper_Map.Barrel_Hopper_Map up for play (max tick rate 60) at 2022.06.29-16.39.06
[2022.06.29-20.39.06:808][496]LogWorld: Bringing up level for play took: 0.004855
[2022.06.29-20.39.06:815][496]LogContentBrowser: Native class hierarchy updated for 'MovieSceneCapture' in 0.0004 seconds. Added 9 classes and 0 folders.
[2022.06.29-20.39.06:823][496]PIE: Info Play in editor start time for /Game/Barrel_Hopper/Levels/UEDPIE_0_Barrel_Hopper_Map 0.462
[2022.06.29-20.39.10:601][719]LogScript:Warning: Accessed None trying to read property GamemodeCamera
	BH_GameMode_C /Game/Barrel_Hopper/Levels/UEDPIE_0_Barrel_Hopper_Map.Barrel_Hopper_Map:PersistentLevel.BH_GameMode_C_0
	Function /Game/Barrel_Hopper/Game_Mode/BH_GameMode.BH_GameMode_C:ExecuteUbergraph_BH_GameMode:0095
[2022.06.29-20.39.10:601][719]PIE:Error: Error Blueprint Runtime Error: Accessed None trying to read property GamemodeCamera from function: 'ExecuteUbergraph_BH_GameMode' from node: Set Constraint Aspect Ratio in graph: EventGraph in object: BH_GameMode
[2022.06.29-20.39.10:601][719]LogScript:Warning: Accessed None
	BH_GameMode_C /Game/Barrel_Hopper/Levels/UEDPIE_0_Barrel_Hopper_Map.Barrel_Hopper_Map:PersistentLevel.BH_GameMode_C_0
	Function /Game/Barrel_Hopper/Game_Mode/BH_GameMode.BH_GameMode_C:ExecuteUbergraph_BH_GameMode:00AA
[2022.06.29-20.39.10:601][719]PIE:Error: Error Blueprint Runtime Error: Accessed None from function: 'ExecuteUbergraph_BH_GameMode' from node: Set Constraint Aspect Ratio in graph: EventGraph in object: BH_GameMode
[2022.06.29-20.39.23:681][488]LogActorComponent: UnregisterComponent: (/Engine/Transient.CharMoveComp) Not registered. Aborting.
[2022.06.29-23.55.59:579][100]LogD3D11RHI: Timed out while waiting for GPU to catch up. (0.5 s)
[2022.06.30-02.01.12:944][928]LogD3D11RHI: Timed out while waiting for GPU to catch up. (0.5 s)
[2022.06.30-02.02.08:147][429]LogD3D11RHI: Timed out while waiting for GPU to catch up. (0.5 s)
[2022.06.30-02.02.11:983][765]LogD3D11RHI: Timed out while waiting for GPU to catch up. (0.5 s)
[2022.06.30-02.02.12:495][766]LogD3D11RHI: Timed out while waiting for GPU to catch up. (0.5 s)
[2022.06.30-02.02.48:866][392]LogD3D11RHI: Timed out while waiting for GPU to catch up. (0.5 s)
[2022.06.30-02.06.07:643][175]LogD3D11RHI: Timed out while waiting for GPU to catch up. (0.5 s)
[2022.06.30-02.06.08:157][176]LogD3D11RHI: Timed out while waiting for GPU to catch up. (0.5 s)
[2022.06.30-02.06.48:884][255]LogD3D11RHI: Timed out while waiting for GPU to catch up. (0.5 s)
[2022.06.30-02.10.28:543][327]LogD3D11RHI: Timed out while waiting for GPU to catch up. (0.5 s)
[2022.06.30-02.15.01:713][316]LogD3D11RHI: Timed out while waiting for GPU to catch up. (0.5 s)
[2022.06.30-02.25.15:966][ 36]LogD3D11RHI: Timed out while waiting for GPU to catch up. (0.5 s)
[2022.06.30-02.28.08:260][ 86]LogD3D11RHI: Timed out while waiting for GPU to catch up. (0.5 s)
[2022.06.30-02.29.20:542][359]LogD3D11RHI: Timed out while waiting for GPU to catch up. (0.5 s)
[2022.06.30-02.34.01:118][839]LogD3D11RHI: Timed out while waiting for GPU to catch up. (0.5 s)
[2022.06.30-02.34.06:321][ 47]LogD3D11RHI: Timed out while waiting for GPU to catch up. (0.5 s)
[2022.06.30-02.50.56:701][969]LogHttp:Warning: Timeout processing Http request. 000001B95FCC9C00
[2022.07.02-14.57.55:683][293]LogHttp:Warning: Timeout processing Http request. 000001B95FCCA980
[2022.07.02-14.59.15:903][541]LogActorComponent: UnregisterComponent: (/Engine/Transient.CharMoveComp) Not registered. Aborting.
[2022.07.02-14.59.16:577][542]Cmd: QUIT_EDITOR
[2022.07.02-14.59.16:736][542]LogWindowsTextInputMethodSystem:Display: IME system now deactivated.
[2022.07.02-14.59.16:818][542]LogExit: Preparing to exit.
[2022.07.02-14.59.23:968][542]LogExit: Editor shut down
[2022.07.02-14.59.23:968][542]LogExit: Transaction tracking system shut down
[2022.07.02-14.59.24:186][542]LogObj: Freed 0b from 0 cluster array pools.
[2022.07.02-14.59.24:187][542]LogExit: Object subsystem successfully closed.
[2022.07.02-14.59.24:223][542]LogD3D11RHI: Shutdown
[2022.07.02-14.59.24:223][542]LogD3D11RHI: CleanupD3DDevice
[2022.07.02-14.59.24:336][542]LogD3D11RHI: ~FD3D11DynamicRHI
[2022.07.02-14.59.24:385][542]LogDerivedDataCache: Shutdown
[2022.07.02-14.59.24:420][542]LogModuleManager: Shutting down and abandoning module MovieSceneCapture (205)
[2022.07.02-14.59.24:421][542]LogModuleManager: Shutting down and abandoning module HierarchicalLODOutliner (204)
[2022.07.02-14.59.24:421][542]LogModuleManager: Shutting down and abandoning module CrashTracker (203)
[2022.07.02-14.59.24:421][542]LogModuleManager: Shutting down and abandoning module SceneOutliner (202)
[2022.07.02-14.59.24:421][542]LogModuleManager: Shutting down and abandoning module SuperSearch (201)
[2022.07.02-14.59.24:421][542]LogModuleManager: Shutting down and abandoning module WidgetCarousel (200)
[2022.07.02-14.59.24:421][542]LogModuleManager: Shutting down and abandoning module AddContentDialog (199)
[2022.07.02-14.59.24:426][542]LogModuleManager: Shutting down and abandoning module GameplayTags (198)
[2022.07.02-14.59.24:426][542]LogModuleManager: Shutting down and abandoning module EditorWidgets (197)
[2022.07.02-14.59.24:426][542]LogModuleManager: Shutting down and abandoning module CollectionManager (196)
[2022.07.02-14.59.24:428][542]LogModuleManager: Shutting down and abandoning module StatsViewer (195)
[2022.07.02-14.59.24:429][542]LogModuleManager: Shutting down and abandoning module FoliageEdit (194)
[2022.07.02-14.59.24:429][542]LogModuleManager: Shutting down and abandoning module LandscapeEditor (193)
[2022.07.02-14.59.24:431][542]LogModuleManager: Shutting down and abandoning module ActorPickerMode (192)
[2022.07.02-14.59.24:431][542]LogModuleManager: Shutting down and abandoning module GeometryMode (191)
[2022.07.02-14.59.24:431][542]LogModuleManager: Shutting down and abandoning module TextureAlignMode (190)
[2022.07.02-14.59.24:431][542]LogModuleManager: Shutting down and abandoning module BspMode (189)
[2022.07.02-14.59.24:433][542]LogModuleManager: Shutting down and abandoning module PlacementMode (188)
[2022.07.02-14.59.24:433][542]LogModuleManager: Shutting down and abandoning module AutomationWorker (187)
[2022.07.02-14.59.24:433][542]LogModuleManager: Shutting down and abandoning module CharacterAI (186)
[2022.07.02-14.59.24:433][542]LogModuleManager: Shutting down and abandoning module SmartSnapping (185)
[2022.07.02-14.59.24:433][542]LogModuleManager: Shutting down and abandoning module ViewportSnapping (184)
[2022.07.02-14.59.24:433][542]LogModuleManager: Shutting down and abandoning module LogVisualizer (183)
[2022.07.02-14.59.24:435][542]LogModuleManager: Shutting down and abandoning module GameProjectGeneration (182)
[2022.07.02-14.59.24:437][542]LogModuleManager: Shutting down and abandoning module IntroTutorials (181)
[2022.07.02-14.59.24:439][542]LogModuleManager: Shutting down and abandoning module EditorLiveStreaming (180)
[2022.07.02-14.59.24:439][542]LogModuleManager: Shutting down and abandoning module IOSPlatformEditor (179)
[2022.07.02-14.59.24:440][542]LogModuleManager: Shutting down and abandoning module HTML5PlatformEditor (178)
[2022.07.02-14.59.24:440][542]LogModuleManager: Shutting down and abandoning module AndroidDeviceDetection (177)
[2022.07.02-14.59.24:981][542]LogModuleManager: Shutting down and abandoning module AndroidPlatformEditor (176)
[2022.07.02-14.59.24:981][542]LogModuleManager: Shutting down and abandoning module IOSRuntimeSettings (175)
[2022.07.02-14.59.24:981][542]LogModuleManager: Shutting down and abandoning module AndroidRuntimeSettings (174)
[2022.07.02-14.59.24:981][542]LogModuleManager: Shutting down and abandoning module MergeActors (173)
[2022.07.02-14.59.24:982][542]LogModuleManager: Shutting down and abandoning module SizeMap (172)
[2022.07.02-14.59.24:983][542]LogModuleManager: Shutting down and abandoning module TreeMap (171)
[2022.07.02-14.59.24:983][542]LogModuleManager: Shutting down and abandoning module ReferenceViewer (170)
[2022.07.02-14.59.24:984][542]LogModuleManager: Shutting down and abandoning module LocalizationService (169)
[2022.07.02-14.59.24:985][542]LogModuleManager: Shutting down and abandoning module LocalizationDashboard (168)
[2022.07.02-14.59.24:985][542]LogModuleManager: Shutting down and abandoning module HardwareTargeting (167)
[2022.07.02-14.59.24:985][542]LogModuleManager: Shutting down and abandoning module DeviceProfileEditor (166)
[2022.07.02-14.59.24:986][542]LogModuleManager: Shutting down and abandoning module UndoHistory (165)
[2022.07.02-14.59.24:987][542]LogModuleManager: Shutting down and abandoning module UserFeedback (164)
[2022.07.02-14.59.24:987][542]LogModuleManager: Shutting down and abandoning module XmlParser (163)
[2022.07.02-14.59.24:987][542]LogModuleManager: Shutting down and abandoning module Blutility (162)
[2022.07.02-14.59.24:987][542]LogModuleManager: Shutting down and abandoning module ProjectTargetPlatformEditor (161)
[2022.07.02-14.59.24:987][542]LogModuleManager: Shutting down and abandoning module ProjectSettingsViewer (160)
[2022.07.02-14.59.24:987][542]LogModuleManager: Shutting down and abandoning module InputBindingEditor (159)
[2022.07.02-14.59.24:989][542]LogModuleManager: Shutting down and abandoning module EditorSettingsViewer (158)
[2022.07.02-14.59.24:989][542]LogModuleManager: Shutting down and abandoning module SettingsEditor (157)
[2022.07.02-14.59.24:991][542]LogModuleManager: Shutting down and abandoning module ProjectLauncher (156)
[2022.07.02-14.59.24:992][542]LogModuleManager: Shutting down and abandoning module SessionFrontend (155)
[2022.07.02-14.59.24:992][542]LogModuleManager: Shutting down and abandoning module ProfilerClient (154)
[2022.07.02-14.59.24:993][542]LogModuleManager: Shutting down and abandoning module TargetDeviceServices (153)
[2022.07.02-14.59.24:993][542]LogModuleManager: Shutting down and abandoning module DeviceManager (152)
[2022.07.02-14.59.25:027][542]LogModuleManager: Shutting down and abandoning module AutomationController (151)
[2022.07.02-14.59.25:030][542]LogModuleManager: Shutting down and abandoning module AutomationWindow (150)
[2022.07.02-14.59.25:031][542]LogModuleManager: Shutting down and abandoning module Layers (149)
[2022.07.02-14.59.25:032][542]LogModuleManager: Shutting down and abandoning module ComponentVisualizers (148)
[2022.07.02-14.59.25:032][542]LogModuleManager: Shutting down and abandoning module DetailCustomizations (147)
[2022.07.02-14.59.25:034][542]LogModuleManager: Shutting down and abandoning module PackagesDialog (146)
[2022.07.02-14.59.25:035][542]LogModuleManager: Shutting down and abandoning module Persona (145)
[2022.07.02-14.59.25:039][542]LogModuleManager: Shutting down and abandoning module Kismet (144)
[2022.07.02-14.59.25:040][542]LogModuleManager: Shutting down and abandoning module GraphEditor (143)
[2022.07.02-14.59.25:042][542]LogModuleManager: Shutting down and abandoning module ClassViewer (142)
[2022.07.02-14.59.25:043][542]LogModuleManager: Shutting down and abandoning module Toolbox (141)
[2022.07.02-14.59.25:044][542]LogModuleManager: Shutting down and abandoning module ModuleUI (140)
[2022.07.02-14.59.25:044][542]LogModuleManager: Shutting down and abandoning module MovieSceneTools (139)
[2022.07.02-14.59.25:045][542]LogModuleManager: Shutting down and abandoning module OutputLog (138)
[2022.07.02-14.59.25:046][542]LogModuleManager: Shutting down and abandoning module GammaUI (137)
[2022.07.02-14.59.25:047][542]LogModuleManager: Shutting down and abandoning module Documentation (136)
[2022.07.02-14.59.25:047][542]LogModuleManager: Shutting down and abandoning module StreamingPauseRendering (135)
[2022.07.02-14.59.25:047][542]LogModuleManager: Shutting down and abandoning module AnalyticsET (134)
[2022.07.02-14.59.25:047][542]LogModuleManager: Shutting down and abandoning module Analytics (133)
[2022.07.02-14.59.25:047][542]LogModuleManager: Shutting down and abandoning module PortalServices (132)
[2022.07.02-14.59.25:047][542]LogModuleManager: Shutting down and abandoning module PortalRpc (131)
[2022.07.02-14.59.25:047][542]LogModuleManager: Shutting down and abandoning module MessagingRpc (130)
[2022.07.02-14.59.25:047][542]LogModuleManager: Shutting down and abandoning module AITestSuite (129)
[2022.07.02-14.59.25:047][542]LogModuleManager: Shutting down and abandoning module GameplayDebugger (128)
[2022.07.02-14.59.25:048][542]LogModuleManager: Shutting down and abandoning module AIModule (127)
[2022.07.02-14.59.25:048][542]LogModuleManager: Shutting down and abandoning module ProfilerService (126)
[2022.07.02-14.59.25:299][542]LogModuleManager: Shutting down and abandoning module TaskGraph (125)
[2022.07.02-14.59.25:300][542]LogModuleManager: Shutting down and abandoning module SlateRemote (124)
[2022.07.02-14.59.25:300][542]LogModuleManager: Shutting down and abandoning module SteamVRController (123)
[2022.07.02-14.59.25:300][542]LogModuleManager: Shutting down and abandoning module SteamVR (122)
[2022.07.02-14.59.25:300][542]LogModuleManager: Shutting down and abandoning module ProceduralMeshComponent (121)
[2022.07.02-14.59.25:300][542]LogModuleManager: Shutting down and abandoning module OculusLibrary (120)
[2022.07.02-14.59.25:301][542]LogModuleManager: Shutting down and abandoning module OculusInput (119)
[2022.07.02-14.59.25:301][542]LogModuleManager: Shutting down and abandoning module CustomMeshComponent (118)
[2022.07.02-14.59.25:301][542]LogModuleManager: Shutting down and abandoning module CableComponent (117)
[2022.07.02-14.59.25:301][542]LogModuleManager: Shutting down and abandoning module ArchVisCharacter (116)
[2022.07.02-14.59.25:301][542]LogModuleManager: Shutting down and abandoning module MediaPlayerEditor (115)
[2022.07.02-14.59.25:303][542]LogModuleManager: Shutting down and abandoning module HTML5Networking (114)
[2022.07.02-14.59.25:303][542]LogModuleManager: Shutting down and abandoning module SpeedTreeImporter (113)
[2022.07.02-14.59.25:303][542]LogModuleManager: Shutting down and abandoning module PluginBrowser (112)
[2022.07.02-14.59.25:304][542]LogModuleManager: Shutting down and abandoning module EpicSurvey (111)
[2022.07.02-14.59.25:304][542]LogModuleManager: Shutting down and abandoning module DesktopPlatform (110)
[2022.07.02-14.59.25:305][542]LogModuleManager: Shutting down and abandoning module VisualStudioSourceCodeAccess (109)
[2022.07.02-14.59.25:305][542]LogModuleManager: Shutting down and abandoning module UObjectPlugin (108)
[2022.07.02-14.59.25:305][542]LogModuleManager: Shutting down and abandoning module SubversionSourceControl (107)
[2022.07.02-14.59.25:306][542]LogModuleManager: Shutting down and abandoning module PerforceSourceControl (106)
[2022.07.02-14.59.25:309][542]LogModuleManager: Shutting down and abandoning module SourceControl (105)
[2022.07.02-14.59.25:309][542]LogModuleManager: Shutting down and abandoning module GitSourceControl (104)
[2022.07.02-14.59.25:311][542]LogModuleManager: Shutting down and abandoning module LightPropagationVolumeEditor (103)
[2022.07.02-14.59.25:311][542]LogModuleManager: Shutting down and abandoning module PaperTiledImporter (102)
[2022.07.02-14.59.25:311][542]LogModuleManager: Shutting down and abandoning module PaperSpriteSheetImporter (101)
[2022.07.02-14.59.25:311][542]LogModuleManager: Shutting down and abandoning module MeshPaint (100)
[2022.07.02-14.59.25:311][542]LogModuleManager: Shutting down and abandoning module HotReload (99)
[2022.07.02-14.59.25:312][542]LogModuleManager: Shutting down and abandoning module MainFrame (98)
[2022.07.02-14.59.25:312][542]LogModuleManager: Shutting down and abandoning module LevelEditor (97)
[2022.07.02-14.59.25:312][542]LogModuleManager: Shutting down and abandoning module DirectoryWatcher (96)
[2022.07.02-14.59.25:315][542]LogModuleManager: Shutting down and abandoning module AssetRegistry (95)
[2022.07.02-14.59.27:348][542]LogModuleManager: Shutting down and abandoning module ContentBrowser (94)
[2022.07.02-14.59.27:349][542]LogModuleManager: Shutting down and abandoning module Paper2DEditor (93)
[2022.07.02-14.59.27:351][542]LogModuleManager: Shutting down and abandoning module UdpMessaging (92)
[2022.07.02-14.59.27:451][542]LogModuleManager: Shutting down and abandoning module LightPropagationVolumeRuntime (91)
[2022.07.02-14.59.27:451][542]LogModuleManager: Shutting down and abandoning module Paper2D (90)
[2022.07.02-14.59.27:453][542]LogModuleManager: Shutting down and abandoning module WindowsMoviePlayer (89)
[2022.07.02-14.59.27:457][542]LogModuleManager: Shutting down and abandoning module Media (88)
[2022.07.02-14.59.27:457][542]LogModuleManager: Shutting down and abandoning module WmfMedia (87)
[2022.07.02-14.59.27:464][542]LogModuleManager: Shutting down and abandoning module MediaAssets (86)
[2022.07.02-14.59.27:465][542]LogModuleManager: Shutting down and abandoning module GameLiveStreaming (85)
[2022.07.02-14.59.27:465][542]LogModuleManager: Shutting down and abandoning module GameplayTagsEditor (84)
[2022.07.02-14.59.27:465][542]LogModuleManager: Shutting down and abandoning module OnlineBlueprintSupport (83)
[2022.07.02-14.59.27:465][542]LogModuleManager: Shutting down and abandoning module GameplayTasksEditor (82)
[2022.07.02-14.59.27:465][542]LogModuleManager: Shutting down and abandoning module PropertyEditor (81)
[2022.07.02-14.59.27:468][542]LogModuleManager: Shutting down and abandoning module BehaviorTreeEditor (80)
[2022.07.02-14.59.27:472][542]LogModuleManager: Shutting down and abandoning module FunctionalTesting (79)
[2022.07.02-14.59.27:472][542]LogModuleManager: Shutting down and abandoning module CollisionAnalyzer (78)
[2022.07.02-14.59.27:474][542]LogModuleManager: Shutting down and abandoning module WorkspaceMenuStructure (77)
[2022.07.02-14.59.27:474][542]LogModuleManager: Shutting down and abandoning module MessageLog (76)
[2022.07.02-14.59.27:474][542]LogModuleManager: Shutting down and abandoning module Sequencer (75)
[2022.07.02-14.59.27:475][542]LogModuleManager: Shutting down and abandoning module AssetTools (74)
[2022.07.02-14.59.27:479][542]LogModuleManager: Shutting down and abandoning module UMGEditor (73)
[2022.07.02-14.59.27:483][542]LogModuleManager: Shutting down and abandoning module UMG (72)
[2022.07.02-14.59.27:486][542]LogModuleManager: Shutting down and abandoning module SlateReflector (71)
[2022.07.02-14.59.27:491][542]LogModuleManager: Shutting down and abandoning module Slate (70)
[2022.07.02-14.59.27:491][542]LogModuleManager: Shutting down and abandoning module EditorStyle (69)
[2022.07.02-14.59.27:502][542]LogModuleManager: Shutting down and abandoning module SessionServices (68)
[2022.07.02-14.59.27:502][542]LogModuleManager: Shutting down and abandoning module SourceCodeAccess (67)
[2022.07.02-14.59.27:503][542]LogModuleManager: Shutting down and abandoning module HeadMountedDisplay (66)
[2022.07.02-14.59.27:503][542]LogModuleManager: Shutting down and abandoning module XAudio2 (65)
[2022.07.02-14.59.27:503][542]LogModuleManager: Shutting down and abandoning module Networking (63)
[2022.07.02-14.59.27:503][542]LogModuleManager: Shutting down and abandoning module Core (62)
[2022.07.02-14.59.27:503][542]LogModuleManager: Shutting down and abandoning module KismetCompiler (61)
[2022.07.02-14.59.27:503][542]LogModuleManager: Shutting down and abandoning module PhysXFormats (60)
[2022.07.02-14.59.27:504][542]LogModuleManager: Shutting down and abandoning module MeshUtilities (59)
[2022.07.02-14.59.27:505][542]LogModuleManager: Shutting down and abandoning module CookingStats (58)
[2022.07.02-14.59.27:505][542]LogModuleManager: Shutting down and abandoning module DerivedDataCache (57)
[2022.07.02-14.59.27:505][542]LogDerivedDataCache: Shutdown
[2022.07.02-14.59.27:505][542]LogModuleManager: Shutting down and abandoning module ShaderFormatOpenGL (56)
[2022.07.02-14.59.27:506][542]LogModuleManager: Shutting down and abandoning module ShaderFormatD3D (55)
[2022.07.02-14.59.27:507][542]LogModuleManager: Shutting down and abandoning module MetalShaderFormat (54)
[2022.07.02-14.59.27:508][542]LogModuleManager: Shutting down and abandoning module TextureFormatUncompressed (53)
[2022.07.02-14.59.27:508][542]LogModuleManager: Shutting down and abandoning module TextureFormatPVR (52)
[2022.07.02-14.59.27:508][542]LogModuleManager: Shutting down and abandoning module TextureFormatIntelISPCTexComp (51)
[2022.07.02-14.59.27:509][542]LogModuleManager: Shutting down and abandoning module TextureFormatDXT (50)
[2022.07.02-14.59.27:510][542]LogModuleManager: Shutting down and abandoning module ImageWrapper (49)
[2022.07.02-14.59.27:510][542]LogModuleManager: Shutting down and abandoning module TextureFormatASTC (48)
[2022.07.02-14.59.27:510][542]LogModuleManager: Shutting down and abandoning module TextureFormatAndroid (47)
[2022.07.02-14.59.27:510][542]LogModuleManager: Shutting down and abandoning module AudioFormatOpus (46)
[2022.07.02-14.59.27:511][542]LogModuleManager: Shutting down and abandoning module AudioFormatOgg (45)
[2022.07.02-14.59.27:512][542]LogModuleManager: Shutting down and abandoning module AudioFormatADPCM (44)
[2022.07.02-14.59.27:512][542]LogModuleManager: Shutting down and abandoning module LinuxTargetPlatform (43)
[2022.07.02-14.59.27:512][542]LogModuleManager: Shutting down and abandoning module LinuxServerTargetPlatform (42)
[2022.07.02-14.59.27:513][542]LogModuleManager: Shutting down and abandoning module LinuxNoEditorTargetPlatform (41)
[2022.07.02-14.59.27:513][542]LogModuleManager: Shutting down and abandoning module TVOSTargetPlatform (40)
[2022.07.02-14.59.27:513][542]LogModuleManager: Shutting down and abandoning module Messaging (39)
[2022.07.02-14.59.27:513][542]LogModuleManager: Shutting down and abandoning module IOSTargetPlatform (38)
[2022.07.02-14.59.27:513][542]LogModuleManager: Shutting down and abandoning module HTML5TargetPlatform (37)
[2022.07.02-14.59.27:513][542]LogModuleManager: Shutting down and abandoning module Android_PVRTCTargetPlatform (36)
[2022.07.02-14.59.27:513][542]LogModuleManager: Shutting down and abandoning module Android_MultiTargetPlatform (35)
[2022.07.02-14.59.27:514][542]LogModuleManager: Shutting down and abandoning module Android_ETC2TargetPlatform (34)
[2022.07.02-14.59.27:516][542]LogModuleManager: Shutting down and abandoning module Android_ETC1TargetPlatform (33)
[2022.07.02-14.59.27:517][542]LogModuleManager: Shutting down and abandoning module Android_DXTTargetPlatform (32)
[2022.07.02-14.59.27:517][542]LogModuleManager: Shutting down and abandoning module Android_ATCTargetPlatform (31)
[2022.07.02-14.59.27:517][542]LogModuleManager: Shutting down and abandoning module Android_ASTCTargetPlatform (30)
[2022.07.02-14.59.27:517][542]LogModuleManager: Shutting down and abandoning module AndroidTargetPlatform (29)
[2022.07.02-14.59.27:517][542]LogModuleManager: Shutting down and abandoning module WindowsTargetPlatform (28)
[2022.07.02-14.59.27:517][542]LogModuleManager: Shutting down and abandoning module WindowsServerTargetPlatform (27)
[2022.07.02-14.59.27:518][542]LogModuleManager: Shutting down and abandoning module WindowsNoEditorTargetPlatform (26)
[2022.07.02-14.59.27:519][542]LogModuleManager: Shutting down and abandoning module WindowsClientTargetPlatform (25)
[2022.07.02-14.59.27:519][542]LogModuleManager: Shutting down and abandoning module AllDesktopTargetPlatform (24)
[2022.07.02-14.59.27:519][542]LogModuleManager: Shutting down and abandoning module TargetPlatform (23)
[2022.07.02-14.59.27:520][542]LogModuleManager: Shutting down and abandoning module InputCore (22)
[2022.07.02-14.59.27:520][542]LogModuleManager: Shutting down and abandoning module Settings (21)
[2022.07.02-14.59.27:520][542]LogModuleManager: Shutting down and abandoning module OnlineSubsystem (19)
[2022.07.02-14.59.27:520][542]LogModuleManager: Shutting down and abandoning module HTTP (18)
[2022.07.02-14.59.32:071][542]LogModuleManager: Shutting down and abandoning module XMPP (17)
[2022.07.02-14.59.32:073][542]LogModuleManager: Shutting down and abandoning module OculusRift (16)
[2022.07.02-14.59.32:075][542]LogModuleManager: Shutting down and abandoning module ExampleDeviceProfileSelector (15)
[2022.07.02-14.59.32:075][542]LogModuleManager: Shutting down and abandoning module TextureCompressor (14)
[2022.07.02-14.59.32:077][542]LogModuleManager: Shutting down and abandoning module ShaderCore (13)
[2022.07.02-14.59.32:077][542]LogModuleManager: Shutting down and abandoning module Landscape (12)
[2022.07.02-14.59.32:077][542]LogModuleManager: Shutting down and abandoning module SlateRHIRenderer (11)
[2022.07.02-14.59.32:080][542]LogModuleManager: Shutting down and abandoning module OpenGLDrv (10)
[2022.07.02-14.59.32:081][542]LogModuleManager: Shutting down and abandoning module D3D11RHI (9)
[2022.07.02-14.59.32:081][542]LogModuleManager: Shutting down and abandoning module AnimGraphRuntime (8)
[2022.07.02-14.59.32:081][542]LogModuleManager: Shutting down and abandoning module Renderer (7)
[2022.07.02-14.59.32:081][542]LogModuleManager: Shutting down and abandoning module Engine (6)
[2022.07.02-14.59.32:081][542]LogModuleManager: Shutting down and abandoning module CoreUObject (5)
[2022.07.02-14.59.32:081][542]LogModuleManager: Shutting down and abandoning module NetworkFile (4)
[2022.07.02-14.59.32:082][542]LogModuleManager: Shutting down and abandoning module StreamingFile (3)
[2022.07.02-14.59.32:082][542]LogModuleManager: Shutting down and abandoning module SandboxFile (2)
[2022.07.02-14.59.32:082][542]LogModuleManager: Shutting down and abandoning module PakFile (1)
[2022.07.02-14.59.32:087][542]LogExit: Exiting.
[2022.07.02-14.59.32:089][542]Log file closed, 07/02/22 10:59:32
