Log file open, 07/07/22 11:01:27
LogInit:Display: Running engine for game: BarrelHopper
LogPlatformFile: Not using cached read wrapper
LogInit:Display: RandInit(-1328420621) SRandInit(-1328420618).
LogTaskGraph: Started task graph with 4 named threads and 9 total threads.
LogStats: Stats thread started at 0.204567
LogInit: Version: 4.11.2-2946394+++UE4+Release-4.11
LogInit: API Version: 2927265
LogInit: Compiled (64-bit): Apr 18 2016 02:18:46
LogInit: Compiled with Visual C++: 19.00.23026.00
LogInit: Build Configuration: Development
LogInit: Branch Name: ++UE4+Release-4.11
LogInit: Command line:  
LogInit: Base directory: C:/Users/sethg/Desktop/Coding Apps/Epic Games/UE_4.11/Engine/Binaries/Win64/
LogInit: Installed Engine Build: 1
LogInit: Using libcurl 7.41.0
LogInit:  - built for x86_64-pc-win32
LogInit:  - supports SSL with WinSSL
LogInit:  - other features:
LogInit:      CURL_VERSION_SSL
LogInit:      CURL_VERSION_IPV6
LogInit:      CURL_VERSION_ASYNCHDNS
LogInit:      CURL_VERSION_LARGEFILE
LogInit:      CURL_VERSION_IDN
LogInit:  CurlRequestOptions (configurable via config and command line):
LogInit:  - bVerifyPeer = true  - Libcurl will verify peer certificate
LogInit:  - bUseHttpProxy = false  - Libcurl will NOT use HTTP proxy
LogInit:  - bDontReuseConnections = false  - Libcurl will reuse connections
LogInit:  - CertBundlePath = nullptr  - Libcurl will use whatever was configured at build time.
LogInit: Presizing for max 16777216 objects, including 0 objects not considered by GC, pre-allocating 0 bytes for permanent pool.
LogInit: Object subsystem initialized
[2022.07.07-15.01.27:645][  0]LogInit: Selected Device Profile: [Windows]
[2022.07.07-15.01.27:645][  0]LogInit: Applying CVar settings loaded from the selected device profile: [Windows]
[2022.07.07-15.01.27:735][  0]LogInit: Computer: SOMEONES-PC
[2022.07.07-15.01.27:735][  0]LogInit: User: sethg
[2022.07.07-15.01.27:735][  0]LogInit: CPU Page size=65536, Cores=6
[2022.07.07-15.01.27:735][  0]LogInit: High frequency timer resolution =10.000000 MHz
[2022.07.07-15.01.27:736][  0]LogMemory: Memory total: Physical=15.9GB (16GB approx)
[2022.07.07-15.01.27:737][  0]LogMemory: Platform Memory Stats for Windows
[2022.07.07-15.01.27:737][  0]LogMemory: Process Physical Memory: 316.00 MB used, 316.00 MB peak
[2022.07.07-15.01.27:737][  0]LogMemory: Process Virtual Memory: 318.38 MB used, 318.38 MB peak
[2022.07.07-15.01.27:737][  0]LogMemory: Physical Memory: 11316.46 MB used, 16234.78 MB total
[2022.07.07-15.01.27:737][  0]LogMemory: Virtual Memory: 4782.75 MB used, 134217728.00 MB total
[2022.07.07-15.01.28:107][  0]LogTextLocalizationManager: No specific translations for ('en-CA') exist, so ('en') translations will be used.
[2022.07.07-15.01.28:736][  0]LogD3D11RHI: D3D11 adapters:
[2022.07.07-15.01.29:737][  0]LogD3D11RHI:    0. 'NVIDIA GeForce GTX 1060' (Feature Level 11_0)
[2022.07.07-15.01.29:737][  0]LogD3D11RHI:       6052MB of dedicated video memory, 0MB of dedicated system memory, and 8117MB of shared system memory, 1 output[s]
[2022.07.07-15.01.29:767][  0]LogD3D11RHI:    1. 'Intel(R) UHD Graphics 630' (Feature Level 11_0)
[2022.07.07-15.01.29:767][  0]LogD3D11RHI:       128MB of dedicated video memory, 0MB of dedicated system memory, and 8117MB of shared system memory, 0 output[s]
[2022.07.07-15.01.29:770][  0]LogD3D11RHI:    2. 'Microsoft Basic Render Driver' (Feature Level 11_0)
[2022.07.07-15.01.29:770][  0]LogD3D11RHI:       0MB of dedicated video memory, 0MB of dedicated system memory, and 8117MB of shared system memory, 0 output[s]
[2022.07.07-15.01.29:770][  0]LogD3D11RHI: Chosen D3D11 Adapter: 0
[2022.07.07-15.01.29:783][  0]LogD3D11RHI: Creating new Direct3DDevice
[2022.07.07-15.01.29:783][  0]LogD3D11RHI:     Adapter Name: NVIDIA GeForce GTX 1060
[2022.07.07-15.01.29:784][  0]LogD3D11RHI:   Driver Version: Unknown (internal Unknown)
[2022.07.07-15.01.29:784][  0]LogD3D11RHI:      Driver Date: Unknown
[2022.07.07-15.01.29:785][  0]LogRHI: Texture pool is 1361 MB (70% of 1945 MB)
[2022.07.07-15.01.29:839][  0]LogD3D11RHI: Async texture creation enabled
[2022.07.07-15.01.29:962][  0]LogShaderCompilers: Guid format shader working directory is 15 characters bigger than the processId version (D:/Unreal/Barrel Hopper/Project/Intermediate/Shaders/WorkingDirectory/9596/).
[2022.07.07-15.01.29:962][  0]LogShaderCompilers: Cleaned the shader compiler working directory 'C:/Users/sethg/AppData/Local/Temp/UnrealShaderWorkingDir/834BDB734636FB552DBC8C8C9F1C1815/'.
[2022.07.07-15.01.29:963][  0]LogShaderCompilers:Display: Using Local Shader Compiler.
[2022.07.07-15.01.32:287][  0]LogTemp:Display: Loaded TP AllDesktopTargetPlatform
[2022.07.07-15.01.32:293][  0]LogTemp:Display: Loaded TP WindowsClientTargetPlatform
[2022.07.07-15.01.32:299][  0]LogTemp:Display: Loaded TP WindowsNoEditorTargetPlatform
[2022.07.07-15.01.32:306][  0]LogTemp:Display: Loaded TP WindowsServerTargetPlatform
[2022.07.07-15.01.32:313][  0]LogTemp:Display: Loaded TP WindowsTargetPlatform
[2022.07.07-15.01.32:322][  0]LogTemp:Display: Loaded TP AndroidTargetPlatform
[2022.07.07-15.01.32:327][  0]LogTemp:Display: Loaded TP Android_ASTCTargetPlatform
[2022.07.07-15.01.32:332][  0]LogTemp:Display: Loaded TP Android_ATCTargetPlatform
[2022.07.07-15.01.32:338][  0]LogTemp:Display: Loaded TP Android_DXTTargetPlatform
[2022.07.07-15.01.32:344][  0]LogTemp:Display: Loaded TP Android_ETC1TargetPlatform
[2022.07.07-15.01.32:350][  0]LogTemp:Display: Loaded TP Android_ETC2TargetPlatform
[2022.07.07-15.01.32:361][  0]LogTemp:Display: Loaded TP Android_MultiTargetPlatform
[2022.07.07-15.01.32:361][  0]LogTemp:Display: Loaded TP Android_PVRTCTargetPlatform
[2022.07.07-15.01.32:364][  0]LogTemp:Display: Loaded TP HTML5TargetPlatform
[2022.07.07-15.01.32:396][  0]LogTemp:Display: Loaded TP IOSTargetPlatform
[2022.07.07-15.01.32:399][  0]LogTemp:Display: Loaded TP TVOSTargetPlatform
[2022.07.07-15.01.32:404][  0]LogTemp:Display: Loaded TP LinuxNoEditorTargetPlatform
[2022.07.07-15.01.32:409][  0]LogTemp:Display: Loaded TP LinuxServerTargetPlatform
[2022.07.07-15.01.32:419][  0]LogTemp:Display: Loaded TP LinuxTargetPlatform
[2022.07.07-15.01.32:419][  0]LogTargetPlatformManager:Display: Building Assets For Windows
[2022.07.07-15.01.32:663][  0]LogDerivedDataCache:Display: Max Cache Size: 512 MB
[2022.07.07-15.01.32:845][  0]LogDerivedDataCache: Loaded boot cache 0.18s 46MB C:/Users/sethg/AppData/Local/UnrealEngine/4.11/DerivedDataCache/Boot.ddc.
[2022.07.07-15.01.32:845][  0]LogDerivedDataCache:Display: Loaded Boot cache: C:/Users/sethg/AppData/Local/UnrealEngine/4.11/DerivedDataCache/Boot.ddc
[2022.07.07-15.01.32:845][  0]LogDerivedDataCache: FDerivedDataBackendGraph:  Pak pak cache file D:/Unreal/Barrel Hopper/Project/DerivedDataCache/DDC.ddp not found, will not use a pak cache.
[2022.07.07-15.01.32:845][  0]LogDerivedDataCache: Unable to find inner node Pak for hierarchical cache Hierarchy.
[2022.07.07-15.01.32:845][  0]LogDerivedDataCache: FDerivedDataBackendGraph:  CompressedPak pak cache file D:/Unreal/Barrel Hopper/Project/DerivedDataCache/Compressed.ddp not found, will not use a pak cache.
[2022.07.07-15.01.32:845][  0]LogDerivedDataCache: Unable to find inner node CompressedPak for hierarchical cache Hierarchy.
[2022.07.07-15.01.32:873][  0]LogDerivedDataCache:Display: Pak cache opened for reading ../../../Engine/DerivedDataCache/Compressed.ddp.
[2022.07.07-15.01.32:886][  0]LogDerivedDataCache: Using Local data cache path C:/Users/sethg/AppData/Local/UnrealEngine/Common/DerivedDataCache: Writable
[2022.07.07-15.01.33:725][  0]LogInit: Selected Device Profile: [Windows]
[2022.07.07-15.01.33:731][  0]LogContentStreaming: Texture pool size is 0.00 MB
[2022.07.07-15.01.34:030][  0]LogMaterial: Uniform references updated for custom material expression Custom.
[2022.07.07-15.01.34:264][  0]LogMeshUtilities: No automatic mesh reduction module available
[2022.07.07-15.01.34:264][  0]LogMeshUtilities: No automatic mesh merging module available
[2022.07.07-15.01.34:264][  0]LogMeshUtilities: No distributed automatic mesh merging module available
[2022.07.07-15.01.35:174][  0]LogUObjectArray: 27679 objects as part of root set at end of initial load.
[2022.07.07-15.01.35:174][  0]LogUObjectAllocator: 5591592 out of 0 bytes used by permanent object pool.
[2022.07.07-15.01.35:174][  0]LogUObjectArray: CloseDisregardForGC: 0/0 objects in disregard for GC pool
[2022.07.07-15.01.35:181][  0]LogInit: WinSock: version 1.1 (2.2), MaxSocks=32767, MaxUdp=65467
[2022.07.07-15.01.35:598][  0]LogSlate: SlateFontCache - WITH_FREETYPE: 1, WITH_HARFBUZZ: 1
[2022.07.07-15.01.35:599][  0]LogSlate: SlateFontCache - WITH_FREETYPE: 1, WITH_HARFBUZZ: 1
[2022.07.07-15.01.35:889][  0]LogStreaming:Warning: Failed to read file '../../../Engine/Content/Editor/Slate/Common/Selection_16x.png' error.
[2022.07.07-15.01.35:889][  0]LogSlate: Could not find file for Slate resource: ../../../Engine/Content/Editor/Slate/Common/Selection_16x.png
[2022.07.07-15.01.35:889][  0]LogStreaming:Warning: Failed to read file '../../../Engine/Content/Editor/Slate/Common/Selection_16x.png' error.
[2022.07.07-15.01.35:889][  0]LogSlate: Could not find file for Slate resource: ../../../Engine/Content/Editor/Slate/Common/Selection_16x.png
[2022.07.07-15.01.35:889][  0]LogStreaming:Warning: Failed to read file '../../../Engine/Content/Editor/Slate/Common/Selection_16x.png' error.
[2022.07.07-15.01.35:889][  0]LogSlate: Could not find file for Slate resource: ../../../Engine/Content/Editor/Slate/Common/Selection_16x.png
[2022.07.07-15.01.37:254][  0]LogUdpMessaging: Initializing bridge on interface 0.0.0.0:0 to multicast group 230.0.0.1:6666.
[2022.07.07-15.01.37:255][  0]FUdpSocketBuilder: Failed to subscribe UdpMessageMulticastSocket to multicast group 230.0.0.1
[2022.07.07-15.01.37:255][  0]FUdpSocketBuilder: Failed to create and initialize socket UdpMessageMulticastSocket (last error: 0)
[2022.07.07-15.01.37:255][  0]LogUdpMessaging:Warning: StartTransport failed to create multicast socket on 0.0.0.0:0, joined to 230.0.0.1:6666 with TTL 1
[2022.07.07-15.01.37:423][  0]LogAssetRegistry: FAssetRegistry took 0.0269 seconds to start up
[2022.07.07-15.01.43:842][  0]SourceControl: Info Source control is disabled
[2022.07.07-15.01.43:902][  0]SourceControl: Info Source control is disabled
[2022.07.07-15.01.43:928][  0]SourceControl: Info Source control is disabled
[2022.07.07-15.01.43:948][  0]SourceControl: Info Source control is disabled
[2022.07.07-15.01.44:213][  0]LogHMD: Failed to initialize OpenVR with code 110
[2022.07.07-15.01.44:372][  0]LogEngine: Initializing Engine...
[2022.07.07-15.01.44:709][  0]LogAIModule: Creating AISystem for world NewWorld
[2022.07.07-15.01.44:735][  0]LogInit: XAudio2 using 'Speakers (Realtek(R) Audio)' : 2 channels at 48 kHz using 32 bits per sample (channel mask 0x3)
[2022.07.07-15.01.44:886][  0]LogInit: FAudioDevice initialized.
[2022.07.07-15.01.44:907][  0]LogDerivedDataCache: Saved boot cache 0.02s 46MB C:/Users/sethg/AppData/Local/UnrealEngine/4.11/DerivedDataCache/Boot.ddc.
[2022.07.07-15.01.44:912][  0]LogInit: Texture streaming: Enabled
[2022.07.07-15.01.44:960][  0]LogInit: Transaction tracking system initialized
[2022.07.07-15.01.45:027][  0]BlueprintLog: New page: Editor Load
[2022.07.07-15.01.45:334][  0]LocalizationService: Info Localization service is disabled
[2022.07.07-15.01.45:596][  0]LogConsoleResponse:Display: 
[2022.07.07-15.01.47:697][  0]LogCook:Display: Max memory allowance for cook 8192mb
[2022.07.07-15.01.47:697][  0]LogCook:Display: Mobile HDR setting 1
[2022.07.07-15.01.47:698][  0]LogCook:Display: Done creating registry. It took  0.00s.
[2022.07.07-15.01.47:840][  0]LogFileCache: Scanning file cache for directory 'D:/Unreal/Barrel Hopper/Project/Content/' took 1.66s
[2022.07.07-15.01.47:840][  0]SourceControl: Info Source control is disabled
[2022.07.07-15.01.47:843][  0]Cmd: MAP LOAD FILE="D:/Unreal/Barrel Hopper/Project/Content/Barrel_Hopper/Levels/Barrel_Hopper_Map.umap" TEMPLATE=0 SHOWPROGRESS=1 FEATURELEVEL=3
[2022.07.07-15.01.47:859][  0]LightingResults: New page: Lighting Build
[2022.07.07-15.01.47:880][  0]MapCheck: New page: Map Check
[2022.07.07-15.01.47:880][  0]LightingResults: New page: Lighting Build
[2022.07.07-15.01.56:484][  0]LogAIModule: Creating AISystem for world Barrel_Hopper_Map
[2022.07.07-15.01.56:530][  0]LogEditorServer: Finished looking for orphan Actors (0.000 secs)
[2022.07.07-15.01.56:532][  0]Cmd: MAP CHECKDEP NOCLEARLOG
[2022.07.07-15.02.02:721][  0]MapCheck:Warning: Warning ModelComponent_800 ModelComponent /Game/Barrel_Hopper/Levels/Barrel_Hopper_Map.Barrel_Hopper_Map:PersistentLevel.ModelComponent_800 : Externally referenced 
[2022.07.07-15.02.02:721][  0]MapCheck:Warning: Warning ModelComponent_801 ModelComponent /Game/Barrel_Hopper/Levels/Barrel_Hopper_Map.Barrel_Hopper_Map:PersistentLevel.ModelComponent_801 : Externally referenced 
[2022.07.07-15.02.02:721][  0]MapCheck:Warning: Warning ModelComponent_802 ModelComponent /Game/Barrel_Hopper/Levels/Barrel_Hopper_Map.Barrel_Hopper_Map:PersistentLevel.ModelComponent_802 : Externally referenced 
[2022.07.07-15.02.02:721][  0]MapCheck:Warning: Warning ModelComponent_803 ModelComponent /Game/Barrel_Hopper/Levels/Barrel_Hopper_Map.Barrel_Hopper_Map:PersistentLevel.ModelComponent_803 : Externally referenced 
[2022.07.07-15.02.02:721][  0]MapCheck:Warning: Warning ModelComponent_804 ModelComponent /Game/Barrel_Hopper/Levels/Barrel_Hopper_Map.Barrel_Hopper_Map:PersistentLevel.ModelComponent_804 : Externally referenced 
[2022.07.07-15.02.02:721][  0]MapCheck:Warning: Warning ModelComponent_805 ModelComponent /Game/Barrel_Hopper/Levels/Barrel_Hopper_Map.Barrel_Hopper_Map:PersistentLevel.ModelComponent_805 : Externally referenced 
[2022.07.07-15.02.02:721][  0]MapCheck:Warning: Warning ModelComponent_806 ModelComponent /Game/Barrel_Hopper/Levels/Barrel_Hopper_Map.Barrel_Hopper_Map:PersistentLevel.ModelComponent_806 : Externally referenced 
[2022.07.07-15.02.02:721][  0]MapCheck:Warning: Warning ModelComponent_807 ModelComponent /Game/Barrel_Hopper/Levels/Barrel_Hopper_Map.Barrel_Hopper_Map:PersistentLevel.ModelComponent_807 : Externally referenced 
[2022.07.07-15.02.02:721][  0]MapCheck:Warning: Warning ModelComponent_808 ModelComponent /Game/Barrel_Hopper/Levels/Barrel_Hopper_Map.Barrel_Hopper_Map:PersistentLevel.ModelComponent_808 : Externally referenced 
[2022.07.07-15.02.02:721][  0]MapCheck:Warning: Warning ModelComponent_809 ModelComponent /Game/Barrel_Hopper/Levels/Barrel_Hopper_Map.Barrel_Hopper_Map:PersistentLevel.ModelComponent_809 : Externally referenced 
[2022.07.07-15.02.02:721][  0]MapCheck:Warning: Warning ModelComponent_810 ModelComponent /Game/Barrel_Hopper/Levels/Barrel_Hopper_Map.Barrel_Hopper_Map:PersistentLevel.ModelComponent_810 : Externally referenced 
[2022.07.07-15.02.02:721][  0]MapCheck:Warning: Warning ModelComponent_811 ModelComponent /Game/Barrel_Hopper/Levels/Barrel_Hopper_Map.Barrel_Hopper_Map:PersistentLevel.ModelComponent_811 : Externally referenced 
[2022.07.07-15.02.02:721][  0]MapCheck:Warning: Warning ModelComponent_812 ModelComponent /Game/Barrel_Hopper/Levels/Barrel_Hopper_Map.Barrel_Hopper_Map:PersistentLevel.ModelComponent_812 : Externally referenced 
[2022.07.07-15.02.02:721][  0]MapCheck:Warning: Warning ModelComponent_813 ModelComponent /Game/Barrel_Hopper/Levels/Barrel_Hopper_Map.Barrel_Hopper_Map:PersistentLevel.ModelComponent_813 : Externally referenced 
[2022.07.07-15.02.02:721][  0]MapCheck:Warning: Warning ModelComponent_814 ModelComponent /Game/Barrel_Hopper/Levels/Barrel_Hopper_Map.Barrel_Hopper_Map:PersistentLevel.ModelComponent_814 : Externally referenced 
[2022.07.07-15.02.02:721][  0]MapCheck:Warning: Warning ModelComponent_815 ModelComponent /Game/Barrel_Hopper/Levels/Barrel_Hopper_Map.Barrel_Hopper_Map:PersistentLevel.ModelComponent_815 : Externally referenced 
[2022.07.07-15.02.02:721][  0]MapCheck:Warning: Warning ModelComponent_816 ModelComponent /Game/Barrel_Hopper/Levels/Barrel_Hopper_Map.Barrel_Hopper_Map:PersistentLevel.ModelComponent_816 : Externally referenced 
[2022.07.07-15.02.02:721][  0]MapCheck:Warning: Warning ModelComponent_817 ModelComponent /Game/Barrel_Hopper/Levels/Barrel_Hopper_Map.Barrel_Hopper_Map:PersistentLevel.ModelComponent_817 : Externally referenced 
[2022.07.07-15.02.06:613][  0]MapCheck:Warning: Warning ModelComponent_818 ModelComponent /Game/Barrel_Hopper/Levels/Barrel_Hopper_Map.Barrel_Hopper_Map:PersistentLevel.ModelComponent_818 : Externally referenced 
[2022.07.07-15.02.06:613][  0]MapCheck:Warning: Warning ModelComponent_819 ModelComponent /Game/Barrel_Hopper/Levels/Barrel_Hopper_Map.Barrel_Hopper_Map:PersistentLevel.ModelComponent_819 : Externally referenced 
[2022.07.07-15.02.06:613][  0]MapCheck:Warning: Warning ModelComponent_820 ModelComponent /Game/Barrel_Hopper/Levels/Barrel_Hopper_Map.Barrel_Hopper_Map:PersistentLevel.ModelComponent_820 : Externally referenced 
[2022.07.07-15.02.06:613][  0]MapCheck:Warning: Warning ModelComponent_821 ModelComponent /Game/Barrel_Hopper/Levels/Barrel_Hopper_Map.Barrel_Hopper_Map:PersistentLevel.ModelComponent_821 : Externally referenced 
[2022.07.07-15.02.06:613][  0]MapCheck:Warning: Warning ModelComponent_822 ModelComponent /Game/Barrel_Hopper/Levels/Barrel_Hopper_Map.Barrel_Hopper_Map:PersistentLevel.ModelComponent_822 : Externally referenced 
[2022.07.07-15.02.06:613][  0]MapCheck:Warning: Warning ModelComponent_823 ModelComponent /Game/Barrel_Hopper/Levels/Barrel_Hopper_Map.Barrel_Hopper_Map:PersistentLevel.ModelComponent_823 : Externally referenced 
[2022.07.07-15.02.06:613][  0]MapCheck:Warning: Warning ModelComponent_824 ModelComponent /Game/Barrel_Hopper/Levels/Barrel_Hopper_Map.Barrel_Hopper_Map:PersistentLevel.ModelComponent_824 : Externally referenced 
[2022.07.07-15.02.06:613][  0]MapCheck:Warning: Warning ModelComponent_825 ModelComponent /Game/Barrel_Hopper/Levels/Barrel_Hopper_Map.Barrel_Hopper_Map:PersistentLevel.ModelComponent_825 : Externally referenced 
[2022.07.07-15.02.06:613][  0]MapCheck:Warning: Warning ModelComponent_826 ModelComponent /Game/Barrel_Hopper/Levels/Barrel_Hopper_Map.Barrel_Hopper_Map:PersistentLevel.ModelComponent_826 : Externally referenced 
[2022.07.07-15.02.06:613][  0]MapCheck:Warning: Warning ModelComponent_827 ModelComponent /Game/Barrel_Hopper/Levels/Barrel_Hopper_Map.Barrel_Hopper_Map:PersistentLevel.ModelComponent_827 : Externally referenced 
[2022.07.07-15.02.06:613][  0]MapCheck:Warning: Warning ModelComponent_828 ModelComponent /Game/Barrel_Hopper/Levels/Barrel_Hopper_Map.Barrel_Hopper_Map:PersistentLevel.ModelComponent_828 : Externally referenced 
[2022.07.07-15.02.06:613][  0]MapCheck:Warning: Warning Model_3 Model /Game/Barrel_Hopper/Levels/Barrel_Hopper_Map.Barrel_Hopper_Map:PersistentLevel.Model_3 : Externally referenced 
[2022.07.07-15.02.06:613][  0]MapCheck:Warning: Warning Polys_12 Polys /Game/Barrel_Hopper/Levels/Barrel_Hopper_Map.Barrel_Hopper_Map:PersistentLevel.FloorBrush.Model_6.Polys_12 : Externally referenced 
[2022.07.07-15.02.06:613][  0]MapCheck:Warning: Warning Polys_370 Polys /Game/Barrel_Hopper/Levels/Barrel_Hopper_Map.Barrel_Hopper_Map:PersistentLevel.FloorBrush2.Model_6.Polys_370 : Externally referenced 
[2022.07.07-15.02.06:613][  0]MapCheck:Warning: Warning Polys_109 Polys /Game/Barrel_Hopper/Levels/Barrel_Hopper_Map.Barrel_Hopper_Map:PersistentLevel.RampBrush.Model_8.Polys_109 : Externally referenced 
[2022.07.07-15.02.06:613][  0]MapCheck:Warning: Warning Polys_186 Polys /Game/Barrel_Hopper/Levels/Barrel_Hopper_Map.Barrel_Hopper_Map:PersistentLevel.RampBrush2.Model_8.Polys_186 : Externally referenced 
[2022.07.07-15.02.06:613][  0]MapCheck:Warning: Warning Polys_222 Polys /Game/Barrel_Hopper/Levels/Barrel_Hopper_Map.Barrel_Hopper_Map:PersistentLevel.RampBrush3.Model_8.Polys_222 : Externally referenced 
[2022.07.07-15.02.06:613][  0]MapCheck:Warning: Warning Polys_225 Polys /Game/Barrel_Hopper/Levels/Barrel_Hopper_Map.Barrel_Hopper_Map:PersistentLevel.RampBrush4.Model_8.Polys_225 : Externally referenced 
[2022.07.07-15.02.06:613][  0]MapCheck:Warning: Warning Polys_288 Polys /Game/Barrel_Hopper/Levels/Barrel_Hopper_Map.Barrel_Hopper_Map:PersistentLevel.RampBrush5.Model_8.Polys_288 : Externally referenced 
[2022.07.07-15.02.06:621][  0]MapCheck:Warning: Warning Polys_291 Polys /Game/Barrel_Hopper/Levels/Barrel_Hopper_Map.Barrel_Hopper_Map:PersistentLevel.RampBrush6.Model_8.Polys_291 : Externally referenced 
[2022.07.07-15.02.06:621][  0]MapCheck:Warning: Warning Polys_20 Polys /Game/Barrel_Hopper/Levels/Barrel_Hopper_Map.Barrel_Hopper_Map:PersistentLevel.Wall1Brush.Model_6.Polys_20 : Externally referenced 
[2022.07.07-15.02.06:621][  0]MapCheck:Warning: Warning Polys_415 Polys /Game/Barrel_Hopper/Levels/Barrel_Hopper_Map.Barrel_Hopper_Map:PersistentLevel.Wall1Brush2.Model_6.Polys_415 : Externally referenced 
[2022.07.07-15.02.06:621][  0]MapCheck:Warning: Warning Polys_72 Polys /Game/Barrel_Hopper/Levels/Barrel_Hopper_Map.Barrel_Hopper_Map:PersistentLevel.Wall2Brush.Model_6.Polys_72 : Externally referenced 
[2022.07.07-15.02.06:621][  0]MapCheck:Warning: Warning StaticMeshComponent0 StaticMeshComponent /Game/Barrel_Hopper/Levels/Barrel_Hopper_Map.Barrel_Hopper_Map:PersistentLevel.Box_Brush_StaticMesh.StaticMeshComponent0 : Externally referenced 
[2022.07.07-15.02.06:621][  0]MapCheck: Info Map check complete: 0 Error(s), 42 Warning(s), took 10,090.374ms to complete.
[2022.07.07-15.02.06:640][  0]LogFileHelpers: Loading map 'Barrel_Hopper_Map' took 18.799
[2022.07.07-15.02.06:855][  0]LogCollectionManager: Loaded 0 collections in 0.002617 seconds
[2022.07.07-15.02.06:935][  0]LogFileCache: Scanning file cache for directory 'D:/Unreal/Barrel Hopper/Project/Saved/Collections/' took 0.01s
[2022.07.07-15.02.06:935][  0]LogFileCache: Scanning file cache for directory 'D:/Unreal/Barrel Hopper/Project/Content/Developers/sethg/Collections/' took 0.01s
[2022.07.07-15.02.06:935][  0]LogFileCache: Scanning file cache for directory 'D:/Unreal/Barrel Hopper/Project/Content/Collections/' took 0.01s
[2022.07.07-15.02.06:935][  0]LogCollectionManager: Rebuilt the GUID cache for 0 collections in 0.000004 seconds
[2022.07.07-15.02.06:942][  0]LogContentBrowser: Native class hierarchy populated in 0.0070 seconds. Added 1979 classes and 343 folders.
[2022.07.07-15.02.06:953][  0]LogStats: UGameplayTagsManager::ConstructGameplayTagTree: Construct from data asset -  0.000 s
[2022.07.07-15.02.06:953][  0]LogStats: UGameplayTagsManager::ConstructGameplayTagTree: GameplayTagTreeChangedEvent.Broadcast -  0.000 s
[2022.07.07-15.02.06:954][  0]LogContentBrowser: Native class hierarchy updated for 'GameplayTags' in 0.0004 seconds. Added 12 classes and 0 folders.
[2022.07.07-15.02.06:961][  0]LogContentBrowser: Native class hierarchy updated for 'WidgetCarousel' in 0.0003 seconds. Added 0 classes and 0 folders.
[2022.07.07-15.02.06:996][  0]LogContentBrowser: Native class hierarchy updated for 'SuperSearch' in 0.0003 seconds. Added 1 classes and 2 folders.
[2022.07.07-15.02.07:325][  0]LogContentBrowser: Native class hierarchy updated for 'AddContentDialog' in 0.0003 seconds. Added 0 classes and 0 folders.
[2022.07.07-15.02.07:362][  0]LogContentBrowser: Native class hierarchy updated for 'SceneOutliner' in 0.0004 seconds. Added 1 classes and 2 folders.
[2022.07.07-15.02.10:742][  0]LogCrashTracker: Crashtracker disabled due to settings.
[2022.07.07-15.02.10:767][  0]LogUObjectGlobals:Warning: Failed to find object 'Class None.'
[2022.07.07-15.02.10:810][  0]LogContentBrowser: Native class hierarchy updated for 'HierarchicalLODOutliner' in 0.0004 seconds. Added 1 classes and 2 folders.
[2022.07.07-15.02.10:812][  0]LogLoad: Full Startup: 47.52 seconds (BP compile: 0.14 seconds)
[2022.07.07-15.02.10:812][  0]LogExternalProfiler:Warning: No registered external profiler was matched with a command-line switch (or the DLL could not be loaded).  External profiling features will not be available.
[2022.07.07-15.02.11:154][  0]LogOcInput: OculusInput pre-init called
[2022.07.07-15.02.11:281][  0]LogContentStreaming: Texture pool size now 1000 MB
[2022.07.07-15.02.12:737][  0]LogRenderer: Reallocating scene render targets to support 1208x568 (Frame:2).
[2022.07.07-15.02.14:811][  1]LogAssetRegistry: Asset discovery search completed in 37.4113 seconds
[2022.07.07-15.02.14:823][  1]LogCollectionManager: Rebuilt the object cache for 0 collections in 0.000000 seconds (found 0 objects)
[2022.07.07-15.02.14:823][  1]LogCollectionManager: Fixed up redirectors for 0 collections in 0.000593 seconds (updated 0 objects)
[2022.07.07-15.08.00:529][277]LogPlayLevel: PlayLevel: No blueprints needed recompiling
[2022.07.07-15.08.00:554][277]PIE: New page: PIE session: Barrel_Hopper_Map (Jul 7, 2022, 6:08:00 AM)
[2022.07.07-15.08.00:555][277]LogPlayLevel: Creating play world package: /Game/Barrel_Hopper/Levels/UEDPIE_0_Barrel_Hopper_Map
[2022.07.07-15.08.00:568][277]LogPlayLevel: PIE: StaticDuplicateObject took: (0.013758s)
[2022.07.07-15.08.00:569][277]LogAIModule: Creating AISystem for world Barrel_Hopper_Map
[2022.07.07-15.08.00:569][277]LogPlayLevel: PIE: World Init took: (0.001007s)
[2022.07.07-15.08.00:570][277]LogPlayLevel: PIE: Created PIE world by copying editor world from /Game/Barrel_Hopper/Levels/Barrel_Hopper_Map.Barrel_Hopper_Map to /Game/Barrel_Hopper/Levels/UEDPIE_0_Barrel_Hopper_Map.Barrel_Hopper_Map (0.015494s)
[2022.07.07-15.08.00:608][277]LogInit: XAudio2 using 'Speakers (G432 Gaming Headset)' : 2 channels at 48 kHz using 16 bits per sample (channel mask 0x3)
[2022.07.07-15.08.00:628][277]LogInit: FAudioDevice initialized.
[2022.07.07-15.08.01:201][277]LogWorld: Game class is 'BH_GameMode_C'
[2022.07.07-15.08.01:217][277]LogWorld: Bringing World /Game/Barrel_Hopper/Levels/UEDPIE_0_Barrel_Hopper_Map.Barrel_Hopper_Map up for play (max tick rate 60) at 2022.07.07-11.08.01
[2022.07.07-15.08.01:224][277]LogWorld: Bringing up level for play took: 0.009762
[2022.07.07-15.08.01:251][277]LogContentBrowser: Native class hierarchy updated for 'MovieSceneCapture' in 0.0004 seconds. Added 9 classes and 0 folders.
[2022.07.07-15.08.01:297][277]PIE: Info Play in editor start time for /Game/Barrel_Hopper/Levels/UEDPIE_0_Barrel_Hopper_Map 1.456
[2022.07.07-15.09.44:794][409]Cmd: OBJ SAVEPACKAGE PACKAGE="/Game/Barrel_Hopper/Audio/Cues/BH_Footstep" FILE="D:/Unreal/Barrel Hopper/Project/Content/Barrel_Hopper/Audio/Cues/BH_Footstep.uasset" SILENT=true
[2022.07.07-15.09.44:890][409]LogSavePackage: Save=34.42ms
[2022.07.07-15.09.44:890][409]LogSavePackage: Moving 'D:/Unreal/Barrel Hopper/Project/Saved/BH_FootstepFAA427FC4EF518C51328E28B3254274D.tmp' to 'D:/Unreal/Barrel Hopper/Project/Content/Barrel_Hopper/Audio/Cues/BH_Footstep.uasset'
[2022.07.07-15.09.44:950][409]LogSavePackage: Total save time: 125.65ms
[2022.07.07-15.09.44:950][409]LogSavePackage:Display: Finished SavePackage D:/Unreal/Barrel Hopper/Project/Content/Barrel_Hopper/Audio/Cues/BH_Footstep.uasset
[2022.07.07-15.09.48:069][559]Cmd: QUIT_EDITOR
[2022.07.07-15.09.48:839][559]LogWindowsTextInputMethodSystem:Display: IME system now deactivated.
[2022.07.07-15.09.48:901][559]LogExit: Preparing to exit.
[2022.07.07-15.09.49:671][559]LogExit: Editor shut down
[2022.07.07-15.09.49:671][559]LogExit: Transaction tracking system shut down
[2022.07.07-15.09.49:855][559]LogObj: Freed 0b from 0 cluster array pools.
[2022.07.07-15.09.49:855][559]LogExit: Object subsystem successfully closed.
[2022.07.07-15.09.49:879][559]LogD3D11RHI: Shutdown
[2022.07.07-15.09.49:879][559]LogD3D11RHI: CleanupD3DDevice
[2022.07.07-15.09.49:943][559]LogD3D11RHI: ~FD3D11DynamicRHI
[2022.07.07-15.09.50:063][559]LogDerivedDataCache: Shutdown
[2022.07.07-15.09.50:096][559]LogModuleManager: Shutting down and abandoning module MovieSceneCapture (207)
[2022.07.07-15.09.50:098][559]LogModuleManager: Shutting down and abandoning module ExternalImagePicker (206)
[2022.07.07-15.09.50:098][559]LogModuleManager: Shutting down and abandoning module SoundCueEditor (205)
[2022.07.07-15.09.50:098][559]LogModuleManager: Shutting down and abandoning module HierarchicalLODOutliner (204)
[2022.07.07-15.09.50:098][559]LogModuleManager: Shutting down and abandoning module CrashTracker (203)
[2022.07.07-15.09.50:098][559]LogModuleManager: Shutting down and abandoning module SceneOutliner (202)
[2022.07.07-15.09.50:099][559]LogModuleManager: Shutting down and abandoning module SuperSearch (201)
[2022.07.07-15.09.50:106][559]LogModuleManager: Shutting down and abandoning module WidgetCarousel (200)
[2022.07.07-15.09.50:106][559]LogModuleManager: Shutting down and abandoning module AddContentDialog (199)
[2022.07.07-15.09.50:110][559]LogModuleManager: Shutting down and abandoning module GameplayTags (198)
[2022.07.07-15.09.50:110][559]LogModuleManager: Shutting down and abandoning module EditorWidgets (197)
[2022.07.07-15.09.50:110][559]LogModuleManager: Shutting down and abandoning module CollectionManager (196)
[2022.07.07-15.09.50:112][559]LogModuleManager: Shutting down and abandoning module StatsViewer (195)
[2022.07.07-15.09.50:113][559]LogModuleManager: Shutting down and abandoning module FoliageEdit (194)
[2022.07.07-15.09.50:113][559]LogModuleManager: Shutting down and abandoning module LandscapeEditor (193)
[2022.07.07-15.09.50:116][559]LogModuleManager: Shutting down and abandoning module ActorPickerMode (192)
[2022.07.07-15.09.50:117][559]LogModuleManager: Shutting down and abandoning module GeometryMode (191)
[2022.07.07-15.09.50:117][559]LogModuleManager: Shutting down and abandoning module TextureAlignMode (190)
[2022.07.07-15.09.50:117][559]LogModuleManager: Shutting down and abandoning module BspMode (189)
[2022.07.07-15.09.50:117][559]LogModuleManager: Shutting down and abandoning module PlacementMode (188)
[2022.07.07-15.09.50:117][559]LogModuleManager: Shutting down and abandoning module AutomationWorker (187)
[2022.07.07-15.09.50:117][559]LogModuleManager: Shutting down and abandoning module CharacterAI (186)
[2022.07.07-15.09.50:117][559]LogModuleManager: Shutting down and abandoning module SmartSnapping (185)
[2022.07.07-15.09.50:117][559]LogModuleManager: Shutting down and abandoning module ViewportSnapping (184)
[2022.07.07-15.09.50:117][559]LogModuleManager: Shutting down and abandoning module LogVisualizer (183)
[2022.07.07-15.09.50:119][559]LogModuleManager: Shutting down and abandoning module GameProjectGeneration (182)
[2022.07.07-15.09.50:122][559]LogModuleManager: Shutting down and abandoning module IntroTutorials (181)
[2022.07.07-15.09.50:124][559]LogModuleManager: Shutting down and abandoning module EditorLiveStreaming (180)
[2022.07.07-15.09.50:125][559]LogModuleManager: Shutting down and abandoning module IOSPlatformEditor (179)
[2022.07.07-15.09.50:126][559]LogModuleManager: Shutting down and abandoning module HTML5PlatformEditor (178)
[2022.07.07-15.09.50:126][559]LogModuleManager: Shutting down and abandoning module AndroidDeviceDetection (177)
[2022.07.07-15.09.50:692][559]LogModuleManager: Shutting down and abandoning module AndroidPlatformEditor (176)
[2022.07.07-15.09.50:692][559]LogModuleManager: Shutting down and abandoning module IOSRuntimeSettings (175)
[2022.07.07-15.09.50:692][559]LogModuleManager: Shutting down and abandoning module AndroidRuntimeSettings (174)
[2022.07.07-15.09.50:692][559]LogModuleManager: Shutting down and abandoning module MergeActors (173)
[2022.07.07-15.09.50:695][559]LogModuleManager: Shutting down and abandoning module SizeMap (172)
[2022.07.07-15.09.50:696][559]LogModuleManager: Shutting down and abandoning module TreeMap (171)
[2022.07.07-15.09.50:697][559]LogModuleManager: Shutting down and abandoning module ReferenceViewer (170)
[2022.07.07-15.09.50:697][559]LogModuleManager: Shutting down and abandoning module LocalizationService (169)
[2022.07.07-15.09.50:697][559]LogModuleManager: Shutting down and abandoning module LocalizationDashboard (168)
[2022.07.07-15.09.50:698][559]LogModuleManager: Shutting down and abandoning module HardwareTargeting (167)
[2022.07.07-15.09.50:698][559]LogModuleManager: Shutting down and abandoning module DeviceProfileEditor (166)
[2022.07.07-15.09.50:700][559]LogModuleManager: Shutting down and abandoning module UndoHistory (165)
[2022.07.07-15.09.50:701][559]LogModuleManager: Shutting down and abandoning module UserFeedback (164)
[2022.07.07-15.09.50:701][559]LogModuleManager: Shutting down and abandoning module XmlParser (163)
[2022.07.07-15.09.50:702][559]LogModuleManager: Shutting down and abandoning module Blutility (162)
[2022.07.07-15.09.50:702][559]LogModuleManager: Shutting down and abandoning module ProjectTargetPlatformEditor (161)
[2022.07.07-15.09.50:702][559]LogModuleManager: Shutting down and abandoning module ProjectSettingsViewer (160)
[2022.07.07-15.09.50:702][559]LogModuleManager: Shutting down and abandoning module InputBindingEditor (159)
[2022.07.07-15.09.50:704][559]LogModuleManager: Shutting down and abandoning module EditorSettingsViewer (158)
[2022.07.07-15.09.50:704][559]LogModuleManager: Shutting down and abandoning module SettingsEditor (157)
[2022.07.07-15.09.50:705][559]LogModuleManager: Shutting down and abandoning module ProjectLauncher (156)
[2022.07.07-15.09.50:707][559]LogModuleManager: Shutting down and abandoning module SessionFrontend (155)
[2022.07.07-15.09.50:707][559]LogModuleManager: Shutting down and abandoning module ProfilerClient (154)
[2022.07.07-15.09.50:708][559]LogModuleManager: Shutting down and abandoning module TargetDeviceServices (153)
[2022.07.07-15.09.50:708][559]LogModuleManager: Shutting down and abandoning module DeviceManager (152)
[2022.07.07-15.09.50:740][559]LogModuleManager: Shutting down and abandoning module AutomationController (151)
[2022.07.07-15.09.50:742][559]LogModuleManager: Shutting down and abandoning module AutomationWindow (150)
[2022.07.07-15.09.50:743][559]LogModuleManager: Shutting down and abandoning module Layers (149)
[2022.07.07-15.09.50:744][559]LogModuleManager: Shutting down and abandoning module ComponentVisualizers (148)
[2022.07.07-15.09.50:744][559]LogModuleManager: Shutting down and abandoning module DetailCustomizations (147)
[2022.07.07-15.09.50:744][559]LogModuleManager: Shutting down and abandoning module PackagesDialog (146)
[2022.07.07-15.09.50:745][559]LogModuleManager: Shutting down and abandoning module Persona (145)
[2022.07.07-15.09.50:749][559]LogModuleManager: Shutting down and abandoning module Kismet (144)
[2022.07.07-15.09.50:750][559]LogModuleManager: Shutting down and abandoning module GraphEditor (143)
[2022.07.07-15.09.50:750][559]LogModuleManager: Shutting down and abandoning module ClassViewer (142)
[2022.07.07-15.09.50:751][559]LogModuleManager: Shutting down and abandoning module Toolbox (141)
[2022.07.07-15.09.50:751][559]LogModuleManager: Shutting down and abandoning module ModuleUI (140)
[2022.07.07-15.09.50:752][559]LogModuleManager: Shutting down and abandoning module MovieSceneTools (139)
[2022.07.07-15.09.50:753][559]LogModuleManager: Shutting down and abandoning module OutputLog (138)
[2022.07.07-15.09.50:753][559]LogModuleManager: Shutting down and abandoning module GammaUI (137)
[2022.07.07-15.09.50:754][559]LogModuleManager: Shutting down and abandoning module Documentation (136)
[2022.07.07-15.09.50:754][559]LogModuleManager: Shutting down and abandoning module StreamingPauseRendering (135)
[2022.07.07-15.09.50:754][559]LogModuleManager: Shutting down and abandoning module AnalyticsET (134)
[2022.07.07-15.09.50:754][559]LogModuleManager: Shutting down and abandoning module Analytics (133)
[2022.07.07-15.09.50:754][559]LogModuleManager: Shutting down and abandoning module PortalServices (132)
[2022.07.07-15.09.50:754][559]LogModuleManager: Shutting down and abandoning module PortalRpc (131)
[2022.07.07-15.09.50:754][559]LogModuleManager: Shutting down and abandoning module MessagingRpc (130)
[2022.07.07-15.09.50:754][559]LogModuleManager: Shutting down and abandoning module AITestSuite (129)
[2022.07.07-15.09.50:754][559]LogModuleManager: Shutting down and abandoning module GameplayDebugger (128)
[2022.07.07-15.09.50:755][559]LogModuleManager: Shutting down and abandoning module AIModule (127)
[2022.07.07-15.09.50:755][559]LogModuleManager: Shutting down and abandoning module ProfilerService (126)
[2022.07.07-15.09.50:946][559]LogModuleManager: Shutting down and abandoning module TaskGraph (125)
[2022.07.07-15.09.50:948][559]LogModuleManager: Shutting down and abandoning module SlateRemote (124)
[2022.07.07-15.09.50:949][559]LogModuleManager: Shutting down and abandoning module SteamVRController (123)
[2022.07.07-15.09.50:949][559]LogModuleManager: Shutting down and abandoning module SteamVR (122)
[2022.07.07-15.09.50:949][559]LogModuleManager: Shutting down and abandoning module ProceduralMeshComponent (121)
[2022.07.07-15.09.50:949][559]LogModuleManager: Shutting down and abandoning module OculusLibrary (120)
[2022.07.07-15.09.50:949][559]LogModuleManager: Shutting down and abandoning module OculusInput (119)
[2022.07.07-15.09.50:949][559]LogModuleManager: Shutting down and abandoning module CustomMeshComponent (118)
[2022.07.07-15.09.50:949][559]LogModuleManager: Shutting down and abandoning module CableComponent (117)
[2022.07.07-15.09.50:949][559]LogModuleManager: Shutting down and abandoning module ArchVisCharacter (116)
[2022.07.07-15.09.50:949][559]LogModuleManager: Shutting down and abandoning module MediaPlayerEditor (115)
[2022.07.07-15.09.50:952][559]LogModuleManager: Shutting down and abandoning module HTML5Networking (114)
[2022.07.07-15.09.50:952][559]LogModuleManager: Shutting down and abandoning module SpeedTreeImporter (113)
[2022.07.07-15.09.50:952][559]LogModuleManager: Shutting down and abandoning module PluginBrowser (112)
[2022.07.07-15.09.50:954][559]LogModuleManager: Shutting down and abandoning module EpicSurvey (111)
[2022.07.07-15.09.50:954][559]LogModuleManager: Shutting down and abandoning module DesktopPlatform (110)
[2022.07.07-15.09.50:955][559]LogModuleManager: Shutting down and abandoning module VisualStudioSourceCodeAccess (109)
[2022.07.07-15.09.50:956][559]LogModuleManager: Shutting down and abandoning module UObjectPlugin (108)
[2022.07.07-15.09.50:956][559]LogModuleManager: Shutting down and abandoning module SubversionSourceControl (107)
[2022.07.07-15.09.50:957][559]LogModuleManager: Shutting down and abandoning module PerforceSourceControl (106)
[2022.07.07-15.09.50:959][559]LogModuleManager: Shutting down and abandoning module SourceControl (105)
[2022.07.07-15.09.50:959][559]LogModuleManager: Shutting down and abandoning module GitSourceControl (104)
[2022.07.07-15.09.50:961][559]LogModuleManager: Shutting down and abandoning module LightPropagationVolumeEditor (103)
[2022.07.07-15.09.50:961][559]LogModuleManager: Shutting down and abandoning module PaperTiledImporter (102)
[2022.07.07-15.09.50:962][559]LogModuleManager: Shutting down and abandoning module PaperSpriteSheetImporter (101)
[2022.07.07-15.09.50:962][559]LogModuleManager: Shutting down and abandoning module MeshPaint (100)
[2022.07.07-15.09.50:962][559]LogModuleManager: Shutting down and abandoning module HotReload (99)
[2022.07.07-15.09.50:963][559]LogModuleManager: Shutting down and abandoning module MainFrame (98)
[2022.07.07-15.09.50:963][559]LogModuleManager: Shutting down and abandoning module LevelEditor (97)
[2022.07.07-15.09.50:964][559]LogModuleManager: Shutting down and abandoning module DirectoryWatcher (96)
[2022.07.07-15.09.50:964][559]LogModuleManager: Shutting down and abandoning module AssetRegistry (95)
[2022.07.07-15.09.53:522][559]LogModuleManager: Shutting down and abandoning module ContentBrowser (94)
[2022.07.07-15.09.53:522][559]LogModuleManager: Shutting down and abandoning module Paper2DEditor (93)
[2022.07.07-15.09.53:524][559]LogModuleManager: Shutting down and abandoning module UdpMessaging (92)
[2022.07.07-15.09.53:625][559]LogModuleManager: Shutting down and abandoning module LightPropagationVolumeRuntime (91)
[2022.07.07-15.09.53:625][559]LogModuleManager: Shutting down and abandoning module Paper2D (90)
[2022.07.07-15.09.53:628][559]LogModuleManager: Shutting down and abandoning module WindowsMoviePlayer (89)
[2022.07.07-15.09.53:628][559]LogModuleManager: Shutting down and abandoning module Media (88)
[2022.07.07-15.09.53:628][559]LogModuleManager: Shutting down and abandoning module WmfMedia (87)
[2022.07.07-15.09.53:631][559]LogModuleManager: Shutting down and abandoning module MediaAssets (86)
[2022.07.07-15.09.53:633][559]LogModuleManager: Shutting down and abandoning module GameLiveStreaming (85)
[2022.07.07-15.09.53:633][559]LogModuleManager: Shutting down and abandoning module GameplayTagsEditor (84)
[2022.07.07-15.09.53:633][559]LogModuleManager: Shutting down and abandoning module OnlineBlueprintSupport (83)
[2022.07.07-15.09.53:633][559]LogModuleManager: Shutting down and abandoning module GameplayTasksEditor (82)
[2022.07.07-15.09.53:633][559]LogModuleManager: Shutting down and abandoning module PropertyEditor (81)
[2022.07.07-15.09.53:633][559]LogModuleManager: Shutting down and abandoning module BehaviorTreeEditor (80)
[2022.07.07-15.09.53:635][559]LogModuleManager: Shutting down and abandoning module FunctionalTesting (79)
[2022.07.07-15.09.53:635][559]LogModuleManager: Shutting down and abandoning module CollisionAnalyzer (78)
[2022.07.07-15.09.53:637][559]LogModuleManager: Shutting down and abandoning module WorkspaceMenuStructure (77)
[2022.07.07-15.09.53:637][559]LogModuleManager: Shutting down and abandoning module MessageLog (76)
[2022.07.07-15.09.53:637][559]LogModuleManager: Shutting down and abandoning module Sequencer (75)
[2022.07.07-15.09.53:638][559]LogModuleManager: Shutting down and abandoning module AssetTools (74)
[2022.07.07-15.09.53:643][559]LogModuleManager: Shutting down and abandoning module UMGEditor (73)
[2022.07.07-15.09.53:645][559]LogModuleManager: Shutting down and abandoning module UMG (72)
[2022.07.07-15.09.53:647][559]LogModuleManager: Shutting down and abandoning module SlateReflector (71)
[2022.07.07-15.09.53:651][559]LogModuleManager: Shutting down and abandoning module Slate (70)
[2022.07.07-15.09.53:651][559]LogModuleManager: Shutting down and abandoning module EditorStyle (69)
[2022.07.07-15.09.53:653][559]LogModuleManager: Shutting down and abandoning module SessionServices (68)
[2022.07.07-15.09.53:653][559]LogModuleManager: Shutting down and abandoning module SourceCodeAccess (67)
[2022.07.07-15.09.53:653][559]LogModuleManager: Shutting down and abandoning module HeadMountedDisplay (66)
[2022.07.07-15.09.53:653][559]LogModuleManager: Shutting down and abandoning module XAudio2 (65)
[2022.07.07-15.09.53:653][559]LogModuleManager: Shutting down and abandoning module Networking (63)
[2022.07.07-15.09.53:653][559]LogModuleManager: Shutting down and abandoning module Core (62)
[2022.07.07-15.09.53:653][559]LogModuleManager: Shutting down and abandoning module KismetCompiler (61)
[2022.07.07-15.09.53:654][559]LogModuleManager: Shutting down and abandoning module PhysXFormats (60)
[2022.07.07-15.09.53:654][559]LogModuleManager: Shutting down and abandoning module MeshUtilities (59)
[2022.07.07-15.09.53:655][559]LogModuleManager: Shutting down and abandoning module CookingStats (58)
[2022.07.07-15.09.53:655][559]LogModuleManager: Shutting down and abandoning module DerivedDataCache (57)
[2022.07.07-15.09.53:655][559]LogDerivedDataCache: Shutdown
[2022.07.07-15.09.53:655][559]LogModuleManager: Shutting down and abandoning module ShaderFormatOpenGL (56)
[2022.07.07-15.09.53:657][559]LogModuleManager: Shutting down and abandoning module ShaderFormatD3D (55)
[2022.07.07-15.09.53:657][559]LogModuleManager: Shutting down and abandoning module MetalShaderFormat (54)
[2022.07.07-15.09.53:657][559]LogModuleManager: Shutting down and abandoning module TextureFormatUncompressed (53)
[2022.07.07-15.09.53:657][559]LogModuleManager: Shutting down and abandoning module TextureFormatPVR (52)
[2022.07.07-15.09.53:658][559]LogModuleManager: Shutting down and abandoning module TextureFormatIntelISPCTexComp (51)
[2022.07.07-15.09.53:658][559]LogModuleManager: Shutting down and abandoning module TextureFormatDXT (50)
[2022.07.07-15.09.53:659][559]LogModuleManager: Shutting down and abandoning module ImageWrapper (49)
[2022.07.07-15.09.53:659][559]LogModuleManager: Shutting down and abandoning module TextureFormatASTC (48)
[2022.07.07-15.09.53:659][559]LogModuleManager: Shutting down and abandoning module TextureFormatAndroid (47)
[2022.07.07-15.09.53:659][559]LogModuleManager: Shutting down and abandoning module AudioFormatOpus (46)
[2022.07.07-15.09.53:660][559]LogModuleManager: Shutting down and abandoning module AudioFormatOgg (45)
[2022.07.07-15.09.53:660][559]LogModuleManager: Shutting down and abandoning module AudioFormatADPCM (44)
[2022.07.07-15.09.53:660][559]LogModuleManager: Shutting down and abandoning module LinuxTargetPlatform (43)
[2022.07.07-15.09.53:660][559]LogModuleManager: Shutting down and abandoning module LinuxServerTargetPlatform (42)
[2022.07.07-15.09.53:660][559]LogModuleManager: Shutting down and abandoning module LinuxNoEditorTargetPlatform (41)
[2022.07.07-15.09.53:661][559]LogModuleManager: Shutting down and abandoning module TVOSTargetPlatform (40)
[2022.07.07-15.09.53:661][559]LogModuleManager: Shutting down and abandoning module Messaging (39)
[2022.07.07-15.09.53:661][559]LogModuleManager: Shutting down and abandoning module IOSTargetPlatform (38)
[2022.07.07-15.09.53:661][559]LogModuleManager: Shutting down and abandoning module HTML5TargetPlatform (37)
[2022.07.07-15.09.53:661][559]LogModuleManager: Shutting down and abandoning module Android_PVRTCTargetPlatform (36)
[2022.07.07-15.09.53:661][559]LogModuleManager: Shutting down and abandoning module Android_MultiTargetPlatform (35)
[2022.07.07-15.09.53:661][559]LogModuleManager: Shutting down and abandoning module Android_ETC2TargetPlatform (34)
[2022.07.07-15.09.53:661][559]LogModuleManager: Shutting down and abandoning module Android_ETC1TargetPlatform (33)
[2022.07.07-15.09.53:661][559]LogModuleManager: Shutting down and abandoning module Android_DXTTargetPlatform (32)
[2022.07.07-15.09.53:661][559]LogModuleManager: Shutting down and abandoning module Android_ATCTargetPlatform (31)
[2022.07.07-15.09.53:661][559]LogModuleManager: Shutting down and abandoning module Android_ASTCTargetPlatform (30)
[2022.07.07-15.09.53:661][559]LogModuleManager: Shutting down and abandoning module AndroidTargetPlatform (29)
[2022.07.07-15.09.53:661][559]LogModuleManager: Shutting down and abandoning module WindowsTargetPlatform (28)
[2022.07.07-15.09.53:661][559]LogModuleManager: Shutting down and abandoning module WindowsServerTargetPlatform (27)
[2022.07.07-15.09.53:662][559]LogModuleManager: Shutting down and abandoning module WindowsNoEditorTargetPlatform (26)
[2022.07.07-15.09.53:662][559]LogModuleManager: Shutting down and abandoning module WindowsClientTargetPlatform (25)
[2022.07.07-15.09.53:662][559]LogModuleManager: Shutting down and abandoning module AllDesktopTargetPlatform (24)
[2022.07.07-15.09.53:662][559]LogModuleManager: Shutting down and abandoning module TargetPlatform (23)
[2022.07.07-15.09.53:662][559]LogModuleManager: Shutting down and abandoning module InputCore (22)
[2022.07.07-15.09.53:662][559]LogModuleManager: Shutting down and abandoning module Settings (21)
[2022.07.07-15.09.53:662][559]LogModuleManager: Shutting down and abandoning module OnlineSubsystem (19)
[2022.07.07-15.09.53:662][559]LogModuleManager: Shutting down and abandoning module HTTP (18)
[2022.07.07-15.09.55:665][559]LogModuleManager: Shutting down and abandoning module XMPP (17)
[2022.07.07-15.09.55:669][559]LogModuleManager: Shutting down and abandoning module OculusRift (16)
[2022.07.07-15.09.55:671][559]LogModuleManager: Shutting down and abandoning module ExampleDeviceProfileSelector (15)
[2022.07.07-15.09.55:671][559]LogModuleManager: Shutting down and abandoning module TextureCompressor (14)
[2022.07.07-15.09.55:673][559]LogModuleManager: Shutting down and abandoning module ShaderCore (13)
[2022.07.07-15.09.55:673][559]LogModuleManager: Shutting down and abandoning module Landscape (12)
[2022.07.07-15.09.55:673][559]LogModuleManager: Shutting down and abandoning module SlateRHIRenderer (11)
[2022.07.07-15.09.55:674][559]LogModuleManager: Shutting down and abandoning module OpenGLDrv (10)
[2022.07.07-15.09.55:675][559]LogModuleManager: Shutting down and abandoning module D3D11RHI (9)
[2022.07.07-15.09.55:675][559]LogModuleManager: Shutting down and abandoning module AnimGraphRuntime (8)
[2022.07.07-15.09.55:676][559]LogModuleManager: Shutting down and abandoning module Renderer (7)
[2022.07.07-15.09.55:676][559]LogModuleManager: Shutting down and abandoning module Engine (6)
[2022.07.07-15.09.55:676][559]LogModuleManager: Shutting down and abandoning module CoreUObject (5)
[2022.07.07-15.09.55:676][559]LogModuleManager: Shutting down and abandoning module NetworkFile (4)
[2022.07.07-15.09.55:677][559]LogModuleManager: Shutting down and abandoning module StreamingFile (3)
[2022.07.07-15.09.55:679][559]LogModuleManager: Shutting down and abandoning module SandboxFile (2)
[2022.07.07-15.09.55:679][559]LogModuleManager: Shutting down and abandoning module PakFile (1)
[2022.07.07-15.09.55:682][559]LogExit: Exiting.
[2022.07.07-15.09.55:683][559]Log file closed, 07/07/22 11:09:55
